1.101434325740835884e+00
7.906493012379791629e-01
7.708373812228273003e-01
6.856792011368746387e-01
5.118837927694374068e-01
5.721708401785058351e-01
6.792005669464499240e-01
7.195269376140529527e-01
9.033450086238019594e-01
8.784509768189684431e-01
9.928571996311683634e-01
9.239289617807852073e-01
9.698602839108914075e-01
1.159756230930824028e+00
1.085930007460427227e+00
1.041339860528202488e+00
8.532747861894510732e-01
1.023985800985562467e+00
1.102611398050340474e+00
9.092643901049083377e-01
7.288397808398230371e-01
6.755069367090861254e-01
1.007806389102828160e+00
6.536526023735433899e-01
5.169699998359895687e-01
5.098569905757903697e-01
2.926162693367502787e-01
5.240586561402358345e-01
6.882795758705354539e-01
6.135758847301289176e-01
6.217667106315913905e-01
7.221836815850208868e-01
6.694022391475525913e-01
6.381749548346310474e-01
5.890781418617162535e-01
4.970453082875343487e-01
4.126006735246733337e-01
3.149618299465394844e-01
3.533631635385718339e-01
4.721023168671602543e-01
4.391533067536219637e-01
5.532730481988292759e-01
6.190133846681670216e-01
5.365929825965967126e-01
6.399590992388751731e-01
6.845867823746244474e-01
8.043575312727588855e-01
8.423590236060363168e-01
9.760067018950727702e-01
8.947583652754963479e-01
1.019676356881351831e+00
9.656358368652687707e-01
1.052154584227308787e+00
1.026893798698813143e+00
1.005004482646446595e+00
1.036056034174342777e+00
9.476357522522662613e-01
8.679922616818529502e-01
8.174099685108594526e-01
7.477229270827299157e-01
9.337259232257046904e-01
8.917229723256858698e-01
6.211033081469562456e-01
3.084000005863480331e-01
2.751898605271247966e-01
3.638532614825809031e-01
4.976052497066346114e-01
4.515447342059032421e-01
6.185437628104861751e-01
8.152162849835756786e-01
9.455778763657908259e-01
7.215685047268195484e-01
6.834247803014550371e-01
5.175574941621661207e-01
5.827193070535605646e-01
6.737857997350099604e-01
7.124709334885332979e-01
8.728422924623649992e-01
9.347508280156023863e-01
8.620418281339656819e-01
7.872570042152189362e-01
8.860357614290915729e-01
9.100600853074067853e-01
7.826124209333947812e-01
6.817649092815688538e-01
4.683433060861577069e-01
3.927126617653895480e-01
2.321576397424026938e-01
2.938586702589261468e-01
3.484054119169375241e-01
1.650663002702475735e-01
1.838159516276949568e-01
1.982873417529682492e-01
1.598283831707838498e-01
3.044449920506127061e-01
4.480360777903411029e-01
4.674911544585632073e-01
5.299068017564924071e-01
6.367306420762660624e-01
7.463330030710683127e-01
9.288094127245544174e-01
9.140373273623193517e-01
8.764310640669138452e-01
7.791441450684758463e-01
7.802892075554800355e-01
8.510358920878610123e-01
1.031277951817054506e+00
8.364633581732626721e-01
6.212551149810100481e-01
7.223109613838841758e-01
7.584622748423431871e-01
8.013433158465024242e-01
5.893459444396239588e-01
6.381106379341944246e-01
7.983125831043652587e-01
8.062014262285610577e-01
4.988275659825168740e-01
4.104992987678549587e-01
3.821735152619032960e-01
2.774673925314919409e-01
2.873655361778992279e-01
3.459591712520621032e-01
3.315249731833651570e-01
2.055907889430300395e-01
2.805781847861527067e-01
2.486714988441790231e-01
3.903914146638859384e-01
3.912683296809761901e-01
3.933713772876114567e-01
3.119750008273259323e-01
2.898952786693886341e-01
1.488980344666094302e-01
1.998693190834953393e-01
3.304726483188779596e-01
2.603590006208689189e-01
2.734033044751754682e-01
1.851469685667652132e-01
1.876274163103373027e-01
3.596220480318123025e-01
5.152302951866625236e-01
8.403574744186833589e-01
1.025496583927822725e+00
8.799797597982115249e-01
8.862840219271387321e-01
9.705104059553415485e-01
8.944436380418679944e-01
9.003514965509964441e-01
1.030700966786530115e+00
1.098074166680459873e+00
8.732691184006167173e-01
9.440121054245252941e-01
9.878289394055382866e-01
9.566502388991879879e-01
6.063090778853597040e-01
4.858867406373643671e-01
3.496054080027645172e-01
2.094614257642441746e-01
2.118140966339973341e-01
2.365319148093293633e-01
2.223941154651722651e-01
2.492082501602711497e-01
2.385742997887444483e-01
3.222973757073030465e-01
2.811016497369540068e-01
3.232964436415225462e-01
2.894149143951760816e-01
3.408725066104177914e-01
3.200723652987303991e-01
3.194072888059130699e-01
4.590832230196160713e-01
5.877220855594355031e-01
7.114498663218008501e-01
1.018174424575547077e+00
9.886781184956178192e-01
8.001114225656973389e-01
8.933123597182796027e-01
8.571749118223029873e-01
8.504782909996765339e-01
9.412333917887197865e-01
9.547214424542788125e-01
9.347920807876156646e-01
1.028502106666564941e+00
8.554676175117492676e-01
8.703005909919738770e-01
8.056342601776123047e-01
7.328892350196838379e-01
8.403822779655456543e-01
9.553907513618469238e-01
1.010634476559310269e+00
1.118125117134913360e+00
1.057212465146167180e+00
9.540162955569682079e-01
9.553067000437590606e-01
1.009950811930295567e+00
9.197002463421578566e-01
8.475227761268615545e-01
7.863681058829786741e-01
8.507747505209540817e-01
5.497656116133691206e-01
4.258103919736409004e-01
3.352763745079269664e-01
2.879198175138336646e-01
2.747247135672865603e-01
2.319757163347834217e-01
2.523662622028824964e-01
2.498200747875843897e-01
4.046333589122793617e-01
3.119989672016962312e-01
1.808576783369490182e-01
1.732012097882685564e-01
2.909292566557388771e-01
4.788671787445155092e-01
5.596407405939478608e-01
8.238528689152777584e-01
7.847552089367882955e-01
8.623614270269533977e-01
1.006175650688214684e+00
9.572883697552869720e-01
9.831456606805660803e-01
1.099818000901216841e+00
1.155007251265358637e+00
9.360646217691023230e-01
1.029822410648151942e+00
8.679560883301125074e-01
7.271853320342673843e-01
6.919749446238501189e-01
8.309169857650153812e-01
8.265159213071489042e-01
7.526973381756388859e-01
5.625282066656370761e-01
5.919783803904796748e-01
4.627536030610402418e-01
4.674162477423242645e-01
3.282102789750880323e-01
3.436205036289948223e-01
2.134361262476376919e-01
2.969030956629306051e-01
5.705715494102003849e-01
6.246651814078207909e-01
6.726607422235995060e-01
5.893576605845306515e-01
5.590652440698806735e-01
4.940384192419591813e-01
4.502847768223218194e-01
3.251743862352802217e-01
3.397752933684042298e-01
3.623927467084873677e-01
6.045887265501723729e-01
6.824590869946668414e-01
7.283432826349290901e-01
6.561720889840422233e-01
6.459581049687445065e-01
8.743397668256597255e-01
6.576384807306493441e-01
7.050777429241245065e-01
6.829298309552467305e-01
7.183641005370576815e-01
5.643155493776677023e-01
5.045517081998834863e-01
5.015751460985948817e-01
4.305476667786721778e-01
4.331800006675181614e-01
5.681234286430865144e-01
8.131241438483114425e-01
6.699860689464935959e-01
8.618689206225724764e-01
1.068144497090140366e+00
1.188812501875020633e+00
1.024593019323833953e+00
1.016079146606100547e+00
1.138716757822844983e+00
1.138871049180542716e+00
1.270321334688003345e+00
1.396216892630366857e+00
1.225719553629557312e+00
1.097346828482245185e+00
9.941564348727297551e-01
1.133332898791900245e+00
8.110661529417092508e-01
4.805379555993160579e-01
2.431191675609114533e-01
4.384327646433297532e-01
4.407041221015197130e-01
4.822828963020089899e-01
4.664948887340092942e-01
3.337778695744309521e-01
2.342860098444136119e-01
3.049641438426270446e-01
3.756919021896050204e-01
3.227949891802407434e-01
3.892730169175034893e-01
3.709873250446751314e-01
3.831370693411530470e-01
4.866938796454230443e-01
4.498174087745321348e-01
4.386970090933438593e-01
5.966773576285205882e-01
5.988528650999068725e-01
5.891375972052751431e-01
5.012390790281996411e-01
6.050067246027585055e-01
7.881936733601457856e-01
7.525594056258768649e-01
7.306050909710468666e-01
8.541570141894669899e-01
8.597351423899333156e-01
8.556088788899998132e-01
6.687572699616857186e-01
6.653674901542017128e-01
7.564379268581584714e-01
9.484336726948365826e-01
7.343239717968439439e-01
8.422716309929970668e-01
1.172127659253481502e+00
9.499640813924498106e-01
9.868659992541296555e-01
1.194072628775558753e+00
1.140312564224846836e+00
1.161035820050428047e+00
1.094883144292454258e+00
1.070077796009300863e+00
1.055563253090206599e+00
1.119077193912139778e+00
1.214014767253466243e+00
1.135023671166371484e+00
1.083854038917412055e+00
1.070487345787091593e+00
9.835048172298798130e-01
7.833409659471889386e-01
6.606821758194831862e-01
6.532917329281735519e-01
6.996230732923174322e-01
7.841814125459746210e-01
3.985971402583149414e-01
3.007607275180224082e-01
2.227254173075411958e-01
2.324202305785680323e-01
1.429369519914021613e-01
2.447916565641845010e-01
1.864549477663585419e-01
1.363991220294455686e-01
6.638571723537929625e-02
1.438387036154317455e-01
1.813461127276594920e-01
3.257515567035998427e-01
4.426085333803952970e-01
5.041423194884917525e-01
4.777941647525560942e-01
5.123016629245995546e-01
