1.171559982940930222e+00
9.131934794257667853e-01
8.716781574137070221e-01
8.133335133560564145e-01
6.614265401824180879e-01
7.426130224275989677e-01
8.280478081382622868e-01
8.808858594173142320e-01
1.064427420832529725e+00
1.017598424518809663e+00
1.061770048141479572e+00
1.033535944994758093e+00
1.079970555105129293e+00
1.235659392461055495e+00
1.255459967861656256e+00
1.119516806402126363e+00
9.967386715352033466e-01
1.141987237850157211e+00
1.229452451417426095e+00
9.934789116242354057e-01
8.816272205064277223e-01
8.775226630283003981e-01
1.087769972055899981e+00
8.039163816676421215e-01
6.154628208705357206e-01
6.280723735665072471e-01
4.307516354272346026e-01
7.659968248735957719e-01
8.596124387588821580e-01
7.289831519928299253e-01
7.610459323290015288e-01
8.298280358915569588e-01
7.654139442604129817e-01
7.670896582643524919e-01
6.543394533225468379e-01
6.254766074148547794e-01
5.079119217295606781e-01
5.034873522329731399e-01
4.982741405683405733e-01
6.539461148286065395e-01
6.206888666072813976e-01
6.872273917158111534e-01
7.004915136850180524e-01
6.438026686075355443e-01
7.320988128165236697e-01
7.552329060410249983e-01
8.539533463646384881e-01
9.592140216987674606e-01
1.104235530500652596e+00
1.001790165380269659e+00
1.166713363743629772e+00
1.064873149535235264e+00
1.082208627973284099e+00
1.060774675737909956e+00
1.136726958651502528e+00
1.115179274663203879e+00
1.066103193940234783e+00
9.265715202764304159e-01
8.970879961863285068e-01
8.363212588855197804e-01
1.005513373182601145e+00
9.409945836588113899e-01
7.362887102816284557e-01
4.678303500684368732e-01
4.509159054926463739e-01
5.431492513418197943e-01
6.113335145621741074e-01
6.083570402009147449e-01
7.150850992843885701e-01
9.480484476410040440e-01
9.827646995191814394e-01
7.493413360780025734e-01
7.403794563517851479e-01
5.750691616535186235e-01
6.457915045233335594e-01
7.256983751809897853e-01
7.835644748030590190e-01
9.737289861470711516e-01
1.009437679683460987e+00
8.793001021457320654e-01
9.175017383318988529e-01
1.004331108301627529e+00
1.022371159721823464e+00
8.625250523831664573e-01
7.451320044132840881e-01
5.085699056276754559e-01
4.637895876018941488e-01
3.875098557832862278e-01
4.750819764417759661e-01
5.101813795286065378e-01
2.740676860749220456e-01
3.536557982129460154e-01
4.112634844639722065e-01
3.730621567077371248e-01
5.089770929052047643e-01
6.547872674565355933e-01
6.743032044322551100e-01
6.962679866181702426e-01
7.464444122795296233e-01
8.955975805010113477e-01
1.056689859438343149e+00
1.002532408978758616e+00
9.909392546405311197e-01
9.156750103205192337e-01
8.988319478315466293e-01
9.402488866373270859e-01
1.143941704004752591e+00
9.705875207195763243e-01
7.681203294000705784e-01
8.947041394530225178e-01
8.664629688583502798e-01
9.273470701890832446e-01
7.378790102085145408e-01
8.021337108051075360e-01
9.100593086451042035e-01
9.291088218448543268e-01
6.275777814768943585e-01
5.101379932475690326e-01
4.779621657804281054e-01
4.221536817245122863e-01
4.516887996777766978e-01
4.613939904365219058e-01
4.643511631308483434e-01
3.014397129353855731e-01
4.594557464423300042e-01
4.412358448911113951e-01
5.604867767886955177e-01
5.696687724209632542e-01
5.358976760531674044e-01
4.457105790466820983e-01
3.641436007042892498e-01
2.755035502238183387e-01
3.144458643240587992e-01
4.695742789236437287e-01
4.859536437226944505e-01
4.498235703566494936e-01
3.166265293279615922e-01
3.545746150343608849e-01
5.601145836585709192e-01
6.194936229401275529e-01
9.439985263247450131e-01
1.102955394472394657e+00
9.886986321361124208e-01
1.023459234397952278e+00
1.076899614253965964e+00
1.018903960380233675e+00
1.018769473067852482e+00
1.089535057404461993e+00
1.131056308666197108e+00
9.643299937849286740e-01
1.045756339866574125e+00
1.110517833453266601e+00
9.934852012265631416e-01
6.481082847539115788e-01
6.088586572639080874e-01
4.476223380124869644e-01
2.760038378484109267e-01
3.391247127336614597e-01
3.027228925884271060e-01
2.743756805447971070e-01
2.966157508898181749e-01
3.269794228597849295e-01
4.293995823780027421e-01
4.074728081406665536e-01
3.971404325962066828e-01
4.127489091768986040e-01
4.170404646476776889e-01
3.895563789676216859e-01
5.023979029735596846e-01
5.776622111456733988e-01
7.040902280807495028e-01
8.420131914956229258e-01
1.141878752347802006e+00
1.027370479407430759e+00
9.205567305428641323e-01
1.002659964040547802e+00
9.646770171958860551e-01
9.432200769616776448e-01
1.003764694518401779e+00
9.974701328037166581e-01
1.005471844192312503e+00
1.040457844734191895e+00
8.686927556991577148e-01
9.097579121589660645e-01
8.744732737541198730e-01
8.434718847274780273e-01
9.745455980300903320e-01
1.073792576789855957e+00
1.076445829487648442e+00
1.217248128362062642e+00
1.133245613595017076e+00
1.014672934908826818e+00
1.035790064675467415e+00
1.068048912457057575e+00
9.511407986408522142e-01
9.357072535683127468e-01
8.742357308523994730e-01
9.128607097192973363e-01
5.781735775851402082e-01
5.334952377671955404e-01
4.235840459205523767e-01
3.532459652123332017e-01
4.568418757304424371e-01
3.436584014451804503e-01
3.973333452529266285e-01
4.191763276963674789e-01
6.232442769683710360e-01
4.822384102855410415e-01
3.393479072621890524e-01
3.002876376304305928e-01
4.410177392719172862e-01
6.882319020824272382e-01
7.148170427915429004e-01
9.569390612289686571e-01
9.094911585735673265e-01
9.687996726476845177e-01
1.114801673969300966e+00
1.076095620243489259e+00
1.089891516340880884e+00
1.126250085670407186e+00
1.181918941065043027e+00
1.025472086337434252e+00
1.116212723756036862e+00
9.470902964247374101e-01
8.256506065560990093e-01
8.013701900514234033e-01
9.417048595332297989e-01
9.204400064564552952e-01
8.830267171298757933e-01
7.084215118804899625e-01
7.157240735983647628e-01
6.529530727963487324e-01
6.294097161092677695e-01
4.777443668847324298e-01
5.116760822304157186e-01
3.694651635482656959e-01
4.388801316653980766e-01
7.311605679087277432e-01
7.452938295412464553e-01
7.442064094142754049e-01
7.160473992644237340e-01
6.920061860365026574e-01
5.905539460642998950e-01
5.785317280312546329e-01
4.027977723233840401e-01
4.905646030241702094e-01
5.501973868117613353e-01
7.922761104086868400e-01
8.476350180241241095e-01
9.150475351349645070e-01
7.822586371317631349e-01
8.109106515034906204e-01
9.621436168766822616e-01
7.756566992527297311e-01
8.333147859974068261e-01
8.138254486212208594e-01
8.615758177412657925e-01
6.932504520596576292e-01
6.112544836316790020e-01
6.356073033709486175e-01
6.080538601634883911e-01
6.201179677899144593e-01
7.797121991730537882e-01
9.607595979065454150e-01
8.528725688197030808e-01
9.958366695371997368e-01
1.131066584226464000e+00
1.263053692408970585e+00
1.106553441135823102e+00
1.153098520150705575e+00
1.189437754334522035e+00
1.227635612087089489e+00
1.358140194676503265e+00
1.464425404813109344e+00
1.319534047391234033e+00
1.236147991388785838e+00
1.161120999200003556e+00
1.186863112649997776e+00
9.214757560281192639e-01
6.655926606434734438e-01
4.760436397415249155e-01
6.842735345423721638e-01
6.239287974854477170e-01
6.087440445242809917e-01
5.751590782654385503e-01
4.226619153864243916e-01
3.904690287343594024e-01
4.075231819192902116e-01
4.253647774007139892e-01
3.693258781393035650e-01
5.187702086793274381e-01
5.172836598428357524e-01
5.166176491024113693e-01
5.558658349814534771e-01
5.389609709707628982e-01
5.639423976826067886e-01
7.225433735887543119e-01
6.467660393033708432e-01
6.904530377347930514e-01
5.865132405176883834e-01
7.149585259461603837e-01
9.055938142888686482e-01
8.333251296371971817e-01
8.407384728984672595e-01
9.821814730988830400e-01
9.947288386561288220e-01
9.530917396064566560e-01
7.848759256891844061e-01
7.535156843041171948e-01
8.397964832161655124e-01
9.713310723745521846e-01
8.553675338600865707e-01
1.009813820895026915e+00
1.256179937154305204e+00
1.007222624305917469e+00
1.063737293211351798e+00
1.249068090454870994e+00
1.192357094307907595e+00
1.228108502716577233e+00
1.165339130914511800e+00
1.135651997077364861e+00
1.140548686860990202e+00
1.201624954928871114e+00
1.298927709355073734e+00
1.280466748325764570e+00
1.122992198928063567e+00
1.145123295984348255e+00
1.109331706071100321e+00
9.474574074224263454e-01
8.532598173317790247e-01
8.448090180629441726e-01
8.887136316700141592e-01
9.253744699173614974e-01
5.112246315819876097e-01
4.397119509272214288e-01
4.125782316772877434e-01
3.854253227169773810e-01
2.925272271663201251e-01
3.060254646950408830e-01
2.387211916952574342e-01
2.017624617984690727e-01
2.617268696514999382e-01
2.806610424290685302e-01
2.339917820867370435e-01
4.231113258530112553e-01
5.956303686254165175e-01
5.642787883161496376e-01
5.701252807488962349e-01
6.212993582757581068e-01
