8.677381168630206787e+01
7.605852542593351018e+01
1.052005023835416466e+02
7.134201465076159820e+01
8.295221833653735644e+01
8.560835560168146685e+01
8.217035806172263790e+01
6.637242591977262407e+01
7.534339998807766392e+01
7.582883582805729361e+01
6.868784519644910347e+01
6.072594746226465645e+01
8.130788175931924400e+01
6.358247843773472141e+01
8.577344397222417172e+01
7.231113579149116788e+01
7.819800736367636773e+01
6.723694733858258132e+01
6.483254773995787446e+01
7.033133076350698332e+01
7.255206775519859264e+01
7.614668923105868714e+01
6.957303184515990324e+01
6.902854211058712508e+01
6.554000812490242822e+01
6.665278277184688704e+01
6.249669089133739419e+01
8.010717861462211431e+01
7.595780053189086800e+01
7.369821385072398812e+01
7.232704689194768832e+01
7.837786276105093464e+01
8.433761364889288359e+01
7.135453442990836948e+01
7.857399350991447307e+01
7.015581122571134642e+01
8.921010745041084533e+01
7.145977054685509700e+01
8.646304922318392983e+01
7.094474184953188001e+01
8.109488246282151636e+01
7.733701502969623220e+01
6.394203229129519883e+01
6.802496123504468528e+01
8.109639849505587961e+01
8.057579009136843240e+01
7.807638768375062455e+01
6.582432013232970291e+01
5.641542553635191837e+01
7.370132276193129428e+01
5.294431961707305589e+01
6.339020429210317076e+01
5.678829711858998053e+01
5.424854327360406359e+01
5.587773249418595611e+01
5.693963546984410584e+01
7.070442231499046670e+01
6.264203644893595424e+01
5.882861057992469966e+01
7.105789116332100264e+01
6.577980368917697263e+01
7.673100846885836290e+01
7.606131445275956082e+01
8.594899074895840840e+01
8.226773279208910594e+01
7.607297944376129806e+01
8.082858695240530267e+01
6.774037689109432847e+01
7.098319326650927508e+01
7.167559267208311269e+01
6.135240488948047499e+01
6.764431216416596726e+01
5.710385955860185447e+01
7.828415495169520000e+01
6.895789734585440556e+01
8.683690178951704297e+01
7.785412292663136213e+01
6.137094753308797124e+01
6.257617752271133327e+01
5.666289790056368503e+01
6.396945533014854846e+01
7.234795933771219723e+01
6.599126311219018248e+01
6.126430951418162607e+01
6.744280378672929999e+01
9.268606688134086369e+01
7.819823299089509305e+01
7.986303331323135524e+01
8.031551696629250614e+01
1.047119386596835824e+02
9.381145262019133213e+01
7.959254022666942774e+01
7.976947172572546663e+01
8.951144343722256735e+01
8.382099179278803547e+01
7.998834513248789335e+01
9.030196646124554150e+01
8.967841297347355578e+01
6.924924295217120118e+01
6.520884458011603613e+01
6.048257250860113032e+01
7.573108793688588491e+01
7.242228694409551792e+01
7.112889556566426563e+01
6.764346211915803053e+01
7.683821076434961128e+01
6.110848719043648458e+01
8.389420573261452319e+01
8.349227353986958633e+01
8.011378736056154537e+01
6.765176322241818241e+01
9.273891233370021325e+01
9.634602527935248872e+01
8.211964042382219020e+01
7.650979935913800034e+01
7.714981811516022958e+01
7.896661099088561286e+01
8.396376662906970978e+01
9.062450160709768454e+01
9.393397054624396958e+01
1.166642035467912564e+02
8.226370342487075504e+01
7.919311045161302332e+01
1.076434413522767954e+02
9.141365504474353543e+01
8.224662380439264098e+01
8.572022628637530772e+01
9.927592101898507337e+01
7.635292416451262909e+01
6.158576792855721749e+01
8.654166774957755592e+01
7.851721549833909819e+01
8.648145590065395538e+01
8.202818132780181770e+01
9.163132701061201146e+01
9.221808200829934776e+01
8.942585864516310323e+01
7.328130604745581422e+01
7.803765983839619480e+01
6.775392217090345071e+01
6.639323176256445436e+01
7.203274778256741229e+01
7.343366300073752484e+01
6.672125768008565672e+01
6.493775680684399276e+01
6.731573626849767322e+01
6.349805098753547838e+01
7.699430425227384944e+01
7.291057542502960587e+01
6.184160581341517116e+01
6.683154832457661598e+01
8.728528078132370638e+01
6.895162186408445848e+01
1.010289378589119877e+02
7.914898663702845738e+01
8.817621488808478603e+01
8.538596527958596027e+01
7.233678733888640977e+01
7.658176053648278980e+01
9.882206184740662991e+01
8.278792580031961279e+01
7.325358246598023015e+01
8.753050646191191220e+01
8.931403475225774002e+01
9.236786446728660849e+01
8.784475432279121776e+01
7.186467649616969311e+01
8.445133758994508355e+01
7.413728925390050506e+01
7.924214531461447564e+01
8.325542801200730025e+01
7.258944679029583824e+01
8.045945286840185418e+01
6.941069129387713588e+01
7.011204949351906635e+01
5.781257314178871809e+01
6.659391539747092281e+01
6.815761757227858197e+01
7.045961290092705553e+01
7.844820214002832870e+01
7.283994735363177142e+01
6.892600730984563029e+01
7.141864596375125984e+01
7.561679493465030077e+01
8.168501765536713322e+01
7.954696467286350980e+01
6.233799902680829064e+01
8.021268847287082338e+01
7.913926609380665411e+01
7.913926609380665411e+01
7.594993178431595027e+01
7.168586642915320795e+01
6.151645078966850377e+01
7.148284670762279802e+01
8.508316235643768266e+01
8.615947271660745344e+01
8.303441601726194676e+01
9.300637504895884433e+01
7.761873069320884611e+01
8.814199107680543932e+01
1.134695817796844892e+02
9.010233909347617498e+01
8.859749462495223327e+01
7.635750854630225604e+01
9.486916052144431433e+01
9.084672059765738084e+01
8.307345034800687245e+01
8.436569424443787568e+01
9.941663717523672972e+01
8.802047243609737848e+01
8.360172824745730225e+01
7.695185676548594245e+01
7.169021688998782338e+01
8.218840564911316449e+01
8.002738500124561938e+01
7.192643316217743177e+01
7.123706509901114714e+01
8.019760882329401852e+01
7.990464865173507292e+01
6.815706710424917958e+01
5.239254426464824377e+01
6.697799031997227814e+01
6.619706239150482929e+01
7.624802863366538475e+01
6.495769924593925282e+01
8.198234501312344946e+01
7.678469635309642172e+01
9.029885399216365727e+01
7.202467279529332700e+01
8.817686130473971673e+01
8.828355150050738587e+01
1.038600598140672560e+02
9.792192089598196958e+01
9.173545967802101586e+01
8.695638930917704101e+01
1.080123205458125710e+02
1.082081338592902426e+02
8.819009666051017859e+01
8.832532838193023395e+01
7.617625810613098736e+01
9.437476440141939804e+01
9.427463239538111850e+01
1.142554290750348258e+02
8.998705146510231145e+01
8.972144467489712838e+01
1.033680685363101901e+02
9.043721493664737920e+01
9.174162360704649188e+01
7.164343344122076473e+01
7.853511085073203901e+01
8.342889343323824392e+01
7.571719089049575757e+01
9.541860747783231034e+01
8.186033010635685514e+01
8.845486565981208571e+01
8.096189128336233409e+01
8.513254251321649235e+01
9.358020517821670126e+01
7.835276398255147967e+01
8.142586674672877223e+01
7.746266391666954121e+01
1.012674695146908164e+02
1.112569967148900076e+02
6.834998213643622478e+01
9.486020416842954717e+01
8.818204472938818128e+01
8.215505364750210049e+01
8.179746305894300917e+01
9.004761670769745763e+01
8.376129601886522380e+01
7.054220251729738322e+01
7.641207450480908392e+01
6.021545906068140397e+01
6.663094422545691486e+01
7.541470936095851130e+01
6.667719078992635673e+01
8.284346716581141834e+01
8.879684482843822479e+01
7.266648084954857723e+01
8.669331532797980344e+01
9.293067112147365094e+01
1.060031536117260202e+02
1.171048444855259589e+02
9.389088235653370873e+01
8.179974558721113453e+01
1.025360948461428876e+02
9.163204087916194851e+01
8.867029467104197238e+01
8.742237364305046299e+01
8.860183795885920688e+01
7.990216791581471512e+01
8.170717979577851509e+01
8.659362289510869459e+01
9.242480871742850468e+01
7.275965926681041651e+01
8.375662900065881900e+01
7.376993219204881314e+01
8.065653380843978937e+01
7.095414808467366186e+01
7.383652613433187639e+01
8.912771634626292894e+01
7.975922283790856682e+01
7.441533449482986384e+01
6.999300613680976824e+01
7.786338747656837711e+01
8.039005292630410793e+01
7.987038391156816886e+01
8.982516810767545223e+01
7.850662951249309174e+01
7.936175898906256521e+01
6.379860361481087239e+01
8.083530200304009838e+01
7.964363028870022276e+01
7.674834689190404902e+01
7.950981364397429729e+01
6.437642682496488078e+01
7.380957108710458670e+01
6.985566633257293745e+01
7.367509253306901940e+01
7.151573100783741666e+01
7.531562282050060730e+01
7.808542923919532086e+01
7.456133602242398695e+01
7.402649725070465081e+01
8.712705016478777509e+01
8.129017447210168257e+01
7.365321192277973239e+01
6.709686994998743614e+01
8.434713656473844878e+01
9.655765765806681600e+01
8.026979950026941424e+01
8.694523911733890031e+01
9.888034693522307350e+01
1.131222741891326962e+02
9.573437322241234426e+01
9.474305710810946834e+01
1.002491428694104485e+02
1.155770126453331699e+02
8.095917646866547557e+01
8.611601647978555718e+01
1.067117354946250884e+02
9.147276538872635854e+01
9.366656580596215065e+01
9.065145931118593126e+01
8.849822208810633128e+01
6.769580316322564784e+01
8.193151988357328719e+01
7.288531384817116532e+01
8.938450550784676807e+01
7.211284483665264133e+01
