6.272938635767938420e-02
-5.115591179079682221e-02
-1.610569780326458478e-01
-2.628253493659890583e-01
-1.896972976587997795e-01
-1.855329478000044552e-01
-3.843615442676734384e-01
-3.939584450563672902e-01
-3.489314138083327022e-01
-4.355020125690563515e-01
-3.714914433631943402e-01
-1.616506246767215327e-01
-4.092651338696846886e-02
-3.571305072364401589e-02
9.660574877139154609e-03
5.553589178945687183e-02
-5.756588584305859929e-02
-7.196733882813000083e-02
-8.326980531288608045e-02
8.204208875867131934e-02
-1.032664157785759540e-01
-3.812916162086790184e-01
-4.439466530617112161e-01
-3.774342547326646202e-01
-7.024045649307891770e-01
-6.018127439524898481e-01
-2.918498517490156763e-01
-1.425001608060147695e-01
-3.136358713546823496e-01
2.752892677296251561e-02
2.099080801568246335e-01
3.306614687547533293e-01
1.480134057124039559e-01
1.058422089336461674e-02
-2.045482217094733435e-01
-2.290861601296342864e-01
-1.700395498360330881e-01
-2.338674488249447014e-01
-1.676813636822270526e-01
-1.225064453762802485e-01
-2.443160903240151616e-01
-2.719336389476667004e-01
-1.600943714771008164e-01
-1.606235871423928319e-01
-2.093778720893261225e-01
-2.278026033441685472e-01
-1.533486805700558786e-01
-7.680508349609777019e-02
-1.052764030442232407e-01
3.715294286463317192e-02
-2.597287473311014200e-02
-7.655896492245985174e-02
-1.394809489316784223e-01
2.508502306886373212e-02
-1.450691645473771718e-01
-5.391243262682611503e-02
-7.922644538662600155e-03
1.009556146915871339e-01
9.072947906152740993e-02
2.357721055949163202e-01
3.124761707081913920e-01
3.045312584410800882e-01
2.485218163896861232e-01
2.082572368384474071e-01
1.812890812838697796e-01
2.619860115976872517e-01
2.027421338902459513e-01
1.568773570061034184e-01
4.528841000121229254e-01
5.499742095373671980e-01
3.823377362161428650e-01
3.476783761374470649e-01
4.276718441176771135e-01
1.763085176265069276e-01
-2.260353971436349363e-01
-2.677408229611961676e-01
-3.844282253717247189e-01
-4.288792674234430669e-01
-3.309286062936387385e-01
-1.544500223452164867e-01
-1.292287632418142596e-01
6.469386168495459832e-02
-7.839081401593767096e-02
-2.390033188468853043e-01
7.277638338332444168e-02
1.263363307989479323e-01
-1.237330720308883747e-03
2.536537360903324267e-01
3.251019791601145736e-01
2.546827591835548743e-01
4.577376321284682970e-01
4.560514296261918288e-01
2.079754692190102783e-01
2.391931935091415606e-01
2.818198564949313534e-01
9.446977832165963374e-03
6.748633853670400751e-02
1.366925219422462923e-01
3.139598813584393994e-02
-1.479546380884279311e-01
-1.319362795350995654e-01
-4.164832758862668238e-01
-4.655073557381257943e-01
-3.481727674749144352e-01
-2.245532123205435937e-01
-1.039301359645425360e-01
2.962351906989862949e-01
3.322471257326634619e-01
3.447497357118237682e-01
3.236135527345634366e-01
3.153404171574363257e-01
1.896953128474819228e-01
2.348653613123432571e-01
1.661517108880857796e-01
-9.309998098671126709e-02
-4.469959948576674585e-02
5.489925232967429736e-02
1.387927600570359465e-01
1.244879244880109370e-02
1.498120716301892807e-01
2.037257562920225251e-01
1.743487832192610609e-01
1.504675599669504094e-01
4.052562914746372646e-01
3.897504657619043078e-01
2.748053324790960400e-02
-2.071116097896308905e-01
-2.467360490148970131e-01
-2.082940865913852913e-01
-1.445000358466016210e-01
-2.320231360722428693e-02
2.666868263343684653e-01
1.281300077887815303e-01
-1.077477950650494176e-01
4.314854890279978816e-02
1.852204448867626474e-01
1.384073359224531896e-01
1.953133501377586623e-01
2.745082749064796657e-01
8.136797866336882568e-02
1.538249073468544448e-01
9.347948423556334818e-02
1.255355145728839494e-01
8.071751757059973664e-02
1.348923792579363456e-01
7.637631214292908699e-02
1.557745686476613156e-01
2.403323831869396132e-01
4.168793650405034357e-01
5.936505114551793305e-01
4.311025669662139070e-01
2.754456630164384690e-01
3.980126796080878382e-01
-5.942822385903321486e-02
-2.302461503651704877e-01
-1.200176384507453120e-01
4.115626730159024221e-02
-8.498624871261870051e-02
3.049515335464875743e-01
3.770775885919044890e-01
3.498964033139131402e-01
1.301761649368051721e-01
6.456756743401660670e-02
-1.584447263071487796e-02
-7.495176041891749019e-02
-2.908181844527887167e-02
1.801986043447712793e-01
1.563345112688841188e-01
1.410136064054902938e-01
-7.424220524597396897e-02
-3.861265104268216813e-02
-2.203168688826938060e-01
-3.163496854191804597e-01
-4.595781924460856649e-01
-1.914071520522185599e-01
-1.821337672989800371e-01
-1.143680170463777929e-01
-2.865236578448395258e-02
1.895303653309991787e-01
8.098530237176440605e-02
5.086669265715527966e-03
-1.722530775339158604e-01
-1.189787899162031148e-01
-1.496048936484691005e-01
-1.991591507295423780e-01
-2.369189864136786450e-01
-2.424239533037390870e-02
-6.512187055431957472e-02
-8.882195966644516882e-02
-8.700735564621892015e-02
-4.422538954117320731e-02
-8.884065025175505448e-02
-7.028432898432243614e-02
9.099109163814481094e-02
8.186703295554419169e-02
1.209763201157531137e-01
2.946712152686507546e-01
4.130157284134870488e-01
3.247302307948882194e-01
3.419507384766508618e-01
2.335952027170143663e-01
2.651036421979441338e-01
1.422996816435846967e-01
8.844283980892267416e-02
1.557516791724772032e-01
9.262151749510663667e-02
1.090541495093273056e-02
-1.355983316233953101e-02
-9.747939595190549533e-02
-2.369154449407965546e-01
-1.582483006134811354e-01
-3.133348548149101354e-01
-1.622930558319238548e-01
-1.409543090586699854e-01
5.890526576951708726e-02
5.697285442018140689e-02
6.587821704354694663e-02
-9.929639378240785741e-02
-7.471737777345349718e-02
-1.384147750100646890e-01
-2.183058382973214750e-01
-1.660262312183360123e-01
-8.920302932481902203e-03
1.689747053091380721e-02
1.138772614916588044e-01
3.048238378484909861e-01
2.306926249710312682e-01
1.360869082961384258e-01
2.173122856660593127e-01
1.764324495790690339e-01
1.031091972195360557e-01
2.373303987151927918e-01
2.072575801660507255e-01
2.004123512341688118e-01
1.216488806334951878e-01
6.213077821919062160e-02
5.485158180707490339e-02
9.051150257094270346e-02
1.983546246541193769e-01
3.091203898115421622e-01
4.103551814559213140e-01
2.834068048990203148e-01
1.272003204186717418e-01
-1.532732143874388636e-02
-9.057293712191182011e-02
-1.920226530241846696e-01
-2.801941615878117409e-01
-2.872302876036421093e-01
-3.826921197365226179e-01
-4.798198906101136529e-01
-3.491303750629680680e-01
-8.221534028095375812e-02
1.761367451939888640e-01
1.474012561841941682e-01
3.358744719419956004e-01
2.742792507732528806e-01
1.181290794960558888e-01
-1.012350565188130935e-01
-9.125180637428564889e-03
-4.441674785534149850e-02
-8.850636160058532320e-02
-3.444363775081044077e-01
-2.612269358724697010e-01
-2.974005983995645641e-01
-4.922042745952133758e-01
-5.416791261095532661e-01
-2.826418586474535588e-01
-3.122125510630046064e-01
-3.691817499191612506e-01
-4.602988571584647470e-01
-3.506410636345058118e-01
-2.961654181711522726e-01
-3.486025222986045558e-01
-2.823348476109484029e-01
9.137858644069984937e-02
1.952337654126266031e-01
3.088205534237317140e-01
4.001415130974356749e-01
4.478618572609925907e-01
2.190858666400978816e-01
1.637051654995482219e-01
2.190353076173279234e-01
2.051760903011359827e-01
1.760649921466914125e-01
2.739951861422969537e-01
2.487631020235046286e-01
1.744965159764748017e-02
1.354851418136560071e-01
3.578351291703796289e-01
3.262984031562189413e-01
2.971787622854198951e-01
4.757188887627979423e-01
2.191222490784775767e-01
1.755612726425637149e-02
1.091252746480563668e-02
-9.488218423117807110e-02
-2.254532560420917930e-01
-8.884397018150727576e-02
-1.471725330567473511e-01
-1.784584864679534255e-01
-8.737421808682235835e-02
-1.323234377251302774e-01
-5.392879525558550574e-02
9.630499162180606448e-03
1.457557213125745543e-01
1.964582155991830836e-01
1.929403930697881075e-01
3.907105724638094968e-02
7.325094524236740179e-02
-2.764567135144802013e-02
-1.423083285340177584e-01
-2.216459102870929343e-01
-2.834268819019866159e-01
-3.037009343605187595e-01
-2.729744864645869962e-01
-1.660784487067062665e-01
-1.205694236139149139e-01
-5.976736062035570285e-02
-1.200333043765003660e-01
-2.234468677889993593e-01
-2.146452877676394699e-01
-1.802938604806224865e-01
-2.792255529482436938e-01
-1.892814388718082608e-01
-2.211775006598518112e-01
-3.923926802683546655e-01
-3.163053777368781128e-01
-8.601857766507076120e-02
-1.927768099865899143e-01
-1.405114196444661179e-01
-4.025347303021092199e-02
1.026966749496583398e-01
2.585845372563864986e-02
1.196638224882788232e-01
2.527058476697108258e-01
3.640174245611659254e-01
2.784611221025871108e-01
4.162569046375896864e-01
3.230777219713942272e-01
1.081937330984465706e-01
1.202704240831790894e-01
-4.892375318517996896e-02
-1.976366327721928440e-01
-9.234265237038211116e-02
6.047275704986285194e-02
-4.980714178875764175e-02
