1.115000000000000000e+02
1.120000000000000000e+02
1.188000000000000114e+02
1.196000000000000085e+02
1.146000000000000085e+02
1.211000000000000085e+02
1.385999999999999943e+02
1.186000000000000085e+02
9.960000000000000853e+01
8.710000000000000853e+01
9.770000000000000284e+01
1.093000000000000114e+02
1.057000000000000028e+02
1.183000000000000114e+02
1.180000000000000000e+02
1.204000000000000057e+02
1.216000000000000085e+02
1.365000000000000000e+02
1.389000000000000057e+02
1.489000000000000057e+02
1.187000000000000028e+02
1.015000000000000000e+02
9.360000000000000853e+01
1.064000000000000057e+02
1.136000000000000085e+02
1.181000000000000085e+02
1.260000000000000000e+02
1.229000000000000057e+02
1.295999999999999943e+02
1.269000000000000057e+02
1.504000000000000057e+02
1.482000000000000171e+02
1.180000000000000000e+02
1.011000000000000085e+02
9.690000000000000568e+01
9.660000000000000853e+01
1.022000000000000028e+02
1.223000000000000114e+02
1.171000000000000085e+02
1.283000000000000114e+02
1.295999999999999943e+02
1.310000000000000000e+02
1.254000000000000057e+02
1.472000000000000171e+02
9.830000000000001137e+01
9.980000000000001137e+01
9.950000000000000000e+01
1.119000000000000057e+02
1.271000000000000085e+02
1.146000000000000085e+02
1.293000000000000114e+02
1.332000000000000171e+02
1.383000000000000114e+02
1.200000000000000000e+02
1.300000000000000000e+02
1.523000000000000114e+02
1.195000000000000000e+02
1.123000000000000114e+02
1.123000000000000114e+02
1.098000000000000114e+02
1.171000000000000085e+02
1.195000000000000000e+02
1.213000000000000114e+02
1.360000000000000000e+02
1.380000000000000000e+02
1.390999999999999943e+02
1.500999999999999943e+02
1.560000000000000000e+02
1.267000000000000028e+02
1.030000000000000000e+02
1.104000000000000057e+02
1.147000000000000028e+02
1.143000000000000114e+02
1.152000000000000028e+02
1.232000000000000028e+02
1.267000000000000028e+02
1.370999999999999943e+02
1.283000000000000114e+02
1.505000000000000000e+02
1.370000000000000000e+02
1.230000000000000000e+02
1.229000000000000057e+02
1.061000000000000085e+02
1.036000000000000085e+02
1.188000000000000114e+02
1.156000000000000085e+02
1.210000000000000000e+02
1.300000000000000000e+02
1.335000000000000000e+02
1.298000000000000114e+02
1.295000000000000000e+02
1.207000000000000028e+02
1.055000000000000000e+02
1.099000000000000057e+02
8.940000000000000568e+01
1.078000000000000114e+02
1.014000000000000057e+02
1.193000000000000114e+02
1.221000000000000085e+02
1.398000000000000114e+02
1.460000000000000000e+02
1.420999999999999943e+02
1.545000000000000000e+02
1.574000000000000057e+02
1.285000000000000000e+02
1.093000000000000114e+02
1.086000000000000085e+02
1.076000000000000085e+02
1.092000000000000028e+02
1.094000000000000057e+02
1.113000000000000114e+02
1.193000000000000114e+02
1.250000000000000000e+02
1.080000000000000000e+02
1.475999999999999943e+02
1.247000000000000028e+02
8.500000000000000000e+01
8.390000000000000568e+01
8.930000000000001137e+01
9.890000000000000568e+01
1.003000000000000114e+02
1.101000000000000085e+02
1.125000000000000000e+02
1.175000000000000000e+02
1.249000000000000057e+02
1.400999999999999943e+02
1.418000000000000114e+02
1.223000000000000114e+02
1.079000000000000057e+02
1.070000000000000000e+02
1.129000000000000057e+02
1.236000000000000085e+02
1.213000000000000114e+02
1.211000000000000085e+02
1.254000000000000057e+02
1.160000000000000000e+02
1.180000000000000000e+02
1.049000000000000057e+02
1.138000000000000114e+02
1.295999999999999943e+02
1.084000000000000057e+02
9.660000000000000853e+01
9.670000000000000284e+01
1.079000000000000057e+02
1.127000000000000028e+02
1.056000000000000085e+02
1.116000000000000085e+02
1.219000000000000057e+02
1.192000000000000028e+02
1.335000000000000000e+02
1.345999999999999943e+02
1.317000000000000171e+02
1.029000000000000057e+02
1.112000000000000028e+02
1.056000000000000085e+02
1.063000000000000114e+02
1.164000000000000057e+02
1.137000000000000028e+02
1.069000000000000057e+02
1.165000000000000000e+02
1.189000000000000057e+02
1.183000000000000114e+02
1.360000000000000000e+02
1.014000000000000057e+02
8.270000000000000284e+01
8.530000000000001137e+01
9.050000000000000000e+01
9.010000000000000853e+01
1.027000000000000028e+02
1.116000000000000085e+02
1.036000000000000085e+02
1.140000000000000000e+02
1.166000000000000085e+02
1.068000000000000114e+02
1.043000000000000114e+02
9.920000000000000284e+01
8.010000000000000853e+01
7.930000000000001137e+01
9.840000000000000568e+01
1.047000000000000028e+02
1.206000000000000085e+02
1.235000000000000000e+02
1.143000000000000114e+02
1.114000000000000057e+02
1.172000000000000028e+02
1.109000000000000057e+02
1.309000000000000057e+02
1.395000000000000000e+02
1.363000000000000114e+02
1.218000000000000114e+02
1.134000000000000057e+02
1.209000000000000057e+02
1.113000000000000114e+02
1.170000000000000000e+02
1.072000000000000028e+02
1.290000000000000000e+02
1.402000000000000171e+02
1.082000000000000028e+02
1.170000000000000000e+02
1.133000000000000114e+02
1.088000000000000114e+02
9.960000000000000853e+01
9.800000000000000000e+01
1.061000000000000085e+02
1.085000000000000000e+02
1.188000000000000114e+02
1.151000000000000085e+02
1.191000000000000085e+02
1.227000000000000028e+02
1.257000000000000028e+02
1.257000000000000028e+02
1.215000000000000000e+02
1.168000000000000114e+02
1.102000000000000028e+02
1.044000000000000057e+02
1.042000000000000028e+02
1.082000000000000028e+02
1.116000000000000085e+02
1.119000000000000057e+02
1.097000000000000028e+02
1.218000000000000114e+02
1.273000000000000114e+02
1.193000000000000114e+02
1.089000000000000057e+02
7.870000000000000284e+01
8.800000000000000000e+01
8.350000000000000000e+01
8.800000000000000000e+01
9.280000000000001137e+01
1.116000000000000085e+02
1.009000000000000057e+02
1.124000000000000057e+02
1.229000000000000057e+02
1.108000000000000114e+02
1.077000000000000028e+02
9.110000000000000853e+01
8.070000000000000284e+01
9.010000000000000853e+01
8.860000000000000853e+01
9.020000000000000284e+01
1.023000000000000114e+02
1.132000000000000028e+02
1.108000000000000114e+02
1.143000000000000114e+02
1.105000000000000000e+02
1.109000000000000057e+02
1.295000000000000000e+02
9.660000000000000853e+01
8.770000000000000284e+01
9.170000000000000284e+01
8.970000000000000284e+01
1.030000000000000000e+02
8.210000000000000853e+01
1.057000000000000028e+02
9.820000000000000284e+01
1.138000000000000114e+02
1.101000000000000085e+02
1.136000000000000085e+02
1.139000000000000057e+02
1.147000000000000028e+02
9.290000000000000568e+01
9.340000000000000568e+01
9.430000000000001137e+01
9.460000000000000853e+01
1.002000000000000028e+02
9.690000000000000568e+01
9.330000000000001137e+01
9.920000000000000284e+01
1.037000000000000028e+02
1.218000000000000114e+02
1.105000000000000000e+02
1.146000000000000085e+02
9.870000000000000284e+01
9.480000000000001137e+01
9.200000000000000000e+01
8.790000000000000568e+01
8.690000000000000568e+01
9.990000000000000568e+01
1.034000000000000057e+02
1.080000000000000000e+02
1.110000000000000000e+02
1.085000000000000000e+02
1.120000000000000000e+02
1.231000000000000085e+02
1.034000000000000057e+02
8.300000000000000000e+01
8.920000000000000284e+01
9.590000000000000568e+01
9.440000000000000568e+01
9.750000000000000000e+01
1.140000000000000000e+02
1.075000000000000000e+02
1.089000000000000057e+02
9.640000000000000568e+01
9.690000000000000568e+01
1.003000000000000114e+02
1.018000000000000114e+02
8.350000000000000000e+01
7.620000000000000284e+01
8.780000000000001137e+01
9.010000000000000853e+01
9.090000000000000568e+01
9.250000000000000000e+01
1.132000000000000028e+02
1.243000000000000114e+02
1.027000000000000028e+02
9.440000000000000568e+01
8.080000000000001137e+01
8.830000000000001137e+01
8.590000000000000568e+01
1.060000000000000000e+02
9.820000000000000284e+01
1.168000000000000114e+02
9.780000000000001137e+01
1.006000000000000085e+02
1.218000000000000114e+02
1.030000000000000000e+02
8.700000000000000000e+01
1.107000000000000028e+02
1.266000000000000085e+02
1.146000000000000085e+02
1.002000000000000028e+02
8.520000000000000284e+01
1.094000000000000057e+02
1.017000000000000028e+02
1.195000000000000000e+02
1.055000000000000000e+02
1.122000000000000028e+02
1.275000000000000000e+02
1.179000000000000057e+02
1.148000000000000114e+02
1.187000000000000028e+02
1.155000000000000000e+02
8.560000000000000853e+01
9.190000000000000568e+01
9.500000000000000000e+01
9.760000000000000853e+01
1.103000000000000114e+02
1.140000000000000000e+02
1.134000000000000057e+02
9.910000000000000853e+01
1.079000000000000057e+02
1.080000000000000000e+02
1.066000000000000085e+02
1.191000000000000085e+02
1.119000000000000057e+02
9.740000000000000568e+01
8.790000000000000568e+01
1.008000000000000114e+02
1.080000000000000000e+02
1.141000000000000085e+02
1.124000000000000057e+02
1.125000000000000000e+02
1.395000000000000000e+02
1.403000000000000114e+02
1.372000000000000171e+02
1.270000000000000000e+02
1.186000000000000085e+02
9.040000000000000568e+01
1.050000000000000000e+02
9.940000000000000568e+01
1.220000000000000000e+02
1.053000000000000114e+02
1.241000000000000085e+02
1.252000000000000028e+02
1.129000000000000057e+02
1.259000000000000057e+02
1.024000000000000057e+02
9.410000000000000853e+01
1.026000000000000085e+02
8.570000000000000284e+01
8.640000000000000568e+01
1.046000000000000085e+02
1.295000000000000000e+02
1.037000000000000028e+02
1.287000000000000171e+02
1.293000000000000114e+02
1.006000000000000085e+02
1.079000000000000057e+02
9.730000000000001137e+01
9.650000000000000000e+01
9.150000000000000000e+01
8.190000000000000568e+01
8.810000000000000853e+01
8.290000000000000568e+01
1.013000000000000114e+02
1.157000000000000028e+02
1.253000000000000114e+02
1.333000000000000114e+02
1.029000000000000057e+02
1.087000000000000028e+02
9.130000000000001137e+01
8.770000000000000284e+01
7.990000000000000568e+01
9.340000000000000568e+01
9.690000000000000568e+01
1.003000000000000114e+02
1.249000000000000057e+02
1.018000000000000114e+02
1.144000000000000057e+02
1.252000000000000028e+02
9.860000000000000853e+01
9.280000000000001137e+01
8.680000000000001137e+01
9.260000000000000853e+01
1.131000000000000085e+02
8.860000000000000853e+01
7.800000000000000000e+01
8.980000000000001137e+01
9.540000000000000568e+01
1.011000000000000085e+02
1.042000000000000028e+02
1.046000000000000085e+02
1.064000000000000057e+02
1.139000000000000057e+02
9.980000000000001137e+01
9.740000000000000568e+01
1.002000000000000028e+02
9.550000000000000000e+01
1.007000000000000028e+02
1.113000000000000114e+02
1.159000000000000057e+02
1.169000000000000057e+02
1.169000000000000057e+02
1.195000000000000000e+02
1.080000000000000000e+02
1.141000000000000085e+02
9.970000000000000284e+01
8.880000000000001137e+01
7.550000000000000000e+01
1.009000000000000057e+02
8.720000000000000284e+01
1.139000000000000057e+02
1.082000000000000028e+02
1.061000000000000085e+02
1.333000000000000114e+02
1.188000000000000114e+02
1.196000000000000085e+02
1.019000000000000057e+02
9.220000000000000284e+01
9.400000000000000000e+01
9.000000000000000000e+01
9.130000000000001137e+01
8.910000000000000853e+01
1.039000000000000057e+02
1.128000000000000114e+02
1.086000000000000085e+02
9.230000000000001137e+01
9.500000000000000000e+01
1.052000000000000028e+02
1.079000000000000057e+02
1.003000000000000114e+02
9.790000000000000568e+01
1.027000000000000028e+02
9.510000000000000853e+01
8.900000000000000000e+01
8.230000000000001137e+01
9.510000000000000853e+01
9.360000000000000853e+01
9.540000000000000568e+01
1.223000000000000114e+02
1.146000000000000085e+02
1.001000000000000085e+02
7.479999999999999716e+01
9.790000000000000568e+01
8.870000000000000284e+01
7.990000000000000568e+01
8.940000000000000568e+01
9.840000000000000568e+01
1.104000000000000057e+02
1.100000000000000000e+02
1.204000000000000057e+02
1.237000000000000028e+02
9.080000000000001137e+01
1.099000000000000057e+02
8.790000000000000568e+01
9.140000000000000568e+01
8.130000000000001137e+01
9.100000000000000000e+01
9.460000000000000853e+01
8.950000000000000000e+01
9.130000000000001137e+01
1.022000000000000028e+02
9.900000000000000000e+01
1.304000000000000057e+02
1.153000000000000114e+02
1.272000000000000028e+02
1.023000000000000114e+02
9.310000000000000853e+01
9.420000000000000284e+01
1.001000000000000085e+02
1.008000000000000114e+02
1.067000000000000028e+02
9.720000000000000284e+01
1.100000000000000000e+02
9.780000000000001137e+01
1.064000000000000057e+02
1.097000000000000028e+02
1.063000000000000114e+02
1.103000000000000114e+02
9.710000000000000853e+01
9.460000000000000853e+01
7.730000000000001137e+01
9.670000000000000284e+01
1.045000000000000000e+02
1.038000000000000114e+02
1.251000000000000085e+02
1.057000000000000028e+02
1.246000000000000085e+02
8.290000000000000568e+01
1.026000000000000085e+02
1.005000000000000000e+02
9.790000000000000568e+01
8.130000000000001137e+01
8.650000000000000000e+01
9.270000000000000284e+01
1.073000000000000114e+02
1.013000000000000114e+02
1.166000000000000085e+02
1.116000000000000085e+02
1.137000000000000028e+02
7.870000000000000284e+01
8.500000000000000000e+01
1.042000000000000028e+02
9.860000000000000853e+01
7.329999999999999716e+01
8.170000000000000284e+01
8.250000000000000000e+01
9.850000000000000000e+01
9.030000000000001137e+01
1.067000000000000028e+02
1.051000000000000085e+02
1.104000000000000057e+02
1.106000000000000085e+02
1.237000000000000028e+02
1.131000000000000085e+02
9.210000000000000853e+01
8.210000000000000853e+01
8.710000000000000853e+01
9.290000000000000568e+01
1.144000000000000057e+02
1.003000000000000114e+02
1.150000000000000000e+02
1.099000000000000057e+02
1.099000000000000057e+02
1.101000000000000085e+02
1.164000000000000057e+02
1.054000000000000057e+02
9.320000000000000284e+01
9.980000000000001137e+01
9.360000000000000853e+01
9.760000000000000853e+01
1.064000000000000057e+02
1.163000000000000114e+02
1.089000000000000057e+02
1.112000000000000028e+02
1.097000000000000028e+02
1.101000000000000085e+02
1.103000000000000114e+02
1.033000000000000114e+02
1.072000000000000028e+02
9.360000000000000853e+01
9.030000000000001137e+01
8.880000000000001137e+01
8.500000000000000000e+01
8.600000000000000000e+01
1.145000000000000000e+02
1.174000000000000057e+02
1.051000000000000085e+02
8.040000000000000568e+01
1.067000000000000028e+02
9.510000000000000853e+01
9.790000000000000568e+01
9.340000000000000568e+01
9.140000000000000568e+01
9.390000000000000568e+01
1.051000000000000085e+02
1.100000000000000000e+02
1.223000000000000114e+02
1.187000000000000028e+02
1.390999999999999943e+02
1.307000000000000171e+02
1.077000000000000028e+02
9.080000000000001137e+01
9.780000000000001137e+01
7.880000000000001137e+01
8.550000000000000000e+01
1.019000000000000057e+02
9.190000000000000568e+01
1.114000000000000057e+02
1.035000000000000000e+02
9.960000000000000853e+01
1.130000000000000000e+02
1.277000000000000028e+02
1.124000000000000057e+02
9.110000000000000853e+01
1.021000000000000085e+02
1.022000000000000028e+02
9.060000000000000853e+01
9.460000000000000853e+01
9.430000000000001137e+01
9.430000000000001137e+01
1.125000000000000000e+02
1.003000000000000114e+02
1.185000000000000000e+02
9.700000000000000000e+01
1.014000000000000057e+02
1.102000000000000028e+02
1.061000000000000085e+02
9.280000000000001137e+01
8.740000000000000568e+01
8.190000000000000568e+01
1.036000000000000085e+02
9.720000000000000284e+01
1.106000000000000085e+02
9.460000000000000853e+01
9.940000000000000568e+01
9.430000000000001137e+01
9.930000000000001137e+01
8.710000000000000853e+01
8.690000000000000568e+01
7.450000000000000000e+01
8.840000000000000568e+01
9.460000000000000853e+01
1.111000000000000085e+02
1.124000000000000057e+02
1.129000000000000057e+02
1.057000000000000028e+02
1.055000000000000000e+02
8.260000000000000853e+01
9.980000000000001137e+01
9.220000000000000284e+01
8.840000000000000568e+01
8.940000000000000568e+01
8.250000000000000000e+01
8.980000000000001137e+01
9.340000000000000568e+01
1.078000000000000114e+02
1.039000000000000057e+02
1.005000000000000000e+02
9.810000000000000853e+01
8.550000000000000000e+01
7.700000000000000000e+01
9.530000000000001137e+01
8.840000000000000568e+01
9.290000000000000568e+01
8.700000000000000000e+01
9.690000000000000568e+01
9.970000000000000284e+01
9.820000000000000284e+01
9.150000000000000000e+01
1.164000000000000057e+02
1.171000000000000085e+02
1.109000000000000057e+02
1.084000000000000057e+02
1.081000000000000085e+02
9.310000000000000853e+01
9.290000000000000568e+01
8.190000000000000568e+01
8.860000000000000853e+01
9.810000000000000853e+01
9.890000000000000568e+01
1.023000000000000114e+02
1.095000000000000000e+02
1.123000000000000114e+02
1.017000000000000028e+02
9.200000000000000000e+01
9.480000000000001137e+01
8.860000000000000853e+01
8.400000000000000000e+01
8.580000000000001137e+01
9.460000000000000853e+01
1.089000000000000057e+02
1.233000000000000114e+02
1.166000000000000085e+02
1.104000000000000057e+02
9.490000000000000568e+01
1.078000000000000114e+02
9.690000000000000568e+01
9.930000000000001137e+01
9.800000000000000000e+01
1.005000000000000000e+02
9.510000000000000853e+01
9.090000000000000568e+01
9.690000000000000568e+01
1.056000000000000085e+02
9.790000000000000568e+01
1.130000000000000000e+02
1.120000000000000000e+02
9.890000000000000568e+01
8.400000000000000000e+01
8.790000000000000568e+01
8.710000000000000853e+01
8.340000000000000568e+01
8.340000000000000568e+01
9.210000000000000853e+01
9.620000000000000284e+01
8.760000000000000853e+01
1.008000000000000114e+02
1.076000000000000085e+02
1.275000000000000000e+02
1.229000000000000057e+02
1.087000000000000028e+02
9.190000000000000568e+01
9.720000000000000284e+01
7.090000000000000568e+01
7.650000000000000000e+01
8.650000000000000000e+01
