9.220690155029296875e+01
9.252639770507812500e+01
9.172434997558593750e+01
8.887442779541015625e+01
7.998366546630859375e+01
9.148400115966796875e+01
8.620818328857421875e+01
8.674600982666015625e+01
8.585575103759765625e+01
8.751818084716796875e+01
6.081201553344726562e+01
3.587623977661132812e+01
2.477840805053710938e+01
2.495781898498535156e+01
2.699320411682128906e+01
4.177170181274414062e+01
2.069985198974609375e+01
1.725339889526367188e+01
2.432376289367675781e+01
4.222212600708007812e+01
1.776339721679687500e+01
2.415622329711914062e+01
2.136813354492187500e+01
2.765793228149414062e+01
2.955320167541503906e+01
4.715634536743164062e+01
3.993876266479492188e+01
4.136054229736328125e+01
4.735470581054687500e+01
3.823976516723632812e+01
5.030383682250976562e+01
7.529468536376953125e+01
5.299308013916015625e+01
4.664661407470703125e+01
5.025811767578125000e+01
5.068365097045898438e+01
7.178366851806640625e+01
8.360887145996093750e+01
6.481999206542968750e+01
6.167836761474609375e+01
8.284670257568359375e+01
8.500149536132812500e+01
8.818988037109375000e+01
8.889591979980468750e+01
9.166300201416015625e+01
9.240693664550781250e+01
9.195841979980468750e+01
8.839351654052734375e+01
9.193723297119140625e+01
9.231697082519531250e+01
9.238617706298828125e+01
9.109561920166015625e+01
nan
nan
9.231895446777343750e+01
9.096114349365234375e+01
9.184837341308593750e+01
9.042980957031250000e+01
9.125367736816406250e+01
9.134226989746093750e+01
8.925351715087890625e+01
8.885588073730468750e+01
9.018979644775390625e+01
8.294839477539062500e+01
8.219875335693359375e+01
8.858053588867187500e+01
9.004216766357421875e+01
8.716506195068359375e+01
9.084622192382812500e+01
8.929698181152343750e+01
9.088925933837890625e+01
8.452135467529296875e+01
5.679687500000000000e+01
4.490789031982421875e+01
6.215915679931640625e+01
7.305185699462890625e+01
3.527430343627929688e+01
3.825957489013671875e+01
7.493875885009765625e+01
7.888111114501953125e+01
6.126138305664062500e+01
6.622634124755859375e+01
5.081791687011718750e+01
5.066888046264648438e+01
3.564113998413085938e+01
3.848491287231445312e+01
3.394968032836914062e+01
3.365523910522460938e+01
4.322118377685546875e+01
4.477930068969726562e+01
6.863603973388671875e+01
7.452063751220703125e+01
4.424943161010742188e+01
5.338584518432617188e+01
5.555637359619140625e+01
6.124670028686523438e+01
1.476113033294677734e+01
5.008832168579101562e+01
4.300626373291015625e+01
4.969465637207031250e+01
4.618198394775390625e+01
3.466807174682617188e+01
3.067127609252929688e+01
2.957575988769531250e+01
1.390636920928955078e+01
1.395695114135742188e+01
1.095188903808593750e+01
1.740147209167480469e+01
1.324889087677001953e+01
1.819619560241699219e+01
2.104769134521484375e+01
2.245856666564941406e+01
2.322960662841796875e+01
2.174069404602050781e+01
2.379802703857421875e+01
2.497211837768554688e+01
2.156158065795898438e+01
2.401134109497070312e+01
2.839168739318847656e+01
2.680694007873535156e+01
6.234404754638671875e+01
7.847985839843750000e+01
5.709075927734375000e+01
5.715138626098632812e+01
8.968357849121093750e+01
9.175074768066406250e+01
9.113267517089843750e+01
8.593830871582031250e+01
7.241476440429687500e+01
6.734861755371093750e+01
6.699742126464843750e+01
7.211019897460937500e+01
4.115436935424804688e+01
3.549612426757812500e+01
3.245704269409179688e+01
4.463436889648437500e+01
3.269443893432617188e+01
2.866144180297851562e+01
2.683298492431640625e+01
2.617325401306152344e+01
1.973942184448242188e+01
1.238748741149902344e+01
2.596286582946777344e+01
3.730846405029296875e+01
5.052819442749023438e+01
3.332267379760742188e+01
1.660142898559570312e+01
1.851956367492675781e+01
1.523704719543457031e+01
1.110485363006591797e+01
8.440439224243164062e+00
2.083282089233398438e+01
1.932983398437500000e+01
1.478360271453857422e+01
1.767387199401855469e+01
1.431591892242431641e+01
5.166964721679687500e+01
4.205770492553710938e+01
3.098063278198242188e+01
2.385784149169921875e+01
2.261653518676757812e+01
1.667630958557128906e+01
1.389198589324951172e+01
2.384050369262695312e+01
2.475329208374023438e+01
3.846671295166015625e+01
4.446075439453125000e+01
5.049348449707031250e+01
7.390929412841796875e+01
7.462919616699218750e+01
7.116637420654296875e+01
6.802136230468750000e+01
5.778987121582031250e+01
6.202254486083984375e+01
5.193959426879882812e+01
3.942539978027343750e+01
6.650904083251953125e+01
5.237002944946289062e+01
3.668127059936523438e+01
3.948461151123046875e+01
1.613280677795410156e+01
1.913895034790039062e+01
1.914982604980468750e+01
3.345164108276367188e+01
7.013943481445312500e+01
8.993002319335937500e+01
8.895236968994140625e+01
8.533110046386718750e+01
9.235162353515625000e+01
9.266242980957031250e+01
9.079159545898437500e+01
8.705536651611328125e+01
8.056704711914062500e+01
7.282411956787109375e+01
8.497029113769531250e+01
6.535905456542968750e+01
7.009395599365234375e+01
7.825670623779296875e+01
8.146002960205078125e+01
8.298377227783203125e+01
8.827042388916015625e+01
9.279373931884765625e+01
9.149795532226562500e+01
8.998532104492187500e+01
8.822976684570312500e+01
9.271887207031250000e+01
9.153026580810546875e+01
8.814983367919921875e+01
9.216089630126953125e+01
9.178489685058593750e+01
9.160369110107421875e+01
9.028853607177734375e+01
9.034201049804687500e+01
9.086527252197265625e+01
9.127752685546875000e+01
8.209887695312500000e+01
8.753625488281250000e+01
9.118774414062500000e+01
8.971372222900390625e+01
9.068118286132812500e+01
8.546656799316406250e+01
9.050962829589843750e+01
9.048324584960937500e+01
8.799310302734375000e+01
9.064276885986328125e+01
9.040316772460937500e+01
8.202003479003906250e+01
8.555637359619140625e+01
4.195662689208984375e+01
6.223841094970703125e+01
6.662651824951171875e+01
5.840386199951171875e+01
7.896572875976562500e+01
8.215914916992187500e+01
8.394570159912109375e+01
8.210220336914062500e+01
7.918982696533203125e+01
7.456919097900390625e+01
7.035096740722656250e+01
7.005687713623046875e+01
6.594008636474609375e+01
6.411490631103515625e+01
7.211483001708984375e+01
7.081158447265625000e+01
9.175269317626953125e+01
9.239128875732421875e+01
8.689305114746093750e+01
8.493141937255859375e+01
3.802194213867187500e+01
4.726713943481445312e+01
3.401898574829101562e+01
2.351479721069335938e+01
1.073919677734375000e+01
6.918398857116699219e+00
1.635246276855468750e+01
1.822360992431640625e+01
1.452586555480957031e+01
9.767654418945312500e+00
1.148064041137695312e+01
2.225315284729003906e+01
3.428638839721679688e+01
4.818342208862304688e+01
4.771600723266601562e+01
5.692791366577148438e+01
6.363617706298828125e+01
8.603572845458984375e+01
8.709673309326171875e+01
7.597744750976562500e+01
5.855852508544921875e+01
5.331682205200195312e+01
5.802194976806640625e+01
6.850446319580078125e+01
6.099459075927734375e+01
5.117521667480468750e+01
4.977287292480468750e+01
5.810960388183593750e+01
8.091677093505859375e+01
8.585670471191406250e+01
8.329032897949218750e+01
8.478158569335937500e+01
8.794380950927734375e+01
8.782948303222656250e+01
8.867002105712890625e+01
8.700036621093750000e+01
9.078832244873046875e+01
8.337113189697265625e+01
6.231319046020507812e+01
5.806137084960937500e+01
7.103433227539062500e+01
5.890169906616210938e+01
5.799729156494140625e+01
6.115728759765625000e+01
2.903645896911621094e+01
2.489572525024414062e+01
1.631755447387695312e+01
2.798184013366699219e+01
4.518962097167968750e+01
4.236478805541992188e+01
4.727050781250000000e+01
5.190819931030273438e+01
8.334303283691406250e+01
7.038461303710937500e+01
5.996416473388671875e+01
5.675820541381835938e+01
6.750949096679687500e+01
7.554697418212890625e+01
6.599291229248046875e+01
6.649340820312500000e+01
8.936901855468750000e+01
9.002847290039062500e+01
9.086210632324218750e+01
8.797411346435546875e+01
8.918708801269531250e+01
8.571766662597656250e+01
8.793910980224609375e+01
8.721150207519531250e+01
8.600470733642578125e+01
8.470883941650390625e+01
6.401772308349609375e+01
5.934573745727539062e+01
7.469879913330078125e+01
8.714202880859375000e+01
8.573494720458984375e+01
8.627133178710937500e+01
9.012828063964843750e+01
9.043893432617187500e+01
8.924090576171875000e+01
8.588571166992187500e+01
7.509941864013671875e+01
7.164144897460937500e+01
5.621413421630859375e+01
6.852217102050781250e+01
4.936598968505859375e+01
5.710398101806640625e+01
4.043911743164062500e+01
4.568143081665039062e+01
3.642127227783203125e+01
4.419620132446289062e+01
4.008388519287109375e+01
3.969071578979492188e+01
1.619327354431152344e+01
2.476813507080078125e+01
1.865194511413574219e+01
2.471704292297363281e+01
1.196376705169677734e+01
1.214163970947265625e+01
1.320919036865234375e+01
9.688579559326171875e+00
6.876468658447265625e+00
9.569023132324218750e+00
1.640857124328613281e+01
2.354054641723632812e+01
9.996793746948242188e+00
1.792740249633789062e+01
2.619573211669921875e+01
2.020039558410644531e+01
1.376627731323242188e+01
2.076552581787109375e+01
1.774466896057128906e+01
2.327557945251464844e+01
1.654375076293945312e+01
1.069875907897949219e+01
8.716096878051757812e+00
1.298019790649414062e+01
8.620258331298828125e+00
8.774435997009277344e+00
9.458313941955566406e+00
2.156489753723144531e+01
1.431196212768554688e+01
1.960355186462402344e+01
3.127539062500000000e+01
3.473046493530273438e+01
8.089126586914062500e+00
3.308037567138671875e+01
4.292466735839843750e+01
3.374732208251953125e+01
4.585810470581054688e+01
7.671228027343750000e+01
8.267669677734375000e+01
7.620277404785156250e+01
3.184206390380859375e+01
6.841985321044921875e+01
8.131266784667968750e+01
7.690714263916015625e+01
3.281928253173828125e+01
4.695598220825195312e+01
3.219984817504882812e+01
2.810015678405761719e+01
1.139519596099853516e+01
1.454466533660888672e+01
1.345482349395751953e+01
2.404610252380371094e+01
3.865999221801757812e+01
5.106904220581054688e+01
6.649043273925781250e+01
6.001617050170898438e+01
8.944948577880859375e+01
9.112828826904296875e+01
9.290829467773437500e+01
9.123352050781250000e+01
9.028238677978515625e+01
9.123913574218750000e+01
9.117901611328125000e+01
9.004137420654296875e+01
9.173534393310546875e+01
9.028552246093750000e+01
8.974128723144531250e+01
8.543996429443359375e+01
8.109084320068359375e+01
6.693182373046875000e+01
5.072544097900390625e+01
5.250811386108398438e+01
2.634908485412597656e+01
2.436833763122558594e+01
2.561583137512207031e+01
1.870724678039550781e+01
7.009342956542968750e+01
7.343477630615234375e+01
7.929556274414062500e+01
7.524752044677734375e+01
8.002226257324218750e+01
9.201847839355468750e+01
9.135179138183593750e+01
8.706085968017578125e+01
8.459529876708984375e+01
8.876568603515625000e+01
9.135073852539062500e+01
8.947129058837890625e+01
7.556883239746093750e+01
8.248796844482421875e+01
4.471282196044921875e+01
2.832320594787597656e+01
5.406613922119140625e+01
6.794260406494140625e+01
7.938406372070312500e+01
7.538436889648437500e+01
8.845903778076171875e+01
9.147843170166015625e+01
8.909110260009765625e+01
8.653372192382812500e+01
5.809560775756835938e+01
8.834615325927734375e+01
8.283259582519531250e+01
8.747056579589843750e+01
8.217723083496093750e+01
6.312192153930664062e+01
4.210479354858398438e+01
4.928213119506835938e+01
1.916837501525878906e+01
1.407546043395996094e+01
2.352392578125000000e+01
2.650937461853027344e+01
4.224158477783203125e+01
4.807479095458984375e+01
5.302224731445312500e+01
5.443454360961914062e+01
5.119865036010742188e+01
6.065336227416992188e+01
5.597092437744140625e+01
4.487390899658203125e+01
6.249948120117187500e+01
5.421374130249023438e+01
5.020309448242187500e+01
4.022698593139648438e+01
3.008407020568847656e+01
2.336480331420898438e+01
3.491399765014648438e+01
3.762824630737304688e+01
2.307173347473144531e+01
1.682873153686523438e+01
1.828158950805664062e+01
2.523001289367675781e+01
9.825036048889160156e+00
5.553149700164794922e+00
8.765048980712890625e+00
1.283182621002197266e+01
1.274231433868408203e+01
1.839264297485351562e+01
1.358645725250244141e+01
1.388424396514892578e+01
1.629325675964355469e+01
1.676713180541992188e+01
2.369102478027343750e+01
2.814377975463867188e+01
2.409351158142089844e+01
2.841221427917480469e+01
3.459244918823242188e+01
4.916276550292968750e+01
2.583815765380859375e+01
2.173442077636718750e+01
2.416970062255859375e+01
2.643164634704589844e+01
9.387310028076171875e+00
4.351397037506103516e+00
6.754502773284912109e+00
1.074153900146484375e+01
1.705209922790527344e+01
2.004606819152832031e+01
2.439280128479003906e+01
3.191802024841308594e+01
1.118064975738525391e+01
2.078680419921875000e+01
2.104211044311523438e+01
1.694587326049804688e+01
9.558692932128906250e+00
1.099103355407714844e+01
3.136850166320800781e+01
2.018960762023925781e+01
1.051214218139648438e+01
2.021537399291992188e+01
2.569504547119140625e+01
2.563539886474609375e+01
2.247605133056640625e+01
3.113274574279785156e+01
3.404475402832031250e+01
3.836315917968750000e+01
1.384157752990722656e+01
1.805415153503417969e+01
2.167933464050292969e+01
2.787977600097656250e+01
8.439166069030761719e+00
6.426614284515380859e+00
9.019275665283203125e+00
8.681865692138671875e+00
8.526165962219238281e+00
5.023939132690429688e+00
9.353363990783691406e+00
1.180992031097412109e+01
5.279028892517089844e+00
1.007937240600585938e+01
9.278459548950195312e+00
1.227717685699462891e+01
1.262989425659179688e+01
2.135890579223632812e+01
2.038927650451660156e+01
3.512460327148437500e+01
1.632251739501953125e+01
1.481735801696777344e+01
1.637107849121093750e+01
2.508839797973632812e+01
1.235097312927246094e+01
1.136914825439453125e+01
1.420871543884277344e+01
1.679819869995117188e+01
1.537070941925048828e+01
1.654307174682617188e+01
2.107083511352539062e+01
2.020939254760742188e+01
8.059303283691406250e+00
1.086075210571289062e+01
1.578927326202392578e+01
3.491487503051757812e+01
2.063374137878417969e+01
3.246851730346679688e+01
4.653618621826171875e+01
4.973748779296875000e+01
3.227729797363281250e+01
4.072431945800781250e+01
5.193493652343750000e+01
6.273905944824218750e+01
7.241796875000000000e+01
8.806052398681640625e+01
9.240596771240234375e+01
9.028445434570312500e+01
9.089188385009765625e+01
9.207531738281250000e+01
9.222124481201171875e+01
8.967939758300781250e+01
9.144387054443359375e+01
9.063195800781250000e+01
8.966837310791015625e+01
8.994794464111328125e+01
9.223794555664062500e+01
nan
9.145553588867187500e+01
8.902111816406250000e+01
9.015653991699218750e+01
9.233421325683593750e+01
9.230088806152343750e+01
9.074021148681640625e+01
9.184099578857421875e+01
nan
9.039744567871093750e+01
8.953736114501953125e+01
9.232476043701171875e+01
9.144105529785156250e+01
9.226998138427734375e+01
9.009136962890625000e+01
9.189080810546875000e+01
9.149691772460937500e+01
9.234099578857421875e+01
9.218560791015625000e+01
9.260847473144531250e+01
8.992869567871093750e+01
8.850021362304687500e+01
8.683215332031250000e+01
9.283825683593750000e+01
9.074816131591796875e+01
8.974393463134765625e+01
8.904420471191406250e+01
9.290895080566406250e+01
8.923470306396484375e+01
9.015022277832031250e+01
8.571309661865234375e+01
9.003569793701171875e+01
7.729138946533203125e+01
7.158176422119140625e+01
8.040750885009765625e+01
8.339029693603515625e+01
7.825495147705078125e+01
7.989000701904296875e+01
8.050750732421875000e+01
6.059910583496093750e+01
2.763226890563964844e+01
1.434674644470214844e+01
2.794263648986816406e+01
8.295928001403808594e+00
1.034860897064208984e+01
1.468069171905517578e+01
2.978603744506835938e+01
9.943899154663085938e+00
1.052252864837646484e+01
1.205907058715820312e+01
2.643275833129882812e+01
8.554161071777343750e+00
6.938832759857177734e+00
1.021301269531250000e+01
1.988763999938964844e+01
7.694302558898925781e+00
1.454496860504150391e+01
1.735305404663085938e+01
2.235795021057128906e+01
6.309769630432128906e+00
1.088294124603271484e+01
1.001527881622314453e+01
1.835284233093261719e+01
9.796474456787109375e+00
6.588235378265380859e+00
1.186017036437988281e+01
1.828447723388671875e+01
9.780941963195800781e+00
3.565870666503906250e+01
4.161422348022460938e+01
3.887626266479492188e+01
4.596620941162109375e+01
4.318565750122070312e+01
6.182474899291992188e+01
5.886212539672851562e+01
1.137437438964843750e+01
4.722287750244140625e+01
4.549016189575195312e+01
4.527389526367187500e+01
1.608225440979003906e+01
3.980263900756835938e+01
2.995792388916015625e+01
2.369489288330078125e+01
7.468401432037353516e+00
1.640240097045898438e+01
1.248597526550292969e+01
1.886938858032226562e+01
2.637203407287597656e+01
2.757347106933593750e+01
1.980680084228515625e+01
2.267554473876953125e+01
3.958124542236328125e+01
6.681259918212890625e+01
6.335673522949218750e+01
6.138430786132812500e+01
5.612414169311523438e+01
8.405976104736328125e+01
7.118070220947265625e+01
4.280666732788085938e+01
8.677200317382812500e+00
2.900422096252441406e+01
3.185359382629394531e+01
3.910004043579101562e+01
1.992861747741699219e+01
4.458066177368164062e+01
4.202748870849609375e+01
4.625133514404296875e+01
8.030978393554687500e+01
8.456324005126953125e+01
8.842857360839843750e+01
7.488978576660156250e+01
8.034809875488281250e+01
9.125839233398437500e+01
8.824896240234375000e+01
8.741393280029296875e+01
nan
9.141333770751953125e+01
9.191387176513671875e+01
9.039469909667968750e+01
9.178384399414062500e+01
9.184318542480468750e+01
9.225872039794921875e+01
9.152643585205078125e+01
9.133417510986328125e+01
9.207242584228515625e+01
9.234631347656250000e+01
8.920985412597656250e+01
9.218115234375000000e+01
9.183176422119140625e+01
9.252435302734375000e+01
8.901541900634765625e+01
9.125196075439453125e+01
9.151560974121093750e+01
9.024155426025390625e+01
8.773642730712890625e+01
9.177951049804687500e+01
9.062065124511718750e+01
8.618257141113281250e+01
8.915749359130859375e+01
9.035383605957031250e+01
9.085375976562500000e+01
8.946257019042968750e+01
8.874840545654296875e+01
9.124030303955078125e+01
8.420759582519531250e+01
8.653739166259765625e+01
7.984552764892578125e+01
