9.101046752929687500e+01
8.400984191894531250e+01
6.020276260375976562e+01
2.637392044067382812e+01
2.462007522583007812e+01
2.303367424011230469e+01
4.746754455566406250e+01
6.490576934814453125e+01
6.287080001831054688e+01
7.257888793945312500e+01
8.765241241455078125e+01
9.213945007324218750e+01
9.166159820556640625e+01
9.236663055419921875e+01
9.042076110839843750e+01
8.959180450439453125e+01
8.953178405761718750e+01
8.918852233886718750e+01
5.997702789306640625e+01
5.661026382446289062e+01
6.196261596679687500e+01
4.605918502807617188e+01
6.222333145141601562e+01
4.305847167968750000e+01
3.488336563110351562e+01
1.716505813598632812e+01
9.104117393493652344e+00
2.160148620605468750e+01
3.278737258911132812e+01
2.834453392028808594e+01
5.670528411865234375e+01
8.458049774169921875e+01
7.505405426025390625e+01
3.506471633911132812e+01
2.694734382629394531e+01
2.433658409118652344e+01
1.799248123168945312e+01
9.446308135986328125e+00
2.003882789611816406e+01
2.691548538208007812e+01
1.533121109008789062e+01
4.130550765991210938e+01
6.622500610351562500e+01
5.105091476440429688e+01
4.079702758789062500e+01
2.506303024291992188e+01
8.439065551757812500e+01
8.447796630859375000e+01
6.867845916748046875e+01
8.488964843750000000e+01
9.192380523681640625e+01
9.272092437744140625e+01
9.179331970214843750e+01
8.785615539550781250e+01
8.711538696289062500e+01
8.487098693847656250e+01
7.000585174560546875e+01
4.750028991699218750e+01
8.189012908935546875e+01
6.182773590087890625e+01
8.125978088378906250e+01
8.150939178466796875e+01
3.762549972534179688e+01
2.870660209655761719e+01
2.293713378906250000e+01
6.197004699707031250e+01
7.096547698974609375e+01
5.234393692016601562e+01
4.291061019897460938e+01
6.859729766845703125e+01
7.506337738037109375e+01
5.737447357177734375e+01
4.662877273559570312e+01
2.340396308898925781e+01
5.248040390014648438e+01
5.391941452026367188e+01
7.383435058593750000e+01
8.757645416259765625e+01
8.186749267578125000e+01
6.523039245605468750e+01
8.657145690917968750e+01
8.324714660644531250e+01
5.751924896240234375e+01
4.660587310791015625e+01
2.566164398193359375e+01
2.192731857299804688e+01
7.791475296020507812e+00
5.320287704467773438e+00
1.074103736877441406e+01
2.787092590332031250e+01
1.935724639892578125e+01
2.802024650573730469e+01
3.230276489257812500e+01
2.785781097412109375e+01
7.624742889404296875e+01
6.380735397338867188e+01
2.097346878051757812e+01
3.474386215209960938e+01
7.381573486328125000e+01
9.234009552001953125e+01
9.066217803955078125e+01
8.827832031250000000e+01
5.918944931030273438e+01
3.372002029418945312e+01
8.199758148193359375e+01
9.031777954101562500e+01
9.238847351074218750e+01
5.314730072021484375e+01
8.113821411132812500e+01
8.954791259765625000e+01
8.347764587402343750e+01
5.123601531982421875e+01
4.024726486206054688e+01
6.666378784179687500e+01
5.867936706542968750e+01
4.918662643432617188e+01
2.466901779174804688e+01
1.297163963317871094e+01
9.453810691833496094e+00
1.125209331512451172e+01
1.571904563903808594e+01
3.323875808715820312e+01
1.433850193023681641e+01
6.953680515289306641e+00
2.186957359313964844e+01
1.312284278869628906e+01
1.876320457458496094e+01
2.736730003356933594e+01
2.799319076538085938e+01
1.111843872070312500e+01
9.567647933959960938e+00
6.194523811340332031e+00
6.836339950561523438e+00
1.612457084655761719e+01
8.786155700683593750e+00
1.265074348449707031e+01
1.111280155181884766e+01
1.317761707305908203e+01
5.120119094848632812e+01
6.706803131103515625e+01
9.139272308349609375e+01
9.201267242431640625e+01
8.881175994873046875e+01
9.221802520751953125e+01
9.312577819824218750e+01
9.117324066162109375e+01
9.192774200439453125e+01
9.282388305664062500e+01
8.858858489990234375e+01
8.969108581542968750e+01
8.476280975341796875e+01
6.364990234375000000e+01
6.870875549316406250e+01
1.598627853393554688e+01
9.233905792236328125e+00
1.079364395141601562e+01
2.071607208251953125e+01
6.601697444915771484e+00
1.465732097625732422e+01
2.184050369262695312e+01
2.980369377136230469e+01
4.455538940429687500e+01
3.473291397094726562e+01
2.753393745422363281e+01
1.933253097534179688e+01
3.081130409240722656e+01
5.765568542480468750e+01
5.213886642456054688e+01
3.331676864624023438e+01
4.740473937988281250e+01
7.749150848388671875e+01
8.642773437500000000e+01
9.204837799072265625e+01
9.215500640869140625e+01
9.308261871337890625e+01
9.347779083251953125e+01
8.960260009765625000e+01
8.689585876464843750e+01
8.812697601318359375e+01
7.935765075683593750e+01
8.724829101562500000e+01
8.754055786132812500e+01
7.798480987548828125e+01
7.699948120117187500e+01
7.346841430664062500e+01
7.509255981445312500e+01
7.061475372314453125e+01
9.040775299072265625e+01
8.342787170410156250e+01
9.166200256347656250e+01
9.322698211669921875e+01
9.137948608398437500e+01
8.838587951660156250e+01
7.479463958740234375e+01
5.063367080688476562e+01
3.556346511840820312e+01
5.474399566650390625e+01
4.864925384521484375e+01
5.625300598144531250e+01
2.126478958129882812e+01
1.093479728698730469e+01
3.129824066162109375e+01
1.514558601379394531e+01
1.058485031127929688e+01
1.420758533477783203e+01
1.857832717895507812e+01
2.593412780761718750e+01
2.490194320678710938e+01
1.513379192352294922e+01
1.404517173767089844e+01
7.028307437896728516e+00
3.276429748535156250e+01
3.829483032226562500e+01
6.780391693115234375e+01
9.094615173339843750e+01
8.342317199707031250e+01
9.173831939697265625e+01
9.213067626953125000e+01
9.364446258544921875e+01
9.301792907714843750e+01
8.813756561279296875e+01
9.140949249267578125e+01
9.261456298828125000e+01
8.526152038574218750e+01
7.486286926269531250e+01
4.538528823852539062e+01
4.560092163085937500e+01
6.583683776855468750e+01
2.481283378601074219e+01
1.804665756225585938e+01
1.661000061035156250e+01
1.652997398376464844e+01
9.474274635314941406e+00
1.032983493804931641e+01
8.042258262634277344e+00
1.909723281860351562e+01
3.565608596801757812e+01
6.283389282226562500e+01
7.236560821533203125e+01
3.383079147338867188e+01
1.634241867065429688e+01
1.122756958007812500e+01
1.967669105529785156e+01
3.780484008789062500e+01
6.987235069274902344e+00
1.107828521728515625e+01
2.263386535644531250e+01
5.307688522338867188e+01
4.264522552490234375e+01
3.564543914794921875e+01
2.907072067260742188e+01
3.621109771728515625e+01
3.914222335815429688e+01
3.230305480957031250e+01
2.819180679321289062e+01
3.275699996948242188e+01
2.304835700988769531e+01
1.671068191528320312e+01
2.757246780395507812e+01
2.371842765808105469e+01
2.957196617126464844e+01
3.969682693481445312e+01
7.607712554931640625e+01
7.025238800048828125e+01
6.645412445068359375e+01
8.994875335693359375e+01
9.390540313720703125e+01
9.383901214599609375e+01
8.953446960449218750e+01
9.183955383300781250e+01
9.324205780029296875e+01
9.178410339355468750e+01
9.165615844726562500e+01
9.172758483886718750e+01
9.121035003662109375e+01
9.069445037841796875e+01
8.820267486572265625e+01
8.668673706054687500e+01
1.714753341674804688e+01
8.441525459289550781e+00
7.475886821746826172e+00
9.614818572998046875e+00
1.336758041381835938e+01
1.796257376670837402e+00
7.960955619812011719e+00
7.285527229309082031e+00
3.297650337219238281e+00
4.736602306365966797e+00
1.841282367706298828e+00
6.440326690673828125e+00
1.134490966796875000e+01
7.303418159484863281e+00
7.709840774536132812e+00
1.034144210815429688e+01
3.052835655212402344e+01
1.469806194305419922e+01
8.215076446533203125e+00
3.023810958862304688e+01
4.111688995361328125e+01
4.093949890136718750e+01
4.145337295532226562e+01
2.637010002136230469e+01
3.906544494628906250e+01
5.589779281616210938e+01
6.410578155517578125e+01
7.943280029296875000e+01
6.061600494384765625e+01
3.535085296630859375e+01
6.399938964843750000e+01
8.965303039550781250e+01
8.936129760742187500e+01
7.174880218505859375e+01
9.500589752197265625e+01
9.445800781250000000e+01
9.164202117919921875e+01
9.323548126220703125e+01
9.296250915527343750e+01
9.269799041748046875e+01
8.908496093750000000e+01
9.172795104980468750e+01
8.856697082519531250e+01
8.070647430419921875e+01
8.977614593505859375e+01
9.119846343994140625e+01
9.097547149658203125e+01
8.225959777832031250e+01
8.750697326660156250e+01
8.880983734130859375e+01
3.728271865844726562e+01
4.399975967407226562e+01
3.674945449829101562e+01
3.133960914611816406e+01
3.541574096679687500e+01
1.727015686035156250e+01
6.463792800903320312e+00
4.029637336730957031e+00
7.033008575439453125e+00
6.422733068466186523e-01
2.820391893386840820e+00
1.943535804748535156e-01
2.078514359891414642e-02
1.365774035453796387e+00
3.104156255722045898e-01
2.394286692142486572e-01
6.064296245574951172e+00
7.963772773742675781e+00
1.603658103942871094e+01
5.912702083587646484e+00
1.948823928833007812e+01
4.352788162231445312e+01
