3.442008137305307969e+01
3.446953999302751015e+01
3.448892314768646372e+01
3.460125823224601049e+01
3.459644433567887489e+01
3.459111867458537404e+01
3.452370002953480110e+01
3.449152200420832060e+01
3.450639691679356247e+01
3.444454176692639180e+01
3.444653389623610451e+01
3.440529990115408765e+01
3.437417210827843661e+01
3.442770976309049047e+01
3.444381133334920264e+01
3.448117374200336371e+01
3.447596187268273837e+01
3.447646432934777749e+01
3.454351366049556304e+01
3.453126484861212475e+01
3.451894144116417351e+01
3.454915684379965768e+01
3.453737954711913716e+01
3.455967406295517463e+01
3.458699423036737386e+01
3.461895149618892731e+01
3.463659993937864101e+01
3.461033197745629764e+01
3.455905575690835008e+01
3.457799958232297399e+01
3.453337375964148492e+01
3.449822007751464525e+01
3.451844651587535395e+01
3.459378513349112438e+01
3.459200633317333740e+01
3.460612493637859899e+01
3.461401238936084468e+01
3.462971091293076142e+01
3.457184836332677236e+01
3.458190925442970354e+01
3.461079886691852892e+01
3.455595772487834694e+01
3.446756611529851710e+01
3.454661142097084792e+01
3.456190716268248764e+01
3.457801080968825147e+01
3.447701877374164070e+01
3.445928464986510420e+01
3.451956538468700586e+01
3.439522932744430506e+01
3.444078633298712333e+01
3.443062727226645592e+01
3.442665547464662268e+01
3.442311487411240734e+01
3.445177705150540248e+01
3.447255814167604626e+01
3.450131429019216966e+01
3.455091734288102856e+01
3.445493030354128194e+01
3.451226094753459250e+01
3.445729201339462833e+01
3.448412909168308715e+01
3.457531029057906125e+01
3.457406311086881345e+01
3.457951265807071195e+01
3.450951909883143287e+01
3.450416439146915337e+01
3.456108858916718418e+01
3.455150309649968676e+01
3.452168925941596456e+01
3.452093652136851176e+01
3.454460255561441073e+01
3.457714186820336977e+01
3.458447888183594188e+01
3.450548098134186858e+01
3.449122307159940704e+01
3.446560780799995172e+01
3.445573656709315458e+01
3.446398061590679163e+01
3.451473292050118857e+01
3.448256177766444353e+01
3.449283633371126712e+01
3.450727615046096730e+01
3.455273024917860880e+01
3.462191940954176061e+01
3.458306256129377232e+01
3.464098720977266055e+01
3.463054890441894429e+01
3.462778003912456626e+01
3.455941559484448788e+01
3.455016845677263149e+01
3.452049863446769251e+01
3.452170813738289468e+01
3.445418099096266218e+01
3.443597414618023578e+01
3.445424050024000451e+01
3.460892214345123818e+01
3.453555493215786498e+01
3.447691515208099133e+01
3.443605128168655227e+01
3.447488954085010704e+01
3.444831837282342235e+01
3.452523853651143781e+01
3.458253073611501804e+01
3.445146934069617117e+01
3.443469600018000421e+01
3.447994807278907103e+01
3.451807200958769783e+01
3.448075944131107207e+01
3.447592506020756531e+01
3.449170356026342432e+01
3.457514853138034283e+01
3.460513681909592520e+01
3.453951692923853045e+01
3.453393849233853530e+01
3.456060565340720814e+01
3.463856785169699037e+01
3.465358981038756525e+01
3.463767476537671541e+01
3.464240960098525335e+01
3.460215530421370289e+01
3.459663191378319169e+01
3.464460041602183082e+01
3.465087919978773101e+01
3.462431219611733724e+01
3.464761331745729933e+01
3.464502010280803290e+01
3.461826661966615148e+01
3.463030117746126990e+01
3.467111289874578262e+01
3.464733098279015877e+01
3.465616539130776630e+01
3.459886141502251178e+01
3.457248128936249998e+01
3.465223363378492394e+01
3.461187259712865938e+01
3.463170334922661198e+01
3.460280855030124059e+01
3.451721109448448743e+01
3.448865371704101790e+01
3.444418524066472287e+01
3.449642146844379198e+01
3.444518499548960477e+01
3.442450529040319651e+01
3.442936075346348446e+01
3.441340071028369607e+01
3.444081917015981276e+01
3.442485938896567177e+01
3.445049724152128334e+01
3.448601940840381985e+01
3.449223900953389688e+01
3.456372907192424293e+01
3.454732193458686851e+01
3.465598861875372450e+01
3.468218285925914302e+01
3.465527495174084294e+01
3.460757481617039133e+01
3.466710634729417251e+01
3.463004872803767853e+01
3.454153120293051416e+01
3.456445000884492202e+01
3.459777885540461284e+01
3.458766888970843922e+01
3.460524067274190685e+01
3.460905103806317840e+01
3.458571301166082179e+01
3.452559108152227196e+01
3.451747035734533142e+01
3.459907982441530550e+01
3.452258836209571768e+01
3.448735375692076843e+01
3.446446859017064668e+01
3.448471408339678135e+01
3.442950798577777505e+01
3.444349871308924804e+01
3.440341933273057151e+01
3.438900333934719100e+01
3.433196346425201995e+01
3.441390087735450720e+01
3.446304237210548393e+01
3.445285937629311945e+01
3.446996977466647394e+01
3.445402258585266964e+01
3.445433928538177781e+01
3.445616995032358432e+01
3.447338011764267662e+01
3.451676764588437152e+01
3.446406111015708262e+01
3.451647641120522536e+01
3.452394014727058646e+01
3.448483324393579608e+01
3.447895181662349984e+01
3.450077395241947187e+01
3.455082016792944444e+01
3.456045748720330835e+01
3.459613688530356512e+01
3.458019074624271383e+01
3.459900819836632735e+01
3.457603938241732067e+01
3.465294722424523144e+01
3.465767022187831969e+01
3.462999227362163168e+01
3.465723431680970634e+01
3.465359281998973984e+01
3.464227797556731758e+01
3.462690895804712454e+01
3.463848144764010328e+01
3.463359583838510503e+01
3.465517218664136578e+01
3.462149491701288184e+01
3.466338807186838267e+01
3.461217489029189665e+01
3.460970353905629793e+01
3.453819337696140224e+01
3.450185599970413364e+01
3.448282255864546642e+01
3.450389763550839461e+01
3.445012261187019931e+01
3.438681763109110534e+01
3.444485572220107628e+01
3.448623540897692408e+01
3.444075225571454979e+01
3.445491417163913184e+01
3.448609496320304402e+01
3.453083466895152043e+01
3.459257781439312396e+01
3.459217215146857427e+01
3.453977292232190166e+01
3.464940471946587763e+01
3.466689179553015521e+01
3.466005505940065490e+01
3.467525128147966029e+01
3.469574332725395749e+01
3.468243804673016939e+01
3.469544403438245439e+01
3.463053598539707423e+01
3.461155437430688409e+01
3.456945368569584076e+01
3.455036011518058103e+01
3.465045188515873775e+01
3.467386838285801787e+01
3.468665602758375144e+01
3.464770041876323603e+01
3.462049836653369539e+01
3.469128279760328581e+01
3.467310747127210391e+01
3.461715188779670171e+01
3.456735608918788216e+01
3.457977001461740230e+01
3.461487255393853246e+01
3.463664655497922951e+01
3.459502573355982236e+01
3.459020225990423825e+01
3.461344698269084574e+01
3.464564924802618151e+01
3.463055314558643261e+01
3.464937959470587003e+01
3.466984383094916922e+01
3.462214489047809707e+01
3.466168804905778700e+01
3.463190258970099222e+01
3.458174360087765820e+01
3.441913146326096751e+01
3.451091331275034690e+01
3.450458962521310724e+01
3.443788920308776369e+01
3.439937700691870504e+01
3.440882140544309209e+01
3.431328881680764198e+01
3.439544986660197878e+01
3.443846163604219157e+01
3.436712482439461525e+01
3.435265684974800138e+01
3.435660816981428667e+01
3.438315187150340790e+01
3.439504868769241597e+01
3.443369423145358610e+01
3.452587880409370769e+01
3.471293906441380983e+01
3.471799047851562392e+01
3.470771497461350918e+01
3.471151589939957915e+01
3.468517704824673586e+01
3.472197127959688601e+01
3.469982296287407308e+01
3.470585610392942755e+01
3.471438401975469645e+01
3.471370106816695511e+01
3.470941767831575930e+01
3.467417985431218597e+01
3.468715840304100340e+01
3.469351010726670381e+01
3.469870869083727882e+01
3.468911210321975602e+01
3.463772624646202303e+01
3.468735419942564846e+01
3.469936836216813703e+01
3.465692818024199084e+01
3.462885792644953398e+01
3.459646905129642391e+01
3.462153113258491288e+01
3.462970255706269995e+01
3.461962049063988900e+01
3.455223671502582050e+01
3.454893297822596310e+01
3.452892283837270071e+01
3.456102921463271826e+01
3.461168090225478267e+01
3.447765808183056180e+01
3.442967692436605631e+01
3.446449515623965709e+01
3.444823910419011526e+01
3.429075421840861537e+01
3.432086664620092620e+01
3.432042142913301319e+01
3.433121843835862563e+01
3.435346768912622650e+01
3.432498405068607639e+01
3.436249036420402092e+01
3.433583768346754539e+01
3.442685696824930375e+01
3.449437280014814178e+01
3.450056243767172504e+01
3.447178800162621570e+01
3.452683186211019972e+01
3.452692049860549872e+01
3.453001078692936687e+01
3.454461608602233014e+01
3.463485959560588157e+01
3.461267383665958164e+01
3.464955008632854572e+01
3.466923712546137892e+01
3.464625919923944508e+01
3.468944306169930059e+01
3.471609248998609587e+01
3.472208699733928228e+01
3.469916004659361874e+01
3.471335046671205049e+01
3.471639665454929258e+01
3.472286060811705966e+01
3.472235080990549250e+01
3.472194566629700319e+01
3.470699207060216196e+01
3.469711766543630915e+01
3.469297634473897318e+01
3.470236835389218299e+01
3.466408855425300573e+01
3.470808131719040546e+01
3.466653626083115824e+01
3.462435570228706183e+01
