3.438503773136461916e+01
3.442146760015972262e+01
3.442907654118941707e+01
3.449873172514317332e+01
3.442969835494736230e+01
3.443425234597416562e+01
3.439840156012066075e+01
3.439263438415527219e+01
3.441440549662962667e+01
3.438413736168812562e+01
3.434837493999933145e+01
3.435742867369570774e+01
3.436186091484457705e+01
3.437933178814386537e+01
3.439822281530347681e+01
3.443139481780488609e+01
3.441958263953257102e+01
3.440762588992360804e+01
3.444398596113819622e+01
3.442542398148876259e+01
3.443873097358316215e+01
3.444599145921610273e+01
3.446930590975486552e+01
3.450660452736030237e+01
3.458364440581758714e+01
3.462577936670335532e+01
3.456718474436614486e+01
3.449403760955293308e+01
3.442364375124138576e+01
3.453432312347928956e+01
3.450246344330351178e+01
3.451149237914005141e+01
3.450425234028444521e+01
3.461701784088651124e+01
3.462316313067938012e+01
3.458121989078844649e+01
3.459243856164964370e+01
3.455448028331691290e+01
3.443885323863918302e+01
3.456131082903328888e+01
3.453602789203191747e+01
3.455155326998435328e+01
3.455511540299755069e+01
3.457149347673836104e+01
3.451480179039906915e+01
3.450620780556889144e+01
3.447622853114241082e+01
3.446841671261545059e+01
3.448784657416909738e+01
3.439397527067539784e+01
3.442828450994976208e+01
3.442967256630073081e+01
3.445530371300648653e+01
3.447855864444020568e+01
3.446904112657449559e+01
3.447775768499859339e+01
3.454086092286191700e+01
3.457199649823723320e+01
3.450817554047147695e+01
3.451228343924830000e+01
3.443139899095437784e+01
3.457686025328555246e+01
3.455044591690322164e+01
3.457779228391485304e+01
3.449102331853317338e+01
3.449671421969139118e+01
3.453569874339993362e+01
3.456224798946057319e+01
3.453173743503376159e+01
3.453368125631041607e+01
3.451680086866475250e+01
3.460715749087576398e+01
3.459566015573275166e+01
3.456628958466092882e+01
3.453113013781531748e+01
3.452494552974377484e+01
3.454471983001192115e+01
3.449939937759657482e+01
3.450940321686307755e+01
3.449922701793607160e+01
3.448642527952032566e+01
3.449739567462468415e+01
3.447436893450203854e+01
3.455647460859913167e+01
3.462751809692382921e+01
3.462530933315471771e+01
3.463003916465630283e+01
3.463610053886802120e+01
3.456926069692838155e+01
3.456148210842327018e+01
3.458697554093700433e+01
3.458095264292571613e+01
3.447805667295293830e+01
3.440424102653891936e+01
3.435848652519614177e+01
3.443959505449714698e+01
3.447936225477315730e+01
3.440364147923356342e+01
3.442625036440057329e+01
3.443453632652153829e+01
3.445164665015269634e+01
3.442873976652501256e+01
3.442642841145143251e+01
3.444226681751315766e+01
3.437343217571711307e+01
3.440102206731246781e+01
3.441098084090927500e+01
3.442818581894696450e+01
3.436220557907881101e+01
3.439986237399860869e+01
3.444320542390467210e+01
3.449063195490433031e+01
3.449662985746738997e+01
3.446672586344056555e+01
3.449360680014400060e+01
3.459041844358281992e+01
3.462897736423298767e+01
3.459194430774753926e+01
3.460623424310198715e+01
3.460495196119405392e+01
3.449976271393339289e+01
3.452341960066456039e+01
3.461917917439089365e+01
3.463293232649463249e+01
3.452716624347234387e+01
3.457278570763539705e+01
3.455266515699483421e+01
3.446605844866219570e+01
3.453208791752184936e+01
3.459170925825733178e+01
3.461203683704441403e+01
3.461813466476181844e+01
3.450068342538607169e+01
3.447857794163590484e+01
3.451570318370754364e+01
3.447468056345793741e+01
3.450735907784154932e+01
3.446054957011594411e+01
3.439480964531332319e+01
3.433575277218576360e+01
3.437519113210904464e+01
3.443861851346289882e+01
3.442464551324358979e+01
3.441476058908235558e+01
3.443251643500893522e+01
3.446596790171476954e+01
3.443314643678827025e+01
3.442677235309147932e+01
3.447468815147270504e+01
3.449039344322075351e+01
3.447884427991963463e+01
3.454008592301708802e+01
3.452129497747905873e+01
3.466416768090199696e+01
3.465635989690231611e+01
3.464773919419111081e+01
3.465221057490979462e+01
3.466474203025689604e+01
3.463450611463643725e+01
3.463453087861658730e+01
3.462981637702553428e+01
3.465347458920236789e+01
3.463971629411083342e+01
3.464144984927420268e+01
3.459896588264077621e+01
3.458324861998477928e+01
3.455621120672710589e+01
3.463324492658194487e+01
3.462151780700683901e+01
3.453440588922016019e+01
3.448296207596084173e+01
3.444574666349766545e+01
3.447141094944841200e+01
3.444653690583827199e+01
3.442812957142975705e+01
3.440311789250777252e+01
3.442877269292281994e+01
3.437929772949217977e+01
3.443258176331600851e+01
3.444318797897079776e+01
3.447931297922942662e+01
3.453281587219237991e+01
3.451542170663606868e+01
3.451266142764333722e+01
3.445247023786124885e+01
3.452482038750082438e+01
3.443562371852033976e+01
3.441891608105675715e+01
3.454142549469511181e+01
3.448498074677031155e+01
3.445350612032615345e+01
3.452495834764383176e+01
3.449798881168689491e+01
3.461350582575393986e+01
3.456557344572422608e+01
3.456109962023717941e+01
3.462828544332212743e+01
3.461242981810488573e+01
3.466664800275382419e+01
3.467580572871838740e+01
3.468771560487908800e+01
3.468409076626017651e+01
3.463756995973749042e+01
3.463619200832560807e+01
3.456956601934917472e+01
3.461805747572041980e+01
3.454509347611767112e+01
3.457841047720180683e+01
3.457514785714877092e+01
3.461358991099211835e+01
3.460938178395416998e+01
3.453185656091721967e+01
3.452033894632630506e+01
3.451217358760510479e+01
3.448186780224816061e+01
3.452616457922984949e+01
3.444662074228060078e+01
3.441722425376762828e+01
3.441419510017006900e+01
3.444053499642064509e+01
3.445629366005072569e+01
3.447497960882671464e+01
3.445687956315379807e+01
3.446915678069551348e+01
3.452124397795078892e+01
3.446531541830806589e+01
3.448801673837435544e+01
3.448678814438642348e+01
3.456766388017040015e+01
3.457957333658509214e+01
3.456640224495580327e+01
3.461756826808089471e+01
3.465999222784527234e+01
3.464304279340322523e+01
3.468134220239672061e+01
3.459101648880263724e+01
3.451163750418970011e+01
3.453309379500049658e+01
3.456366529096183626e+01
3.463801772269555102e+01
3.466888215714794086e+01
3.459999961387504896e+01
3.454603489038499475e+01
3.462705275428901786e+01
3.463918703059827209e+01
3.457407787672138966e+01
3.449966025349245768e+01
3.447416291369422225e+01
3.446634338870291003e+01
3.449456803195759846e+01
3.450270117239224987e+01
3.450741752753823022e+01
3.446065461782681894e+01
3.452883613224351933e+01
3.452627745237189316e+01
3.455931172904321613e+01
3.453991564527608915e+01
3.454697959537829632e+01
3.447301804649223556e+01
3.454155656148619613e+01
3.447464123871366581e+01
3.435614897233348586e+01
3.427386861277434349e+01
3.440573020210912603e+01
3.433850645550226233e+01
3.433989376210358557e+01
3.434316487638829329e+01
3.432044396145060716e+01
3.426404341151351218e+01
3.433296132905604026e+01
3.432297604189079721e+01
3.430152996464099147e+01
3.430768312098616235e+01
3.435682801896434313e+01
3.437128009265964579e+01
3.435302226386635738e+01
3.440635445132497949e+01
3.450900267209844685e+01
3.466164019232281390e+01
3.463270249369993792e+01
3.466392312673794862e+01
3.459973555458198291e+01
3.463769353963560604e+01
3.468605210695427843e+01
3.465706636150812159e+01
3.467287574587030008e+01
3.470635191241765938e+01
3.468445464105121090e+01
3.465052532364150295e+01
3.466774621194096540e+01
3.464097314065189437e+01
3.462442216155488239e+01
3.462479821829067816e+01
3.460285745523744083e+01
3.466670233981892579e+01
3.464277605502888235e+01
3.463128197750802428e+01
3.461403560108248456e+01
3.458611315633482519e+01
3.461530779718948736e+01
3.462254660189353928e+01
3.454806912412481523e+01
3.457006252301750493e+01
3.457090829183287184e+01
3.450221957397460670e+01
3.448393557946156562e+01
3.454153434546519463e+01
3.454471868405099855e+01
3.448289669722217354e+01
3.451627101342153026e+01
3.452174431700625234e+01
3.439848722322108898e+01
3.431890859778452807e+01
3.430735121827206058e+01
3.431636421927759528e+01
3.436331424338131058e+01
3.434121910509011855e+01
3.427673237765037584e+01
3.431005128427279516e+01
3.431473390611550656e+01
3.441549717996888091e+01
3.442485385726669733e+01
3.441967004239356953e+01
3.443109076522568301e+01
3.446820830238471700e+01
3.450449179853019643e+01
3.445465171219130696e+01
3.451188631814213181e+01
3.450497277288922504e+01
3.449745735246044376e+01
3.459194001873468949e+01
3.455167044507042817e+01
3.458431583081261351e+01
3.464934641046038166e+01
3.467697912545931871e+01
3.468659534984524839e+01
3.466798850883871808e+01
3.470860161008673117e+01
3.470606134317689140e+01
3.472643073647709144e+01
3.470518009793556047e+01
3.468108438731047727e+01
3.464581684306516252e+01
3.465270304353357744e+01
3.462631594021037529e+01
3.463471153595489227e+01
3.457836944812839164e+01
3.460624083464023926e+01
3.459097171977414575e+01
3.459242648599915526e+01
