9.152402496337890625e+01
8.547123718261718750e+01
6.140193939208984375e+01
3.505600738525390625e+01
3.197574996948242188e+01
2.439092445373535156e+01
4.830995941162109375e+01
7.023610687255859375e+01
6.542813110351562500e+01
7.329098510742187500e+01
8.875558471679687500e+01
9.232412719726562500e+01
9.164652252197265625e+01
9.246870422363281250e+01
9.101096343994140625e+01
8.976200103759765625e+01
9.017739105224609375e+01
9.051311492919921875e+01
7.214875793457031250e+01
6.278100204467773438e+01
6.360651016235351562e+01
4.827165222167968750e+01
7.169514465332031250e+01
5.343826293945312500e+01
3.760391235351562500e+01
2.841984558105468750e+01
1.057798576354980469e+01
2.804570579528808594e+01
3.481798934936523438e+01
3.317820739746093750e+01
5.858948898315429688e+01
8.516721343994140625e+01
7.637639617919921875e+01
4.406291961669921875e+01
2.015804672241210938e+01
2.729563713073730469e+01
1.921074485778808594e+01
1.183735561370849609e+01
2.042950820922851562e+01
3.345715713500976562e+01
2.360969924926757812e+01
4.447122573852539062e+01
6.332627487182617188e+01
4.990418624877929688e+01
3.776098251342773438e+01
2.474088096618652344e+01
8.594342803955078125e+01
8.491608428955078125e+01
6.926421356201171875e+01
8.485246276855468750e+01
9.219020843505859375e+01
9.305002593994140625e+01
9.163238525390625000e+01
8.849159240722656250e+01
8.741996765136718750e+01
8.556626892089843750e+01
7.048071289062500000e+01
4.919810867309570312e+01
8.151396942138671875e+01
6.060049819946289062e+01
8.165077972412109375e+01
8.104360198974609375e+01
3.194314193725585938e+01
2.757760429382324219e+01
2.553374099731445312e+01
6.318544769287109375e+01
7.400965118408203125e+01
5.559865188598632812e+01
4.539768981933593750e+01
7.041542053222656250e+01
8.084807586669921875e+01
5.589164733886718750e+01
4.704963302612304688e+01
1.775528526306152344e+01
5.017770385742187500e+01
5.417819976806640625e+01
6.226306152343750000e+01
8.741761016845703125e+01
8.169183349609375000e+01
6.593977355957031250e+01
8.666035461425781250e+01
8.381375122070312500e+01
5.895179367065429688e+01
4.686941528320312500e+01
2.819667434692382812e+01
1.946128082275390625e+01
1.145390605926513672e+01
1.212182998657226562e+01
2.032099342346191406e+01
2.950597381591796875e+01
1.241109275817871094e+01
1.998406600952148438e+01
3.962627792358398438e+01
3.595796203613281250e+01
8.375334167480468750e+01
7.377146911621093750e+01
2.746591377258300781e+01
3.849954605102539062e+01
7.455716705322265625e+01
9.293869781494140625e+01
9.087312316894531250e+01
8.888833618164062500e+01
6.004585266113281250e+01
3.566508483886718750e+01
8.298789978027343750e+01
9.096704101562500000e+01
9.273244476318359375e+01
5.461959075927734375e+01
8.222111511230468750e+01
9.017267608642578125e+01
8.427398681640625000e+01
5.359033584594726562e+01
4.332815933227539062e+01
7.084452819824218750e+01
6.265924835205078125e+01
5.097478485107421875e+01
3.074730873107910156e+01
2.369240760803222656e+01
1.069040298461914062e+01
1.477562999725341797e+01
2.561565971374511719e+01
4.027134704589843750e+01
2.007763290405273438e+01
4.431252479553222656e+00
3.277488327026367188e+01
2.511416053771972656e+01
2.935642242431640625e+01
3.678992843627929688e+01
4.037216949462890625e+01
2.133609199523925781e+01
1.034029865264892578e+01
8.494172096252441406e+00
8.597581863403320312e+00
3.056047821044921875e+01
2.060832595825195312e+01
2.658327102661132812e+01
2.354194831848144531e+01
2.687360382080078125e+01
6.038109207153320312e+01
7.183527374267578125e+01
9.184501647949218750e+01
9.232125854492187500e+01
8.915238189697265625e+01
9.185444641113281250e+01
9.302507019042968750e+01
9.122404479980468750e+01
9.185691070556640625e+01
9.261401367187500000e+01
8.849942016601562500e+01
8.997534179687500000e+01
8.599148559570312500e+01
6.415679168701171875e+01
6.899826049804687500e+01
1.695424842834472656e+01
1.665191841125488281e+01
1.290642738342285156e+01
1.078587150573730469e+01
1.398391819000244141e+01
1.066807651519775391e+01
1.911416625976562500e+01
2.929065704345703125e+01
4.727018737792968750e+01
3.518148040771484375e+01
2.877916908264160156e+01
1.489190101623535156e+01
2.887963104248046875e+01
5.778825759887695312e+01
5.499493026733398438e+01
2.988512611389160156e+01
4.152251052856445312e+01
7.855204772949218750e+01
8.774588012695312500e+01
9.208396148681640625e+01
9.271739196777343750e+01
9.296128082275390625e+01
9.309207153320312500e+01
8.998615264892578125e+01
8.736069488525390625e+01
8.803802490234375000e+01
7.951120758056640625e+01
8.703916931152343750e+01
8.764770507812500000e+01
6.860517883300781250e+01
7.631565093994140625e+01
7.329103088378906250e+01
7.528872680664062500e+01
7.109901428222656250e+01
9.054708862304687500e+01
8.302197265625000000e+01
9.156623840332031250e+01
9.326118469238281250e+01
9.187648773193359375e+01
8.806318664550781250e+01
7.514929199218750000e+01
5.142950057983398438e+01
3.690146636962890625e+01
5.580413055419921875e+01
5.371842956542968750e+01
5.066594314575195312e+01
2.050340652465820312e+01
8.454212188720703125e+00
2.952757072448730469e+01
2.047203826904296875e+01
1.920891189575195312e+01
2.314511680603027344e+01
2.857661628723144531e+01
3.934780883789062500e+01
3.120550537109375000e+01
2.296119880676269531e+01
2.075563430786132812e+01
1.821274566650390625e+01
4.125346755981445312e+01
4.509154129028320312e+01
7.309190368652343750e+01
9.156344604492187500e+01
8.364248657226562500e+01
9.177283477783203125e+01
9.175668334960937500e+01
9.338671112060546875e+01
9.314020538330078125e+01
8.831181335449218750e+01
9.174668884277343750e+01
9.256500244140625000e+01
8.523779296875000000e+01
7.529885864257812500e+01
4.747764587402343750e+01
5.106543350219726562e+01
7.219411468505859375e+01
2.983840560913085938e+01
2.086667633056640625e+01
2.713301277160644531e+01
2.899466705322265625e+01
1.999078941345214844e+01
2.145857620239257812e+01
1.826796913146972656e+01
1.136335086822509766e+01
4.161892700195312500e+01
7.081197357177734375e+01
7.800565338134765625e+01
4.323263168334960938e+01
2.451589775085449219e+01
2.270641899108886719e+01
2.301183509826660156e+01
4.922106933593750000e+01
1.241902065277099609e+01
1.584836673736572266e+01
2.645784759521484375e+01
5.991582489013671875e+01
4.900277328491210938e+01
3.914026260375976562e+01
3.579074478149414062e+01
4.655674362182617188e+01
4.540527725219726562e+01
3.510456848144531250e+01
3.789574813842773438e+01
4.228578186035156250e+01
3.381143188476562500e+01
1.922641754150390625e+01
3.912354660034179688e+01
3.615013122558593750e+01
4.019977951049804688e+01
4.425211334228515625e+01
7.873933410644531250e+01
7.225211334228515625e+01
6.818437957763671875e+01
9.030197906494140625e+01
9.394141387939453125e+01
9.415945434570312500e+01
9.073130798339843750e+01
9.199473571777343750e+01
9.332037353515625000e+01
9.179795074462890625e+01
9.191602325439453125e+01
9.212618255615234375e+01
9.198162078857421875e+01
9.074948883056640625e+01
8.905577850341796875e+01
8.774435424804687500e+01
3.257251358032226562e+01
2.500622558593750000e+01
2.305556678771972656e+01
2.696582221984863281e+01
3.067761993408203125e+01
1.263769817352294922e+01
2.484388732910156250e+01
2.373449516296386719e+01
1.665172958374023438e+01
2.061177253723144531e+01
1.411998271942138672e+01
8.203517913818359375e+00
2.189777183532714844e+01
1.807688522338867188e+01
1.846347045898437500e+01
1.952461624145507812e+01
3.304454040527343750e+01
2.823359870910644531e+01
1.885383415222167969e+01
2.568338775634765625e+01
3.890622711181640625e+01
4.067076110839843750e+01
4.531518936157226562e+01
3.167701721191406250e+01
3.970603942871093750e+01
5.729058456420898438e+01
6.486786651611328125e+01
8.044797515869140625e+01
6.243655776977539062e+01
3.221403121948242188e+01
6.400462341308593750e+01
8.974748992919921875e+01
8.910394287109375000e+01
7.138395690917968750e+01
9.465371704101562500e+01
9.434996032714843750e+01
9.157164764404296875e+01
9.262834930419921875e+01
9.327517700195312500e+01
9.270700073242187500e+01
8.913379669189453125e+01
9.217149353027343750e+01
8.930332183837890625e+01
8.069683837890625000e+01
9.029834747314453125e+01
9.154833984375000000e+01
9.157017517089843750e+01
8.480737304687500000e+01
8.798291778564453125e+01
8.967448425292968750e+01
4.214053726196289062e+01
5.066020584106445312e+01
4.997272491455078125e+01
4.617252349853515625e+01
4.784594726562500000e+01
3.157686233520507812e+01
1.536663341522216797e+01
1.845488739013671875e+01
2.168683815002441406e+01
7.626784801483154297e+00
1.566022872924804688e+01
6.361389160156250000e+00
1.362167000770568848e+00
1.307154941558837891e+01
8.463257789611816406e+00
6.183513164520263672e+00
2.218744659423828125e+01
1.605221176147460938e+01
2.721686744689941406e+01
1.009548282623291016e+01
2.347946548461914062e+01
4.625934600830078125e+01
