1.064647566874999995e+02
1.195400623333333385e+02
1.289788453333333393e+02
8.850725195833332748e+01
1.006143939791666639e+02
1.136358980625000044e+02
1.020269861875000004e+02
1.146152498749999893e+02
1.240594103749999846e+02
1.053954515416666595e+02
1.154158139791666571e+02
1.222883289583333379e+02
1.067458232291666747e+02
1.144917931875000079e+02
1.103912982291666793e+02
1.062862453958333333e+02
1.074935512499999817e+02
1.050696614166666762e+02
1.221412481458333446e+02
1.136434861041666551e+02
1.009601809374999846e+02
1.056412735208333515e+02
1.182009339583333372e+02
1.241838064166666697e+02
9.595778637499999775e+01
1.112581815624999990e+02
1.184825943333333242e+02
9.384586670833331823e+01
1.050721966874999964e+02
1.113218482708333283e+02
1.054286358125000191e+02
1.101035364166666710e+02
1.087715301666666647e+02
9.695611737499999094e+01
1.074900585624999962e+02
1.128813368333333500e+02
1.001207062708333382e+02
1.124887164375000026e+02
1.216413290833333178e+02
9.503255162499998221e+01
1.079858957291666712e+02
1.182336866874999970e+02
1.054689460416666833e+02
1.171774070416666689e+02
1.251400222499999870e+02
1.000075066666666714e+02
1.131827258124999958e+02
1.199208751874999876e+02
9.901211333333333187e+01
1.118156149166666751e+02
1.180562979166666651e+02
1.065275238750000000e+02
1.176333873749999981e+02
1.222633777083333229e+02
1.009650708958333354e+02
1.129732850833333373e+02
1.167278692916666785e+02
9.446145291666665855e+01
1.060948097083333437e+02
1.142559360833333244e+02
1.045975420833333231e+02
1.154372971249999864e+02
1.156121531250000061e+02
1.055552247499999936e+02
1.030989882916666716e+02
1.087996317708333294e+02
9.390581004166666901e+01
1.044039442291666830e+02
1.063508596874999910e+02
1.103490992083333424e+02
1.121633547708333367e+02
1.086086836874999904e+02
1.085579857708333265e+02
1.486465197708333505e+02
1.261942052499999960e+02
1.469664331875000016e+02
1.372047389374999966e+02
1.218756355416666679e+02
3.194310551249999435e+02
7.911287740208333616e+02
8.578614683333332778e+02
5.006523289999999520e+02
4.266740162499999656e+02
2.552638874583333006e+02
1.026986092708333302e+02
1.113137966250000090e+02
1.153977685625000049e+02
1.643800706041666899e+02
1.777869601250000073e+02
1.802156721041666572e+02
1.057454487916666750e+02
1.181387985833333545e+02
1.245518271666666834e+02
1.209549328958333518e+02
1.234315007916666644e+02
9.861117993749999755e+01
1.077743811458333170e+02
1.141534311458333519e+02
1.135875439375000155e+02
1.122011729583333164e+02
1.193542867916666523e+02
1.171144782500000048e+02
1.175284154375000014e+02
1.697701202499999908e+02
1.681677429166666968e+02
1.524933622291666779e+02
2.105578050416666827e+02
3.926413064999999847e+02
2.651462460624999835e+02
2.071990040416666545e+02
2.032903944791666504e+02
1.102500016041666839e+02
3.361531201875000079e+02
7.012348063750001756e+02
4.271004332499999805e+02
6.599858487083334921e+02
8.074576709375000974e+02
3.390519958125000244e+02
4.303524376458333904e+02
3.019340895833333320e+02
1.074709690000000109e+02
1.164266096041666572e+02
1.263307444375000159e+02
1.116066500000000019e+02
1.260098129583333275e+02
1.199033797083333184e+02
1.280716684583333347e+02
1.441163379166666232e+02
1.220721544791666560e+02
1.124618298750000065e+02
1.278983485833333162e+02
1.412609691666666833e+02
1.084827205833333181e+02
1.262527041249999940e+02
1.336841504166666539e+02
1.030148884375000193e+02
1.227823428333333311e+02
1.337444609583333204e+02
1.092110415625000144e+02
1.257281070208333347e+02
1.241584187916666622e+02
1.152211377708333231e+02
1.321613747083333408e+02
1.312581179999999961e+02
1.073204121041666781e+02
1.252815104999999818e+02
1.404487048750000042e+02
1.082499164166666503e+02
1.229093180833333463e+02
1.323293656666666607e+02
1.002207079791666615e+02
1.144031462500000060e+02
1.287921460000000309e+02
1.147142812916666657e+02
1.316530065833333083e+02
1.409247337500000015e+02
1.065150239791666706e+02
1.223273658750000124e+02
1.366147317916666850e+02
9.739770389583334520e+01
1.125817915416666608e+02
1.267821819583333536e+02
9.180529637499999751e+01
1.085116935416666877e+02
1.228362004583333373e+02
1.041129677499999957e+02
1.199395996249999854e+02
1.281629597499999988e+02
1.012049349791666657e+02
1.118299390624999745e+02
1.220115119583333438e+02
1.087657372291666604e+02
1.259771164583333274e+02
1.403111527500000193e+02
1.085137507499999998e+02
1.259135040833333363e+02
1.271252985416666519e+02
1.060785717083333282e+02
1.234264601666666721e+02
1.366530270416666895e+02
9.485928099999999574e+01
1.125577830000000006e+02
1.268456381666666744e+02
1.101605072916666757e+02
1.293810689166666634e+02
1.394508418333333282e+02
1.161387063749999982e+02
1.349632054166666535e+02
1.459898536249999950e+02
1.717814729583333531e+02
3.880955518333332748e+02
5.562287995624999439e+02
7.090515305833334878e+02
1.202300995250000142e+03
1.422006195083333296e+03
8.429235962083331515e+02
1.240972244583333577e+03
1.101445370020833252e+03
1.363531142500000044e+02
2.550188856041667123e+02
2.545312089583333091e+02
1.243103772083333212e+02
2.656812515833333350e+02
3.070404267499999946e+02
1.101431270416666734e+02
1.167733038749999963e+02
1.212697559166666679e+02
1.092759614374999870e+02
1.273830415416666568e+02
1.425122185833333504e+02
1.100183786875000038e+02
1.250984259166666561e+02
1.323749755833333381e+02
9.636985833333334028e+01
1.134211348541666666e+02
1.251651926041666769e+02
1.011660385416666514e+02
1.211443683333333325e+02
1.365379389166666613e+02
1.215235980833333258e+02
1.338997404583333264e+02
1.400177188750000141e+02
1.099243657291666807e+02
1.289853596250000010e+02
1.384763030416666822e+02
1.219175755416666789e+02
1.305286657916666684e+02
1.324641652083333270e+02
1.075500791458333083e+02
1.266291969583333241e+02
1.380496962083333585e+02
1.023958587708333141e+02
1.199578138333333328e+02
1.308442878749999920e+02
1.094171882291666549e+02
1.261883974999999936e+02
1.408219568333333314e+02
1.088099192499999788e+02
1.156481747083333289e+02
1.274199490000000026e+02
1.181350669791666519e+02
1.284819025625000108e+02
1.344308050833333255e+02
1.097757430208333460e+02
1.213702596666666551e+02
1.234069408124999967e+02
1.003666545833333430e+02
1.163635575416666654e+02
1.301480673749999823e+02
1.043143930208333217e+02
1.297866174583333247e+02
1.348680391249999957e+02
1.059768381874999932e+02
1.220022506874999948e+02
1.276990822916666701e+02
1.223208290624999961e+02
1.835120483750000062e+02
2.326124007500000062e+02
1.520618306458333109e+02
1.723279634583333575e+02
1.780279635833333600e+02
3.105481922500000564e+02
4.521039594999999736e+02
5.304680909375000510e+02
5.624183572500000992e+02
8.000086262291665662e+02
5.393471954999999980e+02
3.150750155208332899e+02
3.712643253333333178e+02
6.566367227499998762e+02
7.563293805624998640e+02
1.243811891312499711e+03
1.480969743291666646e+03
8.826308600208335520e+02
1.372107018895833107e+03
1.283582933708333258e+03
6.379436802708332834e+02
9.646544979791666492e+02
8.533984533749999173e+02
1.036413488166666639e+03
1.189685308437499998e+03
1.321598383104166942e+03
2.575421767500000101e+02
8.443318644791668248e+02
7.632212716875000069e+02
1.569678295833333266e+02
2.670055467708332912e+02
3.040086718750000045e+02
1.148430407500000001e+02
1.325391279166666720e+02
1.228065726666666535e+02
1.061890619791666666e+02
1.295462929583333107e+02
1.648255245416666810e+02
1.070214206249999904e+02
1.199862521666666737e+02
1.086645368333333295e+02
1.126331518125000031e+02
1.262984002083333337e+02
1.301810961041666701e+02
1.148954961250000082e+02
1.261847250416666810e+02
1.308808101250000107e+02
1.073784923958333337e+02
1.199884473333333403e+02
1.271429555833333325e+02
1.019332081041666669e+02
1.161613423333333373e+02
1.225160562083333389e+02
8.929181560416667196e+01
1.008017225208333372e+02
1.112863118958333359e+02
1.009856829375000018e+02
1.141819576249999955e+02
1.225142080833333296e+02
1.039613917708333304e+02
1.177783828541666651e+02
1.252354310000000055e+02
1.007128586666666479e+02
1.164922412916666730e+02
1.260030201666666585e+02
1.006983998958333331e+02
1.139433646250000010e+02
1.195486113333333265e+02
1.445601231666666706e+02
2.512313872500000116e+02
2.612819415208333567e+02
1.959312083333333305e+02
1.581035966041666825e+02
1.326479543333333311e+02
1.048307467083333364e+02
1.188946326041666737e+02
1.211524589583333125e+02
1.122365738749999906e+02
1.142793253125000064e+02
1.058441203750000028e+02
1.574786251666666885e+02
2.316836829583332928e+02
2.799403628750000053e+02
2.028788462083333570e+02
1.803974385000000211e+02
1.654552197499999693e+02
1.102951397708333445e+02
1.222177521458333302e+02
1.289669984583333360e+02
1.070843153124999958e+02
1.168632804166666688e+02
1.177844225208333455e+02
1.133311300416666683e+02
1.717778882291666491e+02
1.866814848958333357e+02
2.435662526874999685e+02
2.822565308333333292e+02
2.126262422916666708e+02
2.146448876666666479e+02
3.245372558333333473e+02
4.822297362916667112e+02
6.122052097083333138e+02
8.737732009374999507e+02
8.116834908749999613e+02
3.635840391666666278e+02
5.094421467916666870e+02
7.715599925833333828e+02
4.663720813125000291e+02
8.440281030000001010e+02
8.817152204166668525e+02
3.631625266875000193e+02
4.102177417083332784e+02
5.118344999583334243e+02
1.217723217916666556e+02
2.698695117083333912e+02
6.808151454166666099e+02
4.580691144583333312e+02
7.779928082083331446e+02
7.946436360833333765e+02
8.524968343333333678e+02
9.619758103333333565e+02
9.544907422083332449e+02
2.354346159583333531e+02
3.888864562499999806e+02
5.181341558750000331e+02
3.490026914583332882e+02
6.765204678750000085e+02
6.062127523333333556e+02
2.122305353541666761e+02
4.720714232083332718e+02
7.724377604583334005e+02
3.330007291666666447e+02
5.686566417916667433e+02
5.153288875416666315e+02
2.175887575833333187e+02
5.703116907083332308e+02
8.111330590000001166e+02
2.755824743541666635e+02
1.095866061583333249e+03
1.378435059687499916e+03
2.080755350625000233e+02
6.444260564583333917e+02
5.257644150416665525e+02
1.827626314791667141e+02
3.261156369166666877e+02
4.634731622083332923e+02
3.467646158333333233e+02
4.991649673750000034e+02
5.095641601666666247e+02
1.296776479166666718e+02
3.652052136250000558e+02
5.056006297916667336e+02
4.990355608333333066e+02
9.453002285416666837e+02
9.267186810416664002e+02
2.102999431666666794e+02
5.523432004583332855e+02
6.717925952499999767e+02
3.037341492500000300e+02
6.003959814583332673e+02
5.715649873749999870e+02
1.037610205208333412e+02
1.279091951250000108e+02
1.345343753749999678e+02
1.267040532500000012e+02
1.345205392500000130e+02
1.357147177500000055e+02
1.064772780416666649e+02
1.190308113541666728e+02
1.276073520833333390e+02
1.014028657708333441e+02
1.147208754166666722e+02
1.307505157916666576e+02
1.066987450000000024e+02
1.229731195416666623e+02
1.276577718333333422e+02
1.125841934791666858e+02
1.291194679583333311e+02
1.320849268750000078e+02
9.955207347916666549e+01
1.171918608333333367e+02
1.255051549166666689e+02
1.013355862499999915e+02
1.240694569583333333e+02
1.372954452916666810e+02
1.043612744791666529e+02
1.236550889166666707e+02
1.348184357499999919e+02
9.411501299999997627e+01
1.122933098958333318e+02
1.280621171250000145e+02
1.055291381666666837e+02
1.248381442083333184e+02
1.367936432500000024e+02
1.137713459583333275e+02
1.300377134166666622e+02
1.427415853749999712e+02
9.752403624999999465e+01
1.165151193333333310e+02
1.329703225833333136e+02
1.017018972500000018e+02
1.163503400833333217e+02
1.290984647916666574e+02
1.016446835624999920e+02
1.195958468958333469e+02
1.323848080000000209e+02
1.170133067708333385e+02
1.366555945416666589e+02
1.525542213125000046e+02
2.428900051458332996e+02
3.861144207916667028e+02
4.748505369583333504e+02
7.954044365208334284e+02
1.025849820145833519e+03
9.456319887916667994e+02
8.913365822083333114e+02
1.161803627749999805e+03
8.773241230416667804e+02
6.611808066874999668e+02
8.796663492083333722e+02
9.622148802499999647e+02
2.993918050208333739e+02
4.725451049166666735e+02
7.188394251666666150e+02
5.012197391666666704e+02
7.262660378333332574e+02
6.672828425416668097e+02
3.166372112916666310e+02
6.965354290833332698e+02
7.149612268749999657e+02
1.894383764583332947e+02
2.235056313750000072e+02
2.967849979166666685e+02
2.634921982083333774e+02
4.845012609999999995e+02
4.909625417083333900e+02
1.164911004166666686e+02
1.957026559583333096e+02
4.236725987083333393e+02
1.336564702083333316e+02
3.546291631458333882e+02
5.492939705833333619e+02
5.273727262916667087e+02
6.642711712500000658e+02
8.273362653749999254e+02
4.478164712083333256e+02
5.817797579999999016e+02
7.447262192916667800e+02
1.494259198333333245e+02
2.875835105000000453e+02
3.323858547083332837e+02
1.127481240416666708e+02
1.197625395416666834e+02
1.143845359166666640e+02
1.157333616041666744e+02
1.283643145000000061e+02
1.199874125833333522e+02
1.084148752916666609e+02
1.220868823333333353e+02
1.366976874166666960e+02
1.050434835416666459e+02
1.215391398541666632e+02
1.275543937083333219e+02
1.024366291458333222e+02
1.180708752083333337e+02
1.276401166666666711e+02
1.044291627083333367e+02
1.211894960833333243e+02
1.330533297083333366e+02
1.174353175416666630e+02
1.320001634166666520e+02
1.368925374583333223e+02
1.107933673333333360e+02
1.234294285000000002e+02
1.309212618333333182e+02
1.012072114999999997e+02
1.153090665625000071e+02
1.260283324999999905e+02
9.930796468749998951e+01
1.159291209166666761e+02
1.262243274583333346e+02
9.444273564583332359e+01
1.058315616249999920e+02
1.166707422708333297e+02
