8.651844780747301560e-05
8.566351451365951115e-05
1.483906223506262819e-04
1.199831489831623205e-04
1.185173645546774379e-04
6.186763675178267154e-05
1.402885589834089268e-04
1.185250966658483481e-04
7.230832534495346500e-05
1.168920312553952090e-04
6.282563266664534598e-05
6.575727770148393370e-05
7.902062498993102325e-05
9.329808762023413427e-05
1.272564155077028321e-04
1.127074645108112753e-04
1.491585880633229998e-05
6.619478592770953291e-05
1.404985678772219942e-04
1.462836935321102218e-04
1.121966129464616610e-04
1.101198886128558588e-04
1.102410168572696394e-04
7.590687141167304613e-05
8.251004286656245332e-05
1.220800565600373849e-04
1.044686483658588757e-04
1.295276810968477529e-04
1.067541553764992252e-04
1.496733728142988975e-04
1.270549547030431093e-04
1.104287242722921453e-04
1.115423624363986934e-04
1.253977423538524814e-04
9.840464882676648562e-05
1.043390177746220706e-04
8.223892613677371080e-05
1.193058498043429266e-04
1.221198555892429147e-04
1.220259272163416411e-04
7.055816040160646421e-05
1.470535680949495441e-04
1.883167268873760594e-04
1.179639505721914445e-04
1.813691096074779513e-04
5.274854885622268165e-05
1.369583058403223727e-04
9.161152606776698591e-05
8.258341046752857000e-05
1.185210884131021559e-04
9.695138491805791793e-05
9.110919466705505660e-05
1.377699159976272650e-04
1.338726922576539459e-04
1.243309496547833834e-04
1.500304053605932891e-04
1.261250711679758529e-04
1.219444865607319142e-04
9.340700572276467817e-05
7.278015784453005358e-05
8.107646290608540578e-05
1.076722514422217750e-04
1.281820024699816170e-04
1.037193203627777022e-04
9.648767682176025780e-05
1.338545784672290969e-04
1.831800759800628086e-04
1.005671977106754422e-04
1.037004323747546113e-04
1.428101377584886677e-04
1.024081496975943535e-04
1.039115434923698037e-04
9.474481162965953053e-05
1.205725098357386465e-04
9.753603190838721032e-05
7.221649963652975520e-05
4.555651750086734260e-05
9.922851931430612274e-05
1.379569964314440343e-04
1.175840771782762120e-04
1.991368617343868767e-04
1.238300375405819019e-04
1.123111872092364918e-04
9.860271924019850206e-05
7.791773283170126663e-05
1.059260144883798310e-04
1.328669795459802561e-04
6.043276330578430203e-05
3.319929201772080056e-05
1.547151914124603026e-04
1.292039857194254252e-04
8.878730743340807895e-05
1.386278744764557383e-04
1.397184336505216803e-04
7.915944273708544281e-05
1.094635342423971392e-04
9.520168446744456771e-05
9.871828727386088075e-05
1.073008601368206748e-04
1.110349205800968746e-04
1.426022486289609805e-04
1.281936747587019267e-04
1.224687411010397828e-04
1.062325463016683131e-04
1.256266996072716031e-04
6.892171540225466137e-05
8.240068302197384273e-05
9.630811646285925411e-05
9.332829186083249726e-05
1.035633739893485479e-04
9.406001681569841461e-05
1.298282304217521720e-04
1.381670149961830541e-04
1.071129652495791051e-04
1.227158034373804479e-04
6.317016912339019875e-05
1.613269953150847386e-04
1.628087783085934001e-04
8.923532096345688450e-05
8.110724517194257022e-05
7.730353974759980660e-05
1.192519327826574709e-04
1.125467122514600980e-04
1.227287328776874189e-04
1.016110211889216432e-04
8.928779533779754795e-05
1.428982655280357293e-04
1.372682308882621372e-04
1.410805202875878587e-04
1.220895515911998017e-04
6.407239472366575987e-05
6.881106055827518016e-05
9.330043354922269087e-05
1.063723125397728341e-04
1.527417382338366035e-04
5.719944776076946034e-05
1.065390977076642972e-04
1.348255808732939476e-04
1.428385483499124641e-04
1.212702789484753848e-04
7.785961961576661438e-05
1.044456497714570651e-04
1.091991428095619014e-04
1.011202644961377951e-04
1.012670736953745146e-04
9.839633186329942551e-05
1.276337562061246992e-04
1.262431782284935454e-04
1.029645670372760868e-04
1.213320895720961017e-04
1.708756152390284171e-04
1.796466827131655358e-04
1.744941662952651559e-04
1.314952745601929139e-04
1.282809643828638070e-04
1.076126724033990860e-04
1.133565403634633021e-04
9.357235086131140403e-05
1.294764167720570294e-04
1.175236593976736633e-04
1.567361691206327660e-04
1.120112730865300150e-04
9.870868241511357119e-05
1.472118641115858985e-04
1.503503050083274551e-04
1.590741487005961228e-04
1.199754409031737143e-04
1.106560392970662714e-04
1.050362354322827206e-04
1.110064823453969009e-04
9.057852962576946887e-05
1.180014818420689409e-04
1.761524581211993995e-04
1.500437928677657859e-04
1.857596097533875331e-04
1.182176214312375198e-04
1.726988059670284603e-04
8.174574889304677577e-05
1.483844124529335362e-04
1.090397574697060966e-04
9.489218305874845636e-05
1.400038246726615200e-04
9.670985825182342268e-05
1.418115406468090209e-04
1.103657617744711037e-04
1.741517393780247548e-04
1.324765327026119718e-04
1.522512930639967387e-04
6.501148742044278450e-05
1.485369877130837961e-04
1.019268477834197462e-04
1.534396309787768020e-04
7.043375369309988238e-05
1.260182596574024980e-04
1.163701729349919005e-04
1.120764078186943849e-04
1.445270584492628252e-04
1.514252312827436429e-04
1.298186966013220589e-04
1.027158518756161041e-04
1.585408773603527548e-04
1.302367138374506482e-04
1.203229763306020626e-04
1.148717291089667290e-04
1.091632583903362117e-04
1.022176438146575925e-04
9.430755460346394660e-05
1.392126622950679037e-04
8.614259670327995672e-05
1.582358715357824589e-04
1.205314711190035113e-04
1.043288420865965061e-04
1.503394268342419810e-04
1.342750697332075415e-04
1.362757793254030852e-04
9.421123739056054742e-05
9.178625011262404410e-05
1.247225179019143231e-04
1.344033250959799828e-04
8.051585846963714432e-05
1.119454017373625331e-04
1.939068669357124099e-04
1.908964241461056581e-04
9.220662943647972174e-05
1.075915709350358008e-04
7.976145638476276971e-05
9.382098746512338881e-05
1.279309752783121875e-04
9.216000668431179401e-05
1.115200066293644594e-04
9.016781543960549373e-05
9.893441467414395218e-05
1.269531451229968062e-04
1.206503950532193231e-04
1.513583874283944434e-04
1.259281260006131866e-04
1.418959950950103349e-04
1.431703633782946579e-04
1.119083936415927918e-04
1.005366099758272819e-04
6.860262534443811581e-05
1.302439058321125723e-04
1.412431139825123013e-04
1.145672040766023265e-04
1.203869724168273405e-04
1.435487658638528205e-04
1.611299403247389809e-04
1.530682765998572141e-04
1.612202596132343167e-04
1.204979196380694947e-04
1.402863911756832538e-04
9.009150135238181225e-05
1.261010167970796144e-04
9.807468316791515233e-05
1.239151085744540830e-04
1.081342756759681560e-04
1.132833399380350704e-04
1.505588073372849604e-04
1.741353967317251211e-04
1.300518541733680286e-04
1.250111390956475295e-04
1.302938053091432847e-04
9.546341285191029609e-05
8.717495208014478707e-05
7.741784014232485777e-05
8.352772319790707919e-05
8.840509134254235363e-05
1.159953848935489884e-04
1.081544796057576775e-04
1.276319270470459657e-04
1.105313944166284835e-04
1.273038178008117677e-04
1.206873084478512093e-04
8.792330818247199220e-05
8.619699400721335815e-05
1.193515405554064696e-04
6.691084759228144413e-05
1.005586533766358035e-04
1.078749306553055504e-04
6.964794749759019906e-05
1.542022463211714526e-04
1.999504950357204592e-04
1.500650942962837337e-04
1.080474902133305446e-04
1.083371757867706816e-04
9.215923485229010452e-05
8.627287267664084721e-05
9.891947718850483534e-05
1.082862145154081762e-04
9.703166732128503595e-05
9.636922541841947039e-05
8.094833547502265105e-05
9.941595846734114855e-05
7.777339201552093133e-05
1.664138566479189088e-04
1.360220335579929388e-04
9.773835007324306341e-05
1.498304502538891521e-04
1.095784157628953032e-04
3.777957605126566721e-05
8.660524107798179790e-05
1.062580628363890713e-04
8.501677959167951517e-05
1.270203410945849637e-04
8.940922966270485302e-05
1.233026796093274386e-04
1.361873154238432563e-04
7.538058201014198492e-05
1.106890678581890760e-04
1.496933227043584658e-04
1.006728524984945410e-04
7.900960943865003303e-05
8.931898492499266648e-05
9.443310942089443247e-05
1.189468312661853578e-04
1.829952598779793576e-04
3.513677211192884676e-05
1.437565942691919720e-04
1.179170365919760070e-04
1.343543468822378808e-04
1.414018040730118510e-04
1.250443265696368832e-04
1.275439960629896115e-04
9.394325469877204719e-05
6.936587359066138231e-05
6.904740010120613146e-05
1.409034742749024484e-04
1.167141089453085115e-04
1.313439854562720242e-04
1.103487872213443669e-04
1.300758051615047200e-04
9.227052759619005303e-05
1.336725023532418398e-04
9.614732157718533078e-05
9.899734689678206620e-05
9.339622240554543522e-05
6.767255931452805418e-05
1.222864360668907547e-04
9.822052131790479741e-05
1.207708074844242801e-04
1.318509006343772502e-04
1.448666286301632830e-04
1.601771319076470042e-04
8.530294512614462819e-05
1.436209841639834192e-04
1.118688583982480246e-04
1.060859359203425673e-04
1.239116436960599553e-04
7.451436322578487009e-05
1.036134206980459245e-04
1.139230532578871006e-04
8.688946543703788389e-05
8.207342245390708687e-05
1.238548363263269956e-04
1.640643454413745950e-04
1.417041828989255891e-04
1.662103161072348392e-04
1.068619243075572429e-04
1.291079730958169742e-04
8.948311072825452454e-05
1.006141717330952560e-04
6.968151260648834287e-05
1.252865253134422745e-04
9.588354694620523531e-05
9.841162526028680066e-05
1.314265804000946827e-04
1.277404781333340796e-04
1.350660838596404612e-04
1.156166747096212073e-04
9.312206579945326852e-05
1.232454648827682026e-04
6.971874463440727501e-05
1.086863154946016852e-04
6.778406849308358725e-05
1.270498983350552521e-04
1.251148225026805561e-04
1.219552117055026908e-04
1.124232179576887668e-04
1.540962416224067036e-04
1.440819754408320891e-04
1.212424793103876062e-04
1.035512338136676850e-04
7.178389030050097907e-05
8.982771260364619530e-05
8.938006493482864728e-05
8.084391458025182143e-05
1.509044272355535661e-04
9.994976033531882274e-05
1.212503084923869696e-04
4.573652817326525298e-05
1.707595755285899644e-04
1.391172669320042406e-04
4.695059696416996000e-05
1.158612020376899440e-04
1.115714227336146399e-04
1.130353027457548751e-04
6.847893335912045112e-05
1.302160267288942459e-04
9.571011881629223059e-05
1.116909825002875310e-04
1.562137399052304990e-04
1.133984841497108015e-04
9.599329179980815331e-05
1.167596851085995157e-04
1.385761139134975407e-04
7.533881522715423168e-05
1.383495928296671514e-04
8.424403402179849603e-05
9.954818006910333514e-05
8.934649533156880643e-05
8.707401515510236579e-05
8.633694842148556103e-05
1.242506284907867419e-04
1.429799764258881973e-04
1.206142032760579134e-04
1.302427102702565680e-04
1.385645745459881343e-04
1.293603733665141871e-04
1.060192723841539309e-04
9.165563724319282719e-05
8.637442587935325049e-05
9.066381850146260719e-05
1.075706590823519832e-04
9.886959042773805074e-05
1.334189146595516056e-04
1.696963686269429043e-04
8.672151408971896780e-05
1.218227805054536710e-04
1.158338101301100098e-04
1.214823949739225192e-04
1.058153411080901406e-04
1.219328388762887976e-04
7.312619716101809327e-05
1.013457242370073065e-04
1.031257392622706478e-04
1.370483944843101467e-04
1.005369738592695809e-04
1.555859108867678909e-04
1.891631084358023072e-04
9.053044160901751775e-05
9.815730737449518926e-05
1.225244189358754596e-04
9.744134733710942315e-05
9.148204079081594521e-05
8.639936872120162624e-05
1.371462217894949638e-04
1.228090125432433903e-04
9.167031056150589568e-05
5.918845949593423857e-05
1.312086103896713241e-04
1.869381385819540904e-04
1.518066885933143568e-04
1.247798319094693643e-04
1.066744558365168911e-04
1.215339312630388686e-04
1.070492121182403151e-04
1.118508570336861063e-04
1.018542838362040563e-04
1.153245846779076743e-04
1.451624106041813288e-04
1.142192410856844684e-04
1.590806832888709338e-04
1.512977297284739345e-04
1.147590536288890664e-04
1.315531380176902321e-04
1.532977253001865752e-04
1.111260294735326025e-04
1.277780809328174906e-04
9.912272628334848907e-05
1.164521448817056883e-04
1.116963270807908330e-04
7.766318672186895583e-05
8.007916083898174446e-05
1.375229721125827891e-04
1.429893433904515676e-04
1.639016106795880491e-04
1.628322284972199402e-04
1.412971418216331853e-04
1.148693733981934423e-04
1.238815770886706889e-04
8.348436686501991904e-05
1.054384658149116566e-04
1.433929563227665264e-04
1.090428368868606371e-04
9.561937265764582441e-05
1.584635382743986227e-04
1.029589760874557341e-04
1.198068372694436750e-04
1.030854167011726924e-04
1.060220020751371633e-04
1.366717797756232425e-04
1.008638795478794477e-04
6.167710458158927810e-05
8.689466673419646997e-05
1.092258549402000406e-04
1.010853270355800931e-04
1.197257142101235610e-04
1.598400838140007576e-04
1.414761316723949370e-04
1.609377628627153476e-04
1.355409146043638898e-04
1.167440392981865911e-04
1.106559051851057344e-04
1.039395196412367197e-04
7.024937426167705379e-05
1.017784301899877857e-04
1.140291198234076543e-04
9.770450007336331868e-05
1.824092536301022665e-04
1.553960157139402411e-04
1.576209978362449993e-04
1.165592103343915392e-04
1.277834565793881138e-04
1.553932321919656949e-04
1.434896892638303997e-04
8.120179403736299865e-05
2.774105039519652433e-05
9.789173901603558385e-05
1.095916049209493524e-04
1.321240906950212470e-04
1.513799935303683703e-04
1.897986053156288939e-04
2.023953960093757257e-04
1.019557162210041036e-04
1.058482737847246484e-04
1.083699875436166165e-04
1.194810383681808283e-04
7.222209603713289100e-05
8.938611270382890942e-05
1.173884423273353038e-04
1.181022977536616266e-04
1.068994686933231737e-04
1.396987339930151606e-04
1.205665370308980200e-04
1.620533707036789640e-04
1.462546827483737462e-04
1.515426795822603456e-04
1.345969822782140733e-04
1.541108824438415232e-04
6.971203364376660498e-05
6.927605879543913107e-05
1.251841170299491533e-04
1.650098957913507429e-04
1.417568044583857728e-04
9.689048963355553171e-05
1.264336544127616518e-04
1.496793389823545032e-04
9.428161201981135003e-05
1.222258216944600894e-04
1.322443002724021065e-04
8.911715147435434804e-05
9.811823202828670533e-05
7.941386343425263744e-05
1.053457694180498641e-04
9.879787820132930761e-05
1.122118375484416935e-04
9.867671044322737488e-05
6.453677624360198257e-05
1.671498981149278950e-04
1.513382571426494520e-04
1.257103868438606158e-04
1.240984546900265732e-04
1.136949388934337969e-04
9.060462116730341406e-05
9.755927354793661368e-05
1.150905221793676144e-04
1.076600017304066937e-04
1.265156055005266754e-04
6.638445019334400922e-05
1.718769143381705037e-04
1.919850570832123558e-04
1.702986182260304696e-04
1.385986650811262433e-04
1.040649433567164041e-04
1.208137422039026634e-04
1.119950756972071704e-04
1.116171652273595572e-04
9.874159954047624730e-05
1.365667525415166712e-04
1.293885765889476503e-04
9.728442244368311516e-05
1.615969072920006870e-04
1.094148927274764488e-04
1.409538355404365119e-04
1.527670448620161163e-04
1.468877479960043874e-04
8.101318332575462001e-05
8.637161542046785899e-05
9.278207201064181430e-05
1.142399593344071762e-04
1.367907936385466148e-04
1.096835580297992626e-04
1.031741761509677121e-04
1.055283166454357391e-04
9.710568420563823122e-05
1.233735127171251033e-04
1.354735182072594338e-04
1.025288316046999836e-04
9.924198659823596329e-05
1.026009928956160810e-04
1.050845220589112906e-04
1.014902944805004016e-04
9.226666414841275276e-05
1.454667466372816433e-04
9.321770966957248215e-05
9.982391949055378845e-05
1.397431982685542237e-04
1.604654513061256791e-04
1.290382460903849611e-04
1.058977101723843252e-04
1.119226437394666568e-04
1.250869223768904441e-04
8.456210805801509911e-05
1.072113336054172038e-04
9.698337693572588051e-05
1.250529628232236910e-04
1.224331638569590595e-04
1.110511528554755146e-04
9.504625761626043427e-05
1.719518259484690366e-04
1.091716152402892181e-04
7.509256784444834788e-05
9.949493042006836224e-05
7.694912773166167144e-05
8.824570031279395420e-05
1.046020163862759072e-04
1.106823169554199400e-04
1.459465442277959549e-04
9.665275667271434965e-05
1.160937955759243817e-04
1.781541988122104306e-04
1.303991651161104913e-04
1.778810744882828785e-04
9.156263145347380767e-05
9.448696488066483088e-05
1.031606849261184613e-04
9.801439388086442112e-05
1.013869420803212594e-04
1.252678465282378397e-04
9.053130654368556790e-05
9.075883607002969674e-05
1.516356881706608720e-04
1.284128133805800148e-04
1.786806453390991250e-04
1.114751354997784837e-04
1.032975683835488150e-04
1.238099358961638780e-04
9.864800098523448526e-05
1.026995156943729607e-04
1.386708911793326665e-04
9.331409201437521268e-05
1.630444469025640745e-04
1.518872501719897232e-04
1.110112883199336812e-04
1.468312095378709046e-04
1.440464778811784998e-04
1.796303824759839217e-04
1.196219751696359990e-04
1.141837812938810870e-04
9.226001130403325837e-05
9.948543826009946273e-05
1.251564874800486702e-04
1.101103408015029455e-04
1.244610926945623392e-04
1.056853712014962059e-04
9.401275763415011281e-05
1.667292574388566997e-04
1.307810880482238839e-04
1.364950409155895608e-04
1.224876486769592963e-04
1.149135273823412642e-04
9.150567261581081199e-05
1.152645597180999523e-04
9.326583106947735117e-05
1.162840842186769948e-04
1.043328191115933622e-04
1.274711005694962121e-04
9.959699630018743744e-05
1.779397339638223957e-04
1.829296813117532131e-04
1.079275674513895729e-04
1.297355347355573377e-04
1.360056628660379345e-04
1.084321845525941757e-04
9.169247018286385046e-05
9.534812006217269686e-05
9.515305486579295462e-05
7.583127674345063783e-05
1.522290786370249878e-04
1.019652075072636680e-04
1.491751181816872358e-04
1.290718829972779412e-04
1.757333761542180365e-04
9.173008116571160729e-05
9.367760603988622124e-05
9.284049403489853347e-05
7.808347560442231835e-05
8.838916721291495220e-05
9.320201712707899063e-05
1.183360297736405842e-04
1.338605355652663388e-04
9.686193431198237495e-05
1.054436128985622109e-04
1.543506488114973778e-04
1.683936424127858078e-04
8.084138784197692558e-05
1.164791571142249172e-04
8.451529083171886909e-05
1.156107080043273654e-04
1.305131691473272639e-04
9.084589119095332456e-05
1.458840110001061684e-04
8.999825654384329906e-05
1.362931969774357232e-04
1.137142546536375215e-04
1.597362971095475257e-04
6.889996453198157940e-05
1.257221065080364535e-04
1.167451292102340322e-04
1.154946855118028833e-04
1.089080392602575966e-04
8.886852352521798580e-05
9.897155081005286716e-05
1.363294578601242197e-04
1.567100719434442394e-04
1.879140131919837910e-04
1.670938141174331299e-04
8.970240190766574722e-05
1.323568863148142163e-04
1.054952744510891121e-04
1.312779434445018943e-04
8.796546559910368047e-05
9.992264831402042531e-05
1.029676233325894750e-04
8.565382084032496584e-05
1.409303403413433994e-04
1.244808981925641083e-04
1.188857682900224330e-04
1.217488804909451288e-04
1.548443874197489884e-04
9.334560558110533042e-05
1.292045783885943210e-04
6.245040990025378126e-05
1.185445027162936781e-04
7.968866227083319881e-05
1.427879401151928198e-04
1.712109692518978539e-04
1.239760109842165273e-04
5.639456453349860467e-05
9.929485135411219611e-05
1.042251694066257165e-04
1.402182501719837198e-04
1.205007380089600843e-04
1.119126584446496154e-04
1.308516950391629672e-04
1.156292002452641640e-04
5.248930402965132683e-05
1.190228381835098766e-04
1.146402962672828422e-04
6.327175080952896716e-05
9.013421678482284166e-05
6.157774921856744559e-05
6.371213101746276417e-05
1.077006779222852321e-04
1.138018225977313630e-04
8.874198719811213915e-05
1.051237742337986442e-04
4.411415836210483363e-05
8.278913721619593502e-05
1.004754647582751891e-04
8.582270903083906563e-05
1.347949288688981228e-04
1.139681674155114844e-04
1.119620742737285755e-04
1.253558444173131267e-04
1.070060492161166947e-04
1.111129987278853349e-04
1.068967234296093770e-04
1.360516822023008509e-04
1.107636540893850683e-04
8.191376687653316880e-05
1.288450444845847345e-04
1.123286600965289772e-04
1.110876532523707918e-04
9.966739664721594675e-05
1.063058337024777605e-04
1.570312872896678798e-04
1.369102194069653222e-04
1.339913684667163923e-04
5.072268350165760919e-05
1.149407654351577827e-04
1.222730931388150738e-04
9.763499072424860516e-05
1.202889310902373381e-04
1.320412701329345539e-04
1.395121926288007161e-04
1.507906282363955343e-04
9.065921332679503146e-05
1.156015481041716345e-04
1.286200253694250379e-04
1.049476446836736698e-04
1.087865919381984071e-04
1.109572793711598881e-04
1.136111238326151219e-04
8.779894930947914516e-05
6.650258091085878515e-05
9.511067215671578689e-05
1.686783646061173385e-04
1.024922884862609017e-04
1.233023205262840012e-04
1.048678737353106488e-04
1.345503907603788521e-04
1.172120249997249077e-04
1.097105070479171402e-04
1.266543062537489204e-04
8.184687856553496811e-05
8.828324066451400125e-05
1.098687293363998532e-04
1.109700172155333233e-04
1.280663377799757326e-04
9.445199676810939746e-05
8.730910645608267839e-05
1.161217477810777088e-04
1.188220533945446536e-04
1.150174824269130201e-04
1.158588941012565884e-04
1.461887492761264719e-04
9.670994185506670169e-05
7.217787493578197062e-05
1.129738300718550732e-04
1.009971159548492606e-04
1.144005617857360836e-04
1.184209664690363736e-04
1.862018026423908803e-04
1.288384594522717084e-04
1.445769388061564776e-04
1.607814612546137997e-04
1.337777261585349853e-04
7.558062807583216549e-05
1.129781520522514336e-04
1.097896070549600809e-04
1.491116217837251776e-04
1.107496931302696984e-04
9.235092476740484630e-05
9.596690887093777510e-05
1.120225736521478438e-04
9.371126754679829881e-05
1.762221570297130388e-04
8.628457363340113118e-05
9.399802341633526714e-05
7.795877097532809567e-05
8.718502762015502337e-05
1.126722850362966841e-04
1.255955012598748547e-04
7.125802198930564115e-05
1.119938826021869160e-04
1.085962211600314793e-04
1.032770720562291143e-04
1.089714112281370978e-04
1.426650751263287321e-04
1.006244882693700356e-04
1.128169141353622132e-04
1.117617206051111343e-04
1.090601162653684564e-04
7.834935717883315955e-05
1.028235301773352086e-04
1.115050680214931797e-04
1.164370044746975054e-04
1.108358675925941942e-04
1.198740065510819946e-04
1.474974973958800861e-04
1.451682023883098499e-04
7.592283032782119810e-05
8.337409499449822102e-05
9.856071476838451314e-05
9.468863734762325796e-05
9.965576690331177717e-05
8.503892000709689398e-05
9.327150667023293188e-05
1.930031297856477730e-04
1.311647689496135574e-04
1.284492090785101909e-04
1.329716101541950296e-04
1.764817159326469403e-04
1.458452969608785461e-04
8.058295987498828572e-05
1.158505324694826061e-04
8.138451301679867119e-05
8.488320449403876137e-05
1.171321625544925743e-04
1.066335770089620885e-04
1.207431679173007839e-04
1.000866588425106352e-04
1.415896199246239121e-04
1.363664583705515184e-04
1.411213881143615783e-04
1.601314229489515936e-04
1.130305310241018003e-04
1.417237880220890544e-04
8.725234964668704841e-05
8.037408271446567489e-05
9.530860609616251949e-05
1.339769611057937525e-04
9.788109790777329926e-05
1.112692850741202832e-04
1.463348571391625695e-04
1.404378946583145380e-04
8.887900578826183826e-05
9.483133733247559277e-05
1.130652445248985822e-04
1.548543211654588702e-04
8.965617553754602989e-05
1.016890141087692828e-04
1.304850833568879968e-04
8.304455742152220242e-05
1.515421399151566702e-04
1.792091892832274364e-04
1.587818712180983250e-04
1.320721969652280956e-04
1.284489691896962453e-04
1.244655179339740109e-04
1.505985718231863735e-04
6.166824262986863626e-05
1.094397197323703484e-04
7.454698074832039327e-05
9.372616626604511126e-05
1.088075714078439777e-04
1.367681717814190343e-04
1.253391463983571962e-04
8.040564801274508052e-05
1.280164346256189170e-04
1.509801327682247941e-04
1.065660868306330793e-04
5.411305230505144583e-05
1.255973156707826150e-04
9.174910538409717894e-05
1.042113368608106578e-04
7.519701573714516704e-05
9.854755816232408955e-05
5.741268640935713385e-05
1.160021063060499190e-04
9.240846604649000128e-05
2.110295994118174378e-04
9.642774836982314626e-05
8.347085909684276276e-05
1.243426725409383282e-04
1.109036570655849978e-04
9.431877374194543376e-05
9.379719895945195108e-05
1.048592676292813057e-04
9.242342585110597142e-05
1.216735384895411236e-04
1.031993744764862368e-04
9.155659556268714108e-05
1.380436356863986680e-04
1.033439094082380487e-04
1.344480021593480695e-04
7.976557911727314473e-05
8.110019060522972588e-05
5.207499760572367953e-05
4.813954716395040710e-05
1.193183375197869522e-04
1.172539029138492214e-04
1.084476569227713891e-04
1.312608747100318235e-04
1.971149644430142715e-04
1.773238012130818112e-04
1.497221994472466692e-04
1.377380891782539892e-04
1.411337370645299530e-04
8.807797055625582396e-05
1.023137147850939282e-04
9.163966022036556885e-05
1.267473340731222994e-04
1.260782785368718252e-04
1.365755729245523903e-04
6.335172766899490823e-05
1.353718326473236911e-04
1.147373273454701029e-04
1.099590701275282508e-04
1.240767405837751955e-04
1.064140027084538916e-04
9.065575860985751369e-05
8.692144208465768962e-05
9.895116320670231170e-05
6.286685243861683640e-05
1.255170967029612154e-04
1.067851676874973258e-04
1.176584991751329141e-04
9.260959192896281607e-05
1.342156509260312579e-04
1.290177850253799757e-04
9.260803460485624418e-05
9.608616652558638527e-05
1.321183796115359154e-04
9.533918478069130728e-05
8.966117618671274215e-05
1.142420350765443115e-04
9.938717128301933221e-05
1.121033329094396874e-04
9.964391874447585049e-05
6.827738860527360820e-05
1.624803590684730642e-04
1.375076333554180619e-04
1.018458708083524946e-04
1.175862485924262076e-04
1.059655750673460571e-04
8.950453822397442442e-05
1.041084872725087600e-04
8.865452569779915697e-05
1.253551839693452187e-04
1.018774477118695451e-04
7.021290932356978208e-05
1.199248723559551448e-04
9.635130218780189437e-05
9.402988770924900830e-05
1.361939296445018434e-04
7.748988353188116451e-05
8.867112510178124809e-05
1.255544406927225462e-04
9.150653363449020791e-05
7.708770315505265945e-05
1.255080832146369008e-04
1.044619393444385383e-04
1.203348843025141393e-04
1.205264297412122788e-04
1.630802317420535429e-04
1.116183221114139723e-04
1.026169449911581955e-04
1.143008110556464852e-04
8.647837528160468230e-05
6.158870362823450149e-05
7.329204754349660778e-05
7.343427789165969091e-05
1.413595487957849928e-04
6.389360785335171150e-05
1.213292645105316047e-04
1.471914818401266300e-04
1.769460353457156490e-04
8.095321053280334458e-05
1.386452398958869670e-04
1.049753736304282088e-04
1.138281351600603714e-04
7.048771738432805308e-05
1.017309601020148757e-04
1.032849303490870039e-04
1.068403114901395767e-04
1.530009124360134150e-04
1.685268917566007515e-04
1.081199848685876431e-04
1.494769724515422008e-04
1.461739277441744911e-04
7.167921820515785690e-05
1.150468776032319301e-04
1.151794940251957413e-04
9.538361451555850683e-05
1.058340614444330411e-04
1.143831667979312942e-04
1.095681725303322842e-04
9.878881126514837887e-05
1.128388954193657761e-04
1.591596082303616097e-04
1.688008648186842319e-04
1.249856465411066601e-04
1.348306928143938892e-04
1.044354474635742083e-04
1.250728043942302592e-04
1.131292564722441115e-04
1.061485749716255960e-04
9.305511092845162799e-05
7.473105912769977942e-05
6.982360521042433655e-05
3.934787963434268184e-05
9.570409913091975826e-05
1.205500559163221125e-04
1.408320022017765176e-04
1.292095174225314184e-04
7.208954274780436200e-05
8.581439111373235888e-05
8.107218805240124599e-05
7.422315467010266417e-05
1.264791270382591506e-04
1.333879090893328671e-04
1.245729482766305717e-04
1.547772266062931500e-04
1.741344856549770052e-04
1.394983657316479001e-04
1.364390371154622871e-04
1.132674637195669077e-04
1.398656053141296342e-04
1.201724637930476282e-04
1.002922842094187300e-04
8.220599382569802318e-05
1.095487202272379858e-04
8.749386259289672579e-05
1.349998110198411688e-04
1.368927406907635279e-04
1.529010950146901450e-04
1.511677217879447727e-04
1.247400835631534959e-04
1.022006322831176179e-04
1.657774838581627195e-04
1.669906901428676034e-04
9.856574741802439244e-05
1.140229375297139512e-04
1.179470526040019929e-04
1.267540968978037182e-04
1.395099799868607939e-04
1.185977682973813523e-04
1.645134646428273893e-04
1.302821939450202107e-04
1.062934344781463116e-04
1.437550840093431781e-04
1.102980187501769279e-04
1.247055406640359683e-04
6.782098161705665265e-05
7.881378801310422449e-05
9.702264164641694153e-05
1.114186406373967111e-04
1.188830968073322311e-04
6.669091858183008039e-05
1.460788746216998323e-04
1.206141524630630968e-04
1.268803101059325013e-04
1.055786026592537435e-04
9.408324440681447578e-05
1.215900614681017196e-04
1.014580003535352654e-04
8.172622212940960267e-05
9.904901171686995322e-05
9.968363963732115103e-05
1.314875426427028092e-04
8.680458961788936145e-05
1.813810159278854655e-04
1.344593944827784417e-04
1.462053935104974623e-04
1.588847771392832154e-04
1.170872267599278640e-04
1.495925189171763323e-04
1.061998273676929974e-04
6.839338837991994734e-05
4.520958626335430349e-05
1.140594542873290412e-04
6.851868218540515382e-05
1.920715366038298227e-04
7.910263920980366141e-05
1.303815672397187623e-04
9.806608917154530298e-05
1.415125610127642894e-04
1.397802506378381681e-04
1.000729027987811402e-04
9.748795957233902427e-05
6.411191813573189453e-05
8.788239823769337456e-05
1.027336939144569354e-04
7.136220598095166794e-05
1.152117428142909175e-04
1.077424373617489760e-04
1.123951854407845784e-04
1.452849788219943235e-04
1.441913316709449156e-04
1.737453974784836097e-04
1.135140214360830767e-04
1.163789263160751173e-04
1.275092112714725271e-04
1.081366659324212631e-04
1.158894450998758759e-04
1.071827171723728169e-04
1.446586833654620735e-04
1.053520300016024837e-04
1.247569997743660066e-04
1.232890297626691950e-04
1.714101174591062574e-04
1.194772116014944862e-04
7.319576562385160957e-05
1.194550762546492292e-04
1.147957568815672556e-04
1.266043447548081935e-04
1.112095210306916667e-04
1.108894378446013295e-04
1.062796329193271946e-04
1.131431695848788112e-04
1.315568423131158887e-04
1.132654338622472566e-04
1.442361754689441768e-04
6.085537064143819455e-05
7.800545316096413947e-05
1.011322382693560209e-04
9.144630813910891972e-05
1.312633398093458162e-04
1.228825000815896571e-04
1.690876458733699258e-04
1.150461445824289380e-04
1.497434021502577891e-04
1.667876881065354566e-04
9.816131662994278910e-05
1.106065496856316116e-04
9.190633430176789237e-05
6.791975558463003119e-05
4.443494980854557712e-05
1.060251182258510134e-04
1.049202820925924679e-04
1.363100372386993485e-04
1.058680348905655582e-04
8.069710913908470886e-05
8.269392454812050572e-05
1.014622263832605926e-04
1.422836067617111802e-04
1.156308472262756288e-04
9.335384031716863088e-05
8.981612662055221393e-05
7.337443229050886952e-05
8.410952957219133299e-05
1.039262980116214099e-04
1.339158338864046105e-04
1.236396540867703826e-04
1.383040476268551330e-04
1.760581470799934623e-04
1.997464582876270535e-04
1.698743390621250361e-04
1.096570470730609412e-04
9.715178983752920745e-05
1.599703623632843454e-04
1.146628374202612757e-04
8.595581391193447189e-05
8.917681094018243822e-05
1.101582200294983762e-04
1.312559264684655467e-04
1.135387853488161537e-04
1.272519506679200012e-04
1.530446422651794019e-04
8.460019880386536126e-05
1.522633592543729160e-04
9.921209386729189423e-05
1.219356452352547969e-04
1.026174293046988562e-04
9.454101878841387379e-05
1.069377293282211847e-04
9.452585085603025213e-05
1.043146869050470344e-04
1.467028829265820992e-04
1.304472272088127787e-04
1.850554336917473056e-04
1.215589654572034317e-04
1.245646171855081807e-04
1.391248671625470014e-04
8.245783571850234936e-05
1.006516422160850762e-04
1.196909146525194960e-04
1.044992970554615313e-04
1.196476748220703495e-04
1.671980837133829807e-04
1.020559352672280280e-04
1.257604127544799703e-04
1.309348253321958463e-04
9.102789196898179692e-05
1.152795078860833198e-04
1.455748128476347272e-04
1.007774244357941018e-04
9.889313821803299672e-05
6.950621322376619358e-05
1.229878370334183733e-04
1.240149884257623898e-04
1.231692061305171006e-04
1.271442950110557464e-04
1.860891998561993660e-04
1.391713067972159682e-04
1.391105881539484107e-04
1.611968158605907623e-04
9.505253330353642032e-05
1.432020033080430642e-04
1.008034496292594876e-04
1.276124554727673418e-04
1.199894852725138833e-04
8.923491165897425709e-05
9.384491249230649207e-05
1.204860111800885777e-04
1.022933599482675807e-04
1.773540742170462555e-04
1.426796202796515561e-04
1.608798635787957155e-04
1.253254137079564258e-04
1.053570415850182534e-04
8.511190426766761382e-05
1.068287818502865270e-04
1.467109208739985661e-04
1.122377203893625729e-04
9.720540863199743625e-05
1.118684473860450198e-04
1.555196022866211971e-04
1.230713906635190729e-04
1.550231865629222929e-04
1.017242803874892585e-04
6.910812984097391314e-05
1.288195998783447124e-04
1.061620871014365685e-04
8.078188336080710768e-05
1.166465270210699403e-04
1.068234241235579464e-04
8.966452355768292620e-05
1.527578283838640827e-04
1.577377162543908379e-04
1.117862296973522201e-04
1.320556500214156357e-04
9.777881651071422292e-05
1.311198640397935058e-04
1.091321345459451975e-04
8.717475853528071871e-05
1.098916990440676760e-04
9.745112612795168289e-05
1.315051416045296925e-04
6.840887817069593764e-05
1.289676831497755323e-04
8.905011176105385811e-05
1.250773944651398283e-04
8.517202582794495690e-05
1.546186409370390951e-04
1.060926480529387724e-04
1.371303377720136025e-04
6.770236378337969141e-05
9.372758297709242806e-05
9.596794175197045852e-05
9.314520960325503053e-05
1.344128650698316995e-04
1.514305755362477073e-04
9.517737912077462348e-05
1.441242230346982179e-04
8.737475465516067561e-05
2.156128945128366135e-04
1.228397529125306012e-04
1.055368283179432617e-04
9.058914724250838389e-05
1.014666594085181255e-04
1.172917284338590479e-04
1.357732598124707752e-04
1.250599108459735521e-04
1.066976269823494193e-04
1.538230456987400472e-04
1.499749297558421244e-04
1.364733511753180115e-04
7.252053279861547894e-05
1.246843453924172096e-04
1.483470624160703670e-04
8.275097784989635715e-05
8.614052834456412903e-05
9.352942203301253267e-05
1.090671082158635479e-04
9.008585312663093330e-05
1.356212356474026273e-04
1.382530362649913550e-04
1.353095423471607404e-04
1.179394898807274651e-04
8.578394465698882434e-05
8.378855380352710313e-05
1.168045914435737514e-04
1.066303176581481451e-04
8.749379492097107257e-05
1.358842615872023001e-04
1.434570100788365476e-04
9.047877625584703303e-05
9.332114477481267222e-05
1.269512368494733409e-04
1.211720953151186023e-04
1.245451862331942248e-04
1.843359020797284773e-04
6.795635336772829199e-05
8.160986317049303271e-05
1.273147286952257230e-04
9.243375092073963923e-05
1.368913447387382217e-04
1.220670711624296633e-04
7.857057091430090306e-05
9.771509865989792788e-05
1.587918608108139376e-04
1.207751579073738305e-04
1.090834491189698641e-04
1.247313751669854455e-04
1.113053064432601504e-04
1.256703628810298392e-04
7.210959252211356476e-05
8.434624698784449191e-05
1.064583079118794140e-04
9.282745915033892205e-05
6.126785510428690677e-05
1.267150378705112336e-04
1.202321149580504270e-04
1.530534018603253710e-04
1.300010762634683638e-04
1.266821336114645616e-04
9.858417409838648115e-05
1.092785038619673602e-04
6.988520901352249909e-05
1.064605236694967435e-04
1.198611900091414197e-04
8.339496143744900376e-05
1.261778425943987079e-04
8.046229174909274250e-05
1.512550578667600095e-04
9.790291932730472459e-05
1.401742062130534588e-04
1.543662376788250998e-04
1.291353694533672620e-04
1.281794348672432289e-04
8.917883861226169736e-05
9.691178949602048741e-05
9.943838713628183222e-05
1.051907527417890811e-04
1.066671500841686042e-04
1.266722471435857169e-04
1.158489418162982824e-04
1.655765597055802924e-04
1.203251827229126036e-04
1.055353790284872378e-04
1.286928456640771699e-04
1.212907114413322776e-04
9.495404657716206192e-05
8.816545821912431303e-05
1.078407643879079615e-04
7.821553079311843845e-05
1.207674646747018243e-04
1.465454971251650489e-04
1.801842873700973716e-04
1.699690315140061790e-04
9.192669278411931088e-05
1.630167428959423395e-04
6.987821196140673002e-05
1.114528121656992117e-04
7.507486875861934421e-05
1.083702562650232069e-04
9.817699383053771201e-05
1.213639070546914447e-04
8.860768452475247415e-05
1.659453423118432296e-04
5.359805787817995476e-05
2.358670334864988759e-04
1.348705849429774522e-04
1.542694523844727740e-04
1.076855911979218450e-04
1.380831384328684661e-04
9.561427661292181389e-05
8.737243819157300916e-05
1.426242482830470846e-04
1.247416688139482244e-04
1.075485259662094500e-04
1.203181680608231339e-04
9.373821413620497291e-05
1.571514392312480662e-04
1.657611387298455646e-04
1.530333059123068352e-04
1.532514659584432982e-04
9.840242216299706249e-05
1.160098365727600336e-04
9.787475451363483064e-05
1.450062752291859187e-04
9.565166950883821715e-05
9.273967278654345731e-05
1.041703527148444332e-04
1.776380477248383320e-04
1.451511053294927880e-04
9.161299886749039187e-05
1.632240702829756279e-04
8.534631058651438512e-05
1.184709067366048222e-04
1.070079507160860303e-04
8.368791153206655686e-05
9.838835832453549654e-05
1.179251002669983649e-04
1.116758010674476226e-04
1.648537883790593709e-04
9.872763311221315974e-05
1.032565044510955758e-04
1.410592272340794456e-04
1.157729401122259432e-04
1.138655363663537516e-04
1.690188068911062315e-04
1.231386617155401223e-04
6.535041876417308035e-05
1.073716219762908098e-04
1.669041673945006316e-04
1.312827905425399937e-04
1.479027962038285298e-04
1.458158857459048569e-04
1.145049002323365791e-04
1.607388179944428295e-04
1.455460929097868574e-04
1.234497253782026571e-04
1.005364541327181531e-04
1.000964424381836361e-04
1.039556617475887227e-04
1.099439367588324513e-04
1.288989004185675448e-04
1.109197327157853026e-04
1.015286415533501796e-04
1.326920569828250165e-04
1.546082354919924235e-04
8.005620231297123348e-05
1.223032551828709933e-04
1.090198509121862737e-04
1.389719795274264229e-04
1.190891467447120961e-04
8.446195077422907153e-05
1.345934052657467327e-04
1.068698226378601309e-04
1.526710438736870751e-04
1.306753482045695802e-04
1.285169236270545731e-04
1.257071960320866894e-04
1.535436392114599032e-04
1.270162700094825780e-04
1.307099075063828243e-04
1.234183871513683131e-04
8.720083982430362486e-05
1.179275009585068797e-04
8.383587058767723831e-05
6.905782342325296269e-05
1.518921759888006151e-04
1.199392904075970091e-04
1.595897553214548699e-04
1.460379881772173925e-04
1.191906771390871273e-04
1.326617529461533794e-04
1.148257102496929612e-04
9.800946082676399902e-05
9.417417874872038451e-05
6.067638428054569798e-05
1.004838297337100773e-04
8.964397090282158194e-05
1.344709311946269735e-04
1.609691320662474880e-04
8.358170054215818953e-05
1.308816140111111433e-04
1.564989755049193336e-04
1.003328207233923787e-04
1.100262897972103512e-04
7.836299188785400311e-05
9.489143146940436395e-05
8.978411412881836791e-05
8.392801986228465511e-05
8.333759231393889555e-05
1.173617404101562036e-04
1.347541248727264756e-04
1.180219757127313004e-04
9.920775537900408518e-05
9.040448272457821631e-05
1.406964489054675631e-04
1.135771883793236151e-04
1.270513837120692397e-04
9.346918374872547296e-05
9.132500238748682546e-05
9.113124262112177998e-05
7.256295485183510618e-05
1.211598493178036640e-04
1.153254678622731998e-04
7.747087267918298815e-05
1.657448464611408487e-04
1.250456855255622124e-04
1.347034411144864240e-04
1.105686315645059906e-04
1.110487508078624943e-04
1.140200382448419545e-04
1.089804366801388433e-04
8.770485857007435568e-05
8.110655728692353671e-05
9.291350222329329024e-05
7.984707595481052556e-05
9.429239606653662105e-05
1.361448348677346131e-04
1.501624043601974151e-04
1.096137740277172961e-04
1.246380445608157798e-04
9.514743817209199601e-05
1.081679790366424295e-04
8.140619599022974162e-05
6.915540653127711821e-05
1.276626561513073178e-04
9.317737153976560704e-05
1.470528081102778328e-04
1.001209255575219112e-04
1.208861733816156994e-04
1.397703598395568317e-04
7.286835314007829040e-05
1.028540889757626994e-04
7.769343576378108713e-05
9.057221993305485401e-05
9.964379952581951404e-05
8.653534898412483945e-05
8.797375056127023241e-05
1.148838100117208016e-04
1.382723168739325500e-04
1.761592203696701084e-04
1.625218409826696231e-04
1.615326294965560485e-04
9.110186598204079035e-05
8.729714704322339672e-05
8.507722890300131583e-05
1.232125101590196418e-04
7.910930183536551670e-05
9.399836172224960973e-05
1.319108428319688245e-04
1.201940119023255961e-04
9.678130611438487852e-05
1.582907574395128346e-04
1.127479380934516296e-04
1.213876291937963025e-04
1.200439464766444572e-04
1.122935680358668284e-04
1.255583678582334912e-04
1.030365611468309815e-04
7.670013174924552701e-05
1.147579895050424779e-04
1.072361959529387587e-04
1.247131688430656242e-04
5.329038318447218924e-05
9.041352558991072185e-05
1.465991046445451419e-04
1.567283142308533816e-04
1.244650183791989417e-04
1.379139328891785914e-04
1.128525714191546249e-04
1.036669384042501323e-04
9.124257768284397565e-05
8.324334786322833742e-05
1.242626326977423800e-04
1.302135438600768281e-04
9.603212541242220552e-05
9.091438099176118786e-05
1.420941906904115662e-04
1.390278597260323989e-04
9.613249029936665215e-05
1.008271494537666795e-04
8.336311305947830496e-05
1.078069702164634618e-04
1.206720037930522160e-04
8.699415594145720363e-05
1.519787697149414297e-04
1.132865984750417267e-04
1.002178835946025345e-04
1.187654566840129857e-04
1.337364772635208537e-04
6.970299155443859069e-05
1.462788689084492993e-04
1.059583749438441653e-04
8.495687465957613507e-05
1.000789440650921868e-04
9.197898598295152712e-05
8.679622661695005927e-05
1.229026026067171675e-04
1.224501121492143350e-04
1.258817790487296842e-04
8.123557604320893240e-05
1.444548355127945531e-04
1.089394829024431798e-04
1.500377230668892953e-04
1.105726875316789527e-04
1.136778792902414913e-04
8.303553863111018017e-05
6.926730388192929003e-05
7.135669270039404657e-05
1.274529457100816014e-04
5.506865436587243004e-05
1.263968326982588979e-04
1.340732558267772041e-04
1.066447801708086843e-04
1.192514790081076884e-04
1.065953979571920260e-04
1.584471031028234617e-04
9.086905341059151508e-05
8.318848092639923996e-05
1.236705776604030593e-04
7.786236982272658159e-05
1.003935200193578013e-04
9.022904720727386294e-05
7.210354941613926298e-05
1.117024868325027865e-04
1.735285274673902369e-04
1.291745808782810432e-04
1.367092427485360026e-04
1.188686294931150787e-04
1.174922098903711756e-04
9.854306271430910964e-05
1.032666334902630106e-04
1.039634912291610339e-04
1.471718563893091895e-04
1.808901972501803662e-04
1.642072278808392885e-04
1.252052577838399876e-04
1.242733323375385594e-04
1.412926310204754574e-04
1.410726740530090541e-04
8.671396538280564542e-05
1.138682831171006470e-04
1.219331468320259890e-04
1.100343218966620462e-04
1.104529936443601708e-04
8.335999005302080738e-05
1.161755954506865927e-04
9.149523131150973175e-05
1.294727110980838959e-04
1.992521841671843197e-04
1.441674513664776723e-04
1.392032433231784889e-04
1.408755151652002621e-04
8.746183521599380046e-05
9.518967066183814374e-05
6.842109830224340800e-05
1.234871834559906386e-04
1.303154400080114869e-04
1.331937522535376836e-04
1.084066312319261231e-04
9.046624814270180488e-05
1.216434343943151157e-04
1.231996301301659254e-04
9.942163942680707159e-05
1.017998177834096942e-04
1.094092551453482447e-04
5.078164873463620824e-05
7.389999479387652473e-05
1.179825619902032173e-04
1.159380790437091054e-04
1.390949720742009526e-04
1.333591970178434137e-04
1.370130343003657814e-04
1.368306023196872660e-04
1.488466601689060909e-04
1.268602316951803637e-04
1.221440434976990422e-04
9.572775004263761763e-05
1.020025970503095727e-04
7.058521642070914232e-05
1.091855524259249024e-04
8.687074519582580932e-05
1.059965889663503057e-04
1.914399086711541164e-04
9.585669627521367175e-05
1.251114785419416302e-04
1.433512993701752461e-04
1.402112172687989839e-04
1.109606157266592152e-04
1.303417060841658174e-04
9.076450441133125321e-05
1.034272958891924583e-04
1.379962401072209555e-04
1.322511672105335914e-04
1.274775374354934602e-04
6.736473688961832230e-05
1.586508822086840154e-04
1.426439560324238771e-04
1.473685203647845084e-04
1.369033703175621378e-04
1.050100621634661192e-04
9.065668393233678401e-05
9.783262935944762157e-05
7.467889884392166179e-05
1.018501007607362302e-04
1.478477609997593521e-04
1.241464653419537185e-04
1.084080824104178414e-04
1.362016007425679339e-04
1.532673104805301286e-04
1.444434752009801409e-04
1.514715321650016817e-04
9.537629683740818571e-05
1.190129585948438887e-04
9.262692477777271464e-05
9.127191966859419614e-05
9.704206315527747265e-05
1.205581412373544061e-04
1.263231218570403714e-04
1.309287832112608651e-04
1.299960507176984670e-04
1.257473213582985336e-04
1.129319092468587603e-04
1.084694165771123994e-04
1.523729091567845083e-04
1.139421497570750281e-04
1.035758137807413036e-04
1.093916782275278606e-04
1.541819101487714328e-04
1.528807807534074957e-04
1.370115662257704605e-04
1.247388237753795049e-04
7.435015911762977569e-05
1.963729327530963555e-04
1.349199812941874010e-04
1.188860431968798701e-04
1.130205260179830356e-04
1.099530279567964601e-04
1.275652560496496387e-04
1.023434938399282664e-04
9.092073989041161031e-05
1.421904734968649998e-04
1.306505647596993515e-04
1.194244617177243298e-04
2.360003637236788378e-05
1.775686284957380019e-04
1.626788911690172463e-04
1.270204599362134235e-04
1.366641983329366537e-04
8.462845350497095250e-05
1.610863891045605386e-04
8.792862487241225261e-05
1.431231054457232708e-04
1.210151966334781692e-04
1.311619510818496422e-04
1.361296607146382986e-04
9.933811834530748832e-05
1.060009707012317447e-04
1.188688335952908857e-04
8.104775267334908757e-05
1.160570907739062854e-04
1.138252322666986335e-04
9.668818400386179591e-05
1.329951176337263374e-04
1.197842970876994835e-04
9.523798499734183870e-05
1.095214034042009643e-04
1.467692250179780905e-04
9.624813989181073173e-05
1.036749207191471476e-04
1.479953853727800149e-04
1.481158257767248732e-04
1.211394057133528671e-04
9.289781406305556034e-05
8.285980505181916780e-05
8.255163755215489849e-05
1.169955845613367010e-04
1.131517823593275110e-04
1.055239695834180556e-04
1.644861939119449427e-04
1.822049910382801327e-04
1.549904813866427112e-04
1.154325541327917378e-04
2.185275412096117299e-04
7.931098894060896692e-05
1.130837141190608970e-04
6.496321954263483930e-05
9.159225819583847517e-05
1.426913159906965467e-04
1.262866190367597900e-04
1.328023254087457191e-04
1.641270333462789945e-04
1.709070133588827208e-04
1.227391361012551490e-04
1.263407191799155308e-04
1.361193122996639149e-04
1.252633594483921629e-04
1.004143892855103123e-04
1.169531323043853461e-04
7.141628139261033928e-05
1.143451278729433441e-04
1.353508501847181552e-04
1.571071840651230324e-04
1.362080040184029549e-04
1.177959698720223541e-04
1.304667761604008506e-04
1.685105997953931191e-04
1.391922172469791188e-04
1.046294144414759334e-04
1.018590032993229341e-04
7.596428429998083485e-05
9.795809107512929001e-05
1.082869336213528077e-04
1.174060213036771591e-04
1.166402973419600490e-04
6.982320600764759856e-05
1.292257491104408440e-04
1.720006479909311561e-04
1.820357194541501059e-04
6.206334614590878931e-05
9.398318666599430509e-05
1.258853756472226972e-04
8.311366516767967330e-05
9.175913934927983670e-05
1.124898213303345679e-04
1.023875540086322851e-04
1.151322142626531604e-04
1.665032415145197562e-04
1.225148592181211037e-04
1.450349000459787130e-04
1.278415275427235466e-04
1.377251312880777403e-04
1.529802307790328626e-04
1.575461991850979934e-04
8.572617774552942116e-05
8.444744366540220010e-05
1.221225839857324193e-04
1.584214311113133487e-04
1.418207445085805393e-04
8.919085465255086997e-05
1.870166199739378829e-04
1.481120006653785536e-04
1.189097702879890700e-04
1.183604178883962757e-04
9.327927434881943191e-05
9.356205828110273205e-05
9.291541353720174303e-05
5.999389472663442909e-05
9.117838555832953953e-05
7.077246422234775662e-05
8.294944772946836315e-05
1.501381230117251734e-04
1.362504098784437178e-04
1.169136583660402434e-04
1.007829419209130370e-04
1.124832052179672266e-04
9.480908286326679185e-05
1.198230767879522661e-04
1.048568027235589970e-04
1.030469387647961802e-04
1.487239366535166214e-04
1.047528095558115366e-04
1.341475994866118970e-04
1.372151755302272551e-04
1.051848830679344513e-04
1.509876766631511802e-04
1.271544498416701623e-04
1.022134173615363414e-04
1.206159231133151270e-04
1.109876830006604771e-04
1.247159224553170075e-04
1.273854291426391907e-04
1.202782405988974161e-04
1.078165504491210839e-04
1.294141242529104013e-04
1.007134092477050293e-04
1.275159914345769881e-04
1.360438014262033125e-04
1.400220764420066777e-04
1.370457079934293994e-04
1.248411687807086403e-04
1.131428823547125782e-04
1.042025357807002043e-04
7.579603463040926210e-05
9.563158488152735833e-05
1.237928197264831541e-04
1.075143199608982449e-04
1.421682393497897148e-04
1.375683680029956386e-04
2.079072547913356672e-04
8.857017985443558529e-05
6.850956854730235433e-05
1.394409729431014171e-04
8.617318707884276321e-05
8.059580357366124919e-05
6.238832157808485283e-05
1.183192423980645552e-04
1.163048929771078835e-04
1.028585833178788459e-04
1.188433403502875722e-04
1.001426633776484720e-04
1.269770380605418744e-04
1.068080758307480372e-04
1.999016147045340963e-04
1.209999849624414809e-04
1.500320658526221591e-04
