-9.020807967708864474e-05
-1.108615304889647895e-04
-9.179701773538663425e-05
-9.198633824288145395e-05
-1.316693159792114672e-04
-1.001041223917585414e-04
-9.712157106767868055e-05
-1.478352701022211577e-04
-1.488623930357529631e-04
-1.311599586918533024e-04
-1.018294494522169706e-04
-1.287829482548672074e-04
-8.251900459023968793e-05
-9.448975998634574259e-05
-1.084793112703303416e-04
-1.104164414211001606e-04
-1.232994334789278012e-04
-1.198515063000180254e-04
-1.306431978664164236e-04
-1.403925642716941015e-04
-9.639382673700303168e-05
-1.172697971516106357e-04
-9.826049533013213322e-05
-7.278236642104314754e-05
-9.778853752786174599e-05
-8.724783790822549705e-05
-1.062178187622089815e-04
-1.113630482280219966e-04
-1.305832084308129531e-04
-1.167268712444052001e-04
-1.882698741333583040e-04
-1.317663342548137538e-04
-1.366555255980088401e-04
-1.353033075207349801e-04
-1.043353415582334479e-04
-8.325042138354386649e-05
-8.820062360563734618e-05
-9.920559264673702027e-05
-8.862838319258824833e-05
-7.336489321685880536e-05
-1.108692636987891486e-04
-1.251208705182539659e-04
-1.361072529376989465e-04
-1.384983061631396551e-04
-1.089599438687822167e-04
-1.367995601322957190e-04
-1.106324754011763726e-04
-9.116020947494784632e-05
-7.164045076164460226e-05
-7.211772657294276219e-05
-1.111895066991921348e-04
-1.106162906026434296e-04
-1.323316121432063406e-04
-1.129926477852375246e-04
-1.279678369846331209e-04
-1.154280342093065640e-04
-1.324823326265541586e-04
-1.176437261359255837e-04
-1.048411224020998978e-04
-9.223809136761160362e-05
-8.871601554075002468e-05
-1.051828244804268938e-04
-1.261044622734747731e-04
-1.313485623873590028e-04
-1.054702828320095402e-04
-1.368076762026288775e-04
-1.222947366827175188e-04
-1.302321159817326096e-04
-1.551521030485880897e-04
-1.318127682848629521e-04
-1.114350193425241300e-04
-7.734281943014909347e-05
-1.085931048212403736e-04
-1.118590748615382475e-04
-1.060479052157290987e-04
-9.913299734826166152e-05
-9.543252837035383449e-05
-1.304040049975600715e-04
-5.760653730474360218e-05
-9.944548844718210901e-05
-1.277608406781878807e-04
-1.271652095257603957e-04
-1.312605631075376906e-04
-8.524332545915774904e-05
-8.013569127598429444e-05
-8.666949580305001661e-05
-1.093783956909075253e-04
-1.303238243074401285e-04
-8.506806362527897462e-05
-1.069039373129610415e-04
-2.341304521156047840e-04
-1.484903868384629378e-04
-1.256316811254320879e-04
-1.282348092318454525e-04
-1.056539858331890212e-04
-1.011297230540464734e-04
-1.051380005667639026e-04
-1.101880844221607322e-04
-9.288936399706650832e-05
-1.123104942730150955e-04
-1.251131569839136542e-04
-1.471472951943749992e-04
-1.356072450497102237e-04
-1.093390986379885423e-04
-1.121902130802690409e-04
-9.882624638909938202e-05
-9.143861691219530650e-05
-8.135956609571655916e-05
-1.011875495363089196e-04
-1.012376229262580408e-04
-8.322303872972576521e-05
-9.952066941778240543e-05
-1.303668782746049849e-04
-1.177101124669061862e-04
-1.323062683717561637e-04
-1.497757820155085507e-04
-1.245198760043964004e-04
-1.602662401538762775e-04
-1.333030410885660425e-04
-9.319086879221336278e-05
-8.291776113770409865e-05
-1.111571349078015165e-04
-1.127898759366864455e-04
-7.675990597060791589e-05
-9.131618527643363121e-05
-1.345780965487880867e-04
-1.647683358219915041e-04
-1.449375147516277277e-04
-1.157653149449507616e-04
-1.082709479657997218e-04
-9.606962985134240545e-05
-4.434840119395779185e-05
-9.982971679994468600e-05
-1.014539553405916617e-04
-1.185856889625794145e-04
-1.414940524634797521e-04
-1.136509138915580222e-04
-8.622188687782706416e-05
-7.347646042245256387e-05
-9.237144566062443910e-05
-1.009674277725821788e-04
-1.321433561630650899e-04
-9.177867044076665258e-05
-9.844625312131390635e-05
-8.827125080686827076e-05
-1.174865904945574321e-04
-1.001686005268452589e-04
-1.234166558157785264e-04
-9.785541979603638364e-05
-8.181016536730419163e-05
-1.586187399866177629e-04
-1.308251268067598576e-04
-1.156529457500564856e-04
-1.250859258918182520e-04
-8.920271710634349450e-05
-6.118120669941962044e-05
-6.827320698504110133e-05
-9.124955803125645059e-05
-9.017913140177896214e-05
-8.005941934156197688e-05
-1.400483829649755256e-04
-1.173026119444676291e-04
-1.694270080029112026e-04
-1.548070415288206353e-04
-1.190261700848998811e-04
-1.355496730747661688e-04
-1.082908992255829741e-04
-8.436176183195418453e-05
-8.879218520055599470e-05
-9.998551260104498377e-05
-9.956960351831746947e-05
-1.383854654279484441e-04
-1.142374793688974660e-04
-1.172156986989068725e-04
-1.549350855822134959e-04
-1.541116166673167816e-04
-1.028688226308479946e-04
-1.164814425441861094e-04
-7.754184695689557622e-05
-1.055716165854568822e-04
-9.273829683940329645e-05
-1.068107350305410870e-04
-8.458309679401038801e-05
-1.021395217542791372e-04
-9.330683212470684482e-05
-8.513603346160370617e-05
-1.010402468179993966e-04
-1.151955563746685698e-04
-1.550669472194634376e-04
-1.418201034564596204e-04
-1.355598101994837774e-04
-9.910715712485277274e-05
-7.637749830166023319e-05
-9.107389160024042922e-05
-1.041409996758751631e-04
-1.260058895967481512e-04
-1.078402864042284559e-04
-1.637469312205492807e-04
-1.214511371372452308e-04
-1.166603171186314281e-04
-1.607303824502194847e-04
-1.184963772304751677e-04
-1.312567782097923477e-04
-8.417203078930747084e-05
-6.622928352890005723e-05
-1.238208322882698416e-04
-8.845556988443911055e-05
-9.825593203678129083e-05
-1.187245387500700656e-04
-9.445981805963157591e-05
-1.587866406793630037e-04
-1.107836691041867158e-04
-1.035129857398600525e-04
-1.222019157860015069e-04
-1.233278450368232920e-04
-8.093100129443516876e-05
-9.201469104632711230e-05
-1.042429307884696921e-04
-1.158560668531459948e-04
-1.116591139592020021e-04
-9.522307949336193190e-05
-1.548394531911733221e-04
-1.779853555024850321e-04
-1.353068913120284106e-04
-1.315985446945336140e-04
-1.032311657017936913e-04
-1.129355273028865512e-04
-8.076974209917700250e-05
-9.519446056317522732e-05
-8.308458937830660905e-05
-9.857372589025409381e-05
-1.266516727233708828e-04
-1.031881265928632287e-04
-1.020091195423709484e-04
-9.294222002381743552e-05
-1.151640706242711989e-04
-1.044621556020884824e-04
-1.154811994990711540e-04
-9.573207725260680207e-05
-1.024628227799038424e-04
-8.282736442683629461e-05
-1.195654245338812188e-04
-9.426663585087480962e-05
-1.305570741514962805e-04
-1.448678877098692568e-04
-1.521011714563871734e-04
-1.158021209489400047e-04
-1.216419622582334587e-04
-1.187345105918443094e-04
-1.394507725242050892e-04
-1.496430241689692114e-04
-8.130491001461465442e-05
-9.422647002086278177e-05
-8.122987058220042310e-05
-1.150408001884550981e-04
-1.136973540806732484e-04
-1.100754401583239520e-04
-8.271429599492349869e-05
-1.075652580086075929e-04
-1.413945787024658662e-04
-1.534906397987536046e-04
-9.408280999203763335e-05
-7.369890089765358105e-05
-7.823899241281935448e-05
-5.853985393530393438e-05
-1.105394964943236610e-04
-1.029640433160486769e-04
-9.015638776560732520e-05
-1.063517031573165512e-04
-1.427179891606075040e-04
-1.246986699755328880e-04
-8.330888196936515812e-05
-1.463695436840525116e-04
-1.218051684633543810e-04
-7.373530121717953364e-05
-7.795009099836968487e-05
-4.980115021283242711e-05
-1.182740425020223547e-04
-9.533157732960169991e-05
-1.418468932957427119e-04
-1.371297532942496178e-04
-1.533410265437442613e-04
-1.199916812114991800e-04
-1.514546429314810884e-04
-1.429065362246964175e-04
-1.236262409016513275e-04
-1.242763486258925188e-04
-8.598795522792052764e-05
-6.247582592685699081e-05
-1.100674028888527203e-04
-9.532328955571544595e-05
-7.429651845311574705e-05
-1.119599856468818377e-04
-1.153781107391632063e-04
-1.176877405185536220e-04
-1.414976919587493094e-04
-1.336500126721956185e-04
-1.280549500541147830e-04
-1.198185628563948850e-04
-9.584271921269130971e-05
-8.922672921207995013e-05
-7.843305251760568787e-05
-1.038907723929370408e-04
-1.247225136395616995e-04
-1.064005595616856673e-04
-1.386240265783824320e-04
-1.143568352991287349e-04
-1.381375892839157269e-04
-1.394000956188027793e-04
-1.179834287904590705e-04
-1.063621057849071968e-04
-1.010142267055301409e-04
-7.377889186397718546e-05
-9.019728576477496567e-05
-1.061267592807623887e-04
-1.028202097432758428e-04
-1.243246156212540179e-04
-1.656850448779325030e-04
-1.413636971751473738e-04
-1.018346816288981827e-04
-1.482309825482517533e-04
-9.782063311800266725e-05
-9.145735972472400944e-05
-5.805247322345315268e-05
-6.726492794938178908e-05
-8.376507221991479014e-05
-1.082744989995063751e-04
-1.139754130761200002e-04
-7.740620529409432990e-05
-9.848432049541571646e-05
-1.420460722820937507e-04
-1.297041106541272357e-04
-1.248697866286177939e-04
-1.556308892162781648e-04
-1.114031004434281420e-04
-8.986295953997502461e-05
-9.548801717133408853e-05
-1.130069344312697018e-04
-9.231104637013084330e-05
-7.611511651174374679e-05
-1.551112710916942718e-04
-1.181974813441964012e-04
-1.914012351925339385e-04
-8.652001139909141982e-05
-1.563425834697869594e-04
-1.056602760415537387e-04
-1.110109120616055981e-04
-1.124270085340039338e-04
-1.194837042304232788e-04
-1.078024719603646247e-04
-1.019089942179632341e-04
-1.043054852678669173e-04
-1.121394732024637633e-04
-1.194341669455298240e-04
-1.453227215408468484e-04
-1.036396589643180096e-04
-1.450078381567577871e-04
-7.375898414891552681e-05
-1.399102690297839718e-04
-9.605018640841407173e-05
-6.221975591280749546e-05
-7.736996192130118184e-05
-8.491110083927555616e-05
-1.201969033640370841e-04
-1.254655577040382031e-04
-1.298837360178939739e-04
-1.451227444764580175e-04
-1.320829414871140461e-04
-1.390736782293655203e-04
-1.280327652441477359e-04
-1.107740656069283578e-04
-9.309226243955967658e-05
-7.015177325138383492e-05
-8.672249415048709090e-05
-1.148454501553038907e-04
-1.239007985126872903e-04
-8.554256040508187941e-05
-1.116071502093184033e-04
-1.356168879448661508e-04
-8.095020536423233604e-05
-1.179226348981619578e-04
-1.276652641765640929e-04
-1.092846789783818523e-04
-9.336110597585750039e-05
-9.538528412999443024e-05
-8.604242805606121915e-05
-1.368305542784608599e-04
-1.175738515010290095e-04
-1.185404132906239599e-04
-9.312572395546863952e-05
-1.103712965895085180e-04
-1.580951649463884672e-04
-1.232212851159168970e-04
-9.429776537451716389e-05
-8.985522036752225739e-05
-9.064062036741467841e-05
-7.972044947271374367e-05
-9.249923016655653266e-05
-8.932499956234059974e-05
-1.112318149556420658e-04
-8.556105455923636348e-05
-1.110564273528129292e-04
-1.527656148667113842e-04
-1.283404470751997855e-04
-1.040883069018932458e-04
-1.178472376434359611e-04
-9.396021768755847832e-05
-9.593182451709858548e-05
-7.291536453449575840e-05
-9.576481749744870920e-05
-8.905497494129705101e-05
-8.116930881313463191e-05
-1.179864873201788577e-04
-4.236705164906570339e-05
-1.016841321491336744e-04
-1.250931479949540499e-04
-1.352444470850432167e-04
-1.361375833558181201e-04
-9.587418583157538538e-05
-1.075151899774434613e-04
-9.685605178491292835e-05
-1.061726551182089342e-04
-9.910165903012373883e-05
-1.273357691600166431e-04
-1.145289962349433884e-04
-1.196141511877094299e-04
-1.089449986564604435e-04
-1.181402778706544548e-04
-1.384322511601791806e-04
-1.019518341324831238e-04
-1.276240142775384714e-04
-1.091287448859782732e-04
-9.177216544766450838e-05
-1.091554874809530051e-04
-1.131551597489704910e-04
-1.075526346583950953e-04
-1.418028221621202127e-04
-1.044630262052771713e-04
-1.221539993083677251e-04
-9.841906475226524348e-05
-1.013465160412308397e-04
-1.124213037729596403e-04
-1.088700765262161428e-04
-5.535937739415598842e-05
-7.304401741862416087e-05
-1.123211289040507339e-04
-7.632861281386497932e-05
-1.215420689255441690e-04
-5.694059211946551983e-05
-6.701923552414650791e-05
-1.327048681432723126e-04
-1.022944072128388138e-04
-1.092596799409436962e-04
-1.223624587311510927e-04
-9.968122681399331053e-05
-7.255996814999807188e-05
-9.635933993751371566e-05
-9.917015682306640168e-05
-1.029367364645407916e-04
-1.203223415746445906e-04
-1.359761034604250150e-04
-1.302849117773908810e-04
-1.750682238210144956e-04
-1.176181866336228470e-04
-1.023409728746050266e-04
-9.462679213129186002e-05
-1.271474761507256535e-04
-9.068675210332091208e-05
-8.941893571597711728e-05
-7.138791436099994620e-05
-7.783802524355749777e-05
-8.522022247995837978e-05
-9.926238829464268147e-05
-7.391593609790401184e-05
-1.365981752308937421e-04
-1.724346940449400728e-04
-1.148974914013566121e-04
-1.123016410194073352e-04
-9.377479083298971162e-05
-1.008357115565431853e-04
-8.460748051242262852e-05
-8.622448310919647997e-05
-1.052324287230318187e-04
-1.081045561838001946e-04
-1.035978427168012531e-04
-1.042596913190365412e-04
-9.671894411515063290e-05
-1.487560412446347659e-04
-1.634989696410758862e-04
-1.030173660737429266e-04
-9.312806018222008128e-05
-8.049948788944207945e-05
-7.871755462190462146e-05
-1.076522435676273626e-04
-7.655916021569328866e-05
-1.196992883703804382e-04
-9.824748604673826753e-05
-1.252383215177038005e-04
-1.327823092287698590e-04
-8.472523758365710649e-05
-1.167686298582909076e-04
-8.103297254133981194e-05
-1.049257923987866444e-04
-9.187166818071532202e-05
-7.689132386187524449e-05
-8.207674408922551563e-05
-8.698595947137590680e-05
-6.612928511399427973e-05
-5.910182828243722782e-05
-1.257398455998037573e-04
-1.453465756596751752e-04
-1.459478702940916251e-04
-1.744240592712035685e-04
-1.275745786495547675e-04
-1.293271924411904146e-04
-8.004712775466399951e-05
-1.011256090110053678e-04
-1.311790391340683670e-04
-9.655691669971536520e-05
-1.028018581015728783e-04
-9.612544042594578682e-05
-1.217990218772902259e-04
-6.534379001747026667e-05
-1.048628229440995571e-04
-1.482061496919625035e-04
-1.312399869763496152e-04
-9.633351936512572257e-05
-8.742842724264099558e-05
-1.182816708808090509e-04
-8.095471407824081714e-05
-9.015092492750296452e-05
-1.094528336268022536e-04
-8.400682358883248993e-05
-8.850869870150881395e-05
-2.013552495156387405e-04
-1.495428286719583495e-04
-1.157176029811967153e-04
-1.523783162273564177e-04
-1.419800583762554551e-04
-7.182876885300309121e-05
-6.746630123935832180e-05
-8.908702835476070114e-05
-9.049169622799970261e-05
-1.060396716568506669e-04
-1.156511092165134858e-04
-1.358287307148393593e-04
-8.437511075869039102e-05
-1.474120174055837873e-04
-1.220505903520305784e-04
-1.231926370077396837e-04
-1.027583735433972853e-04
-8.967582252264398699e-05
-9.826020375340534024e-05
-9.553355402037632326e-05
-1.069522942810811677e-04
-1.250031855298752313e-04
-1.168937744167818614e-04
-9.522401289581844126e-05
-1.482266852778977412e-04
-1.303729230531025041e-04
-1.263269643882100059e-04
-1.301308942450770788e-04
-1.367035012240230428e-04
-7.439396727283865268e-05
-8.539857878029578279e-05
-1.197212410521486883e-04
-1.329964585734707801e-04
-1.231098048596994941e-04
-1.059931235876198741e-04
-1.061603878996730485e-04
-8.881835249673960414e-05
-1.459246007806658512e-04
-1.721335996300600558e-04
-1.110187689020721122e-04
-1.071612188189379985e-04
-9.107129704660159970e-05
-9.086998137244996557e-05
-8.482816440867953646e-05
-1.071622460337403254e-04
-9.807445836414812007e-05
-1.052738458830600958e-04
-1.381495961986589454e-04
-1.429033310962266317e-04
-1.208836363865366898e-04
-1.144024770444466630e-04
-5.780219001654163827e-05
-1.085660391236151044e-04
-9.693820860044754292e-05
-9.282967322995789444e-05
-9.728842127414291056e-05
-1.152639906579571539e-04
-1.415413998588728928e-04
-1.049247106103548343e-04
-1.236254480949509926e-04
-1.501318620816014882e-04
-1.082880236860701991e-04
-9.958773797947456131e-05
-1.190461356422475815e-04
-9.355583330621307619e-05
-8.057483956729118179e-05
-6.470308188681726683e-05
-9.125799757091177813e-05
-1.119657002689374307e-04
-1.183901294054624163e-04
-8.671022959237077862e-05
-1.133627082499829160e-04
-1.460232446640368680e-04
-9.764471549347030041e-05
-1.448203943594910390e-04
-1.360754871224440670e-04
-9.180679363716769776e-05
-8.577930872519047892e-05
-8.846674070154464441e-05
-1.055280181326621164e-04
-9.227188138324808142e-05
-5.100588860289343996e-05
-1.050838360352352325e-04
-1.218811112094407388e-04
-1.192687179071210904e-04
-1.332409545103244771e-04
-1.185450978167803214e-04
-1.215341566109685704e-04
-1.087138814708022750e-04
-7.762907712491971660e-05
-7.837619911444076558e-05
-9.298169065412371817e-05
-1.096109473853299783e-04
-1.258730184601652600e-04
-9.929293728941337093e-05
-1.212082591326110081e-04
-1.547026996502717973e-04
-9.795711272469405134e-05
-8.384231158847828681e-05
-1.283990101607700813e-04
-1.097123534412797251e-04
-7.518784896971666737e-05
-9.018893052176352209e-05
-7.986950292235730066e-05
-9.813766757494006945e-05
-9.433514240793113416e-05
-1.277520294570896734e-04
-6.786136471938645294e-05
-1.669499161906970431e-04
-1.508256630534260141e-04
-1.302771496291665464e-04
-1.371474730820993534e-04
-1.171471068663710127e-04
-7.974664939382698000e-05
-8.525534104352528494e-05
-9.843258687560001955e-05
-7.649374636961709902e-05
-1.011928612229974608e-04
-1.679559069156764961e-04
-1.409589798543060390e-04
-1.331467908223242134e-04
-1.123001772299242777e-04
-1.489892352295462156e-04
-7.898839628837711017e-05
-1.069187009739129161e-04
-1.020911118680706834e-04
-9.948923915624654634e-05
-8.937481702061168961e-05
-7.788894043883090557e-05
-7.693938579385542899e-05
-1.158248771362593578e-04
-1.219161410585832875e-04
-9.695133741634577302e-05
-1.439356915095981555e-04
-1.175999397184157770e-04
-1.473353521444539891e-04
-8.608128355496484565e-05
-1.018820622243329704e-04
-9.184761610701889449e-05
-7.902916701815660718e-05
-9.711894739584587036e-05
-9.458344350112375058e-05
-1.404262470151812861e-04
-1.390347314925355002e-04
-1.517024948798488570e-04
-1.129342681477141837e-04
-1.119803650759925844e-04
-7.719854481318881405e-05
-1.093023753775073623e-04
-1.012676079092850900e-04
-1.003092611567160490e-04
-7.322650373241856359e-05
-1.102853620414145534e-04
-1.189656075182184272e-04
-1.103154014432655689e-04
-9.913412781453197859e-05
-6.195229377963570178e-05
-1.252630503097781499e-04
-1.477568482194621159e-04
-8.687755379434107528e-05
-1.122901703561884630e-04
-9.703080529199241606e-05
-8.002230566362802185e-05
-1.195702507255141169e-04
-1.115067737194057503e-04
-1.361415704720253007e-04
-1.357481974721223015e-04
-1.009303110517599490e-04
-1.581510395841637031e-04
-1.399342488427187618e-04
-1.637991958342578625e-04
-1.413403856084294904e-04
-1.006518248975880983e-04
-9.949662061301190645e-05
-7.587873199282942223e-05
-1.318976968315019392e-04
-1.094419842093914469e-04
-1.219464392279255024e-04
-1.378173160693098428e-04
-1.044137266933541780e-04
-1.743450492280307080e-04
-8.532414090924635977e-05
-1.072320946532915990e-04
-1.358886748125696443e-04
-9.855858900358382198e-05
-1.094641745188461730e-04
-6.297907905974678086e-05
-7.451394915387029650e-05
-9.164359067224150902e-05
-1.027715543201334101e-04
-1.499318311033503233e-04
-1.516617537202761710e-04
-1.261656282015231043e-04
-1.443534761291355266e-04
-1.384608225820933413e-04
-1.086013133030052697e-04
-1.154327415989019729e-04
-7.113161831418466361e-05
-9.012572852367540914e-05
-1.045596105861372872e-04
-1.104000020139468436e-04
-1.211466636758487970e-04
-1.323446917227534905e-04
-9.911461923412946792e-05
-1.156204325712933815e-04
-8.705201715857865475e-05
-1.196804545004949308e-04
-9.814777296771246798e-05
-1.019514396609928070e-04
-8.681240945933646740e-05
-7.654747970618505052e-05
-1.030982117129709065e-04
-1.349007613452636611e-04
-1.268040151995405475e-04
-1.238558469679065072e-04
-9.125590937012846755e-05
-1.347888996251159091e-04
-9.819416422975574623e-05
-1.193122639384808789e-04
-8.563292103936381871e-05
-9.260024031294867306e-05
-8.246490085958543056e-05
-5.351518202095147136e-05
-7.476714846149552253e-05
-8.971751252617220034e-05
-1.010036525259833286e-04
-1.073880091847854285e-04
-9.752537443272595312e-05
-1.096051047970614419e-04
-1.468833127893164438e-04
-1.351671472073561430e-04
-1.334215313355075698e-04
-1.151859309351417480e-04
-7.187942803684218413e-05
-6.835204846046026637e-05
-7.873606985428366627e-05
-1.050450113821062574e-04
-7.253006274063251199e-05
-9.692846830434651841e-05
-1.169456746533025426e-04
-1.564342137775988134e-04
-9.377537883691924837e-05
-1.250426073308765211e-04
-1.201502357651430922e-04
-1.007130181677714690e-04
-1.179892301560377539e-04
-8.775046084465736214e-05
-9.633505892348721551e-05
-1.051118141956232523e-04
-3.727631395570787384e-05
-1.047799420673370570e-04
-1.107727632758808702e-04
-1.121306510821632932e-04
-1.242504850454965635e-04
-1.135405120573028642e-04
-8.430014266854371605e-05
-1.125460363773614261e-04
-9.176707823182392299e-05
-5.846979265619911298e-05
-9.637024050088891208e-05
-9.851749577437307148e-05
-1.234759374875283688e-04
-7.677870755419741785e-05
-1.534571490018715690e-04
-1.555782932188315057e-04
-1.081503392795178778e-04
-7.853273566756648310e-05
-1.218423708243479163e-04
-6.803083840440601090e-05
-9.513168055831108902e-05
-8.460998487234864878e-05
-9.025768241237220235e-05
-1.013392480751261829e-04
-9.151595671139212238e-05
-1.283851606776528894e-04
-1.104038891657835433e-04
-1.529382347050461206e-04
-9.585222305346624409e-05
-1.251303910140793131e-04
-1.036147177039343565e-04
-1.025786261338202402e-04
-9.492203141095228655e-05
-8.659364871450582176e-05
-1.304373648095498493e-04
-1.136888258313326934e-04
-8.665106831438014793e-05
-1.436742084821109359e-04
-1.091865116095920471e-04
-7.535992139559601869e-05
-1.020082338621878376e-04
-1.368018800772938985e-04
-1.321857953989061588e-04
-6.354794108999311782e-05
-9.842812189609891418e-05
-8.337629654473083793e-05
-9.499005015464012213e-05
-1.324189317748236715e-04
-1.325450381136709639e-04
-1.433256566420743473e-04
-1.158191421142043260e-04
-1.413400239638289396e-04
-1.471183937645477251e-04
-9.508765105760913017e-05
-8.080345357556228719e-05
-1.123211353227301104e-04
-7.936645787412721599e-05
-8.849904343296620206e-05
-1.276914500271438403e-04
-6.631544113246461375e-05
-1.234712265311318493e-04
-1.071357679629643357e-04
-7.356645734948191479e-05
-1.078046501890066113e-04
-1.178435824567496506e-04
-1.407101740044417414e-04
-1.307273403899895752e-04
-9.351952146977520830e-05
-8.735967835241302093e-05
-9.663658047644642509e-05
-8.290168447315149542e-05
-1.127022253229546637e-04
-1.102103361885978244e-04
-9.538715135671946190e-05
-1.241798619175748337e-04
-1.557933482555257803e-04
-1.173045154177215104e-04
-1.128600405255516240e-04
-1.275748335991205395e-04
-1.115217218284510339e-04
-8.452878199244782064e-05
-6.675724388456243206e-05
-9.176403988359041930e-05
-8.561630585140349076e-05
-7.238022293599637267e-05
-1.450645023635575512e-04
-6.556295321125966003e-05
-1.137274827968026762e-04
-7.326460518829385567e-05
-1.601360828664892912e-04
-1.226302975032410737e-04
-9.766520958352746117e-05
-8.098411813688750243e-05
-6.207276073756582129e-05
-8.579418852167595717e-05
-1.245647649384525816e-04
-1.328617178472620887e-04
-1.150335630640139472e-04
-1.495835776578050068e-04
-1.503642027651134008e-04
-1.906206090774804148e-04
-1.157537524577539027e-04
-1.341365830310984480e-04
-8.284660261966685384e-05
-7.949601514394890602e-05
-7.174448053171059668e-05
-7.472535829186018389e-05
-1.257409197691098594e-04
-1.444780957867074992e-04
-1.162573114519993990e-04
-8.249794807111666907e-05
-1.598132061926462052e-04
-1.094720535872292430e-04
-1.221884694135564361e-04
-1.002789559439464830e-04
-1.213430696576158911e-04
-7.144002737567931309e-05
-7.843258200972778979e-05
-1.216909770725241617e-04
-9.837888027667276113e-05
-6.092642481431864997e-05
-1.095274430444577527e-04
-1.259706454247407135e-04
-8.264054604280524552e-05
-1.354649404098226214e-04
-1.393065164937629173e-04
-1.285773053700531364e-04
-1.330835892467690943e-04
-9.549487458407201091e-05
-8.370545301172982564e-05
-9.981275108296029761e-05
-1.155544857788998246e-04
-9.593095529409710728e-05
-1.157141227515369323e-04
-9.755286968053534092e-05
-1.680902864287616750e-04
-1.234860874048104569e-04
-1.768915171774247306e-04
-1.608897888057131279e-04
-1.118867909356989672e-04
-8.656260635007356037e-05
-9.844034421906887019e-05
-1.144241204771225147e-04
-1.295959801810506456e-04
-1.007557469275090266e-04
-1.318762784931013920e-04
-8.296166497777611177e-05
-1.875633252777110906e-04
-1.218440129024972207e-04
-1.601367106361345320e-04
-1.284134097210840920e-04
-1.230752470842025412e-04
-9.333136153152366292e-05
-9.090493372601277740e-05
-9.166447896336225279e-05
-8.903720764155849659e-05
-9.365530569469664461e-05
-1.293989873170554741e-04
-1.448391974094077363e-04
-9.672360437056932601e-05
-1.173973807364180343e-04
-7.104887575185668135e-05
-6.284526522834877683e-05
-8.972654464515409203e-05
-7.151181205089568373e-05
-6.498894627401495137e-05
-1.044941908991065465e-04
-9.421462016906911006e-05
-1.090774189899591822e-04
-1.001710816010112403e-04
-8.284988744660160324e-05
-1.962772610111493984e-04
-9.358806605075504733e-05
-1.162419565265454302e-04
-1.027327865781596262e-04
-8.972948324698873813e-05
-9.300740353598155254e-05
-9.487156662067262999e-05
-9.784714723428643561e-05
-1.035066126569212020e-04
-1.009100664118681054e-04
-1.228176408467172181e-04
-9.486762927941028959e-05
-1.371937181543342310e-04
-1.214351989887583647e-04
-1.116394020885260282e-04
-9.931969796095259937e-05
-1.040983462874317181e-04
-7.126053713861439502e-05
-8.655920764284285706e-05
-7.776578898304358281e-05
-9.988328638596623049e-05
-9.873981616786148947e-05
-7.994983821022121973e-05
-9.614013849824165441e-05
-9.348468629871576198e-05
-1.180615988161065437e-04
-1.574911365866825570e-04
-1.222514782922198547e-04
-9.021074670871470917e-05
-8.125368902070666320e-05
-3.913712569990983304e-05
-1.142966538355764787e-04
-9.651880524511276315e-05
-8.188161083250859501e-05
-5.608066624449443418e-05
-9.440445805794544154e-05
-1.268535693576775003e-04
-8.393207780763683437e-05
-1.037989110348706693e-04
-1.310042364929091534e-04
-8.938944346422812899e-05
-8.772388014848119691e-05
-7.911402668539926702e-05
-1.105736845240768123e-04
-1.236227386188783433e-04
-1.260292914431944704e-04
-1.056340426509791148e-04
-1.217323924713152865e-04
-1.258677247929912424e-04
-1.139323314024207436e-04
-1.260602695318873106e-04
-1.588546118357508398e-04
-1.205344329392632783e-04
-1.029145835556193110e-04
-7.050773726431712289e-05
-7.339550048906900959e-05
-9.675438550843042421e-05
-1.161576442253601030e-04
-9.544332997360642306e-05
-1.311722524503855850e-04
-1.641609451177655169e-04
-1.443475879499739908e-04
-1.563906204488734158e-04
-1.057188887550174363e-04
-1.141402644982430115e-04
-9.235171443313092479e-05
-1.010545921598971381e-04
-1.069103302175663492e-04
-1.061888915560081317e-04
-1.074236223158763257e-04
-1.034304544973344659e-04
-1.325052582986056414e-04
-1.084095645835013270e-04
-9.616009743018544818e-05
-1.566046653336890693e-04
-1.216180112648920954e-04
-1.093416437829543232e-04
-1.000440932703719688e-04
-9.702257996447984990e-05
-8.459090660505086715e-05
-1.174789298597708357e-04
-8.364489315143178822e-05
-8.146914232382868211e-05
-1.131251813125588103e-04
-1.176081245461672734e-04
-4.647362290900495602e-05
-9.109797751667976875e-05
-1.209814252444372509e-04
-9.297276710686036376e-05
-9.239629169766687650e-05
-1.031415731767782508e-04
-8.582528646750809342e-05
-1.098983777173552474e-04
-1.268213010694679106e-04
-1.142423597456914422e-04
-1.024992349237356795e-04
-1.237979316068208281e-04
-1.325050081161328398e-04
-1.364188496451843621e-04
-9.516392739255544674e-05
-1.022009853980247919e-04
-5.643939756058543108e-05
-7.533322802587549003e-05
-7.475736268443332420e-05
-1.187617958685961207e-04
-1.169053459036364424e-04
-1.093155834280502218e-04
-1.441991395682971520e-04
-1.558568257843956774e-04
-1.644404940145305545e-04
-1.175727178132574609e-04
-1.091370281027287712e-04
-8.295131228317203110e-05
-8.923823853378021350e-05
-8.643785973950721959e-05
-7.859588914459559922e-05
-8.585222023389492700e-05
-9.356614053175401767e-05
-1.157614893719567678e-04
-1.145536812335500520e-04
-1.336844870402668841e-04
-1.335616357827457362e-04
-9.677928029730681163e-05
-1.261607111900774493e-04
-1.035011772538311169e-04
-8.151214263272544278e-05
-9.390766974746599018e-05
-7.269939170393221886e-05
-1.029521535200393455e-04
-8.817753537026586672e-05
-8.765426263486181377e-05
-1.569368969078433135e-04
-1.441886806107957049e-04
-9.444235164960764113e-05
-1.118672750194360082e-04
-1.127859801336492622e-04
-1.263528209292684782e-04
-8.291895448798800451e-05
-7.801253726664360700e-05
-9.961265373133921131e-05
-6.090986924025298716e-05
-8.252525407386376833e-05
-8.299106753540626865e-05
-1.190964312057745371e-04
-1.136514579641922983e-04
-1.277051747803553477e-04
-1.495881415466671332e-04
-1.032101889915302124e-04
-1.052740665159946661e-04
-7.923180421313797913e-05
-9.842320718321027439e-05
-9.026360419243565194e-05
-8.083745867345472553e-05
-1.350947758272557015e-04
-6.216761317194177238e-05
-1.312210972357063805e-04
-1.414297597379439062e-04
-1.227961443385082625e-04
-1.442220225816919442e-04
-1.346735071566451875e-04
-1.148805826265571049e-04
-4.841790715919417259e-05
-8.248389346480744500e-05
-1.026418581513584407e-04
-8.925016603201172143e-05
-6.181511454711863371e-05
-9.849314918212697246e-05
-1.092624678402799560e-04
-1.494042558510900239e-04
-1.168033775660284499e-04
-1.522160116934168181e-04
-8.197403823300364811e-05
-1.464408833297221803e-04
-1.116026732591624432e-04
-9.644650102612842702e-05
-9.690863202167968970e-05
-7.749003961433746385e-05
-1.227151343049031024e-04
-1.052372235192452902e-04
-1.172221495130333933e-04
-1.231739626215348597e-04
-1.072271999883109815e-04
-1.153766696343242832e-04
-1.141371720905963119e-04
-1.047571118695473307e-04
-1.071110621649457018e-04
-8.636478037521585181e-05
-8.792541819604292222e-05
-1.193498337960313086e-04
-1.218808729394786421e-04
-1.181205907174019150e-04
-9.934904472217107583e-05
-1.481681012807447315e-04
-1.696322041011349101e-04
-1.706668027387989173e-04
-1.218570729946084950e-04
-1.080826563404025048e-04
-1.022653369281398722e-04
-9.637357355047928003e-05
-7.960695541859068791e-05
-9.878167727453247902e-05
-1.068052461849976583e-04
-9.790600808703921101e-05
-1.122867638008136551e-04
-1.409272421181797272e-04
-8.050950390053129792e-05
-1.213042572356917345e-04
-1.172444456493366787e-04
-1.108108846052375629e-04
-5.618663287571132385e-05
-8.689878367287364477e-05
-8.041269970088025891e-05
-9.565323412345628595e-05
-9.994778345469839808e-05
-1.136294930320946758e-04
-1.237495807146221519e-04
-1.170991981030698623e-04
-1.206243267551935296e-04
-9.522480104963438870e-05
-1.272664397623398357e-04
-1.092229481765158916e-04
-8.981630279968411189e-05
-8.089256403130276683e-05
-9.978811415287801463e-05
-9.893369181543395607e-05
-1.095203336856593397e-04
-1.076565865121670675e-04
-1.429706824470881204e-04
-1.183371263736282254e-04
-1.080842590275339908e-04
-1.148347121098662377e-04
-1.020565493181917367e-04
-1.252498711414240995e-04
-1.011694619743012003e-04
-9.374672577002116894e-05
-1.225032269252180532e-04
-9.943392918457710826e-05
-9.825048762568229445e-05
-8.022056572439507862e-05
-1.157430781476843478e-04
-1.142414738460533841e-04
-1.330507482462869873e-04
-9.793496386584598485e-05
-1.227812425901769256e-04
-5.660180197621911925e-05
-1.139472651873987721e-04
-9.145929431290943134e-05
-1.099547409985022339e-04
-1.004056636581625219e-04
-8.628032071483552853e-05
-7.625780654246527314e-05
-7.884967407827452523e-05
-1.621437729967864353e-04
-1.473145230342703873e-04
-1.565475834385948717e-04
-1.264996166628848688e-04
-1.178030898195916212e-04
-8.742108070445034037e-05
-9.029161711498303645e-05
-8.138363950756374258e-05
-8.994375267351082770e-05
-9.939684173663661801e-05
-1.261530814689267889e-04
-5.771902462190545391e-05
-1.416452060708314905e-04
-1.464676963300472310e-04
-9.240051856916324676e-05
-1.312324478963725581e-04
-1.141853940738573459e-04
-9.177972584005776634e-05
-1.025005301768845835e-04
-9.746505220598716249e-05
-1.051156882097506343e-04
-1.191037754610959725e-04
-5.993328011608363898e-05
-1.285931863225522290e-04
-1.051003083199432458e-04
-1.596482169934587648e-04
-1.328410636376779698e-04
-1.351675005316116027e-04
-7.075061433726465173e-05
-9.488919380834956951e-05
-8.828250919714453844e-05
-8.696841082340786989e-05
-1.331643482842134144e-04
-1.140538516767235173e-04
-1.172738432640549382e-04
-1.147138981161523413e-04
-1.165356708125720565e-04
-8.348455617079393782e-05
-1.586941334215450478e-04
-1.141811866547059567e-04
-1.360467539591025531e-04
-1.005313385979541489e-04
-8.586587104713787951e-05
-9.799894149470629958e-05
-7.008422244590429553e-05
-1.011629924165219856e-04
-1.110942749870139984e-04
-1.558588157135578820e-04
-1.259262986244509325e-04
-1.355679209116232836e-04
-1.074526190339144882e-04
-1.200174993046417807e-04
-1.397699679406269656e-04
-1.018207894342735507e-04
-9.292887186887289011e-05
-7.622267675282706659e-05
-1.208505442019052020e-04
-1.331748983881592303e-04
-1.269229418653183383e-04
-1.683645240361936733e-04
-1.412982797249008908e-04
-1.342917153003513454e-04
-1.477590966783032679e-04
-1.050676667090407065e-04
-1.002096079694517894e-04
-7.743503627013640983e-05
-7.566100273390840214e-05
-1.227977926860462075e-04
-1.084436607100116499e-04
-1.021534508025249575e-04
-7.830265300795806059e-05
-1.076561745004359522e-04
-1.392410442728733353e-04
-1.183168100098174499e-04
-1.175734373205734520e-04
-1.112336415328184154e-04
-8.437473767081466619e-05
-9.822033384921375460e-05
-9.663688420804605655e-05
-9.608571968815202212e-05
-1.035967780324392853e-04
-5.258819788299691337e-05
-9.881767805435209915e-05
-1.339475789069561826e-04
-1.182273923712072260e-04
-1.450499263743081145e-04
-1.208187611252443407e-04
-1.507998704575033494e-04
-9.489786763742679885e-05
-9.495501869685720137e-05
-9.807153546599825934e-05
-1.149630363126140657e-04
-8.493999326752570437e-05
-1.010087516727366469e-04
-1.555333560505367540e-04
-8.586294236733637208e-05
-1.447850163462256192e-04
-1.462850332437018583e-04
-1.344897857372445618e-04
-1.145906335529884993e-04
-1.117312165953716343e-04
-1.091317102649907929e-04
-9.129138356577366992e-05
-9.836221386864146972e-05
-1.018720789111922674e-04
-1.500350155637225342e-04
-1.481516712757280493e-04
-1.387436448141057387e-04
-1.077297064455200680e-04
-1.349415309431639676e-04
-1.509593309164628135e-04
-1.289306463492537961e-04
-8.388593307422266424e-05
-1.090896555144308343e-04
-8.015179372856959055e-05
-8.268066009803237454e-05
-9.615884249923209134e-05
-7.997578254365555941e-05
-1.141551810607111905e-04
-1.291265749202361978e-04
-1.505954807180958136e-04
-1.801086619954417854e-04
-1.265580988411306505e-04
-1.104302904392842882e-04
-1.210951944792655691e-04
-7.679263578488764732e-05
-6.498260860542467857e-05
-1.015476915544357551e-04
-8.947394724434986832e-05
-1.383377034779728555e-04
-1.349891890081314841e-04
-1.340152773930094381e-04
-9.495414777103073549e-05
-1.333194822471190982e-04
-1.544190533359164803e-04
-1.074873827620838649e-04
-9.932699398460656851e-05
-9.899483247470952250e-05
-9.126816934254833324e-05
-7.994966663034049103e-05
-1.090950162496264798e-04
-1.097545452435918736e-04
-1.431273461960358960e-04
-1.322807850071784294e-04
-8.838010825260703726e-05
-9.257836046593470971e-05
-1.056737881036454028e-04
-1.526803110896673814e-04
-1.082134956323889196e-04
-1.052189015345324327e-04
-1.001400123789185419e-04
-1.271110021330960373e-04
-1.142537019394951412e-04
-9.440972397337583412e-05
-7.762644671907812939e-05
-1.386161258269194563e-04
-9.529050826410815982e-05
-1.388095243284619335e-04
-1.457939547032441861e-04
-1.081951420991644021e-04
-1.145832901309736321e-04
-8.923187607258383511e-05
-1.005779576679147327e-04
-1.100119791000574192e-04
-9.076197277318315271e-05
-1.191708279694959693e-04
-1.091404191065453282e-04
-8.863527818785413499e-05
-1.555054009555518915e-04
-8.676563736265442152e-05
-1.178812738187424655e-04
-1.001075797681682974e-04
-1.056286115534482077e-04
-7.341042060380868913e-05
-6.202603405207438459e-05
-7.935903002188367120e-05
-1.196679068914407871e-04
-1.130301711446261202e-04
-1.305864225947121261e-04
-1.411509123641339924e-04
-1.272174620721936572e-04
-1.089165433897597957e-04
-1.318281457549259634e-04
-8.426337581903041267e-05
-1.080950494422104315e-04
-8.508406635304495305e-05
-6.564575944319485357e-05
-1.007985921013913335e-04
-7.866766686004869201e-05
-9.708616839854296559e-05
-7.337158312887075119e-05
-1.529637471779120089e-04
-1.074856005852895815e-04
-1.340820269865395980e-04
-9.880106090456655123e-05
-1.251186579370567415e-04
-1.021364658767226561e-04
-1.223750573737859045e-04
-9.549185313481582834e-05
-7.897432681704785035e-05
-9.739442756526153961e-05
-1.019603531774732622e-04
-1.091618599083925734e-04
-1.511688088153087008e-04
-1.298862740105593422e-04
-1.645350167388117486e-04
-8.177145518198914689e-05
-1.177656628785352875e-04
-1.056227598475992826e-04
-1.232713652847439059e-04
-8.274082139944256039e-05
-9.116844723352052714e-05
-1.023187452426356741e-04
-1.016538352256821250e-04
-1.295796909521569542e-04
-1.350870962982730558e-04
-1.471740537109078703e-04
-1.504132031555590915e-04
-1.108899122825113899e-04
-1.224694876266337019e-04
-1.013416035077634349e-04
-9.186296323288753126e-05
-7.525079764612650323e-05
-1.201898392395790466e-04
-1.161928380296482408e-04
-1.057449503785934456e-04
-2.497014063299695695e-05
-1.135550143252624588e-04
-1.771300920337171069e-04
-1.274813380080860468e-04
-1.201998113380732964e-04
-1.133493864123969412e-04
-1.174935000828552205e-04
-1.101831743344512790e-04
-1.052031087201892121e-04
-8.849499308051198573e-05
-1.258910265494695639e-04
-8.850097110111726777e-05
-1.326922413048576698e-04
-8.478024225261600951e-05
-1.363487175325612567e-04
-1.413226476488972530e-04
-1.472546874472457315e-04
-1.839224344373988887e-04
-1.140785647507699539e-04
-4.727736147842836838e-05
-9.886857598795502041e-05
-1.127024848784763519e-04
-9.675907354379158047e-05
-1.007724552380671358e-04
-1.177472223688033799e-04
-1.395259956619591469e-04
-1.637776904377975795e-04
-1.103293512575849287e-04
-1.281301503386891784e-04
-1.059458814553603244e-04
-8.974890062529852297e-05
-1.289559651851414064e-04
-1.153762185805977554e-04
-1.115402124680176188e-04
-9.538111609783586739e-05
-1.029167637285308042e-04
-1.327951272845482764e-04
-1.337146637692881784e-04
-1.340952395808572514e-04
-1.171903957917447232e-04
-1.299062465064430242e-04
-1.197985629834071199e-04
-7.375305281024968672e-05
-8.976901545026160834e-05
-8.272383076236700778e-05
-9.080313142351179414e-05
-8.197561075653558361e-05
-1.112192107333357364e-04
-1.106080986276605451e-04
-1.219405791897759618e-04
-1.332275357061159726e-04
-1.299732721108380097e-04
-1.191610839898181586e-04
-1.360505912066207687e-04
-8.530061688463483186e-05
-1.140249275763203775e-04
-6.582604528307334170e-05
-8.770042564068422858e-05
-8.023251721238162037e-05
-9.906639457487025763e-05
-1.198953857550651283e-04
-1.442508858301382556e-04
-1.366532654488565341e-04
-1.620850937736391807e-04
-1.502333505341087617e-04
-7.953821391912415089e-05
-8.385970365728272126e-05
-7.593688851265468565e-05
-9.099401293895530325e-05
-7.414838964316546575e-05
-8.545543305950065475e-05
-9.162230625629126679e-05
-9.699096120516279126e-05
-1.588092392516783549e-04
-1.354689102719631912e-04
-1.139560164378303631e-04
-1.328367265723157944e-04
-1.358636256237238981e-04
-1.096725056864156640e-04
-7.861671911487000820e-05
-7.318975037505413242e-05
-1.192561866917331292e-04
-7.332891797707852049e-05
-4.452958862686661606e-05
-1.202030770888760279e-04
-1.162906179424912166e-04
-1.180806300525598964e-04
-1.428104618001181615e-04
-8.397303388641566362e-05
-8.081508807869564103e-05
-1.384284105745276470e-04
-1.114115708957804323e-04
-9.814108013519423743e-05
-7.243584526724472755e-05
-1.105156642542114175e-04
-9.351673878229818584e-05
-8.673919699351623691e-05
-1.499040512551806214e-04
-1.538634606646356563e-04
-9.546546176247327814e-05
-1.603827675395842550e-04
-1.336636830387667794e-04
-1.006104222633523232e-04
-6.975160956250445253e-05
-6.623942265704829029e-05
-8.947243881803063200e-05
-8.846161955693188658e-05
-1.403025185053680894e-04
-1.137199317945177381e-04
-1.064236979988142725e-04
-1.078205740152052760e-04
-9.420183165268485742e-05
-1.017227461384215281e-04
-1.075102701627701448e-04
-1.221392366216882846e-04
-1.213847338091735429e-04
-8.471742604363431358e-05
-1.118329478964976315e-04
-8.452695580633311158e-05
-9.674209133719262734e-05
-1.251143442418608555e-04
-6.321003372898042366e-05
-1.384184977381241425e-04
-1.225372818952369803e-04
-1.364128972916367249e-04
-1.422245027899155358e-04
-1.003939193774037829e-04
-7.163137963747356310e-05
-8.886885699028830772e-05
-8.346544830939328532e-05
-8.527967051726896759e-05
-1.519561741066622132e-04
-1.204734357237149180e-04
-1.519514641030983416e-04
-1.406754929201114296e-04
-1.442223806575958331e-04
-1.197072074348280875e-04
-7.699465198882943652e-05
-1.112258511007617191e-04
-8.989573881399890408e-05
-9.032083917508561093e-05
-9.418966941649928575e-05
-9.827295998523252578e-05
-8.674332199004978225e-05
-1.018917519769062848e-04
-1.209232130989979279e-04
-1.198934263090570512e-04
-2.031784863400884662e-04
-1.464263868869386477e-04
-1.180259601956870218e-04
-9.829895424451592424e-05
-8.740178931683915595e-05
-7.865455221368232918e-05
-8.780055396050562018e-05
-1.254929382384370267e-04
-1.403365389505212757e-04
-1.527299060645348093e-04
-1.222945737980106571e-04
-1.253766199363431054e-04
-1.229808485671216175e-04
-1.367513611398208533e-04
-1.014092355524770099e-04
-1.222711957802910358e-04
-1.303719594875319093e-04
-9.915181639827423319e-05
-9.940716532046041116e-05
-1.171402187534581441e-04
-1.078541873754525980e-04
-1.243902101988792917e-04
-1.684420553205522681e-04
-8.702728044311108129e-05
-1.175690653269762491e-04
-1.151915910685581137e-04
-9.924561254240219302e-05
-1.347954742058663055e-04
-8.812220666616614885e-05
-7.575179038578550754e-05
-1.247668722017779286e-04
-9.234430481822038337e-05
-5.548994784241223412e-05
-1.151338973342130759e-04
-6.197376383150310461e-05
-1.458916171626509163e-04
-1.194012730893489360e-04
-1.167458641667742394e-04
-8.975805511758295954e-05
-1.346381899638719650e-04
-8.040717866075759300e-05
-1.104325384314333933e-04
-8.508781574866151193e-05
-8.595838064605764871e-05
-9.163464094241608186e-05
-1.108920528974086025e-04
-1.180166496980044645e-04
-1.011860347917584396e-04
-8.308136425123437195e-05
-1.315348163072174508e-04
-7.977965553742871166e-05
-1.338434676804050899e-04
-9.348578265322314486e-05
-1.019207108263709631e-04
-1.105305792269545951e-04
-1.042549131857797558e-04
-7.655167875827051556e-05
-1.615752532225809895e-04
-1.163658271724145359e-04
-1.253318313449775965e-04
-1.158374154235620822e-04
-1.287978850877846866e-04
-1.233714385567627860e-04
-9.711277214670384968e-05
-7.277054938556344599e-05
-7.984512617618822329e-05
-9.519060187989722833e-05
-8.372374833116320153e-05
-1.160630766657321156e-04
-1.355666937517709244e-04
-1.789907459213727027e-04
-1.232270913999654544e-04
-9.721834636850493943e-05
-1.474989176576884471e-04
-8.651300567065448748e-05
-8.485786567721042097e-05
-9.674021592069546589e-05
-7.591600107583121987e-05
-1.106687260792466585e-04
-1.117821620701491795e-04
-1.203653856490397381e-04
-1.002278656580714712e-04
-1.592191047907519710e-04
-1.074768963148799953e-04
-1.374219310153594359e-04
-1.334989742979965442e-04
-1.191245175887524499e-04
-1.292473742922536082e-04
-7.827822690102955263e-05
-1.179942519232800974e-04
-9.087208158134792580e-05
-1.059635542684168776e-04
-8.357087919111772336e-05
-9.241894801031895013e-05
-9.387813925528446640e-05
-1.175609413918101060e-04
-1.013467748429362341e-04
-9.155914144958534348e-05
-1.114599138172540086e-04
-1.168435425733701225e-04
-7.148614190200902304e-05
-8.889844160000592681e-05
-1.214897469920044547e-04
-1.011534915421005595e-04
-1.319754911866108306e-04
-1.164353120103108500e-04
-1.131136137023839954e-04
-1.261708755561809898e-04
-1.342237308022459945e-04
-8.761389249638020231e-05
-1.134941538583418330e-04
-1.440161835515786247e-04
-4.673210586101124030e-05
-4.992431712920157317e-05
-1.151979112832996361e-04
-1.029728147611829624e-04
-1.542553868927687237e-04
-8.700318152102434722e-05
-6.652489071996251120e-05
-1.451971725664487193e-04
-9.164279660194342718e-05
-1.139471607446498078e-04
-1.307022669979078966e-04
-1.299657119400756929e-04
-7.514617284302280088e-05
-7.210111233355620043e-05
-9.088669971229577785e-05
-7.067267945719628004e-05
-1.087067789430538157e-04
-1.079727677698300823e-04
-1.122919058893482892e-04
-1.525934016197957909e-04
-1.021684557348384592e-04
-1.288690291296898599e-04
-1.091625674314809758e-04
-9.549370532969200678e-05
-1.109827437612385129e-04
-1.001347337230892848e-04
-1.245572294507971687e-04
-6.751272922084824296e-05
-1.125186486064745823e-04
-1.545980637225968736e-04
-1.253893377467441483e-04
-1.475990753999772444e-04
-1.086867390779486042e-04
-1.287537447665034385e-04
-1.077705898439483898e-04
-1.267916990983808693e-04
-9.232461843015520909e-05
-9.481795006467013450e-05
-8.655707754995124747e-05
-6.562206649584628065e-05
-1.200533474671515249e-04
-1.218640171204631121e-04
-1.435048688163125408e-04
-1.290137472890159930e-04
-1.593981656013895019e-04
-1.130572678720572031e-04
-9.792092163853607565e-05
-7.086556267361923873e-05
-8.480161075676284903e-05
-8.295595593980566076e-05
-9.867780680992937592e-05
-9.560619885694912883e-05
-1.088926047111263610e-04
-1.204110149382175429e-04
-1.200680823654360621e-04
-1.143712528842498157e-04
-1.240962446639895880e-04
-1.606469275412558445e-04
-1.354035941746501597e-04
-1.310466172859749449e-04
-8.871199454920106274e-05
-6.588241500412584902e-05
-1.335412332802096984e-04
-1.004321756436759580e-04
-1.154273012690437201e-04
-8.834459009718805260e-05
-1.148697780602512381e-04
-1.790788435569814780e-04
-9.287102010976156549e-05
-1.333052045148877844e-04
-1.341825028060181452e-04
-1.074886229654062011e-04
-8.096077661060412383e-05
-9.898536670821262567e-05
-1.145062806583270682e-04
-9.957927196131330892e-05
-1.065040058576131773e-04
-1.199831640147402587e-04
-1.464226994467721500e-04
-1.314385173009439674e-04
-1.091960957884477738e-04
-8.738490295620220214e-05
-1.055598175479420341e-04
-1.311136569956172012e-04
-6.679179471260727693e-05
-8.371334136614532861e-05
-9.853743829896885085e-05
-1.175470088583292088e-04
-1.126172673706309616e-04
-1.174733980357269421e-04
-1.543621895700848464e-04
-1.205890796498060855e-04
-9.763285156133794064e-05
-1.387488232315490719e-04
-1.546182732612563717e-04
-1.034522537586618002e-04
-9.347843739503574690e-05
-8.262577422948673108e-05
-8.436643825444220209e-05
-1.002723278292767643e-04
-1.079160131208901181e-04
-1.469907354079009988e-04
-9.716881011266785485e-05
-1.255334431566542687e-04
-1.522675146770405264e-04
-1.003362700887378429e-04
-1.172560032919191226e-04
-1.140718783586617776e-04
-9.800822609130827371e-05
-9.434950395290367332e-05
-9.215359360624230951e-05
-7.118407620689562671e-05
-8.948663534266211063e-05
-1.008097711480133009e-04
-1.357000590692787568e-04
-1.048080668474485599e-04
-1.575337532265417781e-04
-1.519826649347505128e-04
-1.198086547065594357e-04
-8.165757426080929595e-05
-6.452072142839510342e-05
-6.767560699453611451e-05
-9.168660369468708421e-05
-1.035959109386331732e-04
-5.922658607988451899e-05
-1.327890377272192897e-04
-1.277713042728685318e-04
-1.196562872142875307e-04
-8.491720512010758571e-05
-1.162180837860386177e-04
-1.196780291173176218e-04
-1.104817214552951242e-04
-7.717311252459031410e-05
-1.034479816058699660e-04
-7.832158028024660806e-05
-1.117883246933872157e-04
-1.000416967640080894e-04
-9.195076670440422795e-05
-1.235878916447427753e-04
-1.131687612919557293e-04
-1.328059910911494432e-04
-1.295015863214231541e-04
-9.984641326859671807e-05
-1.115136523152341106e-04
-1.063980074750477958e-04
-8.414090531526759393e-05
-7.851403452002502284e-05
-1.269219062457756068e-04
-1.675538251112363070e-04
-1.116386451811035471e-04
-1.446358025025234182e-04
-1.284556083653686095e-04
-9.340625269575648394e-05
-1.268172143126903044e-04
-1.302924691110974123e-04
-1.343921893762673229e-04
-7.894582066243546596e-05
-8.961624502817537943e-05
-8.000276362192049531e-05
-1.258683778438629769e-04
-8.828610252806087181e-05
-8.075555290523001809e-05
-8.101920059094910203e-05
-9.358581068210089580e-05
-1.103926070230209832e-04
-1.146859793970486272e-04
-1.261057931104974425e-04
-8.712125264903562553e-05
-9.641681329763481152e-05
-1.024186000810230879e-04
-1.110947227038635139e-04
-8.287429877970458345e-05
-1.155822394285751435e-04
-1.410715235468979378e-04
-1.299569540687709000e-04
-1.038293842188227849e-04
-1.401280936986673119e-04
-8.242647627978331255e-05
-1.130044984359827994e-04
-9.027636131258061781e-05
-7.852446047623888137e-05
-7.320037304114076040e-05
-9.370845289290276401e-05
-6.810790210527789209e-05
-1.062966577089038462e-04
-8.558338280260917471e-05
-1.269899023028147537e-04
-8.223707689882269660e-05
-4.310775203332019198e-05
-9.310718730592397344e-05
-9.410343828477285794e-05
-1.135666208338715114e-04
-9.173005748008727684e-05
-8.716560700246589271e-05
-1.076919876271622179e-04
-9.599862758993764453e-05
-1.141337114202348966e-04
-9.428280723637332981e-05
-1.548220031380592189e-04
-1.446186437190616196e-04
-1.447151168097588186e-04
-1.082361619036099562e-04
-1.270301993846926570e-04
-1.035526617452995897e-04
-8.504992283147840742e-05
-1.126637794383891046e-04
-1.374549551992602264e-04
-8.682354904430939846e-05
-1.545228775549311565e-04
-1.275191551036096806e-04
-1.331543326828053147e-04
-1.579111574680366567e-04
-1.130733425616379709e-04
-9.072937461074504417e-05
-1.335552785168947867e-04
-8.614789307418197644e-05
-9.392475381613478837e-05
-8.109608400314836105e-05
-1.120292933012781428e-04
-8.176760419402523330e-05
-8.121717047948461964e-05
-4.753254475820798314e-05
-1.650242172929672541e-04
-8.756063250655266256e-05
-1.156522134244852888e-04
-1.339814446346146936e-04
-1.139972783644741167e-04
-1.421747784945406531e-04
-6.519646354475580651e-05
-5.221452644601733199e-05
-1.014107763404148394e-04
-1.136958534250257321e-04
-1.303700077540750381e-04
-1.102219616882134661e-04
-1.160162890814383206e-04
-1.473874947577217067e-04
-1.388014512138606557e-04
-1.594425216386767888e-04
-8.772873931702059242e-05
-8.257624241705645708e-05
-7.261178003090352974e-05
-6.588653902782238973e-05
-1.579205543722371952e-04
-8.668614006072365588e-05
-9.778595681761210643e-05
-1.659471271268632647e-04
-1.145442247025572809e-04
-1.030199460423406548e-04
-1.575163672841129413e-04
-1.218348642851253063e-04
-1.160433022269610954e-04
-1.118094494314176592e-04
-7.723744284105885950e-05
-9.449427215542130737e-05
-9.325083893302326006e-05
-9.533117980153969079e-05
-1.197278027126732011e-04
-1.504255514042567921e-04
-1.005707743997428117e-04
-1.071307920886811028e-04
-1.175499824666767886e-04
-1.402818751480392086e-04
-6.650871703693322728e-05
-1.025982151774445974e-04
-1.074387510173453015e-04
-6.418381471493378703e-05
-1.309630995245257459e-04
-1.127559753783716445e-04
-8.278108653787905492e-05
-8.430535483648632497e-05
-1.427980881485381350e-04
-1.800678418949780847e-04
-9.683647713429669162e-05
-1.587461350380966996e-04
-1.466793389948703517e-04
-8.820949412689414130e-05
-1.066284198102971308e-04
-9.621038056012429555e-05
-1.165350926388648899e-04
-1.245450356889089079e-04
-1.067337102678466766e-04
-1.071233377304360492e-04
-1.204908080488694815e-04
-1.325315126443240947e-04
-1.076617013500944946e-04
-1.038658429138519942e-04
-1.176521390530818655e-04
-1.219330489305821199e-04
-1.044010011282022328e-04
-5.991927023731857273e-05
-1.011320941333678419e-04
-1.252725297845546076e-04
-7.555785143913612339e-05
-7.436270151622667742e-05
-1.800796830356398022e-04
-1.649656375947430246e-04
-1.249584182127760879e-04
-1.690533397203413041e-04
-1.031377087781733856e-04
-1.334953224642091655e-04
-8.560416803495570317e-05
-6.869233467428756325e-05
-7.729342648985041428e-05
-1.399372445572420233e-04
-1.397069600754176247e-04
-9.999340257535482314e-05
-1.470724626005197029e-04
-1.076801471139258716e-04
-1.264244394753885159e-04
-1.170871619795452677e-04
-1.112807678279777044e-04
-1.008175037134182057e-04
-8.019318780809250586e-05
-8.985569398924962508e-05
-8.989880358894786509e-05
-7.458589780697202801e-05
-9.076467010726241790e-05
-1.282087201939504186e-04
-1.212678123260704126e-04
-1.166498704412659954e-04
-1.638028552848184744e-04
-1.554418629655639759e-04
-1.327353804026497374e-04
-8.348959456777344662e-05
-7.532840649187823789e-05
-9.389210139403441908e-05
-9.769606225944925870e-05
-9.423058655985800075e-05
-1.253343552386739835e-04
-3.951978440061239462e-05
-8.926593298586982912e-05
-1.045723063955182787e-04
-1.320643361847012945e-04
-1.495091378469620702e-04
-1.074158117277787848e-04
-1.163743555793392281e-04
-8.229144555175086436e-05
-1.046997329067217029e-04
-8.864228819212319709e-05
-9.185899323391660863e-05
-8.222530704430779146e-05
-9.677208634876681523e-05
-1.375838387547807860e-04
-1.010140363529292987e-04
-1.720123404862597980e-04
-1.242460724124794984e-04
-1.300146534959224342e-04
-1.366623668377917923e-04
-8.771258230893351081e-05
-7.055186191986605561e-05
-1.063623150330935611e-04
-1.089051333547046135e-04
-1.034541116435893005e-04
-1.487647536542319995e-04
-1.291327515721738092e-04
-1.232204734011296062e-04
-1.223082476867164961e-04
-1.645718604852348715e-04
-1.154854081773100226e-04
-9.741784355047105779e-05
-1.108027534811366832e-04
-9.062570467827172878e-05
-7.792395560154198066e-05
-1.144926189769371842e-04
-1.044762771078327677e-04
-1.600344318234655822e-04
-1.153493181074387292e-04
-1.634130354113860111e-04
-1.551502150230401483e-04
-1.170695883516924252e-04
-8.832921955535290304e-05
-1.051399855213348795e-04
-1.035303709519341749e-04
-8.560755676615106849e-05
-9.741225933642475292e-05
-9.154704298902267032e-05
-1.180218866289082185e-04
-1.250870255805776039e-04
-1.245085080464194765e-04
-1.381714279596077226e-04
-1.069820724520425615e-04
-1.389301495919838736e-04
-1.261767465329091730e-04
-9.756545358228421846e-05
-6.277940738264853305e-05
-8.157955715021710181e-05
-1.219069383723327940e-04
-6.960825138238935293e-05
-1.128145685188567554e-04
-9.095050910370148546e-05
-8.585686340923757846e-05
-1.163818934986369987e-04
-9.546788590768878703e-05
-1.125056533333007298e-04
-8.552417080654798579e-05
-1.134354918224341114e-04
-8.291036885638176240e-05
-7.157018264071020764e-05
-7.910870338582621651e-05
-8.489073647032177486e-05
-9.927833813589514555e-05
-6.276304834329259400e-05
-9.006386467782167508e-05
-1.038698983383318822e-04
-1.367063711917521150e-04
-1.562530258112582106e-04
-1.163490331452817736e-04
-9.252188539829854595e-05
-9.728877144417550217e-05
-6.107040987335126574e-05
-1.182060742367206386e-04
-6.410233985840333240e-05
-1.158776249914326192e-04
-1.138756712685109541e-04
-1.569484413540810108e-04
-8.492223481593905675e-05
-1.227141712521948296e-04
-1.237449960228503918e-04
-1.297189439097058163e-04
-1.433930133778655615e-04
-9.489499070691542011e-05
-6.888718603729413739e-05
-8.044443555970522358e-05
-1.134488609496341375e-04
-7.551258219110285400e-05
-1.116214229478303712e-04
-1.018981065824660712e-04
-9.926469596896750553e-05
-1.368501807419078965e-04
-1.260855008109926483e-04
-9.696074785758894638e-05
-7.529622934686103393e-05
-9.074879895451824557e-05
-8.374554754418775697e-05
-1.094309612872451589e-04
-9.911386943956266074e-05
-1.188944367677026431e-04
-9.416453982409602971e-05
-1.009336150882753747e-04
-1.553668140883915773e-04
-1.064287598736141636e-04
-9.328501295993345884e-05
-1.316701952826323954e-04
-1.187497961633715424e-04
-8.063232333606282231e-05
-7.935823494826083318e-05
-1.144510484000980358e-04
-9.519806218698450369e-05
-9.678727492468351668e-05
-1.263081420986533710e-04
-1.103907354532085113e-04
-9.917835464233359824e-05
-1.276510564310189846e-04
-1.095513737745442968e-04
-1.325069501290429964e-04
-9.229235177733610511e-05
-8.047192733132523652e-05
-8.011529155231939751e-05
-9.168471063903924393e-05
-1.146885618015775729e-04
-1.302873124047839077e-04
-1.028378626943331979e-04
-1.256796572431312712e-04
-1.113447523832111904e-04
-9.202491333375220042e-05
-1.214713486694701572e-04
-6.720805123081352074e-05
-1.216515158553782615e-04
-1.131062154407942575e-04
-8.191459610073267405e-05
-1.019504933713826324e-04
-9.493041470943320388e-05
-1.089387201244973794e-04
-1.105360259281213580e-04
-1.041647396484566597e-04
-1.234726012919908479e-04
-1.078091109192189296e-04
-9.717708728674142812e-05
-1.357577445111941990e-04
-1.188354610415335737e-04
-9.440677548604910489e-05
-9.879429394619762658e-05
-9.248684024030148494e-05
-1.465252575610271636e-04
-1.206990255159798905e-04
-9.148607807330886991e-05
-1.500171751582307308e-04
-1.087456771262572083e-04
-1.209166341051074849e-04
-9.843009521316601002e-05
-8.617930569274493747e-05
-1.336541883571402739e-04
-8.738590693940857432e-05
-7.433302399282104372e-05
-9.436020383486739909e-05
-1.172155174288035882e-04
-7.347729038610196584e-05
-7.348736452223066096e-05
-8.627090984106065917e-05
-1.216074549272089575e-04
-1.558557995129781115e-04
-1.454741824164323928e-04
-1.626548092471599293e-04
-1.104515680974069836e-04
-7.830838565125211289e-05
-6.185521518265214304e-05
-8.949728635484588239e-05
-1.311497868170247562e-04
-1.032404317089589263e-04
-1.113848948454600630e-04
-1.202354393754730334e-04
-9.699679329264995807e-05
-1.113113438590235629e-04
-1.097552070022214844e-04
-1.398088570386093793e-04
-1.328740400287663280e-04
-8.279400431828162006e-05
-8.926169393379718197e-05
-8.160422412473382727e-05
-9.599510639266071836e-05
-1.100032316400558071e-04
-1.455301142333757130e-04
-1.010912500090726466e-04
-1.364531407647639159e-04
-1.014893466831491922e-04
-1.212983950534236795e-04
-9.701985640222983995e-05
-1.090986450338197783e-04
-8.582397576311807269e-05
-6.091391726875527984e-05
-1.107306074102702123e-04
-8.244333155860325525e-05
-1.165786698476624665e-04
-8.720930893144934911e-05
-8.270852915163802899e-05
-1.243652541916886187e-04
-1.343683421182395523e-04
-1.019093442242513872e-04
-1.255612702383484354e-04
-1.226721552852409042e-04
-9.670394425357364582e-05
-1.108797215853835744e-04
-9.511619144051663955e-05
-1.002419738467962587e-04
-1.253518638361528366e-04
-1.040685526622496033e-04
-7.603283397060239465e-05
-1.028260569722004841e-04
-1.195093866661103279e-04
-1.161900946656654269e-04
-1.084738015148065956e-04
-1.075486811717949078e-04
-1.088372117523869076e-04
-9.612063956784193224e-05
-1.033516485563226674e-04
-9.170803388056774101e-05
-1.074034950068237674e-04
-1.337579369728424399e-04
-9.121899543280661063e-05
-9.373790130881851426e-05
-1.382136458356483474e-04
-9.991281026548495792e-05
-1.047506040320722289e-04
-8.361375063599372505e-05
-6.386622518760635633e-05
-8.355149553766325792e-05
-9.357299271993496051e-05
-1.063330818208333523e-04
-9.415338636744699269e-05
-1.189193934756421284e-04
-1.020220126904288740e-04
-1.181852696646717310e-04
-1.346856986793691093e-04
-9.814889451932116006e-05
-1.208724708925186400e-04
-1.424082422202209138e-04
-4.460801251109058999e-05
-6.139867145190943765e-05
-9.384332915710673849e-05
-9.111925129232232494e-05
-1.188903157529052083e-04
-1.335976845332822462e-04
-1.193708240230139170e-04
-1.374068196762041276e-04
-1.205087810663885335e-04
-9.106069442794995658e-05
-9.103105924752480382e-05
-1.119119596371765464e-04
-1.032719337751208867e-04
-8.038974786707347813e-05
-1.145303859809534736e-04
-7.268107553286753540e-05
-1.074649056977471871e-04
-1.162978143768496759e-04
-6.786152463869973188e-05
-1.149971697069898451e-04
-1.542422471996225252e-04
-1.231387771929625600e-04
-1.380589301566412567e-04
-7.753731783390601718e-05
-1.181542554524780530e-04
-1.151760903378436067e-04
-6.887086986656209154e-05
-9.888775876665969566e-05
-9.989526322555767506e-05
-1.109320295261252389e-04
-1.471373510454590972e-04
-1.281326919291817152e-04
-1.504198738884126132e-04
-1.275410742273057568e-04
-1.479251434778300984e-04
-1.104223371809502689e-04
-1.087991400653359162e-04
-9.625270352359844000e-05
-1.083438113830316609e-04
-9.610789946095440062e-05
-1.215799078854446212e-04
-1.065390482435508686e-04
-1.671558102351948494e-04
-1.516205004429914513e-04
-1.396419474145537917e-04
-1.241825371148400699e-04
-8.647166814395501795e-05
-9.559535048436694732e-05
-9.517733153009181831e-05
-9.470220863447101638e-05
-1.111644749905939033e-04
-1.248064193771846830e-04
-1.104395910079215072e-04
-1.203371582928366393e-04
-1.548245893411272711e-04
-1.702572622269977586e-04
-1.665019043204371346e-04
-1.462287641540646881e-04
-1.235415532778438841e-04
-1.320675028077397607e-04
-8.504455443211422707e-05
-8.525913181754359320e-05
-9.769702827026511302e-05
-9.745787411285506796e-05
-1.133926517047998273e-04
-6.234909745058297189e-05
-1.301708211668486123e-04
-1.188751229357840191e-04
-7.689345035552985676e-05
-1.109321920955675354e-04
-1.273621259008281248e-04
-7.832898553933899377e-05
-8.370297216394027059e-05
-8.213589393924501452e-05
-1.042997931642200522e-04
-8.938303769791292811e-05
-9.094667664147628133e-05
-9.442295382534559548e-05
-1.679175317124455150e-04
-1.194495514677422271e-04
-1.426106482222387628e-04
-1.139229100929223677e-04
-1.270022321142842562e-04
-1.182455889056234619e-04
-8.204016573954651123e-05
-1.198407312458041069e-04
-5.557994471430174595e-05
-1.210589383422178155e-04
-1.189081847804620298e-04
-7.538123844018179925e-05
-1.039371755704470877e-04
-1.525891747642504469e-04
-1.125347699712290047e-04
-9.888511327378039664e-05
-1.315181485485098748e-04
-1.033874829833114037e-04
-1.135515138842626008e-04
-8.115388770262581708e-05
-8.558719915811485084e-05
-8.447585781564409947e-05
-8.166146217518092834e-05
-5.660446498682911962e-05
-8.242328913680050067e-05
-1.179580854351492959e-04
-9.835018953790650685e-05
-1.254968191117005654e-04
-8.566549916817550389e-05
-8.603749468055135340e-05
-9.475437413009014324e-05
-9.416588163097830910e-05
-7.898686186173072487e-05
-1.116687298731816976e-04
-8.228907752102635257e-05
-1.030835599949954319e-04
-1.053756383663554498e-04
-9.337071281916709117e-05
-1.149217692385142017e-04
-1.060866006644583853e-04
-1.121687555135909256e-04
-1.112966850752581185e-04
-1.023368826364589066e-04
-7.775765875447713637e-05
-1.088815665321834738e-04
-6.927646644495254668e-05
-1.225132618355853967e-04
-8.981027901882454719e-05
-7.314706245076452651e-05
-1.388064676964017067e-04
-1.347666728361314318e-04
-8.563340574389400695e-05
-1.280698110257949399e-04
-1.540996483581149072e-04
-8.774322910735652997e-05
-6.504222697862798244e-05
-1.058821727057628043e-04
-1.013294505319163580e-04
-1.058269201768840569e-04
-7.947820665407913040e-05
-1.222066132931856608e-04
-1.564986653806797311e-04
-1.295156452493032029e-04
-1.392861659813048666e-04
-1.315266871975976552e-04
-1.057687723784511490e-04
-5.301105335215326627e-05
-6.762277180803470309e-05
-1.020034877163198913e-04
-1.104237443184947744e-04
-7.450673156056640534e-05
-8.514981736315209025e-05
-7.023765967454803129e-05
-8.870035800600965857e-05
-1.268998132105769001e-04
-1.452535826127420132e-04
-1.242326386951273572e-04
-1.358961933173911355e-04
-8.312572608262985341e-05
-7.274161212136601921e-05
-1.228629232479257053e-04
-1.111079458939905399e-04
-1.179328083560050665e-04
-6.876910275740756855e-05
-1.513294218931688793e-04
-1.387477557362242972e-04
-1.374539845294833838e-04
-9.683553822151740693e-05
-9.302199173324655283e-05
-1.392986615130958677e-04
-7.288573131988634012e-05
-7.200801319329960804e-05
-8.105054946883020876e-05
-1.167023065174228072e-04
-1.300304176671054641e-04
-1.067486479223589418e-04
-9.732650047213858120e-05
-1.461762832963524187e-04
-1.511254517798859632e-04
-1.354019949040178130e-04
-1.298804024818911277e-04
-9.658675339349221821e-05
-9.693797020113503130e-05
-7.353040330757144416e-05
-1.083358908721136809e-04
-1.202724672953332639e-04
-9.515969384780889433e-05
-9.660986933911104308e-05
-1.189459584213258984e-04
-1.313520692077883975e-04
-1.098596794816236830e-04
-1.299480202097161806e-04
-1.328645351597424016e-04
-9.549291040475763048e-05
-9.256082658862595073e-05
-7.966568112581430983e-05
-6.443971058838463993e-05
-1.103013470162774617e-04
-1.128236776267325448e-04
-1.164321621636116533e-04
-1.150218755193138897e-04
-1.557150752179225844e-04
-1.519029698347773300e-04
-1.279850244745731947e-04
-1.244089663710903600e-04
-1.028745240973668283e-04
-8.598886942337514907e-05
-7.817685112278507562e-05
-8.968857600609080538e-05
-8.665860542448487389e-05
-1.188051528944329796e-04
-8.859285093248656410e-05
-1.384353190416242132e-04
-1.876375737716826650e-04
-1.017077943216216008e-04
-1.071362034331947542e-04
-1.167554531293869884e-04
-1.096256098427704885e-04
-8.662433815264679641e-05
-7.301348075229078757e-05
-9.835597317166828025e-05
-1.064430006365087194e-04
-9.362127364712090371e-05
-1.235585109697138724e-04
-1.202591942379328956e-04
-1.381161764278196773e-04
-1.591578477402425819e-04
-1.318178863895867856e-04
-1.264186160219887584e-04
-1.110044072273686709e-04
-9.849986206519211916e-05
-8.332482361605772340e-05
-9.623784408918779453e-05
-1.242597058245376420e-04
-1.065838730296768638e-04
-9.224064610795537059e-05
-1.365940470924327911e-04
-1.524506359661744088e-04
-1.616820681355748068e-04
-1.209493398795594436e-04
-9.110289144817753314e-05
-8.102471423228723422e-05
-8.713140532038453139e-05
-5.739342940833214537e-05
-8.063667650194181863e-05
-9.723669888031397437e-05
-1.238085244580149037e-04
-1.063149535339879192e-04
-1.497464883407356327e-04
-1.295662494923621939e-04
-1.124833851810111104e-04
-1.088678503050832341e-04
-9.981664364501915368e-05
-9.033565136199672382e-05
-8.960102986806339721e-05
-8.111795780107738539e-05
-6.960220519811346725e-05
-9.176628498466194253e-05
-1.137369296650860668e-04
-1.032884780601529785e-04
-1.058076744289303988e-04
-1.415140376257294913e-04
-1.384792832826385307e-04
-1.292371648936383041e-04
-1.037413296528117839e-04
-1.060239666029502936e-04
-9.388274773122745999e-05
-8.089216136967502537e-05
-8.627657284990593734e-05
-1.049530253782202598e-04
-1.008253798646684048e-04
-7.064269160727630994e-05
-1.681927819326694163e-04
-1.306293220793023821e-04
-1.161194118336765675e-04
-1.281591259363910396e-04
-1.131763432774836027e-04
-1.309789848579023352e-04
-9.267974803983084105e-05
-7.251578686966993279e-05
-8.832389384780714621e-05
-1.164213996856873268e-04
-1.173131598527147712e-04
-1.315009833453958856e-04
-1.387732744567082496e-04
-2.020785957474139510e-04
-1.277945907230920546e-04
-1.058468423662375300e-04
-1.234873093325029772e-04
-1.085348410746336741e-04
-6.709023920155497635e-05
-7.764614500307953898e-05
-1.070912707409584695e-04
-9.253175631044238659e-05
-9.942590882722096329e-05
-1.657061175239132379e-04
-1.205915477764128772e-04
-1.556687815838598892e-04
-1.080228875902172297e-04
-1.155512299396888498e-04
-1.037467155229153783e-04
-7.057847405104655998e-05
-8.219318491285846674e-05
-9.211332959134037573e-05
-1.112647174922248508e-04
-1.135064558687545364e-04
-8.992571830780314807e-05
-1.156464852428991630e-04
-1.556722054886787085e-04
-1.305037173618473813e-04
-1.893011839964956475e-04
-1.202845117019145127e-04
-8.774759439354099086e-05
-8.636652772039295754e-05
-1.006812009790897418e-04
-9.957527219400298148e-05
-6.964060598432240446e-05
-1.212468594041650986e-04
-4.934613272713991871e-05
-1.557405264746276972e-04
-1.283194145006259909e-04
-8.400321927337726230e-05
-8.890431250423798306e-05
-1.617243922029837930e-04
-1.061247873765343498e-04
-1.495778627966345877e-04
-1.115600895548252619e-04
-8.086528056415265904e-05
-9.628934380117722363e-05
-7.575659911514680028e-05
-9.364929572526942440e-05
-1.367801524636426782e-04
-1.724792619833188684e-04
-1.356843623538322259e-04
-1.373462723280836635e-04
-9.152191447510301661e-05
-9.430544643952689309e-05
-1.127035932765021255e-04
-9.143682273573657741e-05
-1.009631974514488566e-04
-1.120213850621204986e-04
-9.956312876142436961e-05
-9.246004875325686278e-05
-9.438651323203526764e-05
-8.264490625196754326e-05
-1.239950692668109365e-04
-7.298609312763092779e-05
-1.072243855894118288e-04
-1.159622788777176704e-04
-9.249433268259150292e-05
-7.863901721756482073e-05
-9.109593272161850867e-05
-1.071962829195083453e-04
-1.068008803957946857e-04
-9.921734565781543556e-05
-6.041671063931610227e-05
-1.485758746516403328e-04
-1.000214029522475341e-04
-1.025499848304249303e-04
-1.676180736871712670e-04
-1.321256375209902084e-04
-9.926703538315126678e-05
-1.035529797700420623e-04
-8.549501380545064576e-05
-1.009965846550089967e-04
-7.485130603714269543e-05
-1.096176177035131132e-04
-1.016686633647906189e-04
-1.253821949149979602e-04
-1.528814880281699343e-04
-1.661045146415703608e-04
-1.390946621874066403e-04
-1.475568975353028288e-04
-1.245213127160997829e-04
-9.161809911167984413e-05
-1.046610217243247923e-04
-1.064595955453772599e-04
-1.054918772045056858e-04
-1.139572090667956885e-04
-1.194829795785504152e-04
-1.627237323458479530e-04
-1.130034513687480982e-04
-1.400302385443220985e-04
-1.534996242824542109e-04
-1.001338394228053387e-04
-1.451175024414887778e-04
-9.852189782516500402e-05
-8.864855792444515108e-05
-8.549882932170171207e-05
-8.266742296900279907e-05
-8.965594450178928764e-05
-4.766271245135704363e-05
-1.192724030592673238e-04
-1.383684566677476037e-04
-1.155182782098278433e-04
-1.814199097626570736e-04
-1.082841243270712028e-04
-1.004436433986024082e-04
-1.083283993466015334e-04
-1.005533299588664745e-04
-1.228669594529325614e-04
-1.388372555531818594e-04
-1.323653094697519730e-04
-1.709994214859953234e-04
-1.529686063405023464e-04
-1.382241265922479114e-04
-1.682813975964583581e-04
-1.147180591273398736e-04
-8.028825136214081965e-05
-8.232539300278554281e-05
-8.670592033650601101e-05
-9.048913945500741782e-05
-8.950296882560705833e-05
-1.171421613660574360e-04
-1.070756973908968356e-04
-8.581132466725119540e-05
-1.540678687982318979e-04
-1.422461372144444031e-04
-1.566175199049185500e-04
-1.062932419085340778e-04
-1.316518743603315236e-04
-1.155163943294156340e-04
-1.068719740516617980e-04
-5.691261260062871225e-05
-9.478322267858557617e-05
-7.909145805859527784e-05
-1.384011259117807493e-04
-8.610936571296496896e-05
-1.433390748852072789e-04
-1.976179686347443289e-04
-1.157436545208313116e-04
-1.519623502049005398e-04
-7.264295035156010196e-05
-1.304891088753351970e-04
-6.579680521830437879e-05
-9.675434827135395125e-05
-7.758964648414843279e-05
-1.050732356766353814e-04
-1.085602045482737766e-04
-1.262459355207617507e-04
-1.400843925982870328e-04
-1.342604678876272209e-04
-1.300308241017386190e-04
-1.026866631157220269e-04
-8.742766102443778463e-05
-8.940334595380069278e-05
-9.386674313140835055e-05
-6.406485852316973954e-05
-9.725468476979731724e-05
-1.028912241578194641e-04
-1.451265041400673177e-04
-1.251621312088769123e-04
-7.863299763082846775e-05
-1.305067265751688049e-04
-1.725338733683433540e-04
-1.290750879577562925e-04
-1.163945706478885318e-04
-1.148030423985746195e-04
-9.428096151066218521e-05
-4.290642700781637284e-05
-8.301808471603259359e-05
-6.707850872473056485e-05
-1.009237445300469174e-04
-9.466390635131067893e-05
-1.189663665793376035e-04
-1.699047663629463202e-04
-1.124031893153930751e-04
-9.120869303529929905e-05
-1.421647277896785015e-04
-9.816756512587971033e-05
-9.038312523697090474e-05
-1.029043951327980252e-04
-9.379961338218398086e-05
-8.194445264583613716e-05
-6.942346079487392643e-05
-9.284941074032253695e-05
-1.179874440808542364e-04
-1.281214944694939709e-04
-1.248520111797288040e-04
-1.763859519649374204e-04
-1.182862155069779167e-04
-8.828829879725338427e-05
-1.149859366375798715e-04
-8.400349480803905359e-05
-9.714399329948425108e-05
-1.014397983933813981e-04
-1.168224613758751275e-04
-7.940849133865186230e-05
-1.052716999595486715e-04
-9.311389371725042072e-05
-1.229894126652911505e-04
-1.034322292245742127e-04
-9.576679586788750724e-05
-1.284528299583049453e-04
-7.875286533071594413e-05
-8.636210499307950847e-05
-9.777191696096928218e-05
-9.178183002299865020e-05
-9.934969840684306007e-05
-1.033162030036775461e-04
-1.400517229370023945e-04
-9.693306565122908379e-05
-1.687455698932118430e-04
-1.256257865220024251e-04
-9.600883755649293081e-05
-1.187393634267258906e-04
-9.400791446678626734e-05
-9.106008888706773553e-05
-1.074129104772519763e-04
-6.339780854123089197e-05
-9.927223797277808762e-05
-8.048787360919593321e-05
-1.144452585323587490e-04
-1.728824016138661758e-04
-1.136423309659062727e-04
-1.227202880870056575e-04
-1.358611748994418048e-04
-1.232061197866981378e-04
-7.638957111383001873e-05
-6.005363140410574659e-05
-9.989470891498218044e-05
-1.040152599533680213e-04
-1.352040609942864870e-04
-9.650895309697778320e-05
-8.819227062764456026e-05
-1.080571494458204502e-04
-1.157685092829895259e-04
-9.230200099037664282e-05
-1.292594867217399825e-04
-9.484126757189177627e-05
-9.280190813356438201e-05
-8.249827610983457616e-05
-1.019005437053874312e-04
-1.171973316090214748e-04
-9.931755095775151980e-05
-1.206753533453219746e-04
-8.918109203438969736e-05
-1.512026626283885131e-04
-1.706918675349823784e-04
-1.369112226099337189e-04
-1.059313357222161397e-04
-9.029236587356178939e-05
-9.380447063280537639e-05
-1.105043829742905431e-04
-1.075166061708418390e-04
-1.033647589072370288e-04
-8.835852005547487704e-05
-1.191563935505715756e-04
-1.582529137436681610e-04
-1.271810375025264216e-04
-1.020761936271611829e-04
-1.518057694552999326e-04
-8.805199951622060494e-05
-1.136360244570727137e-04
-1.091376655538937851e-04
-9.445325457429290539e-05
-9.709528690274679035e-05
-6.418951329721239729e-05
-8.752905611536632266e-05
-1.216463089652605148e-04
-1.658865134404285643e-04
-1.410844100092836654e-04
-9.998531630052918376e-05
-8.299874150499699183e-05
-1.073285253729696969e-04
-8.754582872203686564e-05
-8.124573703969025114e-05
-6.585489360317798202e-05
-7.167113396809348042e-05
-8.908161044052166806e-05
-1.669955391299340788e-04
-7.875352377568541767e-05
-1.095844533722956516e-04
-8.605657827808065757e-05
-1.440803547430791122e-04
-1.216873463478021793e-04
-1.487292899097973186e-04
-9.008696601664202249e-05
-9.943449232341549846e-05
-7.204577611987219242e-05
-1.384574711668623136e-04
-9.457205178996795950e-05
-1.004753617107076262e-04
-1.208207944809158144e-04
-1.295190949064741501e-04
-2.159100775902270336e-04
-1.615742905938200794e-04
-1.312655840822492660e-04
-8.405997926889686436e-05
-1.422216179491702065e-04
-9.063592319000569918e-05
-7.764297155296089818e-05
-1.100741712761217340e-04
-8.297460226603574438e-05
-8.459749786061788817e-05
-8.931454730001089980e-05
-1.804449096161769590e-04
-1.132641105975325344e-04
-1.168647642420820107e-04
-1.180701004120889892e-04
-1.476818007988653001e-04
-9.530800842262033797e-05
-1.017369898456529697e-04
-7.261348340909899582e-05
-1.110892717422813392e-04
-1.341350925844338692e-04
-1.301694978422787610e-04
-1.221401718299922035e-04
-1.373404200835076487e-04
-1.437343368219059679e-04
-9.374083176335706305e-05
-1.174709134461316800e-04
-1.128857473588097812e-04
-1.029084771512077981e-04
-1.123107894009028678e-04
-9.136097531445260607e-05
-1.060832884923394135e-04
-9.633260236067454907e-05
-1.102198781884278846e-04
-1.078232968243787433e-04
-1.549097571812779132e-04
-1.229258572414074636e-04
-1.232974152449966404e-04
-1.337079463672165248e-04
-1.039638327453287829e-04
-1.033471455369692338e-04
-9.082207332390835198e-05
-1.229360740600855145e-04
-9.468722905141062037e-05
-1.164158693022057157e-04
-1.082591505190530945e-04
-1.108805251167658076e-04
-1.635127813010273904e-04
-1.182885766515650975e-04
-1.297428528576427358e-04
-1.178635986280691185e-04
-1.349070545390564048e-04
-1.183667633086243269e-04
-8.167890710846924425e-05
-9.756353450232651452e-05
-1.008386222023550266e-04
-8.242112905476466653e-05
-1.630012889004755572e-04
-1.038156948431520859e-04
-1.472008340009487055e-04
-1.199809314132368885e-04
-9.941161151844517599e-05
-9.678913531771966014e-05
-1.214935092666929409e-04
-1.262375444501538429e-04
-8.871805251504133352e-05
-7.034612101092447330e-05
-9.632172315323896594e-05
-1.001129620626355906e-04
-1.034681352561892437e-04
-1.456266892334178885e-04
-1.145521630312908298e-04
-1.184494877044740455e-04
-1.029473893981200198e-04
-1.657073334899121086e-04
-1.036194344349261961e-04
-1.173548361962714203e-04
-8.799336821179775867e-05
-1.009638789156392047e-04
-1.243677808398842982e-04
-1.006743005421113177e-04
-9.406940242531885445e-05
-7.266035411128075655e-05
-1.112281823547576229e-04
-1.433249390760469439e-04
-1.358659402420107291e-04
-1.776046615480832299e-04
-9.412703487788230889e-05
-1.265287279765434049e-04
-1.174536860914256718e-04
-7.586655024212286998e-05
-1.003458118051250104e-04
-8.883589521214813013e-05
-1.323516738868577003e-04
-8.306590127568322694e-05
-1.624130214007057569e-04
-1.642811654731078262e-04
-1.238120294815644876e-04
-1.250529634511373463e-04
-8.851912948090643566e-05
-8.424183282713484694e-05
-6.557244357516904261e-05
-1.058875561089304144e-04
-7.454650044836100221e-05
-1.038091640820680637e-04
-9.867012646985396014e-05
-9.456025206177987128e-05
-1.064457869629650643e-04
-1.033440230344766480e-04
-1.155794224684435011e-04
-1.660019923562275313e-04
-1.194527428513508202e-04
-1.030122688050885894e-04
-7.891204574663811895e-05
-8.637289747591626226e-05
-9.459400222066685648e-05
-8.996735044274981204e-05
-7.505909779800660521e-05
-1.299929610520223042e-04
-1.432719887386860224e-04
-1.591681187643569149e-04
-1.522953215556367094e-04
-1.394608102893541107e-04
-1.307053525720658111e-04
-8.715786038690879220e-05
-1.273925994612546591e-04
-7.626764460083210965e-05
-1.030524473161377593e-04
-8.408991808249066029e-05
-1.139368815627621762e-04
-1.142021125122483400e-04
-5.283914739310852841e-05
-1.359875838029727725e-04
-1.354192554262943315e-04
-1.134010088341372866e-04
-1.092933829862599598e-04
-6.270511704338576980e-05
-5.787262715700313299e-05
-8.773003702138313991e-05
-5.808500160217682325e-05
-9.520394985595908113e-05
-8.100643957353177943e-05
-1.624250149449995336e-04
-1.208997192744112675e-04
-1.386910294021402048e-04
-1.663841166031590382e-04
-8.514464456239688840e-05
-8.194073857819295374e-05
-1.245039336580495656e-04
-8.492571160331096247e-05
-9.007845844161877392e-05
-1.024083441363897267e-04
-1.262656601175865404e-04
-8.728663680776578451e-05
-1.301901001655641555e-04
-1.035871061257724184e-04
-1.217952040301748304e-04
-7.873739859023780319e-05
-1.285422505699611729e-04
-8.203566746315585476e-05
-8.742348230043440560e-05
-1.038604549539193982e-04
-8.817873346502980928e-05
-7.209721417981397801e-05
-8.840651026417850589e-05
-1.427466693900860501e-04
-1.337342359853246963e-04
-1.223081260306921032e-04
-1.311314516055918052e-04
-1.313137124495900000e-04
-1.174091663674374048e-04
-1.063975115214132577e-04
-1.204794030116096627e-04
-9.794676486757792483e-05
-8.049938529861028072e-05
-1.180856217182729386e-04
-1.061068404835943332e-04
-1.067300028398427032e-04
-1.812186074264096798e-04
-1.300181279574513847e-04
-1.568857927440104640e-04
-1.745058387489145982e-04
-1.580306023034622621e-04
-1.004365766236107831e-04
-8.819179281682040989e-05
-8.140943295907136508e-05
-9.011680340914054142e-05
-6.228534821122994178e-05
-9.324478672007057616e-05
-1.233362998686373941e-04
-1.143417103720272693e-04
-1.246820289952792508e-04
-1.045425310385773317e-04
-1.314380238234747118e-04
-8.457649047520125014e-05
-1.407473095589987816e-04
-1.145942983687755899e-04
-1.118766369957982965e-04
-5.446466806291552662e-05
-1.088609113461972089e-04
-1.082535934983783134e-04
-1.392612105994477730e-04
-1.406517921060702078e-04
-8.367746992843160892e-05
-1.225520165524194573e-04
-9.993680529268629423e-05
-1.228217574878526165e-04
-1.464062614851904549e-04
-1.153561367135511224e-04
-1.066882931937557515e-04
-8.432019237873167089e-05
-7.195490613669772194e-05
-8.892343607234033545e-05
-1.041337988536696979e-04
-1.241809139764394200e-04
-1.528359574973387229e-04
-1.044086200831831042e-04
-1.625739079305746663e-04
-9.386754020198684930e-05
-1.121256399780678288e-04
-8.583087181973653038e-05
-7.798752687574348418e-05
-1.040871773174321079e-04
-8.335902888075922006e-05
-9.502935791907880260e-05
-1.521370801294076093e-04
-1.154908738219424916e-04
-1.925239983391612854e-04
-1.231863575534837920e-04
-1.402650128896532251e-04
-1.103580736171391616e-04
-1.266570311884504941e-04
-9.682455019483212429e-05
-1.129126596025795793e-04
-5.749395807209777129e-05
-9.493132945037799201e-05
-1.178985994351509323e-04
-1.244140722766300122e-04
-9.132755662760476867e-05
-1.299850471501254074e-04
-1.536907202497863538e-04
-1.309155232330782865e-04
-9.974297877421027568e-05
-1.150850826676956328e-04
-1.411326142852553970e-04
-7.464430774909801400e-05
-7.854844557713257128e-05
-8.900564523413311035e-05
-1.207886660542911576e-04
-1.040639016695357440e-04
-1.480631023273303200e-04
-1.008299483515250289e-04
-1.389896947832877400e-04
-1.286742210644842180e-04
-1.318903849990772550e-04
-8.905184562839269294e-05
-1.024882751336220064e-04
-9.591113399162952923e-05
-8.055884960647993309e-05
-9.774430628473823135e-05
-8.312457781628905030e-05
-1.435798833855821209e-04
-1.069218099632826167e-04
-1.235428886876349598e-04
-1.227245268108068913e-04
-1.649947076415466101e-04
-1.141035494371400467e-04
-1.408374083170778150e-04
-6.715073092132504431e-05
-7.068301647976316571e-05
-8.119907357520410893e-05
-8.497147104178363235e-05
-1.024676943359986020e-04
-7.942618756636046870e-05
-7.823891415722080648e-05
-1.809220744180617196e-04
-1.732650540437096409e-04
-1.464085266974698432e-04
-1.353252720851694409e-04
-8.035575381626929210e-05
-1.470447356223402878e-04
-9.988111508649316606e-05
-5.605697314013839759e-05
-9.153452745900475843e-05
-1.081031398737535893e-04
-1.325788009232542898e-04
-1.067720203193701559e-04
-1.597239964861904538e-04
-1.371698838817045634e-04
-1.239251374131034554e-04
-1.364394303455461444e-04
-1.294668094280866872e-04
-1.306116703711687191e-04
-1.000643485011785001e-04
-1.011173427063072762e-04
-7.392393366969303610e-05
-1.091535082816100011e-04
-1.419103544488742785e-04
-1.341759911779674967e-04
-1.101755569786444207e-04
-2.116893877484990656e-04
-1.290732238984002565e-04
-1.128253855224434552e-04
-1.325759180892469166e-04
-9.803461642773890776e-05
-8.490910310458768941e-05
-7.374528940403916454e-05
-1.281817236169791334e-04
-1.197007953512389122e-04
-1.161070079009196966e-04
-1.069320830772366306e-04
-4.227061080645002885e-05
-1.502599020634325490e-04
-2.243511551288341428e-04
-1.273237770200360012e-04
-1.068601589705930270e-04
-1.270402214385212231e-04
-8.329067865066288516e-05
-8.514439959052560894e-05
-9.060983108737079717e-05
-1.049941085178222964e-04
-1.407232084270215061e-04
-1.015726336360401987e-04
-1.200673812381979668e-04
-1.321241236314778418e-04
-1.520661208667522255e-04
-1.284980260581176611e-04
-1.363992367232411812e-04
-1.315690958557529414e-04
-8.475842039788383992e-05
-8.149873322106098599e-05
-1.179066122196127935e-04
-8.656723105146669594e-05
-1.007509334859677197e-04
-1.263015706274076531e-04
-1.272799009819055910e-04
-1.542326051312905048e-04
-9.360510812127336409e-05
-1.428193434597292743e-04
-1.597582697687102433e-04
-8.549936708892864716e-05
-7.859144985987372460e-05
-9.652870490081784589e-05
-1.001346437924046273e-04
-1.035079147512531081e-04
-1.158826005248743613e-04
-8.194405212621724247e-05
-1.882267384472699359e-04
-1.998195587695077743e-04
-1.521589074911007414e-04
-1.051316877995500144e-04
-6.969441712435288112e-05
-1.453131586208767647e-04
-9.206940120752744872e-05
-8.853956267154347321e-05
-7.505494635377562066e-05
-9.075830077979366408e-05
-9.894369887770320445e-05
-8.852174516759566650e-05
-1.546059516307630023e-04
-1.574666517761155141e-04
-1.224904313890343318e-04
-1.181661430041902833e-04
-1.031750027079049458e-04
-1.032857074825898307e-04
-8.512350876553074011e-05
-1.201783588743446569e-04
-9.191111465789650737e-05
-1.038428018213953985e-04
-1.269258507279266712e-04
-1.186551289527708195e-04
-1.437745151761388054e-04
-1.998377893745398727e-04
-1.193990381208697419e-04
-9.503600283015596650e-05
-9.248233801523431899e-05
-1.279744839088974820e-04
-8.424105064318592915e-05
-1.097186194899342536e-04
-9.374584505748028188e-05
-9.188784402821316151e-05
-1.044836307248403528e-04
-1.261833574766203347e-04
-1.014180052432378070e-04
-1.628203360309483092e-04
-1.069191504403313594e-04
-9.971218008260790714e-05
-1.217596754078706747e-04
-1.170344202868482973e-04
-9.591146245768275460e-05
-1.106271637510452990e-04
-9.218217012288186594e-05
-7.142518013399669601e-05
-8.347659639877762488e-05
-1.290069945167720536e-04
-8.771212816517694731e-05
-1.137432789533607887e-04
-1.099404681760367920e-04
-1.221397134910239706e-04
-1.123249868974436806e-04
-1.054059084409248863e-04
-9.690374052792945388e-05
-9.787223676825688382e-05
-7.608040026021616932e-05
-9.561247771033464708e-05
-1.179568300011994366e-04
-1.358733138558371038e-04
-7.170535160158079578e-05
-1.328693218547831456e-04
-1.576641591409324065e-04
-1.061645863381276497e-04
-1.091351528525578047e-04
-1.221301473399451741e-04
-9.153569993973117156e-05
-7.759977428175827030e-05
-1.173143770668324648e-04
-1.438201123279122325e-04
-1.392257823491338639e-04
-9.557240659317797564e-05
-9.455944572319004669e-05
-1.261813740338616667e-04
-1.262519276255287396e-04
-1.081694264939836848e-04
-1.162568883348471627e-04
-1.114449974399763020e-04
-1.126557788185267170e-04
-9.887459482660839491e-05
-8.399640554860924831e-05
-8.088952002949775300e-05
-8.329318199084003132e-05
-1.218013802706361689e-04
-2.131375297829333050e-04
-1.105259201578403339e-04
-1.257239899158064196e-04
-1.108485284020963225e-04
-1.086547497751706406e-04
-1.319745935744479559e-04
-9.570069820773379821e-05
-8.498773695843876382e-05
-8.967291637543774890e-05
-1.044850306383512310e-04
-1.064368692706776649e-04
-8.776046903555082283e-05
-6.916387307192262102e-05
-9.442283703365160377e-05
-9.544072601837839942e-05
-1.290855187810599687e-04
-8.438473653097338788e-05
-9.218918220947765717e-05
-8.407873153751661529e-05
-1.108024197471449201e-04
-9.503471013202121893e-05
-1.111355795562151788e-04
-1.127604466714656682e-04
-1.032962449348878508e-04
-1.262461331930384099e-04
-1.704593869106407083e-04
-9.206800874013707284e-05
-1.510889431691212685e-04
-8.094362261354915106e-05
-9.793292050294383070e-05
-8.327912419265758211e-05
-7.875565484916407166e-05
-1.271932838722113549e-04
-7.996398929013888326e-05
-8.776380620488161469e-05
-1.170802418744289571e-04
-9.466646471368299917e-05
-1.344133198016974956e-04
-1.122541479706456509e-04
-1.416114753463956104e-04
-1.184985169320334635e-04
-1.046193566123401308e-04
-9.140692382467933801e-05
-7.498187830417044715e-05
-8.455984548514943638e-05
-1.058712219982957940e-04
-1.214702371585860645e-04
-1.256792415405684580e-04
-1.070761232244338875e-04
-1.436909375319471243e-04
-1.308094892916713485e-04
-1.256436802382716249e-04
-1.077610291001451591e-04
-1.187634184746196633e-04
-7.652744543354919767e-05
-9.037095447434002264e-05
-1.133217648103097640e-04
-1.056273638116601973e-04
-1.215563445026642968e-04
-6.955327882554747897e-05
-1.228048133723309799e-04
-1.265835632472001732e-04
-1.576099263316896196e-04
-8.784679412354946999e-05
-9.649483455446706539e-05
-5.880700884533646540e-05
-9.231535672603277296e-05
-1.239830099147476070e-04
-8.923969793593950124e-05
-1.035326050753294377e-04
-1.278545506103782002e-04
-1.048323695017064420e-04
-1.433215718660385107e-04
-9.309203873654482415e-05
-1.424292988941464272e-04
-1.635771816770748965e-04
-1.324710477655893890e-04
-9.491633198533793976e-05
-8.318373157073102951e-05
-9.097442062062592171e-05
-1.086162394187807585e-04
-7.614392676979987902e-05
-1.161976951632194002e-04
-9.587235406355343900e-05
-9.588465649367125239e-05
-1.521765255535774246e-04
-1.167838555449850457e-04
-1.241691361721203562e-04
-9.822069165396877675e-05
-1.235205386898714742e-04
-1.038864166817087507e-04
-7.890080628932531108e-05
-9.995188562187733931e-05
-1.153641823372337063e-04
-5.871466107985273220e-05
-9.972894537698184857e-05
-1.114715915438558544e-04
-1.712873363167932911e-04
-1.446819492833309440e-04
-9.731862855131884118e-05
-1.336474091999109107e-04
-1.127543655520788667e-04
-1.068755519954008541e-04
-6.821494480110609250e-05
-1.122013587065852873e-04
-9.113623024471999409e-05
-8.871648974484174931e-05
-1.578502191956764901e-04
-1.614265937110983737e-04
-1.308037776090823238e-04
-1.477506835394280349e-04
-1.764055730328325047e-04
-1.264511908486863276e-04
-1.359054202707405388e-04
-5.561651281953815414e-05
-9.073373611966825930e-05
-1.124731600144783712e-04
-1.033241024531781862e-04
-1.299041602520945753e-04
-9.461465553463561994e-05
-9.247604819617085011e-05
-1.702489045928038346e-04
-1.376350679095628398e-04
-1.114337220714188131e-04
-1.325749249141786068e-04
-1.053744024131215946e-04
-9.799415361152162551e-05
-1.026733518613802941e-04
-1.062183872028179773e-04
-8.960102308833773125e-05
-1.107339330439289826e-04
-1.054015149833868021e-04
-9.881209242558372215e-05
-1.536723752867222325e-04
-1.516940383218326200e-04
-1.197706093330096541e-04
-1.044126811365843121e-04
-1.448636033813124012e-04
-1.124546587016226023e-04
-9.626805899062830746e-05
-1.138639130616218381e-04
-1.087747467788395035e-04
-1.166712563082438972e-04
-8.380672420346072654e-05
-9.333452831899322001e-05
-1.189060806665461861e-04
-1.473398939880917998e-04
-1.550623095784508740e-04
-1.076132778455818838e-04
-4.778123347637100373e-05
-9.511163725129963937e-05
-7.606205450184387921e-05
-8.320976753482830601e-05
-1.052482637602414507e-04
-1.247808275439343741e-04
-9.841517590816982453e-05
-7.463698129956788442e-05
-1.362062322612412355e-04
-1.347419858757610632e-04
-1.082976535038379141e-04
-9.551327300878909704e-05
-1.511938572620014445e-04
-9.697183780507596983e-05
-9.340970921000593479e-05
-1.042464847150598287e-04
-1.104922676595707076e-04
-9.216610859253303518e-05
-1.064579088413395894e-04
-1.431235717035424357e-04
-1.312382193726688946e-04
-1.168456510495116890e-04
-1.239183392980372728e-04
-1.138201088969550701e-04
-7.501315365049890805e-05
-4.808840333225128253e-05
-5.893742110033766622e-05
-1.110897944990272028e-04
-8.433886959512482194e-05
-9.250223735016454998e-05
-1.107512188032578579e-04
-9.373331484160873548e-05
-1.312434220618599525e-04
-1.729011062184864433e-04
-1.510904886658727593e-04
-1.465101162331108691e-04
-1.109529934162555519e-04
-8.828844503618900460e-05
-9.707571081551597306e-05
-8.346690582510694282e-05
-1.094081384773980665e-04
-1.062625728530927545e-04
-8.292897961245216754e-05
-1.583961080562887086e-04
-1.261571478766582979e-04
-1.477720255576051933e-04
-1.175309812945360475e-04
-1.052639971158231892e-04
-9.944704158884087647e-05
-1.014829938850823226e-04
-8.364271605981327400e-05
-1.082181343258706708e-04
-9.926654179338555433e-05
-4.842124073337767938e-05
-9.256827457255537820e-05
-7.830339006463908906e-05
-1.494376096660892999e-04
-1.099088967061839073e-04
-1.032405415844906272e-04
-9.961672194616311919e-05
-1.419541330530598247e-04
-9.879604374649350932e-05
-1.127308825676112919e-04
-1.048517226785625710e-04
-1.183118296025491729e-04
-9.590984908254512442e-05
-1.372099388715231495e-04
-1.111929746880512866e-04
-4.359896667145497144e-05
-1.425028054575168445e-04
-1.240942149828129048e-04
-1.028755831854254003e-04
-1.118500739964552252e-04
-7.480131206203402766e-05
-8.882576579639159524e-05
-9.707292114128807819e-05
-1.185948654267285541e-04
-8.258274644002092124e-05
-1.212032141794473284e-04
-1.110560405556432640e-04
-1.237610553380098192e-04
-1.373617945885489446e-04
-1.312447722967593187e-04
-1.193578470438520946e-04
-1.005596834412225850e-04
-8.255147535767682178e-05
-7.124130944595825552e-05
-1.007283882286900018e-04
-9.247378676004168495e-05
-1.057645030078819144e-04
-1.098377081216683028e-04
-1.462347881003209476e-04
-1.107075032137631350e-04
-1.438750229726150625e-04
-1.382508407158620253e-04
-1.184733602891658135e-04
-1.095002918428013684e-04
-1.017021487438826721e-04
-7.702946447170656310e-05
-9.094620369009401360e-05
-1.143945417766658234e-04
-1.173369489409773538e-04
-1.033232828470627066e-04
-8.207789514504136347e-05
-9.883676750315890079e-05
-1.159929013311720080e-04
-1.342860714431570626e-04
-1.317440774335392807e-04
-1.102568633769593587e-04
-1.085565440279943883e-04
-9.920607314276204142e-05
-9.566279562169488981e-05
-7.970788036446363532e-05
-1.179152394364815044e-04
-1.155348172815563913e-04
-9.226962112172000920e-05
-1.018376874607221995e-04
-1.317059033227260009e-04
-1.417894625048297301e-04
-1.303761312459219266e-04
-1.337982541662672653e-04
-9.424824834816101550e-05
-8.987571985282645211e-05
-1.119890874641403153e-04
-7.108183543838216282e-05
-1.140153416090178322e-04
-1.104994515411506347e-04
-1.440398274494981827e-04
-1.194620880998709204e-04
-9.262557145191390741e-05
-1.825028188840213780e-04
-1.114567682705180701e-04
-8.755435028001893444e-05
-7.282728446516698376e-05
-1.206871497939642385e-04
-8.013972613701297204e-05
-1.109961865913772428e-04
-1.175422589787284978e-04
-9.759079401554079578e-05
-1.526415748970935172e-04
-1.287050961053634764e-04
-1.173240331874614631e-04
-1.110321466844929383e-04
-1.026564618701828884e-04
-9.541144150898209610e-05
-7.625211430015300235e-05
-8.610391421120096268e-05
-8.920963857557683572e-05
-1.289884990482536686e-04
-1.294211090102459049e-04
-9.717122481767884558e-05
-1.573610948268619524e-04
-9.061052109207525288e-05
-1.449329344260031141e-04
-1.585850931287434190e-04
-1.641880925292137636e-04
-1.111996855831705468e-04
-1.095213611550661909e-04
-8.018542585078519626e-05
-7.912970242036755186e-05
-1.003910126640191201e-04
-1.091919400912437342e-04
-1.237266545785624969e-04
-1.027055424672454535e-04
-1.486877300451947014e-04
-1.153141303522057148e-04
-1.808735286098338442e-04
-1.408510933711510586e-04
-1.132879350108421631e-04
-1.045685117016396980e-04
-1.066445732590981407e-04
-6.899389338994197588e-05
-8.162565915703897464e-05
-7.534815866731290137e-05
-1.061630491242785177e-04
-1.360467509044847151e-04
-1.007498737871433559e-04
-9.583183826716614167e-05
-1.549918961317865544e-04
-1.283137901691679876e-04
-7.383286365342516411e-05
-1.081232719074794369e-04
-7.704791462921699134e-05
-7.816278818232645447e-05
-9.989729830514068956e-05
-7.992474034357262324e-05
-1.211817917339791628e-04
-9.452741267195274659e-05
-1.551788754877132879e-04
-1.281836158662237710e-04
-1.024709123573122171e-04
-8.889174736197058189e-05
-1.144178619312723671e-04
-8.466779444089606466e-05
-8.367897660462627740e-05
-8.938340861175151177e-05
-8.795699498009864714e-05
-1.187303027811424400e-04
-1.392069302861116350e-04
-1.161941132365150193e-04
-1.617979047717033687e-04
-1.556192696982601053e-04
-1.479144333134211080e-04
-9.638344169484709494e-05
-1.106117137216709587e-04
-9.659297017667196330e-05
-8.432300192553504766e-05
-8.676922136616451657e-05
-1.578703866543035230e-04
-6.769390576771817068e-05
-6.133916331974356966e-05
-1.345322586789943003e-04
-1.080388914272614184e-04
-1.076714848658638012e-04
-1.454864548560074692e-04
-1.142362059941553088e-04
-9.669881524915017177e-05
-8.779221940608078977e-05
-8.659593980222939915e-05
-7.183523626903904800e-05
-1.351719671011868227e-04
-5.563940065473816683e-05
-1.132202860892680697e-04
-1.469625797337158603e-04
-1.093508811610294793e-04
-9.975519285499610193e-05
-1.077594781755403789e-04
-8.658727727178306462e-05
-1.012061458025137050e-04
-1.123866800317948635e-04
-9.375191186971731233e-05
-9.146094725260013841e-05
-7.740687144462389752e-05
-1.013700943831229672e-04
-1.901290758922589844e-04
-1.353715552632798699e-04
-1.170298710421977006e-04
-1.017003445937549711e-04
-1.288461279439937846e-04
-9.384614694496140283e-05
-8.627013895278880869e-05
-7.337753669385583286e-05
-9.780138027568159793e-05
-1.043746863980599051e-04
-5.612130644096959827e-05
-8.484947255045547190e-05
-8.906923081497434907e-05
-1.437414583559387530e-04
-1.417066014462176602e-04
-2.223471563050300533e-04
-1.137573104360922938e-04
-1.107772109261169046e-04
-9.776579328033521601e-05
-7.680094731479402868e-05
-8.965987739258267689e-05
-9.343559098878704465e-05
-1.083003139319492600e-04
-9.382232060195033968e-05
-7.689374000001749103e-05
-1.188720647414615370e-04
-1.295304311770634155e-04
-1.368576922000294671e-04
-1.231095697222049493e-04
-7.534937869506502513e-05
-9.156031831979642265e-05
-7.201691167783569184e-05
-7.712753958039771898e-05
-9.005241018832855940e-05
-9.108551895814776249e-05
-1.026718872185582306e-04
-8.270545207597993778e-05
-1.107525034780397494e-04
-1.453768721527710223e-04
-1.142562551529211151e-04
-1.291657032820212026e-04
-1.313815771279018324e-04
-8.767698936820829609e-05
-9.299609102156524635e-05
-6.266294773201284030e-05
-1.119557479019645294e-04
-1.163817045912667020e-04
-1.077028921037362808e-04
-9.121234330454270538e-05
-8.699970840946990441e-05
-1.239019721610481876e-04
-1.047996097388625877e-04
-8.860414098583728362e-05
-1.133280759948765258e-04
-1.271178471480952944e-04
