-6.266294773201284030e-05
-1.119557479019645294e-04
-1.163817045912667020e-04
-1.077028921037362808e-04
-9.121234330454270538e-05
-8.699970840946990441e-05
-1.239019721610481876e-04
-1.047996097388625877e-04
-8.860414098583728362e-05
-1.133280759948765258e-04
-1.271178471480952944e-04
-8.673845900585273091e-05
-8.758202290448680873e-05
-1.149753389677873541e-04
-9.413644385860418958e-05
-8.560286144384382772e-05
-9.755660714467249506e-05
-1.191538033992895076e-04
-1.002029170948037448e-04
-1.049467297289034779e-04
-1.246372917168297892e-04
-9.615660909464053433e-05
-9.857758922972042375e-05
-7.866337055201787795e-05
-9.009687765498636486e-05
-8.718876434662390957e-05
-1.088404401494917455e-04
-1.225531973022484769e-04
-1.190693658258283919e-04
-1.487221137632468732e-04
-1.112005328616579345e-04
-1.806475645738250075e-04
-1.302805450898368805e-04
-9.066784117693987518e-05
-9.451958590116725772e-05
-1.006128260531906040e-04
-6.067693697158237965e-05
-5.704822575620253005e-05
-1.189824331696433230e-04
-1.013626113073623112e-04
-1.202124586856072986e-04
-1.125297041468905685e-04
-1.510755212029551433e-04
-1.636346526767803371e-04
-1.201489487344222976e-04
-1.348524729832975772e-04
-1.085254188539596493e-04
-8.575084370197229712e-05
-1.121890908478759540e-04
-8.775664203439124619e-05
-7.206284508431092233e-05
-6.916269966959709360e-05
-9.510933705030758607e-05
-9.925113200962918237e-05
-1.328664528848189595e-04
-1.228159190031470692e-04
-8.597812308490233283e-05
-1.271146380870875653e-04
-1.359750914846350920e-04
-1.000910390209334852e-04
-7.955917759846378268e-05
-9.927907594704174228e-05
-1.259814852582420892e-04
-1.215324224879890392e-04
-8.878343306488441580e-05
-1.190344849464611065e-04
-1.459744562846544778e-04
-1.332454881856598276e-04
-9.085637530343077428e-05
-9.912377651115793816e-05
-7.031482651544125704e-05
-7.824333595120976580e-05
-5.531725866454893298e-05
-9.311528038628427782e-05
-7.931600332043063856e-05
-5.559033286276579436e-05
-1.347901171122438142e-04
-1.425740221470112154e-04
-1.029155089786762899e-04
-1.260395348234576466e-04
-1.298278146599307170e-04
-1.340880784517285468e-04
-1.180529499079497577e-04
-1.104489775863462211e-04
-8.330607255643497275e-05
-1.002230342097379265e-04
-9.873399414177876391e-05
-1.051255127396372548e-04
-1.296857074311386418e-04
-1.394438414316892712e-04
-8.326575783326484745e-05
-1.280518415289731986e-04
-1.191916641678598065e-04
-1.153171015299053130e-04
-1.280776311965894487e-04
-1.095433939764792257e-04
