-4.609953608426649660e-05
-1.285090358272488679e-04
-7.314148657589689378e-05
-6.360953649594197146e-05
-2.077409325004703547e-05
-5.610017683346671478e-05
-8.371579589826567611e-05
-6.700469372623421072e-05
-5.616187473895526062e-05
-6.161226055571107293e-05
-9.865703279089981133e-05
-8.328877788443457976e-05
-1.389559008713710318e-04
-1.143401861952570814e-04
-1.010066688167132358e-04
-5.793488596745051769e-05
2.525846610181764539e-05
-9.414546825998677587e-05
-5.863513377326555329e-05
-4.140355053248313659e-05
-8.160028883860254948e-05
-9.470294272867610090e-06
-3.513692171347938180e-05
-1.219523855091437869e-04
-1.140453793144396906e-04
-1.548009670559108225e-04
-1.208830668764015938e-04
-1.030309987580885699e-04
-9.963044429039102370e-05
-1.146411032738973166e-04
-3.545263199661955340e-05
-9.490947012884513726e-05
-7.321650410971725206e-05
-1.576300242256701423e-05
-4.377715799664022350e-05
-1.307082363850598785e-04
-9.168388391283371073e-05
-5.510277664510985194e-05
-7.227179852841504907e-05
-7.473245193524290664e-05
-6.872319828959544939e-05
-4.242259203381559574e-05
-1.393082348736131141e-04
-6.409448938273305449e-05
-8.859124980627225865e-05
-1.167006018323665800e-04
-3.308939564844973365e-05
-4.624837888763680893e-05
-1.182455221136647386e-04
-8.106491111375137531e-05
-8.141984949734252700e-06
3.573267307350176891e-05
-4.673490787885253567e-06
-8.188686487699149816e-05
-1.026189835239015616e-04
-6.731412115181526412e-05
-6.649668636629884732e-05
-7.055250227190224964e-05
-1.279741861282490353e-04
-1.250529754011181461e-04
-9.771653264207021811e-05
-1.389729407271534669e-04
-3.801444309517862987e-05
-4.817503588285807138e-05
-3.029759231941923898e-05
-7.865507753122091643e-05
-1.549506861965065433e-04
-1.123280972497230578e-04
-8.468244861400878838e-05
-1.051193102499719476e-04
-8.180079114691105448e-05
-1.007957764642790355e-04
-8.288888938592079607e-05
-1.177188546535406062e-04
-3.883082834603720872e-05
-5.381810194882290909e-06
-1.231828924778339326e-04
-1.053741478308758479e-04
-1.152513895019416980e-04
-1.500314933409007789e-04
-7.855164595978707124e-05
-8.364318457298223575e-05
-1.094823567522320510e-04
-1.502155133490165454e-04
-1.290141887973522315e-04
-7.890978661782515713e-05
-6.527615843867593274e-05
-6.863641093266570109e-05
-8.844152611314236626e-05
-1.383871503942046193e-04
-5.892078145211053199e-05
-1.188780976014714428e-04
-8.085052060385031247e-05
-2.504753987871831224e-05
-9.360756734712568695e-05
-1.140920518644381639e-04
