-7.563045569325696569e-05
-8.279492664792701794e-05
-1.384668256751384074e-04
-1.024240217878117287e-04
-1.074998957193518345e-04
-6.996013478760230444e-05
-1.431961799864810982e-04
-1.033621805206297800e-04
-7.828223888114757664e-05
-1.189362484116586216e-04
-6.549560281464620443e-05
-6.625270482007293994e-05
-6.932078147702224738e-05
-8.914751632669983895e-05
-1.154581772089403164e-04
-1.007726591734359314e-04
-3.008863244544384872e-05
-6.169858314454081170e-05
-1.266348889763752408e-04
-1.355649330710845810e-04
-1.162162137560597818e-04
-1.113525037769707692e-04
-1.043941070551404453e-04
-7.220734835851852658e-05
-8.565228012564940117e-05
-1.159807035256412241e-04
-9.477516242484013836e-05
-1.212250723687105714e-04
-9.779911601184099266e-05
-1.354399506229717813e-04
-1.200009616619730112e-04
-1.071949871356726999e-04
-1.120336246235266106e-04
-1.236101002500048754e-04
-9.712422978212580885e-05
-9.961040104470427153e-05
-7.935244401533253955e-05
-1.101346510712112122e-04
-1.071461932797617773e-04
-1.052957542259341361e-04
-6.334428171136256608e-05
-1.464225109478033018e-04
-1.712906755291045732e-04
-1.217017860110591968e-04
-1.651678236561535888e-04
-5.684815219065713260e-05
-1.243043603259252330e-04
-8.276454173609727489e-05
-7.240816134355180210e-05
-1.140941095689649670e-04
-9.668680105660933967e-05
-9.038095012075262127e-05
-1.170014876528301719e-04
-1.343332334178614718e-04
-1.239295886457217647e-04
-1.363933839907605821e-04
-1.207710297718098542e-04
-1.205686293399533079e-04
-9.024630037139095738e-05
-6.937705620095543934e-05
-7.526381843978880175e-05
-1.044286268338220550e-04
-1.220629930152524893e-04
-1.000330041200358242e-04
-8.531530573674038726e-05
-1.253354496594853923e-04
-1.730614716324413416e-04
-9.401040036539710161e-05
-9.366439089696413332e-05
-1.296320925965108303e-04
-9.947410589044610027e-05
-9.737084374793208855e-05
-8.746638540608381621e-05
-1.063820203882273195e-04
-8.595812541778456229e-05
-6.492421993670098959e-05
-4.518416932285884783e-05
-9.416273096348243472e-05
-1.257873918319978718e-04
-1.034282860663521925e-04
-1.904739624132646193e-04
-1.203409553509513191e-04
-1.139156153281476705e-04
-9.400191304661961690e-05
-7.413814765268828086e-05
-1.037080513924342438e-04
-1.203967442866542850e-04
-6.351243395402062398e-05
-2.794840023973337178e-05
-1.389661512467485753e-04
-1.289118270100703698e-04
-9.890358742009773747e-05
-1.332721255309227680e-04
-1.338307218931820703e-04
-7.855557682106868863e-05
-1.011329359885645068e-04
-8.631872576718296072e-05
-9.270869645951151613e-05
-9.623639883898872302e-05
-1.077694398445234650e-04
-1.274897922314265368e-04
-1.194785962971136255e-04
-1.199812411247174170e-04
-1.054186793260843304e-04
-1.249926880274556589e-04
-7.652115143545233449e-05
-8.642334686995515865e-05
-9.101982865993283104e-05
-8.480331950170149778e-05
-1.014143114122690068e-04
-8.287790923226388742e-05
-1.214678931751469017e-04
-1.272444763265061956e-04
-9.993155379402027412e-05
-1.257286464670934797e-04
-6.648032041174019064e-05
-1.431784044487632889e-04
-1.532732527712200735e-04
-8.420794592308367881e-05
-7.820178355010597528e-05
-8.105303550749177446e-05
-1.113289879541055709e-04
-9.828198781481937930e-05
-1.115517710882167591e-04
-9.308759454778089265e-05
-9.327960462025726158e-05
-1.418236934169152101e-04
-1.334745790523854576e-04
-1.283371223471805244e-04
-1.178130343836283417e-04
-6.684627510833997504e-05
-7.041591284417161303e-05
-8.303661655756743444e-05
-9.330265634320512261e-05
-1.378859695338967685e-04
-7.059725090784540569e-05
-9.090546444530140258e-05
-1.213298878110303841e-04
-1.288093853451345648e-04
-1.172886901541563101e-04
-6.423462417434946264e-05
-1.091319820066952081e-04
-1.058679461141475109e-04
-9.709979851273615765e-05
-8.947345842515154696e-05
-9.524269403661978113e-05
-1.124623197289353389e-04
-1.249031645858216357e-04
-9.826743691155322786e-05
-1.064456802195657748e-04
-1.592232901795891554e-04
-1.645348342401998230e-04
-1.574156778011751544e-04
-1.203260520334904174e-04
-1.186149502136812168e-04
-1.006207800088941399e-04
-9.913533984438691732e-05
-8.890320755745081266e-05
-1.208812396643244480e-04
-1.112958018396507318e-04
-1.378290886477803983e-04
-1.046232153378872016e-04
-9.019452281477462446e-05
-1.406129022770996617e-04
-1.347728481810880983e-04
-1.438422570687843463e-04
-1.135596876276487923e-04
-1.114884171969780417e-04
-9.813016935611513429e-05
-1.037272894634620345e-04
-8.855038892463876210e-05
-1.135716223616093517e-04
-1.733463715499947676e-04
-1.448931796300698214e-04
-1.620026670250680040e-04
-1.215572528675893505e-04
-1.576445148223517927e-04
-8.394684544312299302e-05
-1.400893417321239149e-04
-9.703440222243693634e-05
-8.555661395372561942e-05
-1.278426286552447231e-04
-8.802096724527263302e-05
-1.254319574008480663e-04
-1.026686433091055032e-04
-1.578029251945606303e-04
-1.389164322621174808e-04
-1.413039955286115451e-04
-6.436266710302466750e-05
-1.346927591980837439e-04
-1.021903719129714169e-04
-1.372086296831134225e-04
-6.970931600678800409e-05
-1.223113872609928065e-04
-1.086646584374774893e-04
-1.005666840928319685e-04
-1.371699107035553205e-04
-1.503382902071520339e-04
-1.287629930363879674e-04
-9.851759318249036959e-05
-1.504368341451572380e-04
-1.239363570040035085e-04
-1.097168648591040287e-04
-1.049105886899265690e-04
-1.001092453353131406e-04
-1.011731979790429922e-04
-8.233647314477562994e-05
-1.298514633230781466e-04
-7.733658343350138711e-05
-1.375421825631946426e-04
-1.141411315402996796e-04
-1.034704396960765696e-04
-1.416798685726127556e-04
-1.226498953152263191e-04
-1.264867355749968360e-04
-9.118390332563809750e-05
-8.423100766365452857e-05
-1.088182981680429774e-04
-1.160577302387998930e-04
-7.405689168128350836e-05
-1.039851661013136536e-04
-1.740083024804992711e-04
-1.760456740934674324e-04
-9.757433031063038082e-05
-1.044070990373876032e-04
-8.058116343405058771e-05
-9.587244459182301206e-05
-1.169345717623667568e-04
-8.199404670853181905e-05
-1.068519074682169960e-04
-8.131478756444704924e-05
-9.309862127566265189e-05
-1.093477991041658359e-04
-1.164596216380998190e-04
-1.338750012765387314e-04
-1.109265927835927079e-04
-1.306676260594091495e-04
-1.351003704728022338e-04
-1.058362013416126610e-04
-9.307738928261732100e-05
-6.930348121285292810e-05
-1.154193066221522297e-04
-1.342060372751180191e-04
-1.036485760533264263e-04
-1.016919681598190106e-04
-1.260588343567477189e-04
-1.600644814337932127e-04
-1.382896520155086587e-04
-1.434777610036482899e-04
-1.209845700281661138e-04
-1.327686570240554280e-04
-8.733646306645996538e-05
-1.142246769649958972e-04
-9.451285033407553820e-05
-1.129799067187884748e-04
-9.265708568954137705e-05
-1.139070947083060497e-04
-1.338740467108113792e-04
-1.547153101039560892e-04
-1.099340091379012052e-04
-1.207785054643510946e-04
-1.272959246015687633e-04
-9.829734118673768694e-05
-8.191616338926689862e-05
-6.773177146896539004e-05
-8.049456751382378218e-05
-8.884417181620056806e-05
-1.086722719723875015e-04
-1.020889588239797831e-04
-1.140566295558204595e-04
-1.056146221449214185e-04
-1.216585003876848801e-04
-1.173692160631665789e-04
-8.705315173901475342e-05
-8.349932643305553481e-05
-1.124437425130157472e-04
-6.172203302031483828e-05
-9.310945307397157529e-05
-1.016211383752088556e-04
-7.783939906747509461e-05
-1.414664724084218738e-04
-1.810796813848041084e-04
-1.344885514609631745e-04
-1.050251427864416515e-04
-9.651262659306325650e-05
-9.028916243023170222e-05
-8.778054837741737179e-05
-1.003420750896066068e-04
-1.031023415815852180e-04
-9.494814246665330163e-05
-9.197593485802549123e-05
-8.410112355720805754e-05
-9.350790141346589481e-05
-6.048552116918759378e-05
-1.641180020402755986e-04
-1.319348530905363644e-04
-8.463006780712317842e-05
-1.401656958221887781e-04
-1.086693428155593728e-04
-4.326643215204745271e-05
-9.104959235360236868e-05
-9.849280601393423042e-05
-8.710571891366399218e-05
-1.062416925815205912e-04
-9.310038485802913928e-05
-1.092213989465865308e-04
-1.321980836660627766e-04
-8.206075929958299019e-05
-1.019424659376032456e-04
-1.354087998895397787e-04
-9.882707682066604708e-05
-7.675319077126140652e-05
-7.973576639847508650e-05
-9.180254737145957281e-05
-1.079795590649572151e-04
-1.609420562698276832e-04
-3.717549794320684537e-05
-1.294805706971457234e-04
-1.162808668069707828e-04
-1.290852225977395860e-04
-1.354627287799885444e-04
-1.245090401977597767e-04
-1.181131012567497286e-04
-8.861261293463181270e-05
-6.819447792505729518e-05
-6.275329876702297627e-05
-1.305446733447760300e-04
-1.079395128082115147e-04
-1.205504111960289845e-04
-1.091490749524120016e-04
-1.244789114664601650e-04
-9.231846925595105159e-05
-1.314495086343242828e-04
-9.701564555653531682e-05
-9.995468395348095381e-05
-8.509819179068610644e-05
-6.625912322054431324e-05
-1.111039221011299050e-04
-9.477207720626760383e-05
-1.166829605922459022e-04
-1.273607573253193184e-04
-1.389530330301563105e-04
-1.468437831396065391e-04
-9.180432145798653567e-05
-1.321588628349583525e-04
-1.081185298492110122e-04
-9.790101534970224587e-05
-1.108466491816783190e-04
-7.489911104673740029e-05
-9.727542568871178508e-05
-1.059662422882514413e-04
-8.199898788210823928e-05
-8.032132984342243770e-05
-1.115887398608366614e-04
-1.424488530346331263e-04
-1.409527097024314681e-04
-1.673286801910211640e-04
-1.031734286368322961e-04
-1.263380404407266771e-04
-8.226457250342282610e-05
-9.047286602611213458e-05
-7.217875380238842806e-05
-1.133625905247585310e-04
-9.447365211012801031e-05
-8.744955268883483894e-05
-1.274121319776903383e-04
-1.336622579835246749e-04
-1.340443268674708268e-04
-1.042490538657012443e-04
-8.903428952491241493e-05
-1.207925609353069975e-04
-7.011655527305663807e-05
-1.024050050729391454e-04
-6.613913943152033704e-05
-1.171861734012969418e-04
-1.020327618308624208e-04
-1.060886666616741116e-04
-9.853431956459233327e-05
-1.502764699060015570e-04
-1.330723865718010210e-04
-1.178739467164106842e-04
-9.706128423163846747e-05
-7.089589634407017949e-05
-8.587801916340848357e-05
-8.394071731021220410e-05
-7.822057901656552200e-05
-1.424267693193572912e-04
-8.602061998624067050e-05
-1.100181639965935431e-04
-5.510824659887418901e-05
-1.622149519231578011e-04
-1.347279435214166355e-04
-5.070960511827761415e-05
-1.113497002978320059e-04
-1.068525549594592593e-04
-1.109094946458379256e-04
-6.652360794570549613e-05
-1.167219736900089065e-04
-8.674858418005021682e-05
-1.025277099502371650e-04
-1.378025291188274672e-04
-1.094980209087646701e-04
-9.571999898094719558e-05
-1.128373817904922372e-04
-1.311775686201554450e-04
-7.271184912346151461e-05
-1.294356580497271053e-04
-8.069937128841098064e-05
-9.228365707396327046e-05
-8.776276457695099062e-05
-7.661024474624007958e-05
-9.068598492858402074e-05
-1.113160497718590546e-04
-1.303737918593605603e-04
-1.148460207281441271e-04
-1.276610081787712958e-04
-1.311711521588132133e-04
-1.232728804989540838e-04
-1.029561840705341732e-04
-8.412436222749155516e-05
-8.218279037650966321e-05
-8.792232865480282471e-05
-9.990736623903725673e-05
-8.861181659289552569e-05
-1.333182981067417114e-04
-1.594760877433635214e-04
-8.866149662589745313e-05
-1.203189761325794524e-04
-1.130470295408677348e-04
-1.129883334942001201e-04
-9.456535004178433603e-05
-1.172039206260618304e-04
-7.074367120287258911e-05
-9.340526885328451537e-05
-9.456674190662425880e-05
-1.245487290533574666e-04
-9.340697133419030617e-05
-1.482079944489390476e-04
-1.585098065934937477e-04
-1.007716844488037604e-04
-1.079491467379844132e-04
-1.158839659413298266e-04
-8.709125326253465231e-05
-8.798784510349484385e-05
-8.020303723421014501e-05
-1.270872001799664460e-04
-1.204411471844987004e-04
-8.278833297358130505e-05
-6.966141242545601951e-05
-1.149150413109937223e-04
-1.753426442025733006e-04
-1.470704688070191243e-04
-1.235975497674440555e-04
-1.023967020073147331e-04
-1.156605061870220809e-04
-1.044279499126676711e-04
-1.009554473138564315e-04
-9.387696916077366803e-05
-1.028464142655119472e-04
-1.273484465559849806e-04
-1.041443149593222111e-04
-1.455548418057431097e-04
-1.461319262348434087e-04
-1.120836185556907215e-04
-1.319497505874347011e-04
-1.445247333611787916e-04
-1.090962588296304583e-04
-1.170883214855486596e-04
-8.899209027868316101e-05
-1.080705164679036413e-04
-1.005812536299196565e-04
-6.925011247915339476e-05
-7.304494740389055538e-05
-1.285585588146358931e-04
-1.343195941656566568e-04
-1.451316964570929552e-04
-1.545135326560546289e-04
-1.340131701949060666e-04
-1.129203447464144632e-04
-1.130355664887248572e-04
-7.862825754837843696e-05
-9.640884536152758105e-05
-1.259444037203729001e-04
-1.034001963665855686e-04
-8.178086170103285454e-05
-1.368369880125853630e-04
-8.938743840715777510e-05
-1.216103715169955085e-04
-1.036217168712997650e-04
-1.124137152427867327e-04
-1.309249341608712252e-04
-9.450330914362781078e-05
-6.074040946108375704e-05
-8.152672042198520199e-05
-1.052358877908168453e-04
-9.723116670741096905e-05
-1.083714827783596442e-04
-1.425737369084422313e-04
-1.398054202495245860e-04
-1.604341349609230956e-04
-1.375330548638689946e-04
-1.181862074432394894e-04
-1.095713513470796701e-04
-9.647740649296037698e-05
-6.690535204711391072e-05
-9.670191607597214043e-05
-1.060226926532910422e-04
-8.971467090154490594e-05
-1.603986944147081000e-04
-1.445399586837019018e-04
-1.553392369997123879e-04
-1.141518361056863935e-04
-1.274362775137945550e-04
-1.519789688796486713e-04
-1.387464877472062332e-04
-8.158797921019714293e-05
-2.631250624280362976e-05
-9.151693422440131240e-05
-9.379890000423944131e-05
-1.164149570120732671e-04
-1.347264171821203622e-04
-1.787640413042692884e-04
-1.829042751399942120e-04
-1.038022958215062543e-04
-9.945334198395973054e-05
-1.086423862319923193e-04
-1.128250367299442455e-04
-7.295265921720754350e-05
-8.349421835531158520e-05
-1.019565614763307860e-04
-1.125858164009143676e-04
-1.031133040758396084e-04
-1.308593759537971077e-04
-1.084294300331491200e-04
-1.484194366624582025e-04
-1.367448312510662750e-04
-1.357805479909845710e-04
-1.313607768299900535e-04
-1.394823960065589153e-04
-7.264883776726220588e-05
-6.468834971686665937e-05
-1.167813102636607432e-04
-1.440951766666222580e-04
-1.269172686225230337e-04
-1.006014944929895731e-04
-1.209111595951631296e-04
-1.412842404021357910e-04
-9.469932069331938923e-05
-1.193750978291369368e-04
-1.249802562812704697e-04
-9.174704289595034257e-05
-9.488430855890585139e-05
-7.591866173009693389e-05
-9.899240081955749330e-05
-9.703282435360041181e-05
-1.024622430723316676e-04
-1.018149676392952403e-04
-6.496428907906337731e-05
-1.515485302305264706e-04
-1.354763053842735756e-04
-1.186705852044513994e-04
-1.215757115649720928e-04
-1.105523674834521779e-04
-8.800200553061057176e-05
-8.850923803352232517e-05
-1.034770958718324985e-04
-9.081393672034389613e-05
-1.193150656698388891e-04
-7.039196272080311249e-05
-1.628300726644264893e-04
-1.846714402156020567e-04
-1.689595508175496320e-04
-1.379619409499622910e-04
-1.069661993472614142e-04
-1.176463953551801038e-04
-1.061310876247043852e-04
-9.952696977062772891e-05
-9.106571197865709810e-05
-1.188501283775051753e-04
-1.208145467827457072e-04
-8.525194404671292830e-05
-1.468671202918951397e-04
-9.456836048432500075e-05
-1.330253580085002268e-04
-1.473447862599048576e-04
-1.304159559135138898e-04
-8.144726222736824563e-05
-8.608169837309525251e-05
-8.267137874828266392e-05
-1.028950259415104923e-04
-1.235680391484989026e-04
-1.014214597234622234e-04
-8.629918136726065514e-05
-9.611216117377280484e-05
-8.968634148604951546e-05
-1.153762757746184067e-04
-1.365859004119583664e-04
-1.005700531603455182e-04
-9.881383677297301887e-05
-9.538104514351342599e-05
-9.445136982066661092e-05
-8.830034040092340965e-05
-9.052235895466194523e-05
-1.309881437834321143e-04
-9.079564880203451829e-05
-9.534573242366239888e-05
-1.250426065255165649e-04
-1.536108136621127176e-04
-1.227105488638531800e-04
-1.000221038815485986e-04
-1.107946833782491271e-04
-1.152338972299448133e-04
-8.071868657931703585e-05
-9.060962099465917749e-05
-8.876311228538968955e-05
-1.081097972945422681e-04
-1.020872536819963217e-04
-1.102627139266030253e-04
-8.985453248906946394e-05
-1.564472324922793227e-04
-1.127617998339749576e-04
-7.787948957070110821e-05
-9.968974777926830288e-05
-7.558899320336760807e-05
-8.349449183017905191e-05
-8.861138533097078103e-05
-9.977053374088333385e-05
-1.233991691421527058e-04
-8.668079573716224188e-05
-1.055474101948117630e-04
-1.531050766317535740e-04
-1.236320707189462271e-04
-1.695772807755212611e-04
-8.999637068985775318e-05
-9.006503546595275131e-05
-9.438502858881717085e-05
-8.933419574822572956e-05
-9.258654891112127940e-05
-1.138645263347353776e-04
-8.863988352275700689e-05
-8.103065214449803246e-05
-1.300654366337486705e-04
-1.274250205823205368e-04
-1.706293881520484757e-04
-1.037894316691728648e-04
-1.007543676202578888e-04
-1.142770179633553757e-04
-8.669505954685725478e-05
-9.197675462799387021e-05
-1.285395501470517992e-04
-8.778339584311358704e-05
-1.364968086517116212e-04
-1.455335986736401663e-04
-1.126577585411691018e-04
-1.426535824063450929e-04
-1.374251451242374899e-04
-1.613317892621563812e-04
-1.123014847244101135e-04
-1.015683525102459831e-04
-9.280241030970221342e-05
-8.982444489778289287e-05
-1.053033513646021454e-04
-9.594469754400377455e-05
-1.171134438680700542e-04
-1.007454209949431152e-04
-8.685506625366873747e-05
-1.570906907084915975e-04
-1.252477009775106176e-04
-1.300279304421152345e-04
-1.122315877219507541e-04
-1.006291321534077797e-04
-8.805769966806831553e-05
-1.107867764786332282e-04
-8.087984760886621498e-05
-9.960721482049189049e-05
-9.856600208222694650e-05
-1.055173106870910303e-04
-1.016354255128421638e-04
-1.665418157277411904e-04
-1.618062587424617981e-04
-1.060125625984214231e-04
-1.250261362723960963e-04
-1.284086917457495430e-04
-9.760260959392581207e-05
-8.650307746590907569e-05
-9.137575923373582939e-05
-8.791526334466024783e-05
-7.796360142199715011e-05
-1.391886505133296684e-04
-8.509796539071330841e-05
-1.417070828290985371e-04
-1.264297337509041712e-04
-1.596534124810290939e-04
-9.552996717061178677e-05
-9.235799977672172110e-05
-9.012336358622036658e-05
-7.451084316681082904e-05
-8.037770207225866637e-05
-9.000038289106407515e-05
-1.105320152757015257e-04
-1.153211917661061303e-04
-9.267947182051634359e-05
-9.594805944238426630e-05
-1.493753913491046648e-04
-1.585752492484021560e-04
-7.623470210924966162e-05
-1.032151682528633497e-04
-7.675206190055797553e-05
-1.115021683842777844e-04
-1.170919421667953946e-04
-8.385712787572290289e-05
-1.315962959555523203e-04
-8.536954784961661290e-05
-1.237938858143486018e-04
-1.110138362987074523e-04
-1.488899728890006745e-04
-6.658799664405000819e-05
-1.178334510530542765e-04
-1.077399316145593607e-04
-1.058233412069380899e-04
-1.049421834789478409e-04
-8.432317608106524112e-05
-8.416351478184649080e-05
-1.293885699213750691e-04
-1.319878659259630905e-04
-1.782706407096676794e-04
-1.497935469738636974e-04
-8.605579165293923596e-05
-1.293416093850403067e-04
-9.795289224023696179e-05
-1.273174174246169540e-04
-8.575016683428490966e-05
-9.280389560261659006e-05
-9.768840008109632149e-05
-7.658526655056018787e-05
-1.311391759992517724e-04
-1.157577893682756968e-04
-1.076649020999762121e-04
-1.090268697303866508e-04
-1.369336537861502701e-04
-9.146159165487538554e-05
-1.243167683776383650e-04
-6.203381810509707472e-05
-1.073076186126140227e-04
-7.398468607626641118e-05
-1.279587113274256835e-04
-1.568175645541768581e-04
-1.146841019799394281e-04
-4.668089609588602491e-05
-9.534565788789592399e-05
-1.000400908228832558e-04
-1.351663529143653608e-04
-1.140849977168368560e-04
-1.108627381766889337e-04
-1.195931441152916456e-04
-1.037552527135766667e-04
-4.967024610226500846e-05
-1.130935081533031641e-04
-1.061307553820257850e-04
-6.815357161250623933e-05
-8.218961629206793815e-05
-6.987883696470856916e-05
-6.419385886429217246e-05
-9.871128823243886319e-05
-1.121482699568791277e-04
-8.429027517584480552e-05
-1.046862403783947406e-04
-5.038914135313759082e-05
-8.045135393806484355e-05
-9.284828471305809120e-05
-8.302035260755257320e-05
-1.158504016018461493e-04
-9.719327382227341131e-05
-1.020304492862470652e-04
-1.156597415874879088e-04
-9.739182930888732616e-05
-1.136526139492312050e-04
-1.044094625571882404e-04
-1.259084280636821177e-04
-1.070827545011026434e-04
-8.302146883517802695e-05
-1.228751268120208638e-04
-9.683253725567978810e-05
-1.029741179375740341e-04
-9.582385463991589195e-05
-1.110061571006370248e-04
-1.490345106343251983e-04
-1.231022937621077532e-04
-1.206577065347613136e-04
-6.407317621507723317e-05
-1.138125609738360825e-04
-1.116303749461624429e-04
-9.550145719892649679e-05
-1.121685375342353178e-04
-1.149637741993848346e-04
-1.280923620200640249e-04
-1.305804117357666698e-04
-7.217548769040007357e-05
-1.220488664850333087e-04
-1.161158500048972198e-04
-9.819899098897468871e-05
-1.085243543718030672e-04
-1.096918686161342510e-04
-1.048483694983683948e-04
-8.617668979861652469e-05
-6.530623913746867173e-05
-8.512368219591590545e-05
-1.432827344582564212e-04
-9.716341528133073111e-05
-1.138131067720356602e-04
-1.118740222983519465e-04
-1.210829462952252208e-04
-1.126550218766302389e-04
-1.117963118474120951e-04
-1.200305878764436118e-04
-7.622330490377493572e-05
-8.374861882082571636e-05
-1.049794598375981602e-04
-1.097073268518388464e-04
-1.093375208825585486e-04
-9.251005313447416322e-05
-9.248197710374948474e-05
-1.213317317939435519e-04
-1.235671871991420295e-04
-1.090098872504498539e-04
-1.096360453554100255e-04
-1.371372768080616458e-04
-9.321278344384238094e-05
-7.117612747601516061e-05
-1.017354486469322823e-04
-8.971180685017451819e-05
-1.095543217175499274e-04
-1.146708263740208735e-04
-1.646720424054013592e-04
-1.185341429661679845e-04
-1.356891476018262503e-04
-1.505732016375461069e-04
-1.291722098784112431e-04
-7.424975198790547120e-05
-1.050166911195901583e-04
-9.972833695010122112e-05
-1.317433944032723862e-04
-9.695092001795573824e-05
-9.650808687604843375e-05
-9.287016810184540159e-05
-1.054949324749375868e-04
-9.285517109670205068e-05
-1.512271533428133894e-04
-9.252210581486325261e-05
-8.832168502730531733e-05
-8.356568744434332953e-05
-7.900355210886236064e-05
-1.011568626711611415e-04
-1.149153524564172760e-04
-7.234727674450074607e-05
-1.005071862476152766e-04
-9.882531618219081134e-05
-9.701359577326205128e-05
-1.048374742320226692e-04
-1.325673092396924670e-04
-9.492045436137010791e-05
-1.167858948347129611e-04
-1.120726460623482800e-04
-1.030247347350396497e-04
-7.345463092040388487e-05
-9.616440270525634471e-05
-9.860776121059299871e-05
-1.114379573736313915e-04
-9.851240347145360241e-05
-1.179772066260973481e-04
-1.320209569775419422e-04
-1.378744307014528707e-04
-7.851111530205446523e-05
-8.899784202743894637e-05
-9.848557871407105245e-05
-9.153311941305362941e-05
-9.238879331514822997e-05
-8.263188734705809787e-05
-8.789960764095458166e-05
-1.732591266252903473e-04
-1.159777454818080840e-04
-1.230887286332173582e-04
-1.256545892214979549e-04
-1.697193094951895194e-04
-1.471728474979224193e-04
-7.495706087536218600e-05
-1.128025915312452733e-04
-7.834955332500290052e-05
-8.623283008376494572e-05
-1.020410420313969254e-04
-9.537723222002352983e-05
-1.129627993715927705e-04
-8.330369588936236813e-05
-1.273943988342052930e-04
-1.191453003553666888e-04
-1.296083888184431504e-04
-1.442049408299867972e-04
-1.069093905084724579e-04
-1.276252481457080818e-04
-8.499624728605604997e-05
-7.553010173250233579e-05
-8.978679463922235415e-05
-1.204781938335250710e-04
-8.258460238413564952e-05
-1.041995259189845734e-04
-1.271320655163175114e-04
-1.327022483413873351e-04
-8.538541290920417988e-05
-9.228847819014669490e-05
-1.060079867579922277e-04
-1.445168817602470628e-04
-8.923144130990458105e-05
-9.232419632308279638e-05
-1.179526923055202961e-04
-8.355016337081745540e-05
-1.385662556695014538e-04
-1.678448171595256478e-04
-1.380233316437752165e-04
-1.134643730934839468e-04
-1.262180437177015679e-04
-1.169019422061899518e-04
-1.470381429276466847e-04
-7.203599456802474953e-05
-1.005572836239839921e-04
-7.462605670492493534e-05
-8.413481860651821510e-05
-1.098896755007274613e-04
-1.111418482714451097e-04
-1.048634375371570337e-04
-8.003601804671341981e-05
-1.216049972074970890e-04
-1.405457353309012077e-04
-1.088974440304283227e-04
-5.788910841644296550e-05
-1.191801564312878662e-04
-8.878036083164470168e-05
-9.982703792544978644e-05
-7.050715928559248198e-05
-9.291417345818642497e-05
-6.976548626008614526e-05
-1.020589944884198278e-04
-8.527489910249122680e-05
-1.915376048683767459e-04
-9.863764977323590617e-05
-9.573671207589735780e-05
-1.210939256329013287e-04
-9.969366536349854625e-05
-9.161523023552080292e-05
-8.902681989099335222e-05
-9.747896423410314331e-05
-8.744959247943809213e-05
-1.104998309124372171e-04
-9.140584879979906589e-05
-8.811875825690885285e-05
-1.247951593242041665e-04
-1.085444675024614219e-04
-1.322682885700035874e-04
-8.729489244410857112e-05
-8.219533143622790423e-05
-5.749269260653027883e-05
-4.916828436785076030e-05
-1.070175369936878743e-04
-1.050394928732146756e-04
-9.717594842184387196e-05
-1.189916204840366955e-04
-1.769074208527561737e-04
-1.724134317476771648e-04
-1.455106289780190630e-04
-1.344782157365596615e-04
-1.319076918357367121e-04
-8.726468353694072269e-05
-9.221408639966253875e-05
-9.461256866700321132e-05
-1.191433168186299728e-04
-1.210926755193019393e-04
-1.197037965950589885e-04
-5.729441392378305025e-05
-1.243506854604265789e-04
-1.132885980965875323e-04
-1.097687674094383336e-04
-1.242862732538661580e-04
-1.025310669061347104e-04
-9.197903582303204898e-05
-8.577743080271233974e-05
-9.806005777318070929e-05
-6.390630554842547674e-05
-1.130659944155896292e-04
-1.009542316373500441e-04
-1.103084100900480352e-04
-9.279118039040585967e-05
-1.224496259469140720e-04
-1.166610717352059779e-04
-8.876068158412831334e-05
-9.944133641865577635e-05
-1.248993262512404989e-04
-9.237655619840509321e-05
-8.292172917838076319e-05
-1.075472867523269535e-04
-9.136768803341040472e-05
-9.571845070760687723e-05
-8.266078359786167167e-05
-6.859606616511730853e-05
-1.556288494549247438e-04
-1.327310789002132945e-04
-1.036079630403687502e-04
-1.226093263454272218e-04
-1.005088490316543019e-04
-8.491672033711359139e-05
-9.843864022078893531e-05
-8.234506872158300168e-05
-1.062420311742086717e-04
-9.548191406069970544e-05
-8.459142873147595682e-05
-1.265493123095745207e-04
-8.034073297519112836e-05
-9.473111338174108713e-05
-1.282708972246634246e-04
-8.291268063808116960e-05
-8.123898315657860692e-05
-1.156024200925897247e-04
-8.829983280471925919e-05
-7.586015793606405678e-05
-1.219796029246099427e-04
-9.094864248024828082e-05
-1.028544955284694959e-04
-1.147063778237131210e-04
-1.626759680895339488e-04
-1.142477891774145853e-04
-1.079774190975752742e-04
-1.103698627373462035e-04
-8.119600810204302991e-05
-5.664266290199237682e-05
-7.039265068205084221e-05
-7.044167369668062108e-05
-1.261097676975138034e-04
-6.162867051302143510e-05
-1.194005927242254973e-04
-1.393923678455190286e-04
-1.627543762189555732e-04
-8.043915863219949195e-05
-1.396908535971488690e-04
-9.775921310069358235e-05
-1.065514017757234529e-04
-7.453977653930474092e-05
-9.362229615607208400e-05
-9.900366789373413439e-05
-9.689065067133787042e-05
-1.434067955117747828e-04
-1.402355774370967021e-04
-9.768163019720716496e-05
-1.396054126570103716e-04
-1.464820227967116191e-04
-6.484027674249402901e-05
-1.133923691633699726e-04
-1.135201679105201885e-04
-9.268325708394039230e-05
-9.717092629482321339e-05
-1.051687476712003086e-04
-9.312206530446201351e-05
-9.123255853808635645e-05
-9.848709041302593703e-05
-1.461868041414369774e-04
-1.613102151574901169e-04
-1.138875352036327167e-04
-1.307967025579683440e-04
-1.037695012344331250e-04
-1.099294252905942562e-04
-1.106073373090100351e-04
-1.004281123485295762e-04
-8.205633568579937681e-05
-7.385535282809223994e-05
-7.018745006262502352e-05
-3.090815462055200130e-05
-8.521855185562784160e-05
-1.161305491323766159e-04
-1.381540253596156176e-04
-1.302917244862023026e-04
-7.554750446894594623e-05
-9.417532809084858245e-05
-8.119423554270908483e-05
-6.835116347494696830e-05
-1.174501242819521972e-04
-1.173876524732062889e-04
-1.131181694571842434e-04
-1.468084222357876015e-04
-1.581810051879287496e-04
-1.302488099199849102e-04
-1.448543233213973305e-04
-1.085913363294825520e-04
-1.308169556612478524e-04
-1.120186292587250934e-04
-9.616064321599416707e-05
-7.898758173143236104e-05
-1.022754527657074867e-04
-8.521058341555816590e-05
-1.229605245582922584e-04
-1.277959566489104168e-04
-1.399030586692772869e-04
-1.484036051799959280e-04
-1.301440293009186312e-04
-1.042902505340264057e-04
-1.541012258776125877e-04
-1.551572259214439658e-04
-9.336717859450775596e-05
-1.050819709631917311e-04
-1.077885663666717066e-04
-1.172795103863466840e-04
-1.288431214344002546e-04
-1.101657078394359092e-04
-1.458600588456527322e-04
-1.085960704001109542e-04
-1.056009461851590235e-04
-1.422509763968791356e-04
-1.083676098114751075e-04
-1.145626385553480620e-04
-6.304707051042088793e-05
-7.488284034307768160e-05
-9.152295107425026139e-05
-1.057561293877361025e-04
-1.165464974508288254e-04
-6.884047506949669273e-05
-1.304871172204210184e-04
-1.195752868282075267e-04
-1.220447692128396499e-04
-1.061426591732662650e-04
-9.742763914194993728e-05
-1.120469454042909494e-04
-9.953789414256594302e-05
-7.941386962711902045e-05
-8.572348874730137099e-05
-9.168790078775811028e-05
-1.191934728689587203e-04
-9.473267871411739267e-05
-1.588629339018612376e-04
-1.294356263763335154e-04
-1.373618041559412873e-04
-1.592387252623704466e-04
-1.101762296912454854e-04
-1.439663711352365131e-04
-9.788326240611849264e-05
-6.625215730881488848e-05
-4.603383207251832647e-05
-1.038179186123772585e-04
-7.272471576185068540e-05
-1.668720466292348268e-04
-7.579159492560988117e-05
-1.224343844722412757e-04
-1.075645029582444179e-04
-1.283593482968442827e-04
-1.319075546411982403e-04
-9.328223527075877263e-05
-9.586508465527389790e-05
-6.462211843611678167e-05
-8.217387337167858128e-05
-9.454623226625662841e-05
-6.670436294398112028e-05
-1.062723105342214128e-04
-1.058184426451594270e-04
-1.132836048872493855e-04
-1.392195758357630479e-04
-1.395938095701049675e-04
-1.615879063411303576e-04
-1.079627887837306951e-04
-1.060333327139344396e-04
-1.161218453705541121e-04
-9.753925584022285651e-05
-1.074803737339177496e-04
-9.503546301922905111e-05
-1.203929312812160248e-04
-9.842528225669233699e-05
-1.222426892302955301e-04
-1.156200359712314266e-04
-1.622239705321253101e-04
-1.190990634125280016e-04
-7.779857345272340660e-05
-1.124115941335924405e-04
-1.032033235503595402e-04
-1.104324233067262355e-04
-9.106691825825194615e-05
-1.004838568652512859e-04
-9.971159498897762350e-05
-1.033862053946980105e-04
-1.211148370278335390e-04
-1.119142417407711720e-04
-1.463405328225384893e-04
-6.418747715410778399e-05
-8.508344954557817000e-05
-9.710633591182979342e-05
-8.469745700241246755e-05
-1.119461051737223264e-04
-1.075609729771550150e-04
-1.461497412437912135e-04
-1.038959417185007539e-04
-1.290597727354330943e-04
-1.503662394193229664e-04
-8.742392543555908325e-05
-1.042862927026511630e-04
-9.678917857435628185e-05
-7.184251134892470463e-05
-5.400579438921375425e-05
-9.665434857471494996e-05
-9.502261147889475316e-05
-1.203266159837910332e-04
-9.725403037826443940e-05
-7.820353251912136544e-05
-9.049632359500580780e-05
-1.104572165381143874e-04
-1.234806005855254346e-04
-1.104507877042864970e-04
-9.514513000275159015e-05
-8.594866383067487558e-05
-7.432441024926775947e-05
-7.833518497171128899e-05
-9.652456284702129561e-05
-1.209202194947530220e-04
-1.048537039576451403e-04
-1.302276851665492413e-04
-1.624043529823300503e-04
-1.739992489536292897e-04
-1.565411660602623336e-04
-1.027724760071994752e-04
-9.803544689585742974e-05
-1.445337813570503165e-04
-1.071856199275896611e-04
-8.359289325787460485e-05
-8.501809207825271515e-05
-9.448760961495303247e-05
-1.169087276843939154e-04
-1.039753324423936613e-04
-1.096170848643716515e-04
-1.511597545960106166e-04
-8.418768430310514628e-05
-1.442401112611487737e-04
-9.826266977626572853e-05
-1.186570641873995353e-04
-9.951639221962982199e-05
-8.369675681472707777e-05
-1.004473041800335467e-04
-9.185290104340018485e-05
-9.470078134878463479e-05
-1.352426549923749167e-04
-1.127554358495210933e-04
-1.637225329407261795e-04
-1.115310568486598534e-04
-1.169279116296061279e-04
-1.160986421914215940e-04
-7.771754384377105741e-05
-9.493859040901106016e-05
-1.120681742584192839e-04
-9.660302120911337372e-05
-1.112043772006825686e-04
-1.505019325339980614e-04
-9.358023635226461853e-05
-1.255434386632772118e-04
-1.194034307847829625e-04
-9.268887566626614620e-05
-1.180015337590183317e-04
-1.368920078862084810e-04
-1.038284943104300271e-04
-9.179361977994757204e-05
-6.686137488350228837e-05
-1.092725550045415449e-04
-1.088068990086684003e-04
-1.108201163838158057e-04
-1.172284502821031854e-04
-1.679194515305696507e-04
-1.200394803551742506e-04
-1.372005785591849636e-04
-1.485582609768144283e-04
-9.498289624709892198e-05
-1.371046387633750461e-04
-9.080568267631625645e-05
-1.180455700313580252e-04
-1.089528855839690141e-04
-8.742337678136581159e-05
-8.101253517259603414e-05
-9.953707388461999932e-05
-9.866883860407108420e-05
-1.642863461830211113e-04
-1.320698763370661854e-04
-1.393220433217575501e-04
-1.149798654252147384e-04
-1.006478150801162351e-04
-8.193875759879833901e-05
-1.022167739602929343e-04
-1.381612386246202338e-04
-1.021404834457956788e-04
-9.548749939334261292e-05
-1.005578387596623715e-04
-1.370813174759187342e-04
-1.078468982063685190e-04
-1.431568760491477984e-04
-1.001684030200719394e-04
-7.273632135182503573e-05
-1.220808978777947076e-04
-1.042891284550526967e-04
-7.667002027816305593e-05
-1.083700819844092729e-04
-9.282510436561781193e-05
-8.985209700605926541e-05
-1.388905315513169801e-04
-1.451415682958331606e-04
-1.041589688632204745e-04
-1.304765094800883554e-04
-1.008492177367726456e-04
-1.284170730732000251e-04
-1.019354090702769390e-04
-8.062344455842647905e-05
-9.551867636497097776e-05
-8.955302890593503349e-05
-1.188889908960519287e-04
-6.277545356102511725e-05
-1.139228651832509812e-04
-8.936072229634789356e-05
-1.220258979093126017e-04
-9.180329505294094366e-05
-1.431040736097405808e-04
-1.011908221335956157e-04
-1.216282346044441021e-04
-6.714847365056623898e-05
-9.185847491245799270e-05
-9.714182956552412716e-05
-8.888697260731178926e-05
-1.167706366841427668e-04
-1.327400351918218752e-04
-9.458907542063463411e-05
-1.363648238709522925e-04
-7.842860586543631374e-05
-1.887979342193140113e-04
-1.114893180363490222e-04
-1.074895447286027201e-04
-8.440279366963672144e-05
-9.356555677246044145e-05
-1.058441410593037081e-04
-1.268929796378809652e-04
-1.115184818841852906e-04
-9.692704252821280578e-05
-1.422705692518803390e-04
-1.337804299112277753e-04
-1.172897179846259713e-04
-7.770825429577234167e-05
-1.212608647496863420e-04
-1.367227991742214386e-04
-8.450494086302689513e-05
-8.873728380748327992e-05
-8.914344762172910820e-05
-9.841443256964374324e-05
-7.949566066728946836e-05
-1.138500717480943119e-04
-1.316431918526537179e-04
-1.315346821765119121e-04
-1.067128818718677034e-04
-8.967079463903698583e-05
-8.831179781289515000e-05
-1.177907770910903104e-04
-9.885737336369073238e-05
-7.943946097611278721e-05
-1.234622096096129695e-04
-1.261949423358964533e-04
-8.044751255582510501e-05
-8.386505293862711228e-05
-1.223215367435562272e-04
-1.199835204042523851e-04
-1.277986878609371128e-04
-1.635725117020574203e-04
-6.781871819019738340e-05
-8.061472978488134079e-05
-1.176327829027091619e-04
-8.502102807101850294e-05
-1.246959954097923780e-04
-1.057454468972491581e-04
-7.577621666808793174e-05
-8.580651454419327537e-05
-1.431414591830379240e-04
-1.153185527623400061e-04
-1.018109059228436615e-04
-1.229966224932426344e-04
-1.099182514222451519e-04
-1.179169940296682435e-04
-6.901531572507033075e-05
-8.317569347784160058e-05
-9.686389680346126931e-05
-8.500545301950934664e-05
-6.291413896823922023e-05
-1.184698712057820021e-04
-1.044630945724465189e-04
-1.393868928884981612e-04
-1.257506655231248576e-04
-1.260703405852738144e-04
-9.882430005257245693e-05
-1.054666928317516555e-04
-7.127006871570969063e-05
-9.602341662482296420e-05
-1.037873617074291867e-04
-7.583246066207416207e-05
-1.222838337797899153e-04
-7.755391970087897912e-05
-1.346295576013647815e-04
-9.161756454699120057e-05
-1.288964635678861248e-04
-1.525606379087655407e-04
-1.234093487515466544e-04
-1.253380933253685496e-04
-7.560575226987596839e-05
-9.296982512827924408e-05
-9.470979664635953399e-05
-1.009814318415694898e-04
-1.033129326686672486e-04
-1.193366726987045716e-04
-9.566218457759546987e-05
-1.512744918992923104e-04
-1.188644643522479295e-04
-1.127000390410980201e-04
-1.133720736035854777e-04
-1.078604619631185569e-04
-9.032162348940662002e-05
-8.346372116628200276e-05
-9.487341817172711543e-05
-8.079778008010346480e-05
-1.111118060205529685e-04
-1.270964514195055807e-04
-1.654552905149741994e-04
-1.481740847536585400e-04
-9.196086136963968504e-05
-1.563418961805714837e-04
-8.034367618578615571e-05
-1.086406580324943420e-04
-7.112653882558934060e-05
-1.010327431088479250e-04
-9.213490975452611658e-05
-1.025817314387136056e-04
-9.372929568695516898e-05
-1.489604108402415303e-04
-5.617912618702413275e-05
-2.011185905692699952e-04
-1.188104950119449771e-04
-1.427396465930136317e-04
-1.033289751935482121e-04
-1.318658654804530372e-04
-9.149709538513611806e-05
-8.443654449712516556e-05
-1.331051761130223931e-04
-1.051561866345959012e-04
-9.918225980116608122e-05
-1.141164242651608888e-04
-8.987090488141273863e-05
-1.427705952912282480e-04
-1.551573237300630799e-04
-1.342390291871606365e-04
-1.463873627120873815e-04
-9.587616461618801917e-05
-1.108572475479372669e-04
-8.838232425099230296e-05
-1.309427698956364952e-04
-8.894705129429577011e-05
-8.368695276837351271e-05
-1.066458143901402106e-04
-1.607568530797725843e-04
-1.308435182678766473e-04
-9.249288706296249446e-05
-1.507698954087999276e-04
-8.490084570938845527e-05
-1.134335460843358687e-04
-1.059894225764900942e-04
-7.610626038404992620e-05
-8.840096624973409483e-05
-1.015119540481042960e-04
-9.690140852458074047e-05
-1.417556104391108271e-04
-8.234050664652861910e-05
-9.888893230019122293e-05
-1.323391031712098105e-04
-1.096413931805230002e-04
-1.073662242464016551e-04
-1.598135001052922708e-04
-1.162364627092448376e-04
-6.740866369577042290e-05
-9.596760882762691528e-05
-1.504428701482785524e-04
-1.204071427584261345e-04
-1.309595797579804109e-04
-1.388908021195031086e-04
-9.408691464249697447e-05
-1.539711310446120176e-04
-1.289181838147173819e-04
-1.232059405565871335e-04
-9.526648080813957821e-05
-9.644575091472497503e-05
-9.935318753530622234e-05
-9.919159430429752588e-05
-1.185002809191002042e-04
-1.115927536351307264e-04
-1.023344503664525050e-04
-1.315385357938559242e-04
-1.403457825546644327e-04
-8.770684278814965635e-05
-1.200596948089218199e-04
-1.082704983707061995e-04
-1.311445854436936085e-04
-1.164347430613138447e-04
-8.206343796908136109e-05
-1.242598503485149817e-04
-1.075705612983765135e-04
-1.263127482154276368e-04
-1.149985417665074958e-04
-1.144897177391643203e-04
-1.128990854327062020e-04
-1.381886222548545486e-04
-1.099711048197555717e-04
-1.204554481727452512e-04
-1.197420955650102710e-04
-8.232216426928821063e-05
-1.054107604012002262e-04
-8.040698369412678113e-05
-6.747068913319051084e-05
-1.308356317648244453e-04
-1.082283834279794112e-04
-1.407684682549582367e-04
-1.340909623215470867e-04
-1.215883660138375943e-04
-1.350396345746011104e-04
-1.121378908480535154e-04
-9.507351785314848130e-05
-9.261683309213088015e-05
-5.940228139109680948e-05
-9.746006258592502755e-05
-9.026317144979910032e-05
-1.258881456463245346e-04
-1.490085999061305569e-04
-7.489166698193921415e-05
-1.214685316662862154e-04
-1.459348718364724166e-04
-1.042775887879350381e-04
-1.026394303342388425e-04
-8.631725811991776745e-05
-9.079584418892679848e-05
-8.340805376697787456e-05
-7.568462161861209633e-05
-8.564261989506433430e-05
-1.032345217532689341e-04
-1.263563336314857952e-04
-1.112015431171528627e-04
-1.003798560820760058e-04
-8.569387910148485257e-05
-1.363835201849405445e-04
-1.169181960083477711e-04
-1.197373333369936368e-04
-9.070644578146569133e-05
-8.230094577770094219e-05
-8.763000851411471934e-05
-6.875721988411161623e-05
-1.070823387187552761e-04
-1.081480636710468508e-04
-8.304611376692971891e-05
-1.533091365369199999e-04
-1.245937472045812941e-04
-1.314885958456492949e-04
-1.106269217305367659e-04
-1.071783681668348512e-04
-1.096502986514382919e-04
-1.037799918475689848e-04
-9.030205392509990355e-05
-7.914826957175395228e-05
-7.781096223279629256e-05
-8.145574348867467727e-05
-8.547893707630492273e-05
-1.251425441457278413e-04
-1.463483613506445314e-04
-1.083592924295285738e-04
-1.162070141804188636e-04
-8.461911429313655718e-05
-9.860913421750747349e-05
-7.872565293450445355e-05
-7.154929664098788524e-05
-1.097799508872500368e-04
-9.190990175450746769e-05
-1.335346816005971566e-04
-9.268800842158226997e-05
-1.087104247755547312e-04
-1.409479992448137826e-04
-7.962686048238421194e-05
-1.055264460221047400e-04
-7.529754261370064257e-05
-7.775486768517178788e-05
-9.365035401943046949e-05
-8.038778948029938682e-05
-8.402997128276697473e-05
-1.010089283860711912e-04
-1.174037738651009208e-04
-1.573969192495302508e-04
-1.430173429655849713e-04
-1.560855706908095852e-04
-8.468498404129504089e-05
-9.481346692996471981e-05
-8.276419839560268991e-05
-1.202027359378710672e-04
-7.033807789704782409e-05
-8.262409994746667164e-05
-1.190724325708516167e-04
-1.057806661654869161e-04
-9.385885545929650777e-05
-1.436996637657189917e-04
-1.161559458156263006e-04
-1.190671615874250170e-04
-1.124544420132377292e-04
-1.105823271288794923e-04
-1.241370270278893337e-04
-9.786789473655928718e-05
-7.289327502191867206e-05
-1.096691505066047206e-04
-9.668983835684822584e-05
-1.199914128341432104e-04
-5.002449218078162529e-05
-8.730882981380001546e-05
-1.237828477532562004e-04
-1.473651449516537575e-04
-1.288204613607539116e-04
-1.298678743217590711e-04
-1.046728274878686623e-04
-9.744801741836529960e-05
-8.210389772734724961e-05
-7.829311250502407268e-05
-1.145430475303383392e-04
-1.136797974332392266e-04
-8.627042916995793936e-05
-8.900463338498943941e-05
-1.258529074869766784e-04
-1.345031085878059659e-04
-9.133589232333705235e-05
-1.025006831528202405e-04
-8.694353777794063898e-05
-1.034235676744506348e-04
-1.068260756576082404e-04
-7.966302684251522985e-05
-1.334994359811973285e-04
-1.020430995099380893e-04
-9.766192670447465811e-05
-1.025358141667563996e-04
-1.305335365230882508e-04
-7.137530061705600159e-05
-1.287384015140729252e-04
-1.097719330803317394e-04
-8.826254496367665948e-05
-9.334548383532646689e-05
-8.577971021301953193e-05
-8.283820923901026871e-05
-1.122411706268206812e-04
-1.053878118732689976e-04
-1.079973862522542913e-04
-7.965565269543767757e-05
-1.303723110948554881e-04
-1.102209784364665168e-04
-1.384812306917621385e-04
-1.073539069309382271e-04
-1.119310723984831871e-04
-8.191520537868315357e-05
-7.098431948695118710e-05
-6.161735972390831103e-05
-1.134495184164163939e-04
-5.875271451538127172e-05
-1.066545759486963542e-04
-1.183548492813765198e-04
-1.017962600672524275e-04
-1.146279816606298038e-04
-1.068812077487735560e-04
-1.516205004226633653e-04
-8.799416817772719504e-05
-7.988876366627067362e-05
-1.124114100515621683e-04
-7.168451673394202596e-05
-9.108977186118478466e-05
-7.798411012326839141e-05
-6.556096953434739389e-05
-9.819391608657393542e-05
-1.582105788039625950e-04
-1.228912176361128257e-04
-1.346790347603225662e-04
-1.155303148921202051e-04
-1.160552360136285889e-04
-8.887912412666862036e-05
-9.603780957683226470e-05
-9.302371435275573431e-05
-1.344506788541218844e-04
-1.682544091305263382e-04
-1.456920738457724877e-04
-1.162988488146678352e-04
-1.190476856967228318e-04
-1.294283436811511463e-04
-1.359645781617661040e-04
-8.614692692325683022e-05
-1.064340401915265437e-04
-1.118673756934746125e-04
-1.033359011083581234e-04
-9.902719790551959438e-05
-7.206513660853177360e-05
-1.094371631014771917e-04
-9.142550677720751907e-05
-1.281766384697754222e-04
-1.830348614546395251e-04
-1.344804196738971422e-04
-1.371271009606817807e-04
-1.291518653564628757e-04
-9.185727861783625232e-05
-8.651374838836659454e-05
-6.767927024216434005e-05
-1.095699690263577118e-04
-1.186317590815440644e-04
-1.234827441992395673e-04
-1.004856009660640332e-04
-9.725938745130880065e-05
-1.275782545677375129e-04
-1.289146664164713969e-04
-9.730155686311434539e-05
-1.038229580881190232e-04
-1.051955919809850092e-04
-5.262314448607292785e-05
-7.421715296024245163e-05
-1.111070543222108788e-04
-1.071310709931898439e-04
-1.262534207249206943e-04
-1.275109052943445924e-04
-1.332523149219412713e-04
-1.221053561142859656e-04
-1.342069613860213517e-04
-1.210484604710652598e-04
-1.179328566328470226e-04
-9.284500943412422728e-05
-9.744511487886904459e-05
-6.833950113779662218e-05
-9.661847954579951589e-05
-7.765372667385820910e-05
-9.880657256831634294e-05
-1.666286803655568530e-04
-8.825653413044579532e-05
-1.084828047872420250e-04
-1.374687186241845113e-04
-1.360570495589986982e-04
-1.050871438386644276e-04
-1.247508800094069214e-04
-8.528754566185601648e-05
-9.062377948707597657e-05
-1.159920655928663809e-04
-1.183157717630306608e-04
-1.172658667220100086e-04
-6.454048851053642750e-05
-1.387505721293809380e-04
-1.384105123647998907e-04
-1.373596390122805465e-04
-1.300945886005264239e-04
-1.073183627484643144e-04
-8.601606950851275351e-05
-9.160644651252803218e-05
-7.407993386979562847e-05
-9.108443192831753199e-05
-1.382670315480674856e-04
-1.078640423962950345e-04
-1.012074207672243484e-04
-1.274090919726941220e-04
-1.358408222282770825e-04
-1.310184117876993693e-04
-1.400473631962365366e-04
-9.365975984677143279e-05
-1.142461404277866308e-04
-8.593014068069807388e-05
-8.327880799530863840e-05
-9.587808733153220281e-05
-1.084235754285769006e-04
-1.205824972979169626e-04
-1.165185364992811425e-04
-1.245636877496374389e-04
-1.155678553162308727e-04
-1.080877783919165122e-04
-1.035227783294981313e-04
-1.439098042385923964e-04
-1.087237588793281071e-04
-9.966258441828771189e-05
-1.019125296715279745e-04
-1.462510830447945852e-04
-1.366509339155409450e-04
-1.363317352273473533e-04
-1.221805241584316369e-04
-6.876813211524013757e-05
-1.748389976517548234e-04
-1.257705426855596409e-04
-1.174250762225628563e-04
-1.067584346727167759e-04
-1.062144575048049787e-04
-1.116751431987881719e-04
-9.667781682855941788e-05
-8.937224983898569240e-05
-1.308743275251428653e-04
-1.227731620657896198e-04
-1.150824364884320213e-04
-2.652796661446317643e-05
-1.642814106783971947e-04
-1.452530302210086382e-04
-1.153247157722526485e-04
-1.348528212005459075e-04
-8.373512791362898607e-05
-1.482971992988593778e-04
-8.932881733093037601e-05
-1.264418331494077585e-04
-1.148471646393611653e-04
-1.189140497024689677e-04
-1.138703734339461252e-04
-9.248706802853480188e-05
-1.119009006887368868e-04
-1.181991929458786053e-04
-8.271678610350103168e-05
-9.925371439086846253e-05
-1.145621514747193696e-04
-9.630875625100154586e-05
-1.194259766574779977e-04
-1.171754117770153740e-04
-8.959378718548879786e-05
-8.978356076882212889e-05
-1.179602757069532417e-04
-9.337365474263362012e-05
-1.002588355096387167e-04
-1.373550274682282420e-04
-1.459584920295873352e-04
-1.153579520717007607e-04
-9.316504202853641953e-05
-8.006681226776787375e-05
-7.476625458137695730e-05
-1.076678838881461983e-04
-1.000136099173069056e-04
-9.898394911210631501e-05
-1.487968421764286685e-04
-1.579874288167925440e-04
-1.342031369552386291e-04
-1.187704117735766108e-04
-2.033826366994967265e-04
-8.387759751667003653e-05
-1.164660219141934884e-04
-6.640420217813818699e-05
-8.554591449711806863e-05
-1.242276286586171084e-04
-1.163478834830461504e-04
-1.105439114951253782e-04
-1.445273549685924502e-04
-1.582396675132414999e-04
-1.118608565905992227e-04
-1.205580475468170763e-04
-1.283278651293190333e-04
-1.208554950650487776e-04
-9.760576499944464870e-05
-1.083562981496589506e-04
-6.726771154973695593e-05
-1.107787537565496779e-04
-1.131713053446359464e-04
-1.418011340897576823e-04
-1.184456484964258927e-04
-1.161266674794857515e-04
-1.210826897808570433e-04
-1.646026161602024166e-04
-1.337465948939562158e-04
-1.087981582659676709e-04
-9.682693304805620063e-05
-7.554294232810544198e-05
-9.197109461905974323e-05
-9.504516051928480359e-05
-1.037057387867681009e-04
-9.102823056056603762e-05
-7.509153389872739635e-05
-1.216959958827612998e-04
-1.670594260926481177e-04
-1.662094132467105943e-04
-7.618000748502433851e-05
-1.042700227047065937e-04
-1.162441043996001645e-04
-7.982608120603631172e-05
-8.586532686456155934e-05
-1.017013610089088639e-04
-9.053307722642659709e-05
-1.079263719153972250e-04
-1.483508871197541489e-04
-1.117402322505250836e-04
-1.398764523910177001e-04
-1.243562006818832205e-04
-1.272699906778607137e-04
-1.404995364151358727e-04
-1.466644113274672486e-04
-8.342764945254892226e-05
-8.410742470481329591e-05
-1.037104820913422508e-04
-1.391846571811405215e-04
-1.226325438625481916e-04
-8.377249393564993281e-05
-1.668246522695343245e-04
-1.338696599044823245e-04
-1.189441995900297571e-04
-1.271891220543385512e-04
-9.906908535207467452e-05
-9.066166650192129914e-05
-8.350610334843326904e-05
-5.957029739292828396e-05
-8.212533973656505623e-05
-6.895922999422996152e-05
-8.122197953188596900e-05
-1.404721538364441457e-04
-1.204881486784811231e-04
-1.198014083024851519e-04
-1.011310750868506687e-04
-1.034879210917911984e-04
-1.038128413465006758e-04
-1.135161689045243886e-04
-1.034229349285956557e-04
-9.582189385898906705e-05
-1.320079119513500865e-04
-1.011107012615528272e-04
-1.162030595617506717e-04
-1.264969731433158247e-04
-1.154391473896695919e-04
-1.442777709287141783e-04
-1.296151662897505224e-04
-1.011357361790710861e-04
-1.194875550578014143e-04
-1.147220308773077267e-04
-1.050134568079149190e-04
-1.171261767230713199e-04
-1.110006042793710359e-04
-9.953825548180347273e-05
-1.134941561526504156e-04
-9.431200142766309668e-05
-1.156711050436575128e-04
-1.230299191422355796e-04
-1.295510493200844953e-04
-1.387513711997102655e-04
-1.229757746053526191e-04
-1.105047974273672595e-04
-9.978833936147137940e-05
-7.182884908729093279e-05
-9.362362846807516952e-05
-1.096035690488562274e-04
-9.781390602833140064e-05
-1.285355694884724538e-04
-1.223368614394506585e-04
-1.880984055756826172e-04
-8.398776773385212583e-05
-7.666382360559956743e-05
-1.369134525690797141e-04
-8.644047294543149445e-05
-7.460767957303502404e-05
-6.065592840856616561e-05
-1.080639862178039946e-04
-1.088885715622658917e-04
-9.962594025702666630e-05
-1.054787629474816492e-04
-7.816079267639567004e-05
-1.120050820074942156e-04
-1.125510546869948824e-04
-1.930662925955770916e-04
-1.104140541346716704e-04
-1.492833489308016790e-04
