-5.837695785208447149e-05
-7.479510716143499026e-05
-1.069538451911423787e-04
-6.162581788493235423e-05
-9.624229206243347366e-05
-8.119862860288630036e-05
-1.144000700531471371e-04
-8.833331072142161099e-05
-4.731713128905573222e-05
-7.979378236507897167e-05
-5.171743589780804213e-05
-9.609808819817145008e-05
-9.254367761749863650e-05
-9.845131439945865295e-05
-9.938030747587422997e-05
-5.409720329976712427e-05
5.149978138211723603e-05
-2.864875307813330126e-05
-1.330905866624558531e-04
-1.373790129480577469e-04
-1.297554333249667090e-04
-7.459364674460170288e-05
-1.009348189830289969e-04
-8.848699827327662993e-05
-7.251960342159313039e-05
-1.633703834215348677e-04
-6.436325373257036184e-05
-7.374500368562024249e-05
-3.001967873683379791e-05
-1.080150846882238291e-04
-4.236279775979889307e-05
-1.148705983410827245e-04
-9.375155999400412070e-05
-3.238468525871347515e-05
-4.630052195982252541e-05
-1.295618491792695877e-04
-1.010065579219181800e-04
-7.872069341070662583e-05
-1.107258017319874202e-04
-3.008910544155329482e-05
1.786701053101630493e-06
-1.211461338115014930e-04
-1.525769664493599096e-04
-1.165023179162132696e-04
-1.147522585481726193e-04
-3.686074500086926662e-05
-1.690462909303370391e-04
-1.022361568171135227e-04
-6.951243612629043106e-05
-6.455100444185234837e-05
-9.300433879257219536e-05
-7.908830237841641287e-05
-1.007899196145658940e-04
-8.364541907444475921e-05
-1.210277154696673359e-04
-9.934304908406970877e-05
-7.426273551887580069e-05
-9.016086330130335970e-05
-7.249376930500648351e-05
-1.289561259476917324e-04
-1.221724168297815829e-04
-9.961598476169252034e-05
-1.246292019270768547e-04
-5.703296239539814124e-05
-3.342222327256033144e-05
-8.591535418179425140e-05
-1.075883501671231221e-04
-6.261809169762678920e-05
-1.147047609692588161e-04
-1.311467674151324796e-04
-5.331954034427142475e-05
-1.523135615322073735e-04
-1.233039920887420312e-04
-1.497158255653766664e-04
-8.253488169550518658e-05
-2.599175045783431906e-05
3.378911320795694302e-05
-4.046942430337389110e-05
-1.077771027002963279e-04
-4.795372379617488434e-05
-1.290691232221161523e-04
-8.316787181021684423e-05
-7.027939712514297374e-05
-9.324493181968206070e-05
-9.046263793361611783e-05
-6.771117490746085912e-05
-5.183931072455391181e-05
-6.376386766381342821e-06
1.137277344325385926e-05
-1.341070002120208935e-04
-8.114930851395024539e-05
-8.021112232010240610e-05
-5.651706827359075476e-05
-6.647782965415069910e-05
-5.452329249837590890e-05
-1.223820714636615755e-04
-8.196236190244651331e-05
-1.263157626874500329e-04
-5.506114711294611991e-05
-5.323489469305848945e-05
-1.296693746021706616e-04
-5.341549210043761804e-05
-6.010320494882545871e-05
-6.368622371714061060e-05
-8.790650352199000763e-05
-3.105805894402668168e-05
-6.378554282832591009e-07
-1.006160066634949514e-04
-1.113252614192918082e-04
-4.647454782812614075e-05
-1.108841166243865032e-04
-1.264398355139901068e-04
-3.351062376122505404e-05
-6.734510712558986563e-05
-9.810132350919317692e-05
-3.835760315251698291e-06
-1.242639309425572810e-04
-9.182132318784706336e-05
-1.073139037750330639e-04
-8.304907032291000864e-05
-6.838457194623188593e-05
-1.191106566403386775e-04
-1.046149405440641660e-04
-8.628709846673825808e-05
-5.452409594734751485e-05
-1.197029080850193742e-05
-7.158179210669466655e-05
-6.443627416356213723e-05
-4.605728094960103651e-05
-1.232909883908602530e-04
-2.348184777456984235e-05
-9.311309401936164671e-05
-9.250459175469298372e-05
-9.220726524841846468e-05
-1.426689438222896204e-04
-3.275927458923164482e-05
-2.928438607984422794e-05
-7.160873294757002388e-05
-7.141957987864710924e-05
-8.623300214105369098e-05
-2.650929702403509748e-05
-3.571743536886064983e-05
-7.837718677771215103e-05
-1.183690429454595033e-04
-9.099398652990701520e-05
-8.822849506894904807e-05
-6.302495354630547177e-05
-2.400759021008511598e-05
-2.134794917493938163e-05
-5.360979880770061739e-05
-4.557556509413084809e-05
-8.629738581044940160e-05
-1.626986685679166248e-04
-7.516095292634233233e-05
-7.183555692193874752e-05
-9.049623111699013828e-05
-1.213100230840524670e-04
-1.060290500943757884e-04
-1.042977730633982161e-04
-8.457779503590915021e-05
-1.156519093853329680e-04
-6.446965682499167618e-05
1.861591692650617558e-05
-8.338178194094967330e-05
-4.756635705695951135e-05
-1.317595080185435025e-04
-1.138915425240193726e-04
-1.150441601546163263e-04
-1.040190921685281347e-04
-9.266770776840770984e-05
-2.981993898943359491e-05
-6.134569661098276797e-05
-6.243219698922079439e-05
-1.338057605966147675e-04
-1.532082481018039947e-04
-7.729343055574305638e-05
-1.288932969890283550e-04
-1.785976719235116809e-05
-7.863889817486266552e-05
-1.259611339780422655e-04
-1.139387379436260792e-04
-8.856273291832480934e-05
-4.644024947458270464e-05
-4.158899140549460064e-05
-5.873744890756215449e-05
-8.874799536294214334e-05
-9.384363535970368080e-05
-1.229456437191175163e-04
-4.025976236218119811e-05
-1.038583126315068038e-04
-1.031637413038275012e-04
-1.751761859350456580e-04
-1.087987927528470618e-04
-1.015211982673289252e-04
-1.037839497735054814e-04
-6.027088122074140129e-05
-6.286012560540379522e-05
-1.235290238951271312e-04
-1.564759221253129247e-04
-1.060460587699631196e-04
-1.535792302965723543e-04
-8.586703209561035897e-05
-1.326361715711438976e-04
-1.218747012911710823e-04
-8.599530365149489128e-05
-4.858199523232865186e-05
-6.529186970917862575e-05
-7.707364363719850973e-05
-3.490764548443082169e-05
-1.482896529677856250e-04
-7.047600145837041934e-05
-8.700013957546125600e-05
-1.354190159728453191e-04
-9.372639686188663228e-05
-1.350853841187027861e-04
-8.145122204515390057e-05
-9.790226613398996653e-05
-1.222459534751286505e-04
-9.227133016187103950e-05
-3.368938472698918072e-05
-3.824778679592200851e-05
-1.816872995833293731e-04
-1.486941894064096065e-04
-9.087677078057211470e-05
-5.088120802440898762e-05
-4.468194318484211238e-05
-8.291696480695866722e-05
-1.332900634262640708e-04
-1.029279318558911559e-04
-9.754268930124112191e-05
-2.944347518865680081e-05
1.834392383559889887e-05
-8.577127848904604905e-05
-3.381322481066543426e-05
-8.295287270416909064e-05
-8.520813628170960581e-05
-1.079236323318387626e-04
-1.268517807358807939e-04
-1.064292423641205606e-04
-1.416946624912969715e-04
-1.112087718083605456e-04
-1.345688962015230709e-04
-8.719075376697407330e-05
-5.975080508082125218e-05
-5.965449746027812498e-05
-1.131119752000975362e-04
-1.147539368401157282e-04
-1.226466998561872896e-04
-8.339773344931224511e-05
-4.337749023265943408e-05
-9.146827972309452630e-05
-1.114438959868656575e-04
-1.285197698224872852e-04
-8.865694655716394837e-05
-9.238298031200104714e-05
-6.517390773065386141e-05
-1.086138177077387856e-04
-1.232310144138045545e-04
-1.328127998552659794e-04
-6.567323560245703798e-05
-9.995267536888219220e-05
-8.507975390073944694e-05
-1.003911474410937120e-04
-1.181443229273404933e-04
-1.010136130250498883e-04
-5.187347445752767166e-05
-6.513582658421138865e-05
-2.599208481279982366e-05
-7.188710221919469626e-08
-7.660188527991611328e-05
-9.234813781247936868e-05
-2.965407264333476896e-05
-9.856780696642124999e-05
-4.925666433082910096e-05
-8.323871815205284509e-05
-1.193858374900955935e-04
-8.905353224337031069e-05
-1.233011841879270672e-04
-1.004140715915996372e-04
-1.538691575874016852e-05
-6.367539968460225774e-05
-1.221085726799947925e-04
-1.799381780694027128e-04
-8.446122860079633625e-05
-8.163689043668207303e-05
-7.255920072879889257e-05
-6.098374289927822927e-05
-1.208433764722160537e-04
-1.330421004570656171e-04
-9.920185183671248333e-05
-4.518478995381805687e-05
-2.584276250512504406e-05
2.239627117153551023e-05
-1.676508179929696334e-05
-1.471929850827273945e-04
-1.202666061727845513e-04
-8.715180273350013412e-05
-1.542824636793785277e-04
-1.357550041011543836e-04
-7.813298291460394653e-05
-1.236159448518237762e-04
-5.384045671817837888e-05
-6.193827946991056755e-05
-7.507674007636126203e-05
-1.602033806793176152e-05
-7.057051488127523973e-05
-1.100195809854216016e-04
-4.405586874556629309e-05
-7.022570659144972442e-05
-1.161249864527909135e-04
-8.248271319825591953e-05
-9.362867335585328601e-05
-1.100415630554281275e-04
-8.473597273634264095e-05
-1.253232162521461198e-04
-1.371737188750688028e-04
7.609861612851774487e-06
-9.316650583163357336e-05
-1.210305201885129498e-04
-1.213672946449347311e-04
-1.279068265351352611e-04
-6.501962455780757990e-05
-7.553527506997427261e-05
-1.362030112181840933e-04
-8.909219460676586248e-05
-6.461288425112973993e-05
-1.349941782487141986e-04
-1.039661460695328260e-04
-8.542089953654295558e-05
-4.200579432369196754e-05
-9.179607334953082199e-05
-7.395298615807920084e-05
-1.467162810421394534e-04
2.989305127056898568e-06
-1.085367826806511851e-04
-1.008896446770567358e-04
-8.069133640261350591e-05
-1.310040541743268030e-04
-7.756133058280307354e-05
-6.451754657603850417e-05
-4.666667727291134104e-05
-1.107264977685483410e-04
-1.693015181908518927e-04
-3.607868113688908815e-05
-1.483721583285249276e-04
-5.936628884461002132e-05
-7.244227296432819211e-05
-1.094929970708004231e-04
-7.138467250595639248e-05
-9.790540046824131027e-05
-5.529710484096041266e-05
-4.153986643608950424e-05
-2.762459903508178755e-05
-7.972714080216938013e-05
-1.381275141539042536e-04
-8.742431794962457730e-05
-1.868822248096366765e-04
-1.354699459437717756e-05
-1.345608602427827820e-04
-1.002088662558867110e-04
-1.103123536510084855e-04
-7.156959378170194062e-05
-1.005933669067953011e-04
-2.109920403836768258e-05
-7.814193503021378768e-05
-7.730895147812927586e-05
-1.646543425569471631e-04
-1.315450843789746208e-04
-7.304221702029998814e-05
-6.375941523902638815e-05
-9.040153807737214562e-05
-6.759861081239683584e-05
-1.279128223769316534e-04
-5.176231764147875642e-05
-4.730162105425974342e-05
-8.452124811498474741e-05
-6.838675325466588202e-05
-6.781983649122776147e-05
-1.148164456045914811e-04
-1.505828300420639337e-04
-6.807682952992718769e-05
-4.253122872311168850e-05
-4.283455278364543334e-05
-7.501219216588328269e-05
-1.004247197224102090e-04
-6.749785950399578868e-05
-1.548532285477485326e-04
-4.570736303513509024e-05
-4.738139476709086909e-05
-8.292862836455788551e-06
-1.898878910596077927e-04
-1.025083402848974432e-04
1.741553288901776200e-05
-7.421955537659622219e-05
-6.720462353713982438e-05
-1.175748932215564757e-04
-7.174400526323348938e-05
-1.504578974233739485e-04
-9.560508102292685612e-05
-3.517735896355123125e-05
-1.099189871110285911e-04
-9.721994063062743040e-05
-7.163056133709547559e-05
-1.104751696435409702e-04
-1.112681566587753000e-04
-1.049325018562804275e-05
-1.383669101621385646e-04
-1.044787967781673550e-04
-1.087223270868540009e-04
-9.273155048912772860e-05
-4.680688407795731795e-05
-2.494688598769160669e-05
-8.642526256101519316e-05
-1.454178115004984792e-04
-1.155930923015928446e-04
-9.049295979622157217e-05
-1.250348875281069388e-04
-9.026951210683759356e-05
-6.792848887071697007e-05
-1.161481399430522771e-04
-1.101486675981766538e-04
-7.797526393108171331e-05
-7.802121310795701210e-05
2.527101509382342399e-05
-6.716354052043593944e-05
-1.459184160589397500e-04
-8.001416698885763408e-05
-8.705404331359077521e-05
-7.746231636835090753e-05
-3.540180402956647924e-05
-4.044098097682250457e-05
-8.573442072669896596e-05
-6.538077248541973455e-05
-1.195056466637216096e-04
-3.108950422620503968e-05
-6.877655670881650406e-05
-8.712918991991590648e-05
-1.406894374605205747e-04
-1.358351168512441785e-04
-9.248879261635141772e-05
-5.641251659932975548e-05
-4.060808944576362961e-05
-6.599602905687051275e-05
-1.079683505439910720e-04
-1.122132399085241358e-04
-1.074459723383319195e-04
-5.599777830398720336e-05
-4.664330861406070557e-05
3.576610576565714014e-05
-1.223843489777207301e-04
-1.492717793449498500e-04
-1.245617398472481923e-04
-1.280594831726185887e-04
-9.025830732268291562e-05
-8.140820194609415552e-05
-9.841989300936184544e-05
-1.399960509310895114e-04
-1.180869497506270690e-04
-7.146355845053209118e-05
-1.273297036930964149e-04
-8.535000896445245886e-05
-5.650043150946034988e-05
-1.341101563253985099e-04
-7.781307564665047849e-05
-1.033568394468698085e-04
-1.265047043596549052e-04
-1.121398717667559291e-04
-1.523766878388240582e-04
-9.464199250664951594e-05
-1.430229661685230625e-04
-8.063542367606450366e-05
-3.955845822941117007e-06
-6.706702570591257769e-05
-1.392789056145539461e-04
-1.257009372531425479e-04
-1.754193768641031115e-04
-1.332697799552134119e-04
-1.298725533922494302e-04
-1.467058689921728830e-04
-1.142980029044709844e-04
-1.268027205190731398e-04
-8.738150404815442048e-05
-1.247640908443331683e-04
-2.440098989427652386e-05
-7.413499078354969150e-05
-9.004402480627784805e-05
-9.979002684783380283e-05
-9.960070479939436513e-05
-6.965644862030661915e-05
-5.394480135720753104e-05
-1.182532709026338564e-04
-1.106482063368481220e-04
-8.504801774599268012e-05
-6.771744787653356497e-05
-1.146981208523736596e-04
-6.901755172328674691e-05
-6.894864351559873666e-05
-8.364686927777281570e-05
-1.352523173300151417e-04
-1.025785750827625989e-04
-1.303929531770077629e-04
-7.731442618500889981e-05
-7.636663639165288319e-05
-1.348697177964383077e-04
-1.052115778052892437e-04
-4.706795080817398997e-05
-7.971399899519784503e-05
-5.244053424026635728e-05
-1.370763185659506372e-04
-1.154576300443283302e-04
-6.872460141219443360e-05
-1.052915537281187285e-04
-2.336525473927979443e-05
-1.316360538291657051e-04
-1.614162441794507485e-04
-1.220727486299915548e-04
-3.992815349926734136e-05
-1.212757157431919758e-04
-9.700758189925279685e-05
-8.744407466404461216e-05
-1.040424562814403425e-04
-1.384178896551309769e-04
-1.893567049916106430e-04
-2.232981383218654995e-05
-8.501101706434230614e-05
-8.825360412576260946e-05
-1.066542025049004342e-04
-1.152449708044225786e-04
-8.898306939745368360e-05
-1.299225891171092693e-04
-3.970404762250133153e-05
-8.160392350612226679e-05
-4.712443813943187858e-05
-4.848738877727387496e-05
-7.821662102361686081e-05
-6.597450256890655053e-05
-8.550568106497819280e-05
-6.059031838903451874e-05
-1.453816309920868781e-04
-1.000538772549314703e-04
-1.116806206146844820e-04
-1.020605007232078872e-04
-1.390171146621029061e-04
-2.994118107108300012e-05
-2.041168651527464626e-05
-5.806696324717009275e-05
-1.274355114053196648e-04
-5.620100747582699763e-05
-9.129406236999181793e-05
-6.603214967234460756e-05
-3.648789273220511367e-05
-1.254766464668060472e-04
-9.321658918656940259e-05
-1.110188602943278682e-04
-6.661713916648949224e-05
-7.740567659255546864e-05
-1.945707784299861829e-05
-1.132252785064314241e-06
-1.044769453875345807e-04
-9.003530794831197969e-05
-1.077991852463931516e-04
-1.099053339034467746e-04
-1.039030383778567824e-06
-1.018241073958869354e-04
-9.368274997248620165e-05
-1.064093777951361349e-04
-3.800479077362921949e-05
-3.782709468123727212e-05
-2.855638938957118082e-05
-1.734384546985031760e-04
-1.473722064571541862e-04
-1.788135250122372137e-04
-6.461332688036838085e-05
-9.803066443195436984e-05
-1.199314313866317122e-04
-1.285269962423746563e-04
-1.122002430748400580e-04
-9.193643299221061706e-05
-8.802770234239211975e-05
-5.655186187726197062e-05
-1.003715393604232860e-04
-1.149336455131240789e-04
-5.289664147969321982e-05
-1.466537825381051771e-04
-1.343573355099100439e-04
-1.217330383209066640e-04
-1.060399728391359417e-04
-1.011262712510990362e-04
-1.312396976007806980e-04
-1.278398132813154280e-04
-1.187424512668874875e-04
-8.051859921017321027e-05
-4.387904238956595593e-05
-8.397120490732245960e-05
-4.699449086028818421e-05
-1.153490257463331623e-04
-7.208496877440388794e-05
-7.105122062655693524e-05
-8.872207373829804199e-05
-1.087121293572367942e-04
-1.198962099901301889e-04
-1.078773394711677805e-04
-4.652888261514696985e-05
-7.339152591140034158e-05
-6.981821569411027911e-05
-3.610585908484645399e-05
-7.692154770241647844e-05
-1.159145439013092469e-04
-4.812421004944374901e-05
-6.293089753434276856e-05
-5.828352489793957070e-05
-1.587832014267910596e-04
-1.075834960077291281e-04
-1.040843648244145085e-04
-7.079695441027707842e-05
-3.928233264444814079e-05
-8.428909673956075789e-05
-1.089907267245676474e-04
-6.457664629150116449e-05
-1.370137089160219251e-04
-9.494354860467454872e-05
-7.032068643724483212e-05
-1.118821713836134612e-04
-7.153146600125946154e-05
-7.874607238889904162e-05
-6.165133762155111479e-05
-8.748476498704745399e-05
-9.249933854098881794e-05
-7.955182852595587542e-05
-5.667231360537488622e-05
-1.473735696298964339e-04
-1.028267050007961394e-04
-1.801190594221493990e-04
-6.141776833332309674e-05
-8.649613080968789026e-05
-9.366140734046432049e-05
-1.002355534524040692e-04
-8.062730201217485702e-05
-9.561925988299372660e-05
-5.704603025286768432e-05
-4.091418839931982134e-05
-9.823573717101021245e-05
-1.111347353531212196e-04
-1.070323269768297142e-04
-9.184887557897296480e-05
-7.469607145482751946e-05
-5.086978369155384838e-05
-1.093696448392251916e-04
-1.076445518942877315e-04
-1.564703902826658835e-04
-5.552228815722251771e-05
-2.709117918670288531e-05
-1.323818867827185374e-04
-5.602666184370419256e-05
-1.009548414940547313e-04
-1.289699436915377466e-04
-1.036643626500826954e-04
-4.699153982629739669e-05
-8.520485768896979295e-05
-9.788905040708501112e-05
-1.342743127379666089e-04
-1.061365156191960231e-04
-7.289371943689353117e-05
-4.146721941410605309e-05
-6.530570173463013349e-05
5.092227234281068861e-05
-1.409922245363645936e-04
-8.150499607861104293e-05
-7.337364678450148954e-05
-7.646280173743635563e-05
-9.364540715073406873e-05
-9.904777488476875240e-05
-8.135338127130649691e-05
-5.172058818214877844e-05
-6.680584851007555106e-05
-5.365174127534662525e-05
-6.125804074347268461e-05
-8.276751116182028459e-05
-9.963766816810800894e-05
-1.686137068911741697e-04
-5.888583686195136217e-05
-1.239803320800046238e-04
-9.785302376729291597e-05
-1.272946070616431328e-04
-9.400551827232797282e-05
-5.411681256613403622e-05
-5.344728918440621034e-05
-1.254362990613653527e-05
-1.038696698284034278e-04
-1.042628302782820930e-04
-1.476905021977032264e-04
-1.280400444332471484e-04
-9.095090914439412819e-05
-7.693235290365427160e-05
-8.264739340696269703e-05
-1.093183627351024522e-04
-9.887520485410048431e-05
-8.777379186117260901e-05
-5.364076992105508705e-05
-3.578296479946130787e-05
-7.128285528458988204e-05
-2.145388442590775700e-05
-9.392652163449918075e-05
-1.167866204434142726e-04
-9.977184888362818961e-05
-4.207053911819716940e-05
-1.199157532864285883e-04
-1.024869736016643441e-04
-1.334935832638087152e-04
-1.153365981059599227e-04
-5.341850719485842795e-05
-9.138415127851830840e-05
-7.471658032109459893e-05
-1.321420405593281091e-04
-1.118687169008297636e-04
-1.503670784514330317e-04
-4.637245853382687748e-05
-1.016817041866459429e-04
-1.174278121177756693e-04
-1.379776543444051408e-04
-1.235049795792953940e-04
-1.414677993141193614e-04
-6.357540978233615651e-05
-9.117954055983750839e-05
-9.147996531727351313e-05
-1.108799471632227108e-04
-1.681963665166794606e-04
-1.172263784906421401e-04
-1.174658211480018773e-04
-5.542670170636631970e-05
-1.019388490623294763e-04
-7.508488241767530811e-05
-1.129282173027440364e-04
-7.525163341155609049e-05
-5.456155618884788193e-05
-9.573943326912409593e-05
-2.203871484154699392e-05
-7.354559203869994008e-05
-7.330802534481649293e-05
-1.623146683270639565e-04
-6.375966118736313101e-05
-9.287267046254777281e-05
-2.265768244320819294e-05
-1.304579289342559887e-04
-1.065011870533283411e-04
-1.437614719845075294e-04
-9.702611959153323914e-05
-9.646107282644064847e-05
3.253089992116498056e-05
-5.581555759915214041e-05
-1.258527376443107867e-04
-1.405731645060612634e-04
-8.564626125431170863e-05
-7.316941539415923207e-05
-5.670412382410452534e-05
-9.866638892574021262e-05
-2.665292330385079267e-05
-8.752968383635551083e-05
-1.217840356008784988e-04
2.208464266520407092e-05
-6.442869350885341284e-05
-8.466380817927786665e-06
-1.159386725102237689e-05
-7.061050511106371015e-05
-1.233107780359318068e-04
-3.862619873588546090e-05
-8.118053952343409936e-05
-4.441715140516454074e-05
-8.642556060235015891e-05
-8.609641815068790039e-05
-6.221419763248104318e-05
-8.948011737664544863e-05
-6.944576849756088621e-05
-6.853649125684699208e-05
-1.234943319807546612e-04
-8.937743776977605844e-05
-4.663169937655902027e-05
-5.729115993803181008e-05
-7.934519993799543376e-05
-1.292499508853812127e-04
-9.136635999571896384e-05
-1.056301129644489963e-04
-2.930295261976585144e-05
-1.005000233483023531e-04
-4.450183794556970380e-06
-4.713445513356335115e-05
-1.163418625277804435e-04
-9.846164849202566796e-05
-1.000555372184298196e-04
-4.279289595508452342e-05
-1.042107184661164956e-04
-1.316139845293164319e-04
-1.202822020266134810e-04
-8.131550770274951438e-05
-3.178029922137761922e-05
-9.715903161273277248e-05
-7.281950554008830218e-05
-3.022099458744626095e-05
-1.075944477764644399e-04
-1.074805423527064812e-04
-1.199462338989527573e-04
-6.937858805252578086e-05
-1.073656341408337698e-04
-1.031797088765378417e-04
-8.924423691876345833e-05
-1.005752360975210690e-04
-8.514063587460094071e-05
-1.006550637295975178e-04
-6.169145807604250033e-05
-8.445889692864844210e-05
-4.383613145271530201e-05
-1.177951595264456079e-04
-1.071243053943453236e-04
-5.710015899642869946e-05
-1.669777717017793936e-04
-8.710847141454014216e-05
-6.591639583095572417e-05
-8.311524290779505385e-05
-4.116731691227968357e-05
-9.016688496258722346e-05
-7.705775071390810196e-05
-6.630914610671450053e-05
-1.322332655687074253e-04
-8.648658889861362859e-05
-5.767980623287971418e-05
-5.552372984974702819e-05
-1.355033463959387681e-04
-1.155622321237385815e-04
-7.860521259531993966e-05
-1.137999883924428957e-04
-7.200432877588677501e-05
-3.089377952679250541e-05
-7.880184199355076764e-07
-1.421429798365621429e-04
-4.569659493777739187e-05
-1.072319045932476698e-04
-1.064500338108959358e-04
-1.298791579454971026e-04
-7.406791299284374219e-05
-1.145622861817545418e-04
-1.159712136595118678e-04
-1.500871527877449953e-04
-8.556005685568084931e-05
-1.367702212050606435e-05
-5.027226800600747842e-05
-5.296894043376641569e-05
-8.174627410107914111e-05
-1.525738019002019529e-04
-2.312632847270974407e-05
-1.074941467343414856e-04
-6.248472741237762662e-05
-7.512417773962082649e-05
-9.980392938528430088e-05
-1.134677520349014913e-04
-2.412029582472929219e-05
-3.962849859096295735e-05
-5.682568962134043264e-05
-6.127725815494177602e-05
-1.109909764053165369e-04
-8.935626495406213835e-05
-1.939007779057649674e-05
-5.384383700801420792e-05
-1.168236581365982279e-04
-1.053546452986259979e-04
-7.723036677373387921e-05
-8.730233927292034395e-05
-6.448088571823868082e-05
-9.656374159769649074e-05
-6.803559933385077221e-05
-1.343411105600003435e-04
-1.509103337240747726e-04
-1.870146254208774087e-04
1.052162225925964074e-06
-2.443726442276338221e-05
-1.298032127366776430e-04
-9.932349561430190191e-05
-1.435384192509597074e-04
-4.845781485852404736e-05
-6.162106674240779567e-05
-1.474499557540664833e-04
-6.632418238818872343e-05
-7.735411399619370181e-05
-1.357668815574597087e-04
-1.565956223612554547e-04
-1.417995784078024098e-04
-5.003161107127051833e-05
-1.511052184138339321e-04
-1.249723735559271263e-04
-1.219259463258425669e-04
-8.420981486164199519e-05
-5.754214104659180419e-05
-9.970458262716936227e-05
-5.086564201847453183e-05
-1.400331583278018705e-04
-8.978092171556765067e-05
-1.096977898482647858e-04
-8.906654986831265698e-05
-9.759484906377379853e-05
-1.513179784754966055e-04
-9.542673668571240956e-05
-8.485448449107156773e-05
-5.845419072310569072e-05
-8.885687338017593810e-05
-5.773936866364381976e-05
-4.168004755891896196e-05
-4.355222666980173576e-05
-1.155362718514567778e-04
-6.055780042888185625e-05
-8.155975272821928339e-05
-3.868630007015320255e-05
-1.141054251470467648e-04
-1.323713873373436468e-04
-1.418660773890463296e-04
-1.151278784473898999e-04
-2.131467802334000732e-05
-9.512539146213249330e-05
-1.164354401517087468e-04
-1.123323972921023007e-04
-1.194065078230987592e-04
-5.892008798440234133e-05
-8.210565298274980850e-05
-1.215081943665113733e-04
-4.533315267410513709e-05
-8.900672634289836518e-05
-1.104198676664030148e-04
-5.231542564221376593e-05
-7.540877828518482799e-05
-7.147421557951330693e-05
-4.856113368572132486e-05
-4.715144078234430244e-05
-1.485525238234127702e-04
-1.601106107787039095e-04
-4.494389175218206617e-05
-4.304157089748129715e-05
-1.551221113039332161e-04
-1.321487494568507825e-04
-1.249324610266663220e-04
-8.983423808622413749e-05
-6.700211719473333528e-05
-1.154542111930350343e-05
-8.375822153770038205e-05
-9.147273453021155130e-05
-2.013432520393796418e-04
-8.052468899211827195e-05
-8.234665311787842459e-05
-7.258321042307626782e-05
-5.901944192847622046e-05
-1.211826254095714272e-04
-1.056515445133276380e-04
-1.078804831194994743e-04
-5.525872392676044138e-05
-6.185854010277065673e-05
-1.638198686984846923e-05
-4.725029942567906513e-05
-1.027261237755327025e-04
-1.151387128954416481e-04
-1.185198317496043797e-04
-4.820053309298037600e-05
-1.233462631581477874e-04
-8.487032609415064350e-05
-6.541449284166928394e-05
-1.316220474945061522e-04
-9.234850241921962186e-05
-6.204223320816355499e-05
-7.729339257126062142e-05
-1.342943388419821677e-04
-1.923740147331615071e-04
-8.342919609837708291e-05
-5.115740899659352193e-05
-1.289170492952372300e-04
-7.332691588983104056e-05
-1.035577196521605069e-04
-1.068206037777461400e-04
-1.025636435967502893e-04
-6.755602609099897835e-05
-1.014222717220528635e-04
-1.858574113009757873e-05
-1.082112765617477439e-04
-1.269983822132511673e-04
-1.203947113235341728e-04
-1.519868840713093012e-04
-1.055506551282993241e-04
-8.763653906757050188e-05
-1.180540217367889825e-04
-1.207075743823375044e-04
-6.131941670450186436e-05
-1.004130221534221384e-04
-6.417621409433135109e-05
-4.224076058633551277e-05
-6.457177065100641817e-05
-1.325194472017689391e-04
-1.476323596409879959e-04
-8.194655067995243458e-05
-4.774350821100554614e-05
-8.804853485826730317e-05
-1.368761297195730234e-04
-1.268256980607873759e-04
-1.249012726975983509e-04
-4.334692871171778720e-05
-2.731770780196984935e-05
-7.308163803839501317e-05
-2.590890430347897539e-05
-1.682730979051185892e-04
-1.666153977597318117e-04
-6.306563293083260245e-05
-1.211721971372524566e-04
-8.107891166274094365e-05
-1.119454428178769708e-04
-1.533458238786534675e-04
-1.374886895813844621e-04
-5.897522578585921049e-05
-6.081190477731427242e-05
-2.074960784106386321e-05
-1.371111310597951057e-04
-9.498098305633570493e-05
-8.773039126143628366e-05
-6.313548481393949378e-05
-7.704274975123386060e-05
-3.238133522657435777e-05
-1.304562872124807535e-04
-1.209089271186419915e-04
-2.925301815617827451e-05
-7.634531938917701356e-05
-9.318897315328491431e-05
-1.101741856341610572e-04
-1.282410585405882239e-04
-1.863486441188724686e-04
-1.300916946638156857e-04
-7.454132294149512289e-05
-1.094013388960405757e-04
-8.354328280863947229e-05
-8.964594059280596699e-05
-1.201960341069773598e-04
-9.333444988587437428e-05
-6.847120654550861751e-05
2.596299775130596636e-05
-8.928703882162993932e-05
-1.360485999760216056e-04
-2.159923894666451879e-04
-3.383682776299622836e-05
-9.804907739168878362e-05
-8.537819625607293819e-05
-7.465380413055809855e-05
-1.156860791119950616e-04
-1.235300184114735767e-04
-1.099587865685856347e-04
-1.191564844312662555e-04
-9.662688656944843583e-05
-1.211640870974162144e-04
-1.066206564599125038e-04
-1.636840847306967836e-04
-1.418837876512339051e-04
-4.027689528706806512e-05
-6.271117781280795148e-05
-4.104898815601628606e-05
-1.478727769893455404e-04
-1.020867518057926943e-04
-1.236026992689137150e-04
-8.212810749894362231e-05
-5.772439785879863224e-05
-4.132065214181987933e-05
-1.383210313109006556e-04
-1.071731423049683855e-04
-1.050827353064889499e-04
-1.066159811570178907e-04
-5.314700968318896123e-05
-7.498403226520786559e-05
-1.045706200538902683e-04
-1.251581751944441537e-04
-4.940919994914533568e-05
-4.422522221212384829e-05
1.931610727483492243e-05
5.941602061605881567e-05
-9.962703391104038477e-05
-7.743577464218236953e-05
-1.356234528544416078e-04
-1.152519208091044059e-04
-5.925436277023807637e-05
-6.283748993434238542e-05
-1.164151175643622600e-04
-8.228167042420851977e-05
-1.176124584590697780e-04
-8.530364745047362533e-05
-9.463225392090578397e-05
-8.185596827481347285e-05
-1.536530825729122537e-04
-8.987321036290062690e-05
-1.034154905087121778e-04
-4.568890015686385660e-05
-3.029885004391044424e-05
-8.771559232351584757e-05
-1.049021029083775452e-04
-1.086043234025248721e-04
-8.605602292664417559e-05
-3.028902070798877107e-05
-2.607594782915614485e-05
-8.524406095191513143e-05
-8.420514184789330576e-05
-1.511529784163277398e-04
-1.036217431247201011e-04
-3.955662458199043493e-05
-6.833733506940544214e-05
-1.422549655360300319e-04
-1.065439275735830871e-04
-1.097454728175670409e-04
-8.728805697811377762e-05
-1.124410081654219685e-04
-1.038532564555293217e-04
-7.454051456828808618e-05
-1.373080220752100078e-04
-6.610774563440677991e-05
-4.619588707918651535e-05
-7.603069419423559908e-05
-2.495828551069882561e-06
-1.187239730049465740e-04
-9.449914975270988439e-05
-9.044286368393772207e-05
-7.640969925509189203e-05
-8.219688846376960656e-05
-3.738822546839237808e-05
3.965460766970078970e-05
-9.473582281759759219e-05
-5.974625852609343000e-05
-3.672914983149452200e-05
-3.756262448356351082e-05
-8.480027279424158352e-05
-9.441629730782416454e-05
-1.165555214850589905e-04
-1.080754905260501150e-04
-1.024636431427856622e-04
-9.423480975253149968e-05
-5.716617472914651730e-05
-5.933478807529447342e-05
-9.406770762441719793e-05
-1.108928986300752406e-04
-8.928204886384720311e-05
-1.062144024883844416e-04
-8.127412135683175073e-05
-1.226288929146617033e-04
-1.161782415770057798e-04
-9.304228289819005708e-05
-1.918269753168204257e-05
-7.784921915398256530e-05
1.658723375290816905e-05
-1.376671182002508380e-04
-4.310096423810569913e-05
-5.010876577630740512e-05
-1.446463444533660822e-05
-3.040080746996991651e-05
-1.100506544053894475e-04
-1.130178274544706840e-04
-1.339680529345990754e-04
-8.195741670383138147e-05
-1.061849463713278595e-04
-8.741146809813114609e-05
-1.951137413153407582e-05
-1.365035280295093116e-05
-4.267639764016343428e-05
-9.121037352967275766e-05
-1.306685425514508858e-04
-1.145230899561861237e-04
-1.514492572645836661e-04
-1.000166818409525674e-04
-1.200970977691513892e-04
-1.067132242101658478e-04
-1.160157200678953176e-04
-7.924037443899372053e-05
-3.890541969922937124e-05
-6.646434043218379180e-05
-6.958734091575071747e-05
-7.240053162449916783e-05
-1.014017757707223196e-04
-7.116985220658153034e-05
-4.443893996908268259e-05
-3.134855965836204475e-05
-1.062499508973724854e-04
-1.113321658469953410e-04
-9.415322742655819494e-05
-6.431165684610136944e-05
-3.710344335205922802e-05
-6.048303950578355604e-05
-6.966767980597503057e-05
-3.966498853374949153e-05
-1.271309994799776064e-04
-7.211856389024477666e-05
4.494282348219402610e-05
-1.531419120431202970e-05
-1.173864770115935454e-04
-9.876022801933171107e-05
-1.262923903156907006e-04
-4.959882344567824344e-05
-8.370501415854153927e-05
-9.762026356405194497e-06
-9.015444788925537861e-05
-1.378651433168512342e-04
-6.996070640414775639e-05
-1.164194406122249126e-04
-7.338637030438770388e-05
1.405131193337370969e-05
-4.499720127255294865e-05
-1.247155709011563878e-04
-4.851963857534578032e-05
-1.042401637016805255e-04
-5.662870637253988128e-05
-2.187394403815600122e-06
-8.761627460744799648e-05
-8.739346220792843368e-05
-1.045224567886718966e-04
-3.922923399500302070e-05
-2.070686119874781401e-05
-7.472061434098440464e-05
-9.694471625094271019e-05
-1.148961689112025356e-04
-1.163575616710662083e-04
-6.459542014113175176e-05
-7.309252762204042960e-05
-6.819340412722947251e-05
-1.063255952910072935e-04
-2.037144266918171278e-04
-1.166682818947586362e-04
-8.022722996361338088e-05
-6.185421344994647354e-05
-1.160041503255571874e-04
-9.677160784191001007e-05
-9.479258862547318898e-05
-8.625992611191677100e-05
-7.852319150082994392e-05
-9.329986951379939746e-05
-6.213144130218433510e-05
-9.029307751342877868e-05
-9.695167054463366737e-05
-4.368549508089038616e-05
-1.334255758347591115e-04
-4.827404631425433082e-05
-7.675069443762949314e-05
-1.308646749919278429e-04
-8.010221818465502173e-05
-1.197592352172050103e-04
-8.817854289102103284e-05
-5.598139907170920079e-06
-1.331664997287929791e-04
-1.104378904649027011e-04
-7.117537576573330319e-05
-9.444458914063154895e-05
-1.279135432089589677e-04
-1.147590680391764016e-04
-4.872054646246053590e-05
-1.263385436676934745e-04
-9.816134556915926367e-05
-9.585355256984532714e-05
-6.356713645669416642e-05
-1.048070651218508656e-04
-6.398886931876146458e-05
-7.379232939930900474e-05
-7.038412915538134530e-05
-4.402018043895756686e-05
-6.128013946431072861e-05
-5.675514613188742830e-05
-6.557642473770669968e-05
-1.180770073107162020e-04
-1.026787784067609185e-04
-1.455723169850815020e-04
-7.229177207749875233e-05
-1.352187373397901278e-04
-8.065547671603466855e-05
-1.163925835551049066e-04
-1.219579884437949784e-04
-1.268988236786279793e-04
-1.056430066835273258e-04
-1.101037607991168000e-05
-9.351729524139904307e-05
-1.102736440599044683e-04
-1.133026638286903750e-04
-1.246571043532368494e-04
-7.251331428601613205e-05
-4.179525686339518681e-05
-7.784920560641632535e-05
-1.095757599233595299e-04
-1.064957828355611754e-04
-3.697590705095853749e-05
-1.609232033275337012e-04
-1.177233198216626539e-04
-8.523821960023687935e-05
-1.030011481959750350e-04
-1.155760945126600741e-04
-1.460854774105887176e-04
-8.819782081372564580e-05
-7.025520179197642290e-05
-6.535193614994021921e-05
-1.246103660593604915e-04
-1.125944462111101209e-04
-8.930657944876513560e-05
-1.018574035789487675e-04
-2.121217793754107434e-05
-1.193530937919226679e-04
-9.169889402273988775e-05
-1.028770725493936687e-04
-1.116537105876220652e-04
-9.225193971858602188e-05
1.781842945903523633e-05
-3.641822659693968740e-05
-9.108900235083196685e-05
-7.198778328298765204e-05
-1.113631072770761629e-04
-7.170131874917967608e-05
-5.863462793735494001e-05
-1.209925651261245901e-04
-1.382340749979340156e-04
-1.228931264878233118e-04
-8.099864889307697925e-05
-9.497209313363449664e-05
-7.296995768820405276e-07
-1.114974680844996343e-04
-2.345909718946827905e-05
-6.366728895868542862e-05
-6.017033983157023432e-05
-1.292312829222061672e-04
-2.282762795451739838e-05
-9.945160552005035412e-05
-9.716729244029065197e-05
-1.304568039187338415e-04
-7.210025176403509319e-05
-4.608290958566165646e-05
-1.093875636384428863e-04
-9.881960170388599297e-05
-3.221440179402448411e-05
-1.045052809605057456e-04
-6.752822690350789947e-05
-1.315595946040438232e-04
-2.335038379363343162e-05
-7.291321515953065233e-05
-1.240248366038205661e-04
-1.232819599771204885e-04
-1.101755840436318654e-04
-7.519786730974037576e-05
-5.782061341010461718e-05
-3.721269136855675342e-05
-1.172081779398118719e-04
-9.872140330630697631e-05
-1.142942879691364927e-04
1.318003530353533781e-06
-5.856614100538212227e-05
-1.201678410880243725e-04
-7.329699522768980786e-05
-9.503562414609904906e-05
-6.947854704378860575e-05
-9.444773435560399437e-05
-3.242372390274189984e-05
-9.495690909212130108e-05
-1.099036291717419222e-04
-7.713590462576882438e-05
-9.037384781912117930e-05
-5.232042580043133893e-05
-9.629136833378245048e-05
-9.870054758268103539e-05
-1.299037546378032347e-04
-1.147545559507061455e-04
-1.026864442627946556e-04
-1.160744916152962289e-04
-6.008117488851130250e-05
-9.914619622160839507e-05
-1.453032086093402253e-04
-1.620975096414751973e-04
-6.302908340106510253e-05
-1.069613747346835180e-04
-3.147677014106865616e-05
-7.440432692594802497e-05
-1.180626702076845386e-04
-1.199893930024105958e-04
-1.110361550580179243e-04
-5.667709280679480765e-05
-6.773485498995583197e-06
-5.370098053975640243e-05
-9.768074813583632176e-05
-1.002241445410719092e-04
-7.083905615231417990e-05
-6.518199918522107840e-05
-4.862214869320572759e-05
-1.306727194967289586e-04
-9.200617399387821065e-05
-1.137569893372596987e-04
-8.055830834240152154e-05
-4.444548219709806570e-05
-1.063684307119193218e-06
-1.312005894402914076e-04
-9.251275245815578606e-05
-1.092413569643713172e-04
-6.125371644259656480e-05
-8.253645808924242578e-05
-1.420303807234958685e-05
-1.496177314271956126e-04
-1.106003078694945514e-04
-1.207046860498815245e-04
-1.170345038467117665e-04
-7.631410440198866979e-05
1.777724661398064331e-05
-5.501282227036475447e-05
-1.112989854460735151e-04
-8.438778008272074021e-05
-1.458104053727333072e-04
-1.615303669259207523e-04
-1.132948139539023560e-04
-1.049668316147160798e-04
-1.284426302181699555e-04
-1.249528269526372867e-04
-9.155973216643606297e-05
-4.301651047367308702e-05
-2.894970786092246221e-05
-8.178125885062409006e-05
-1.097379918087229285e-04
-1.097418606609573840e-04
-7.943715531102346031e-05
-1.352803645155880620e-04
-8.886641371042275763e-05
-7.134269015141130315e-05
-1.506970590520907022e-04
-1.282342136068780275e-04
-7.620692761749221355e-05
-9.178372754844363573e-05
-9.222766425718736439e-05
-9.038867133870744693e-05
-9.060599253045919198e-05
-1.420200463381805789e-04
-1.888772011922019580e-05
-1.408010040303059513e-04
2.197279668823013269e-05
-1.164668370989619853e-04
-8.206428331995509467e-05
-9.619761473130423188e-05
-9.384501610079542719e-05
-8.444007035875321821e-05
-2.581585779367869121e-06
-1.049277296330459238e-04
-2.317682012195796144e-05
-1.213751524133011055e-04
-9.551606845979436380e-05
-1.713024468715198981e-04
-1.027315261877762828e-04
-1.137886539812812134e-04
-9.934636037935941821e-05
-1.158621280335598517e-04
-1.493555912457282075e-04
-1.414852886518470855e-04
-1.165569499206151799e-05
1.616707375404807510e-05
-8.612075904772098077e-05
-1.626486610511480575e-04
-1.344105745616292673e-04
-3.458656638391875281e-05
-1.236746437833829352e-04
-8.030126335970859592e-05
-1.333508924308689388e-04
-1.090902175775171340e-04
-2.230763839313357557e-04
-2.001575976061895112e-05
-4.031620827285045482e-05
-1.024813968377687244e-04
-8.641017039727304097e-05
-8.408579569527726422e-05
-8.026446912832910891e-05
-1.356269957753793816e-04
-6.373459266742788061e-05
-8.791375749213537925e-05
-1.181335312079973373e-04
-4.934093857960540576e-05
-1.027198216552633356e-04
-8.932859779118236857e-05
-1.928065592958048228e-05
-1.023508786020771948e-04
-6.513747101306691133e-05
-7.714534115004089581e-05
-8.284271706851443378e-05
-5.066152951523126691e-06
-5.750028324865866052e-05
-9.524197669718973726e-05
-1.329638893617288414e-04
-1.052253760109541400e-04
-1.086835743155803929e-04
-1.168209965116318347e-04
-4.594551994795913988e-05
-7.744219093291592978e-05
-1.040755986354168676e-04
-4.751335103632201023e-05
-1.983365828417487612e-04
-8.055273957030779713e-05
-9.335418123206333377e-05
-1.225604912117394889e-04
-6.541097631999763832e-05
-1.249832193651564981e-04
-1.174442261134108682e-04
-1.013352178636034239e-04
-5.805708381748160454e-05
-1.131171531509703209e-04
-1.138257023921284572e-04
-1.490348684237717330e-04
-7.974009634977954658e-05
-1.556805848059334427e-04
-7.683542161514807299e-05
-9.165159465063233129e-05
-1.371660218696993643e-04
-1.055343609480681970e-04
-1.218795670999088244e-04
-1.028534807828702886e-04
-7.624433718084834338e-05
-8.528647778823494343e-05
-4.125359345926144194e-05
-9.697316296948832210e-05
-1.100547091632723631e-04
-4.723088910438694990e-05
-7.299806728901498505e-05
-1.398923189516291816e-04
-1.033223671033699171e-04
-1.479186125020231970e-04
-1.007831562619919939e-04
-2.978242478549820624e-05
-6.247571250167461773e-05
-6.020677384488665429e-05
-1.390726957774777192e-04
-8.973207348357885532e-05
-7.275563325383489874e-05
-7.618057772938335479e-05
-8.790402075305887560e-05
-2.682467273343442212e-05
-7.882399940274227243e-05
-7.889938444887076004e-05
-4.985914429788667338e-05
-1.304489450827684143e-04
-5.615555264001203379e-05
-8.492641701145792351e-05
-3.051005543768998916e-05
-1.624389241374671995e-04
-1.425499971519442199e-04
-5.883898774034567272e-05
-6.275677875322596103e-05
-1.883959602118392545e-05
-1.256218892023494972e-04
-1.032422140688518631e-04
-7.721156809289972454e-05
-3.186903644872915583e-05
-7.142882259423520834e-05
-6.543182969032641598e-05
-9.291775987368268528e-05
-7.518354130101524322e-05
-3.424611510053921095e-06
-5.500424162073880156e-05
-1.015481766128622718e-04
-1.255106163900329913e-04
-1.511553936072413491e-04
-9.721500926522345931e-05
-8.658916339485411850e-05
-6.389668930608488043e-05
-4.275504907432540688e-05
-7.903916376680170108e-05
-7.790192633607719280e-06
-6.510693521221106817e-05
-9.534935901417698702e-05
-1.625748925351424114e-04
-5.960658078808538823e-05
-1.116732827158409177e-04
-1.117213327672133579e-04
-1.347877921205347556e-04
-8.708334943447563754e-05
-7.695729007507583208e-05
-2.161421360387311139e-05
-1.868439993358078578e-05
-4.909392473113809792e-05
-6.379608848905296906e-05
-1.575898166386114415e-04
-4.222026786463524330e-05
-5.899033409973195263e-05
-7.981030457545410103e-05
-1.322717655525243083e-04
-9.546277778537359782e-05
-4.650046409583913652e-05
-6.049178636660045130e-05
-6.611528148142013556e-05
-1.004887957667863050e-04
-8.321676829028920076e-05
-1.061277915828058908e-04
-1.434430723688877806e-04
-2.807243988498678511e-05
-3.380322844134856202e-05
-3.967783048989117838e-05
-1.041808476852704971e-04
-1.213952384279327375e-04
-6.422690261672260733e-05
-3.209211595832251059e-05
-7.927333739260237989e-05
-9.480956069829243535e-05
-8.119932357961054089e-05
-1.016281870878605540e-04
-1.315971039247385054e-04
-5.002509569220496322e-05
-5.690027986063508062e-05
-9.597677844332629625e-05
-1.255141908474104845e-04
-1.010696992238921562e-04
-5.031433074543989936e-05
-1.007016013771237279e-04
-5.371215651183588427e-05
-4.593041858454513385e-05
-1.683752342441757733e-04
-7.821952456937721185e-05
-1.070129532940580704e-04
-8.554954917450761714e-05
-7.887123928165628130e-05
-1.400501006618008781e-04
-1.186943884081988860e-04
-1.130050910891927137e-04
-1.234765020803515459e-04
-3.876297250605022368e-05
-8.909342616193756230e-05
-2.881812607072934044e-05
-6.771244192836391705e-05
-7.501175459017604696e-05
-1.350802927585729866e-04
-2.773586815572218840e-05
-1.517768082028370167e-04
-6.516416140973647604e-05
-7.273466429698921434e-05
-1.129331179990326889e-04
-7.078305211773905554e-05
-8.433081270016332467e-05
-1.179676077938318423e-04
-7.450990093996765016e-05
-7.266211926391531587e-05
-9.952372584736336356e-05
-1.102358456535974042e-04
-6.205854131278991544e-05
-6.753982650349479953e-05
-8.620974462567996437e-05
-1.369656912906457805e-04
-1.466472078441163418e-04
-6.997776528843193398e-05
-7.954369795889938298e-05
-4.742309014469226462e-05
-5.926590413778139003e-05
-5.405716406808466036e-05
-1.380996927309141695e-04
-6.128012655566755296e-05
-1.342203523099039599e-04
-9.016214363022232109e-05
-4.073154537058713744e-05
-9.729945627022175056e-05
-9.879364745127340868e-05
-6.161004001370312699e-05
-9.556645466858481783e-05
-6.417540763233385407e-05
-5.770579712216827091e-05
-8.206522168772882391e-05
-1.094169393737968858e-04
-8.870405936612771921e-05
-1.100991132461391549e-04
-7.093956241172293944e-05
-1.235941498294034781e-04
-1.183637525549605595e-04
-1.148265405070875210e-04
-8.145513785783400646e-05
-7.994886365288349033e-05
-2.428691678874574374e-05
-1.324560549086847025e-04
-6.647074908122209207e-05
-8.815351655297376987e-05
-6.085911434375634773e-05
-3.228149503719379151e-05
-1.575385629769429044e-04
-1.133181124313471251e-04
-1.338003522011856148e-04
-1.222324958437632700e-04
-7.968730572134385482e-05
-7.657920774695573289e-05
-3.317028082403638406e-05
-5.267705916808575883e-05
-8.497813408486823417e-05
-1.751825420683076034e-04
-8.487281265044729764e-05
-1.310670229713066981e-04
-1.017857050223816502e-04
-1.030009280833444387e-04
-1.219610456653984443e-04
-8.686665190394917595e-05
-1.009651990753644490e-04
-8.820612043431099076e-05
-1.018360687599971861e-04
-9.958896786726628193e-05
-9.539286811531499618e-05
-8.429719516700768665e-05
-8.738974621710454650e-05
-7.797718799616563425e-05
-6.494333601772467660e-05
-1.041146881041296244e-04
-1.633240735368418281e-04
-1.440188008784193711e-04
-1.000754817894152003e-04
-3.635726371996539163e-05
-8.414446413784096681e-05
-6.757879757328050046e-05
-8.585376129169231712e-05
-1.503332786856562294e-04
-1.445782140853018108e-04
-1.351568098513502517e-04
-8.663567289628036237e-05
-9.628575154020612944e-05
-1.098468926473773662e-04
-1.009461523083720155e-04
-1.105622669670884670e-04
-1.394190854202986840e-04
-4.237997951200387790e-05
-1.019602969624460272e-04
-1.157400981144826298e-04
-9.070378313404538033e-05
-1.072016128998299337e-04
-6.924418707779440743e-05
-4.717378253485266919e-05
-9.658932789117717470e-05
-1.122474623871665172e-04
-6.700557998517178660e-05
-7.155664801510758807e-05
-7.037914556777395171e-05
-9.158873217254254293e-05
-1.103452311636297028e-04
-1.535457026379182747e-04
-9.821336444460024729e-05
-6.737880919505448690e-05
-6.196501876121157215e-05
-4.496767588469480160e-05
-5.966267155948784138e-05
-1.453862731641829308e-04
-9.472446838488003131e-05
-6.178366531950245431e-05
-5.466910078770938349e-05
-1.620826695336917441e-05
-1.378030736513979502e-04
-4.574407802000647892e-05
-5.868298963781841507e-05
-1.027700540947898661e-04
-1.355953328607380421e-04
-8.084688796408017256e-05
-1.201890952050624860e-04
-9.635809021726966426e-05
-1.058162342851779326e-04
-1.099484472237251465e-04
-5.973579618991286470e-05
-7.804574451040834993e-05
-3.376251542297534333e-05
-1.306888899315384613e-04
-1.558347500717994160e-04
-1.652204464753968761e-04
-1.024519872650346699e-04
-6.232166371216986108e-05
-4.804437341878198275e-05
-9.980151034351065814e-05
-1.156247903923475489e-04
-7.305938083837459592e-05
-8.427651432654125396e-05
-9.684414257858120782e-05
-9.723885060577946288e-05
-1.513213796087657778e-04
-9.212439941593400310e-05
-1.222006583467804273e-04
-1.413278885601489999e-04
-2.175890132444455454e-05
-1.316837760013094135e-04
-1.065700200132651382e-04
-1.087085977681216128e-04
-8.273640601853354771e-05
-1.175861988434221647e-04
-7.611577553075192103e-05
-2.247319643202506118e-05
-1.010593025864074641e-04
-3.952366727324916159e-05
-4.866777488963533400e-05
-7.192282077143406067e-05
-4.199252259381557327e-05
-6.276565341697356345e-05
-6.969278270270306164e-05
-1.208631553322675136e-04
-1.117986467567419555e-04
-7.194195460818199317e-05
-1.433594721892555448e-04
-3.553906869455725800e-05
-2.040993959649808765e-06
-1.672791481219115957e-04
-1.125878964763681538e-04
-7.188011590713887700e-05
-6.609876215800511347e-05
-5.149277576209648229e-05
-1.419917675114030413e-04
-1.154105236998688655e-04
-1.029295578420311299e-04
-6.942423089571157216e-05
-6.554775829657048835e-05
-8.499825408393126469e-05
3.344324304176129542e-05
-9.750925862857030585e-05
-1.016435349010571658e-04
-6.306873571722774053e-05
-8.296645381649752878e-05
-3.364301180694831211e-05
-1.272169727083488275e-04
-9.415049818170763603e-05
-1.384958926601525912e-04
-9.833419979297201310e-05
-8.922723673232478797e-05
-6.595882260026211189e-05
-1.204259846601117069e-04
-6.412771935607557952e-05
-8.272811599681212922e-05
2.635926945209951104e-05
-6.358460502219622195e-05
-7.523881544750891535e-05
-1.171978357358098306e-04
-1.156331777849556032e-04
-1.162496714804205062e-04
-9.643101643547793674e-05
-3.767727816511884674e-05
-9.175078123607709874e-05
-4.518534940885730460e-05
-6.266172806964858517e-05
-1.390097470199107971e-04
-5.582720345697297530e-05
-7.682076619565040957e-05
-5.319583938762460768e-05
-6.859328847320976877e-05
-1.107531638882040890e-04
-1.383230654562216978e-04
-6.850613301837101454e-05
-2.009164416232901210e-05
-3.081341572696316721e-05
-5.013966695841055366e-05
-9.422122643242865228e-05
-4.358700102411598753e-05
-1.523023421422351636e-04
-6.971427731894790634e-05
-8.834606838617844494e-05
-7.639606582056673487e-05
-1.069247157226015007e-04
-1.063203597522008331e-04
-1.126575636787681200e-04
-8.342969115647470759e-05
-7.502841115644973472e-05
-1.509506831656377314e-04
-6.852246423121240995e-05
-1.246520189201288085e-04
-3.947472240866992089e-05
-8.804876466083178617e-05
-9.016739876704956531e-05
-9.342957059721399850e-05
-1.000090397634470626e-04
-1.049356711872475017e-04
-1.020841135328315400e-04
-8.449719662491562326e-05
-8.017548636719004987e-05
-5.880414909051984526e-05
-8.116308796480378479e-05
-1.062726782997747480e-04
-4.772879175310983937e-05
-6.039620870554493449e-05
-9.498046026775435878e-05
-9.178117035433409475e-05
-1.260261628251680647e-04
-8.799059563115311296e-05
-1.086583957605087445e-04
-8.606876449171247843e-05
1.787922962226256915e-05
-1.199567988129772602e-04
-5.627533647706987917e-05
-1.109389857972557705e-04
-7.452550159721877982e-05
-4.986557394805201277e-05
-1.402280073912361960e-04
-1.121616404231404619e-04
-1.008768795370847121e-04
-5.749229298479843449e-05
-9.308680270746027110e-05
-3.607733752162137003e-05
-4.970933937670422398e-05
-4.805626296034107184e-05
-1.200276687230613493e-04
-1.205998905612633125e-04
-7.874020348444853775e-05
-1.252520374642818255e-04
-8.990095472431418994e-05
-1.084983025683459648e-04
-8.626802171444080054e-05
-8.698659213280806072e-05
-1.334948622694833603e-04
-4.394554949451714223e-05
-1.948228157840461631e-05
-1.351351799278319513e-04
-1.305091339262782774e-04
-5.657799749771285101e-05
7.258586426259613846e-06
-4.895643021503380787e-05
-9.816720605350970114e-05
-1.135662749652384070e-04
-7.373550534054275178e-05
-1.269157959397080638e-04
-2.638667809740917767e-05
-7.571400177298751223e-06
-6.104345464147943015e-05
-6.150164696892218097e-05
-1.112429904221060804e-04
-6.925510513670535859e-05
-4.318421427261208965e-05
-8.160017492574159399e-05
-8.594332999750417643e-05
-1.221916226256759884e-04
-9.556762698843229817e-05
-1.493899570546784706e-04
-5.381500583869913842e-05
-5.470584738755807764e-05
-6.544937297711055752e-05
-4.387349446278827826e-05
-7.672800713849271977e-05
-3.304895721431788625e-05
1.643049776314616157e-05
-1.130731416152362814e-04
-5.464541600091796762e-05
-1.231861627120185373e-04
-1.195842749222058627e-04
-6.729561503250391452e-05
-5.221372225150263345e-05
-6.582646486224539358e-05
-7.276792412912241805e-05
-9.034657216368205282e-05
-1.576552220551350565e-04
-1.154586113489388305e-04
-1.032264233609631932e-04
-8.004960373450645825e-05
-8.926331058938407508e-05
-1.447321243093500952e-04
-1.247754897049209661e-04
-1.242483723737380257e-04
-8.525986910254069919e-05
-2.662959089261819637e-05
-9.284161988772276434e-05
-7.208877294639867716e-05
-1.443912496095411057e-04
-8.139832513954123566e-05
-4.450038566684549592e-05
-1.043217105470439250e-04
-6.743863723571734599e-05
-9.141826702990143018e-05
-7.308548262225199993e-05
-8.443728657199060263e-05
-4.402997736425729038e-05
-4.128681894984189825e-05
-3.736519971214303501e-05
-1.321275627833169212e-05
-1.165215704288413603e-04
-6.836066530943092244e-05
-1.914289079406383332e-04
-4.075588235360848429e-05
-1.801279692876814548e-04
