-1.099062656596092921e-06
-9.872204509186528781e-07
4.910113159736869315e-07
1.822733624208527158e-06
1.978481030282854579e-06
2.740475081267180433e-07
2.596120595618054395e-06
4.013544099852125069e-06
3.007977753292079745e-06
6.771705297384968797e-07
1.432233467819382388e-06
-1.744152130360130412e-06
-3.179858157382839813e-06
-2.575081822513209261e-06
-2.196866836474718412e-06
-3.465932205479307958e-06
2.369737787827261831e-07
1.309316652805819877e-06
6.168974292236572128e-07
3.063504887915432574e-06
3.053518511932593850e-06
4.641181194542212785e-06
3.135488165770569630e-06
2.179125070054168302e-06
1.957446749907824668e-06
6.065702401932402784e-07
-3.226743018680861114e-06
-2.668789595988712149e-06
-3.885458435604504968e-07
-2.814280240458468225e-06
-3.326371577096872356e-06
-3.563779394697167492e-06
-3.415526143995495188e-06
-2.160550399638834233e-06
-1.900490383141559752e-06
-2.368608239833802713e-06
-4.519665464048612261e-06
-4.723824571680960989e-06
-3.590360859626991538e-06
-7.478678598123601317e-07
2.653658203195248506e-06
5.415624958137230755e-06
7.795893079972898829e-06
5.980348193913537695e-06
4.526046446570830411e-06
5.438744658190425836e-06
3.580346802968251404e-06
3.473325744158280448e-06
3.427179349825394149e-06
1.918932882972038934e-06
2.503877856665364712e-06
4.134177432340727084e-06
3.247338637809895309e-06
4.586779016802731403e-06
5.487108141573375386e-06
4.184284549659761237e-06
2.652224284496476706e-06
-1.577053554622207088e-06
-6.687677264449809272e-06
-5.817195365653981425e-06
-6.172446539939869370e-06
-4.389541769518802884e-06
1.853641374181167511e-06
8.242613826922891144e-06
8.266911420599878815e-06
6.442817231511866984e-06
7.955270023789390749e-06
4.417651859569262927e-06
2.773825497771622531e-07
-1.166071576304577760e-06
-7.474559562400804168e-07
-2.438024811138927483e-06
-2.655586172444677748e-06
-3.925452517481453064e-06
-1.898405981214000224e-06
-3.513634991862451591e-08
4.816161891457294115e-07
-8.302357641890846881e-07
7.876628631637820356e-07
-2.692117929078249063e-06
-2.350536597089859469e-06
-4.363059474735855583e-06
-1.265728843290859392e-07
5.916304923620392946e-07
3.766846059228382511e-07
-4.183040770599705145e-06
-2.406205263383064794e-06
-9.031529579258496340e-06
-9.193085882128213205e-06
-9.453234367349396238e-06
-5.811122272832512733e-06
-6.694989490617645468e-06
-3.933892828318932857e-07
-4.263448088811924778e-07
3.180091335532399874e-06
2.788972190758159731e-06
4.034265458365122361e-06
3.765354643426637246e-06
2.784654262105323563e-06
3.143329935943073671e-07
1.480905039859761147e-06
2.653459562158906495e-06
-2.297071988399590360e-06
-9.492832404062214783e-07
-1.935622679284926155e-06
-4.281563219567239644e-06
-7.229718118530025227e-06
-4.329229905512180012e-06
-5.402799682929972379e-06
-4.398869646378505713e-06
-4.916854499436856925e-06
-2.099511722530088396e-06
-2.456862981658191616e-06
-9.508584135851128828e-07
2.023164221366612884e-06
4.599478825253015010e-06
2.760391749749267877e-06
-5.366075196593947532e-07
1.003329396926804503e-06
-1.696372371096085102e-06
-3.181370450823345568e-06
-4.803137260769265868e-06
-1.296591628322165721e-06
-4.518028275382007579e-06
-4.097767117584914376e-06
-4.499825472984413816e-06
-4.059669428291831568e-06
-6.225642592199172677e-06
-7.377487165478828586e-06
-8.518739191284214107e-06
-8.646959955333551485e-06
-1.012631844223665478e-05
-6.860374322491074361e-06
-6.780941817296990209e-06
-5.204411867270017636e-06
-2.926758996252626301e-06
-4.599839854717385589e-07
-1.604207752252569119e-06
-2.069904146057073799e-07
2.231894659891528404e-06
6.196190526233561507e-07
2.457130477057127783e-06
3.186803025252060901e-06
4.182429117006205817e-06
1.494296823450535392e-06
2.171341877509054988e-06
6.724527882392226100e-07
-2.747354505530445679e-06
-4.512795583672445886e-06
-5.648747898230886484e-06
-7.795715892462381954e-06
-5.957000144796455324e-06
-3.412649759674642183e-06
-7.420258874694767365e-07
-9.653609392271411772e-07
2.893186704442351671e-06
1.809437111923485755e-07
1.489385071622927761e-06
2.086129370455159769e-07
2.297581603042463564e-06
-1.652980855861642360e-07
-1.586705911315119486e-06
-2.254416522674181868e-06
-3.092572947289595543e-06
-5.757255466106887030e-06
-4.872958874298091513e-06
-2.209769191049274604e-06
-2.879583931750505681e-06
-9.813973160684923990e-07
2.643260398616464948e-06
1.586839608559303791e-06
7.775208734679810252e-07
2.311504555079160654e-06
3.921553714672985768e-06
4.048804501090247350e-06
5.952726206778032977e-06
7.182718784451629730e-06
5.813659372421471238e-06
3.011317067385995081e-06
3.304717263541805828e-06
1.436827580545922097e-06
2.495210576331169222e-06
3.215436811861636190e-06
4.617658311194166982e-06
6.859654759341490276e-06
8.080295155296944189e-06
5.733113709477032728e-06
5.548013835051461032e-06
5.072129481019849165e-06
2.178911174025750322e-06
3.442270978251285479e-06
5.220477832730059691e-06
6.139050722925181037e-06
6.249642137190255584e-06
7.602418259363121862e-06
3.399333279980574384e-06
-3.329007083533874897e-09
-3.067968988604720377e-06
-5.767201434677268420e-06
-1.028293659079023368e-05
-8.448321315512548525e-06
-7.313866483479900114e-06
-5.276250998474104783e-06
-5.510922452465994922e-06
-5.455218931711047784e-06
-2.254952142693410651e-06
-1.114300656677121013e-06
8.265041286606308418e-07
5.413905351826021859e-06
7.672541776876169766e-06
6.263437810935422289e-06
6.025295587197322169e-06
4.507051168789766224e-06
3.259151489059793498e-06
3.055654797500362326e-06
4.495851232268713298e-06
5.380062271053119548e-06
5.706889832244155457e-06
5.378744684708270049e-06
5.024749157272896921e-06
2.368167335062833993e-06
-8.744520007115366873e-07
-2.407344211622482168e-06
-2.839145255885697462e-06
-3.552149793098071954e-06
-5.272082665534898768e-06
-4.018902055201559230e-06
-4.194468702577371963e-06
-5.567843062097338495e-06
-3.596133997297041480e-06
-3.615571260482089742e-06
-4.618456351062801216e-06
-1.517409815169183605e-06
-3.328681402202724712e-07
-5.189238337471327944e-07
9.207795079685999914e-07
3.088964754094479994e-06
-1.465349766664773983e-06
-2.186714315723159574e-06
-4.217898676433994011e-06
-4.149733789983227285e-06
-2.947095119629249654e-06
1.535286008361459032e-07
-1.199951900317307811e-06
-1.363959741301051979e-07
1.134490965275282369e-06
4.045907745772046943e-06
6.488454128537114016e-06
8.647797035729393587e-06
8.136807194014806361e-06
7.951810446263675244e-06
5.098672827040835239e-06
3.941399160233371546e-07
1.349914108872018217e-06
3.890834537030020866e-06
4.329138972635356981e-06
1.663835829867933815e-06
3.421344580057828740e-06
3.131846095354139656e-06
-2.049498154795728482e-06
-7.811654086230013271e-07
2.160841542107109699e-06
4.342921453900709594e-06
2.165198865564681765e-06
6.336311125568938713e-06
6.213476965120620958e-06
5.395088914095993016e-06
6.361022398422676107e-06
8.131842842880800752e-06
9.114033411095351847e-06
6.432826291593983790e-06
4.682797397581207815e-06
5.261401703432923695e-06
3.083431915915970241e-06
-2.480777413398853570e-07
-2.352326173200800472e-06
4.985324955256773317e-07
-4.135265797329995934e-06
-1.657173047043628282e-06
6.676401897820623030e-07
1.674651351696822303e-06
7.130477127437034586e-07
1.460306897457513992e-06
3.882575783240237845e-06
1.183433649478611684e-06
2.029556123631154095e-06
-2.836624974662960236e-07
-1.093125620298676458e-07
-4.976107865555996383e-06
-4.991271712645279707e-06
-4.148687088539709428e-06
-3.306775596383127647e-06
-1.403183972758291269e-06
-5.788226791107631844e-07
7.539134795961332911e-07
1.750780264044777354e-06
1.962351011707723457e-06
8.570633479106128726e-07
3.031400037816714596e-06
3.794975541150042765e-06
2.523159006187864698e-06
2.073255778924713077e-06
6.101706618854500002e-07
-3.222720057250617452e-06
-4.020328285416172990e-06
-3.633676723200939073e-06
-6.313480999217966978e-06
-4.884156861199671788e-06
-4.689686078143718484e-06
-4.871018185589943027e-06
-4.262539651035061449e-06
1.345519137788342392e-06
1.886358229818259496e-06
5.624941080754177882e-06
8.327305522501798625e-06
7.631807163673495561e-06
5.855140851776858936e-06
5.295774484727868494e-06
5.104021169626511935e-06
3.864702749984665792e-06
4.562996799490059500e-06
5.958514760610238923e-06
6.918857183665911206e-06
3.257861373990090176e-06
6.977179099437121914e-07
1.246998945638305362e-06
-1.031981057260326924e-06
-2.134257925396818622e-06
-1.220381267601942392e-06
-1.650764471572331598e-08
-1.798048591543205784e-06
-3.755588351906172657e-06
-5.070410373594887354e-06
-3.590901605282064088e-06
-3.686054153149956363e-06
-5.372997809014888348e-06
-5.082106042826598820e-06
-5.704230269246168059e-06
-4.809405080454012059e-06
-5.706839648962728305e-06
-5.629745141697161293e-06
-5.647466992628876481e-07
-1.683531849146511155e-07
-2.733692151046680605e-06
-1.506347079495485135e-06
1.197691330445530099e-06
