3.388961410522460938e+01
3.389307022094726562e+01
3.407543945312500000e+01
3.415520477294921875e+01
3.424611663818359375e+01
3.436896133422851562e+01
3.429577636718750000e+01
3.434474563598632812e+01
3.448274993896484375e+01
3.450347137451171875e+01
3.446122741699218750e+01
3.421561431884765625e+01
3.372027206420898438e+01
3.389849090576171875e+01
3.400014877319335938e+01
3.409724044799804688e+01
3.421209716796875000e+01
3.436816787719726562e+01
3.447512817382812500e+01
3.449657440185546875e+01
3.451735687255859375e+01
3.449332427978515625e+01
3.444226837158203125e+01
3.413246154785156250e+01
3.417998886108398438e+01
3.421047592163085938e+01
3.426120758056640625e+01
3.428998565673828125e+01
3.437225723266601562e+01
3.442774581909179688e+01
3.448738861083984375e+01
3.453940963745117188e+01
3.453236389160156250e+01
3.450176239013671875e+01
3.451386260986328125e+01
3.425659561157226562e+01
3.417119979858398438e+01
3.414282989501953125e+01
3.424710845947265625e+01
3.437207794189453125e+01
3.443523788452148438e+01
3.448925399780273438e+01
3.454154968261718750e+01
3.451621627807617188e+01
3.468059158325195312e+01
3.473212814331054688e+01
3.463323974609375000e+01
3.449708557128906250e+01
