3.410064697265625000e+01
3.405228424072265625e+01
3.411815643310546875e+01
3.416101837158203125e+01
3.425151824951171875e+01
3.436917877197265625e+01
3.429707336425781250e+01
3.434487915039062500e+01
3.448272705078125000e+01
3.450368118286132812e+01
3.446575546264648438e+01
3.431083297729492188e+01
3.405160903930664062e+01
3.401595306396484375e+01
3.403363037109375000e+01
3.409781646728515625e+01
3.421274566650390625e+01
3.436843872070312500e+01
3.447511672973632812e+01
3.449700927734375000e+01
3.451749420166015625e+01
3.449411773681640625e+01
3.445164871215820312e+01
3.427697372436523438e+01
3.424700927734375000e+01
3.425429153442382812e+01
3.427058410644531250e+01
3.429063796997070312e+01
3.437240219116210938e+01
3.442810821533203125e+01
3.448746490478515625e+01
3.453963470458984375e+01
3.453355026245117188e+01
3.450298309326171875e+01
3.451682662963867188e+01
3.437417221069335938e+01
3.427582550048828125e+01
3.423815155029296875e+01
3.425845336914062500e+01
3.437241363525390625e+01
3.443550872802734375e+01
3.448931884765625000e+01
3.454155349731445312e+01
3.452110671997070312e+01
3.468166351318359375e+01
3.473314285278320312e+01
3.463792037963867188e+01
3.456740570068359375e+01
