2.640980339189506404e-06
2.299250345079902238e-06
1.985182812328881693e-06
1.127168277056018945e-06
9.030192918165385613e-07
8.763669408532828021e-07
1.130443726538032807e-06
1.273195743086337918e-06
1.394900592307143047e-06
1.384849262346203157e-06
1.333225262101222925e-06
1.484702712180781863e-06
1.164519497365290717e-06
1.402669837110200565e-06
1.609112707493901960e-06
1.739299245665885347e-06
1.693297475450587013e-06
1.482017713290890961e-06
2.049384266911147109e-06
2.505717700766277926e-06
2.829029610514529300e-06
2.912125036876507798e-06
2.898720159312991644e-06
1.453442227254223706e-06
1.396604758004589648e-06
8.817555150623468779e-07
6.440524866017465177e-07
1.349494806390794068e-06
2.842975309628551639e-06
2.576217815430937261e-06
3.202257469562634448e-06
3.460271849083559362e-06
3.417038662216024657e-06
2.635531003155240732e-06
1.829328675739816517e-06
1.495953536808277339e-06
1.400933729200914798e-06
1.112869070614882180e-06
1.611254075821004145e-06
2.024512878051609902e-06
1.928181192549042502e-06
1.833285504441543263e-06
1.908535993303909107e-06
1.708357810533318919e-06
1.439604717271928504e-06
1.757453855096476324e-06
1.596593306392909315e-06
1.736655061298128246e-06
1.698325921021630483e-06
1.847948996669402076e-06
1.748202310144127698e-06
2.169677936573559216e-06
2.444469741173331195e-06
2.240590826356007266e-06
2.534475680704417924e-06
2.093393875194730394e-06
1.856284293921817279e-06
2.033088328327418970e-06
2.755103570469449086e-06
3.070778419100861356e-06
3.246933499667648163e-06
2.870948935651540778e-06
2.462420968640799232e-06
1.648241053923508696e-06
5.936064818949182869e-07
6.186972920356006079e-07
1.569110190757783257e-06
1.558414677068261289e-06
2.255808787291849723e-06
2.806462657645170281e-06
2.860045776742481733e-06
2.406393226313714897e-06
1.834208740092435958e-06
1.327502813334528392e-06
1.217668792226807983e-06
1.479204638599185442e-06
1.049664367277121972e-06
1.549338357638892439e-06
2.090151070888168761e-06
2.688621769190527841e-06
3.060497202037974158e-06
3.918452830475870774e-06
4.454453202621758337e-06
3.946559043773352323e-06
3.138350378624938880e-06
2.923145333018812633e-06
2.632809135623877261e-06
2.112238401726547318e-06
2.690663814064464024e-06
2.749950264539317242e-06
2.581614072975450125e-06
2.603078769425338092e-06
2.685398233855570610e-06
1.866223942670331337e-06
1.883429373113661842e-06
1.652312111370217387e-06
1.162082471258448920e-06
1.232673656659244697e-06
1.645640052553669426e-06
1.805680549675041411e-06
1.870534240803560500e-06
2.024091423891149959e-06
1.832551176524550947e-06
2.130437817034665492e-06
2.199756028176125086e-06
2.540057823807728540e-06
2.708297531247201922e-06
3.029179896429923501e-06
2.265543736257313782e-06
1.990034617923205038e-06
1.928020530309974823e-06
2.288167214222388328e-06
2.211640086594950083e-06
2.959419051270136342e-06
3.419261664324342767e-06
3.084778533472368719e-06
2.840578523925311158e-06
3.011253147633397105e-06
3.100135601622847939e-06
2.983684119802394741e-06
3.618389882831252180e-06
3.137340134647577563e-06
2.809328824090092005e-06
2.300354647862453550e-06
2.889038970958305876e-06
2.665819912787507472e-06
3.342572730010337140e-06
3.301320649976939739e-06
3.699733717136647736e-06
3.541841056176053656e-06
3.482170435139172061e-06
3.693488391339390651e-06
4.067650032387366843e-06
3.414327382718814269e-06
2.649488059584352138e-06
2.164518169441483244e-06
1.313150967045354687e-06
6.693168425423812356e-07
1.252337485387518194e-06
1.503938738286099599e-06
1.755175548131167467e-06
1.805025906757388310e-06
2.096210568917437635e-06
1.676374603221120535e-06
1.875343420465470043e-06
1.713823835795362208e-06
1.985916677919401061e-06
1.607783122873722172e-06
2.528666051186216613e-06
2.870722451575602632e-06
3.462662948550133247e-06
4.171731935305919209e-06
4.697539592749914655e-06
3.864237214656895111e-06
3.266241757652701908e-06
3.026251730868048429e-06
2.560135226303827271e-06
2.375901779790485221e-06
2.711093611651449210e-06
2.982504376329112981e-06
2.794690787292590421e-06
2.509923236478547255e-06
2.704442423843526380e-06
2.635212361686474502e-06
2.558542958771188687e-06
2.569826760160746554e-06
2.271390978118385626e-06
1.316885390186447186e-06
9.845694393106898431e-07
1.128124848529902730e-06
1.154480430424579576e-06
1.519152447334211861e-06
2.158634098729332415e-06
2.321071250814081459e-06
2.033211603702511893e-06
2.003402353996838048e-06
1.755301299984542925e-06
1.807260737981172286e-06
1.837794644643509200e-06
2.132380294976125845e-06
2.110324201491190971e-06
2.092017018640035615e-06
2.109391977948386887e-06
2.071167994207220164e-06
1.713318231585011280e-06
1.739642582757975825e-06
1.767336713479987190e-06
1.906968821193307524e-06
1.735441411672885214e-06
1.552592949375745627e-06
1.509106205806650482e-06
1.600647688822694892e-06
1.588745749359077562e-06
1.775438128485500023e-06
2.231960941874907169e-06
2.653319249172151314e-06
2.885091862481203692e-06
3.316611650916456880e-06
3.689612124920434855e-06
3.674754771054722877e-06
3.479361430436256850e-06
3.275101372916348293e-06
2.815180285627623582e-06
2.626047300206361776e-06
2.712849232011649631e-06
2.683564791065388712e-06
2.872580212927762849e-06
2.814881861468166219e-06
2.664912900248357991e-06
2.414837105864837974e-06
2.084733671381399861e-06
1.935949063636143935e-06
1.892417755774052387e-06
1.826057445460567896e-06
1.756502395267034698e-06
1.841483331096090868e-06
1.587470407097650359e-06
1.605804179405367904e-06
1.686472124144226380e-06
1.874046346491316970e-06
2.140156666996517743e-06
2.239673364101691246e-06
2.062421932199261836e-06
1.834723694097798808e-06
1.513668024699654568e-06
1.343755781135768958e-06
1.110623518722301395e-06
1.264480897589237599e-06
1.510706078988733109e-06
1.774654098577836416e-06
2.210027999656935082e-06
2.381547786474888072e-06
2.155008905901923353e-06
2.227725925270836447e-06
2.103915395916071142e-06
1.788180687375037197e-06
2.040435894438512299e-06
2.741467331664656698e-06
2.858068508733898472e-06
3.382020645403826990e-06
3.284722576305890936e-06
3.171276451515344423e-06
2.456600748246274063e-06
2.171540671724869753e-06
1.980292762482350237e-06
1.869466440969821676e-06
2.064616359120919295e-06
2.359122506353136614e-06
2.421658340760283758e-06
2.216858062335328933e-06
2.069648701308324235e-06
2.103549960944898949e-06
2.141140737421665277e-06
2.018497286826459712e-06
2.133409460232845324e-06
2.388223477585900942e-06
2.127186629271212570e-06
2.007927438777794017e-06
2.073544150486365462e-06
2.163726708204194692e-06
2.093711344741677749e-06
2.067902606010344878e-06
2.099876648268643273e-06
2.045502602262179628e-06
1.967467978640040011e-06
1.679940730999381294e-06
1.675945721520595831e-06
1.317171714750505449e-06
1.326271285032968673e-06
9.865439641506175173e-07
1.219595561015770092e-06
1.152722413640579552e-06
1.343717105820966830e-06
1.247456595857935649e-06
1.507178673894789701e-06
1.393960711955817820e-06
1.680541715624409885e-06
1.789579960131959397e-06
2.124999355146428570e-06
2.014951693733261362e-06
2.511248885639361614e-06
2.790278388905184457e-06
3.286112936014737200e-06
3.440653851309132650e-06
3.819661545397443726e-06
3.398010221644655209e-06
3.159476727887523192e-06
3.123880408869203124e-06
2.796608790352669319e-06
2.385547713856795041e-06
2.490047677383699497e-06
2.698162506931111978e-06
2.481685426876841480e-06
2.731945395832251031e-06
3.118985966921173142e-06
3.321035308090358740e-06
2.878060725682493158e-06
2.821124189722468653e-06
2.500372496191024555e-06
2.210312622234293634e-06
1.942527700293794793e-06
2.138704991239138107e-06
1.978992022107680854e-06
1.891831889603660678e-06
1.810118664025139921e-06
1.873981879422596374e-06
1.904462438536332419e-06
2.017589286632907525e-06
2.215442539466039476e-06
2.275298744791598607e-06
2.462470853951496433e-06
2.332869370983795941e-06
2.050124137061478355e-06
1.867408900579903529e-06
2.048694118646684263e-06
1.776343687727906886e-06
1.637393370401696556e-06
1.680803365881426396e-06
1.681847067895129692e-06
1.441856791946823779e-06
1.535922129392020082e-06
1.408506813049825850e-06
1.298826820554192319e-06
1.418591170931904598e-06
1.324684114933916474e-06
1.115801719227723499e-06
1.652032654912242516e-06
1.911242357740169398e-06
1.914304429343852927e-06
2.056120759637754947e-06
2.556547201493231114e-06
2.666418727888716138e-06
3.152182580379303037e-06
3.273138933460965216e-06
3.535468204063363289e-06
3.763848008020431226e-06
3.580983260083788018e-06
3.575189475668594580e-06
3.545827864096888567e-06
3.713336180529343966e-06
3.420004676020956754e-06
3.495726499143832900e-06
3.409544297028333033e-06
3.347483425386599011e-06
3.000829102954109383e-06
3.258892555398536663e-06
