2.497135924791676449e-06
2.629302735766747605e-06
2.472229279665696145e-06
2.349068649100396036e-06
2.223749684685873291e-06
2.130755790265689173e-06
2.192255196769925694e-06
2.183051713454907485e-06
2.508553892826246795e-06
2.303555340448592512e-06
2.204784811774961569e-06
2.006348048436794115e-06
2.150352734362005841e-06
1.665597953165408883e-06
1.591952782627764061e-06
1.643643471612645018e-06
1.888173198377014318e-06
1.640232964414392363e-06
1.826755104056625431e-06
2.241879138411926526e-06
2.491402832032923414e-06
2.443360241493521904e-06
2.555453828200146413e-06
2.255147158816873473e-06
1.828215543102691178e-06
1.970761986588818134e-06
1.812087255837934984e-06
1.969221938782962835e-06
2.468923255689799873e-06
3.160074875577196681e-06
2.934096386675067274e-06
3.317366338054761808e-06
3.262517241319674329e-06
3.295902528020077994e-06
2.728519591383794257e-06
2.192747176387172213e-06
2.130722563491924963e-06
2.371753673797656302e-06
2.170117233793275923e-06
2.713282342948603665e-06
3.128757362992301777e-06
3.132798103674475708e-06
2.936447811687603414e-06
3.166563326163008151e-06
2.854227424584956806e-06
2.671721886484941354e-06
2.794017852029364744e-06
2.453246839422075931e-06
2.281126206618801237e-06
2.163700338231098422e-06
2.239927310124577056e-06
2.149416673589331578e-06
2.371278245885972139e-06
2.346865927571320857e-06
2.505339288965519063e-06
2.726234131244047640e-06
2.474951518056047446e-06
2.173713004781596891e-06
2.247346091537552597e-06
2.411106543127961481e-06
2.554507715370449851e-06
2.733904526711621916e-06
3.209227713869074187e-06
3.277828929093854211e-06
2.904692261903971873e-06
2.436599148003159830e-06
2.491270449606268948e-06
2.346205904392921122e-06
2.204779419744415366e-06
2.761337922761593007e-06
3.108064584604226934e-06
2.955982955992753374e-06
3.086616400548557176e-06
3.320320542800000572e-06
2.656024314589418426e-06
2.461723063905138127e-06
2.470165049756193570e-06
2.362710383531632949e-06
1.978780856668132412e-06
2.391655944824261069e-06
2.491417858373816567e-06
2.916557725803817344e-06
3.007687406115693552e-06
3.748397029696493696e-06
3.459976894192066996e-06
3.224404341883006825e-06
2.994794055264208036e-06
3.209940015561592119e-06
3.191329636354775283e-06
4.138439351632005342e-06
4.391812933334636713e-06
4.602877851599180757e-06
4.769705572743473571e-06
4.522967101736612594e-06
3.502685930582092833e-06
3.532134116007284602e-06
3.164155188528423827e-06
2.618494639021584236e-06
2.368164909436195833e-06
2.520581816311029816e-06
2.446977303219915133e-06
2.462595824210752843e-06
2.416707774580182541e-06
2.507610187186879750e-06
2.621548225185289025e-06
2.669680889048733680e-06
2.964262142364770328e-06
3.068097785921492453e-06
2.985576081013356229e-06
2.891261766873812917e-06
2.578595401497628377e-06
2.189753500142665833e-06
2.083601483702395113e-06
2.165950316309174514e-06
2.539150272772351961e-06
2.884963345349223880e-06
3.336230831855280991e-06
3.613165879404458213e-06
3.772506600317269847e-06
4.167986859661886398e-06
4.135149272326308034e-06
4.106123768121939063e-06
4.077658460837073135e-06
4.078290912294674767e-06
3.507020367675005983e-06
3.856740227759520236e-06
3.589805300070969588e-06
3.643716794705773776e-06
3.785495473359482899e-06
4.334413180967495763e-06
4.410234564950128879e-06
4.504937030593939209e-06
4.753047956766574940e-06
5.134908627396571313e-06
4.544563903085814286e-06
4.226541421674229239e-06
4.040523008119730786e-06
3.435686417823131956e-06
2.610149424374314379e-06
2.812643999590511579e-06
2.696411418635252103e-06
2.619824890563867471e-06
2.779463888605441896e-06
2.912583016974500904e-06
2.501129582234649748e-06
2.351345681302471917e-06
2.349771124903545084e-06
1.993530664166088243e-06
1.576903264943773083e-06
1.740515392175020761e-06
1.569712581279636900e-06
2.263390141739166612e-06
2.924763062895511590e-06
3.564513978537337391e-06
3.599267407677482818e-06
3.941209847249863171e-06
3.780405450204085303e-06
3.692298689582529549e-06
4.048827506840902683e-06
4.235494444452795972e-06
4.402399796759134732e-06
3.985025286454268424e-06
3.894964607030682942e-06
3.371642589443173411e-06
3.390577410593353983e-06
3.809143053989496145e-06
4.137858116013865841e-06
3.922090074416810825e-06
3.436843012156428380e-06
3.187618406473154133e-06
2.633305928018391374e-06
2.288919509384702198e-06
2.450590639294824552e-06
2.825157772793526927e-06
2.713334909891905184e-06
2.395333797638334040e-06
2.419532878828595924e-06
2.198829340807429648e-06
2.179560404901383451e-06
2.403337438064225423e-06
2.827659456746308807e-06
2.703474333050811385e-06
2.647084479197777699e-06
2.659193859244624545e-06
2.505667417077954418e-06
2.142587302008300000e-06
2.272949392552922249e-06
2.288228020574934162e-06
2.398555515507420476e-06
2.154422236344544471e-06
1.934441712592160911e-06
1.831113419825669299e-06
1.924619748668495578e-06
1.841176515426923119e-06
2.095977856697572776e-06
2.533449810471211010e-06
2.972551684858141566e-06
3.145080230145443428e-06
3.694589531733072702e-06
4.125369817605436723e-06
4.206749144941568883e-06
4.137191187207160828e-06
4.056416128150886941e-06
3.509968231204160264e-06
3.375449189964759022e-06
3.472817282575609529e-06
3.380310507357838973e-06
3.582847913700486802e-06
3.605871317328517170e-06
3.381728652129824232e-06
3.044402798953646664e-06
2.693408202958381587e-06
2.600282636914623656e-06
2.589620948848885324e-06
2.554465834236908133e-06
2.408295785964280249e-06
2.446848300034313620e-06
2.041772240583365326e-06
1.951793129251200383e-06
2.100068782813953835e-06
2.447687142156004019e-06
2.904537239108625600e-06
3.068778261194893784e-06
2.852850057403581792e-06
2.544554994680463245e-06
2.193440210855139476e-06
2.004611292250047226e-06
1.688846608279466996e-06
1.940014514426972350e-06
2.192366105191468134e-06
2.453609916604667253e-06
2.910140536490265181e-06
3.129323999928601552e-06
2.790830823566163735e-06
2.795781597342284354e-06
2.626028761672691090e-06
2.178239181678995053e-06
2.442835655832217484e-06
3.310769246430331023e-06
3.516455611437171641e-06
4.161938810890812568e-06
4.171607603590624802e-06
4.046744523596619919e-06
3.205577877452014861e-06
2.836376360922561891e-06
2.581400779414858884e-06
2.281633849558299919e-06
2.505283538312142408e-06
2.850355745446601653e-06
3.005745721414617990e-06
2.702283749537552277e-06
2.602214904830665420e-06
2.606755602604001259e-06
2.690618172588680673e-06
2.425010954236010273e-06
2.568147829151712273e-06
2.852487561237164025e-06
2.595483564012586972e-06
2.448192465938822310e-06
2.535130427835005110e-06
2.734583097208088074e-06
2.639833728797688267e-06
2.701676181023534598e-06
2.732417245946787241e-06
2.725806231277754029e-06
2.544257444488570443e-06
2.286942880402876168e-06
2.144212117135187687e-06
1.699801422698025542e-06
1.766334511425308445e-06
1.443462372681854863e-06
1.680783282627847489e-06
1.671755542531627640e-06
1.907543444209143862e-06
1.748336411348342830e-06
2.124462661375522446e-06
2.062603724084510505e-06
2.405654812302297255e-06
2.529707793049359045e-06
2.937309689817387343e-06
2.762882597077502375e-06
3.264363681410032452e-06
3.453513007419437495e-06
3.894234487233917653e-06
4.047247246793026599e-06
4.521801391395760178e-06
3.992381971329450946e-06
3.695036571116361132e-06
3.730075134929696465e-06
3.373559828408663909e-06
2.815970962425732449e-06
3.027161278623680034e-06
3.372947253410530319e-06
3.163008583821162384e-06
3.364194602302935850e-06
3.847651896649041129e-06
4.019357872190692180e-06
3.580357815735624426e-06
3.509265464648100152e-06
3.145738389775942778e-06
2.814765271826520400e-06
2.514085448031740376e-06
2.577044043997981684e-06
2.390073458021409033e-06
2.324130855413386090e-06
2.310784096456094081e-06
2.284558964523361241e-06
2.413918984226863507e-06
2.662433818064376812e-06
2.919642253592277442e-06
2.878535570497812821e-06
3.187148039292727210e-06
3.112633343012779606e-06
2.775020359990776511e-06
2.680700021073789685e-06
2.965300976616921575e-06
2.623947897006929135e-06
2.351593956954427573e-06
2.360704209062684281e-06
2.340183972648901714e-06
1.992097968657920763e-06
2.074207369181143423e-06
1.926156555024742184e-06
1.774197382549876767e-06
1.821316714275175062e-06
1.704606845009948725e-06
1.579225618305220937e-06
2.130781050861211931e-06
2.277988899853275271e-06
2.342621238919189553e-06
2.543951131883659908e-06
2.937334625130462080e-06
3.263721487201110502e-06
3.877695045654642833e-06
4.048734679903040457e-06
4.373195603572336929e-06
4.672957963218020417e-06
4.473603318425982401e-06
4.540587769952254116e-06
4.451645463632304307e-06
4.608226110273487711e-06
4.460668295299305228e-06
4.323455558126928864e-06
4.276004536526063951e-06
4.256188170378057145e-06
3.767418904014144699e-06
