7.315644717778582717e-02
-2.224616515737137812e-02
-6.084455751807439639e-02
-7.850827287956844980e-02
-5.031255743657417345e-02
-3.335750688676553111e-02
-5.643516015061961211e-02
-2.593971309293001404e-02
-1.113850949634378751e-01
-7.888448571968902090e-02
-9.750440871648952124e-02
-9.068555098930425329e-02
-1.299612570916826859e-01
-1.418632757562172941e-02
-5.155259970852560381e-03
-2.415139580777359712e-02
-7.071100050915299362e-02
-8.322371189159162574e-03
9.335465846708024262e-03
-7.309433497720840833e-02
4.881560705144365186e-02
-1.118809707058909808e-03
-1.499874062078921377e-01
-2.729913699504364910e-01
-2.379800625167163286e-01
-4.213374486177688949e-01
-2.934649249615811084e-01
-1.665237893436083139e-01
-3.299239755060687229e-02
-1.071350655352008574e-01
4.769937832962761054e-02
1.017264160190251010e-01
1.059157027491176434e-01
3.019241831818377311e-02
-8.230240549807602002e-02
-1.074485762353013102e-01
-1.624455376531346307e-01
-2.279261662528693222e-01
-2.361486375102960500e-01
-1.849431961218028497e-01
-1.693937185441113658e-01
-1.112061326054638588e-01
-6.392153441010216264e-02
-7.292908871236382373e-02
-5.844293492584640148e-02
-1.745141088770976734e-02
-5.632347196370882797e-02
9.620891213257841412e-03
2.545840674666664805e-02
6.579286460917602164e-02
2.180404764862050107e-02
1.337387555237720682e-02
-6.431799481627087367e-02
-5.958006436100250075e-02
8.106242643397430434e-03
-7.750867308767657102e-03
-6.775718401996831675e-03
6.875713145503089055e-03
-5.014833303099170553e-03
-2.068906201353899049e-02
-4.379349431635998213e-02
5.211073513895797538e-02
1.022953073102490507e-01
1.124719952649687327e-01
9.076464501947045793e-02
1.599473124695582338e-01
1.067007857939525350e-01
6.219467617823123962e-02
1.199975583619637964e-01
2.348241180102208503e-01
1.889254983682199518e-01
1.769859658727269691e-01
2.612831148041168672e-01
2.546242781634411867e-01
9.144391820302148755e-02
2.704032948759026167e-02
-3.748278518225424405e-02
-1.091604752873082812e-01
-1.395187614137039234e-01
-7.978713527706160491e-02
-5.803341157384014209e-02
-1.212966051176558868e-01
-4.148759994071632429e-03
-1.210699630073749505e-01
-1.398120245477562640e-01
-1.452801736753419615e-01
-6.853667317449782526e-02
-2.357058036464041995e-01
-9.368872223735003057e-02
-6.147876353848596986e-02
-3.227132294037580312e-02
1.137116688249493190e-01
1.152256642475178727e-01
7.373970770943111264e-02
1.128175101823711002e-01
1.059575041757976621e-01
1.395125775839560836e-02
7.569131181755654747e-02
-2.447927574829532327e-02
-6.177463926170578129e-02
-4.281312023125414395e-02
-5.866369871050049201e-02
-1.546815757946048697e-01
-6.986778735534107665e-02
-7.042492199531129315e-02
-4.214299110978939056e-02
-2.674896258756437328e-02
1.281632058049973488e-01
1.176135707466164776e-01
1.204305950164775846e-01
1.110840572697322781e-01
6.397711513776080383e-02
5.832347217928231242e-02
1.032822128682736595e-01
6.347941690135130988e-02
1.145296936696994783e-02
1.002091548599971654e-01
6.406333058028843008e-02
9.773960494941408284e-02
4.596265968052934414e-02
9.049750777709320015e-02
-1.388979870511003467e-02
-5.256003726791942665e-02
-1.110271702474898564e-01
8.255160225945162855e-03
-1.799368221295734593e-01
-1.714844430254063579e-01
-3.014503037520568363e-01
-2.288268563683663603e-01
-2.748417362283211984e-01
-1.085955028798355482e-01
-1.441946428762440890e-01
-3.389149693619851814e-03
-5.961664060934750153e-02
-5.157705059364606215e-02
2.036712360649335640e-02
1.001248988593451683e-01
1.261645750918568010e-01
8.644407568371081929e-02
1.171635522625139036e-01
7.796230495140935024e-02
8.999262492047305217e-02
1.953595153925680172e-03
9.182666251606080854e-02
5.362995573986149844e-02
7.701066934714601020e-02
1.854363855350183998e-01
2.326295431095175281e-01
1.741415094166070543e-01
2.322957848433688799e-01
2.496322734116330766e-01
-1.522221918053702494e-02
3.945694394147433032e-03
-2.739268138203243119e-03
-1.588577995788598152e-01
-2.383255774341187239e-01
-6.976589637780838959e-02
-8.225929777681217914e-02
2.167827465661034680e-03
1.616624772580245728e-01
2.286198718846909061e-01
1.507882279955813365e-01
7.771019009674524913e-02
1.823459769851831086e-02
-2.867770654047411064e-02
-6.292352534811561371e-02
-1.404590090786837255e-02
8.207452030106050789e-02
8.045928704825119904e-02
3.784795772626212834e-02
6.673237485021518006e-03
1.765394975604052397e-02
-7.683686895965782804e-02
-1.736653018329802900e-01
-1.036570562059612871e-01
2.348394248332552614e-02
8.446172357174369649e-02
1.123249557255077968e-01
1.422339296533311759e-01
1.559793440043348300e-01
5.514958237110383077e-02
-7.587889744613074416e-02
-8.313933761859607086e-02
-3.763294768169465898e-03
-5.951781932365846073e-02
-8.794818908175355832e-02
-1.238538837719573016e-02
1.569908305117534084e-02
-3.295136181550750720e-02
-5.743878611192322625e-02
-4.271228181315176592e-02
-7.855276583550971359e-02
-8.570500534569917839e-03
-1.037224456511406379e-01
-6.703639355921935106e-02
-6.521914734260365887e-02
-4.328788078229298120e-03
-8.485511695801971344e-02
5.696638453488457599e-02
2.524465564331555834e-02
-1.060717828601638602e-02
-6.559180262158348373e-02
4.131990722083126594e-02
-1.253593838661398036e-03
-3.678826092310863438e-02
-6.308410373071583754e-02
-8.991023941416403931e-02
-1.718666565726790774e-01
-2.557380552578637500e-01
-1.566079677469042752e-01
-1.125747425404770713e-01
-1.216729540809169674e-01
-7.864356509130177031e-02
1.895239332700469903e-02
-3.465573951277056697e-02
7.931727189841950715e-04
9.851839396671679960e-02
-3.696976590009663777e-03
-3.636768381468299255e-02
6.481998314510465514e-03
-7.158077020153345849e-02
-5.448907139945682876e-02
-1.285698206841914826e-02
4.929006411813255384e-02
2.555614753471324024e-02
1.475216173269832676e-01
1.010916700978786997e-01
6.217094743285327824e-02
7.313243536819231949e-02
1.321828486020029669e-01
8.295388820303128963e-02
1.201525777599451589e-01
1.336526615551366648e-01
7.235622784124788598e-02
6.870417353176398040e-03
4.701062446751988477e-02
9.593133926162719649e-03
1.068315702747879847e-01
1.652350388110803703e-01
3.347364412120329979e-01
3.408250357531992236e-01
2.864091678671072394e-01
2.331799958101862524e-01
1.400659895458368776e-01
7.805009783987371108e-02
-1.355689299848279739e-02
-5.358864544618577308e-02
-1.715986726580150667e-01
-1.394771748208061268e-01
-2.893110800869704291e-01
-2.872794467386235451e-01
-2.920129884971710554e-01
-7.775890289771679453e-02
6.552619957904265435e-03
2.427928300013769414e-02
5.841917262755720597e-02
8.716470369038711863e-02
-6.489945829616919348e-02
-2.064422565178228863e-01
-2.122704337489744464e-01
-2.259035636759167687e-01
-2.600251673421003495e-01
-2.232212023277269364e-01
-1.434395534555087115e-01
-1.137266645637424745e-02
-1.593098761571048461e-01
-4.772957124604936680e-02
-3.089576755243765224e-02
-6.617127842764512768e-02
-1.707089660613305138e-01
5.247380655893696400e-03
-6.551235327276544451e-02
-6.685785426497649342e-03
2.809222119301593365e-02
1.140078642342963605e-01
2.257546344476372702e-01
2.485477698529890145e-01
3.091770812569612503e-01
2.862218944020362144e-01
1.621075088893545457e-01
7.130320869421517826e-02
7.157749811275362917e-02
-7.767179340965373047e-03
3.251688679631123055e-03
1.270553063858981951e-02
-1.420005439367641800e-02
4.487368920446969944e-02
-3.910931689929267319e-02
5.054927324185962134e-02
5.654265467452170707e-02
2.309573992290393091e-02
8.815034748055880498e-03
5.996843492950886673e-02
-1.520150387247569679e-01
-1.853043158795135703e-01
-1.804320530357281793e-01
-1.869241998248590275e-01
-2.561970959399235137e-01
-1.459983269277594087e-01
-1.844593783603376003e-01
-1.944189217300269501e-01
-2.635600328141154414e-01
-1.399248655958918452e-01
-1.217833003987197349e-01
-6.036318527429581499e-03
4.623126418863822418e-02
4.748732056042807848e-02
-1.035994883255889343e-01
-6.977424334150431062e-02
-3.556814592340312026e-02
-6.231294060687093267e-02
-1.054406954569275107e-01
5.387857928756777104e-02
5.541838333370777830e-02
-9.195375968527659538e-03
2.878897937114231753e-02
1.585625546111403272e-01
8.626112498517884974e-02
7.562058719704919940e-02
1.531751321008126276e-01
1.915775423473584926e-01
1.435970717155273246e-01
3.892255464776642193e-02
-1.345411328532932979e-02
-8.247541979580336191e-02
-1.812971681673023472e-01
-2.069057110525948096e-01
6.461559128497650073e-02
1.092030702819676152e-01
4.656797809553371581e-02
2.395328844982878846e-02
7.507894441423419718e-02
-3.137750804844548908e-02
-4.980912642384212330e-02
5.055368709457175314e-02
8.448801729568429508e-02
1.495166787528583452e-01
1.898290261229742537e-01
2.614772055475430013e-01
1.684249932211632217e-01
3.084153763889280198e-01
2.313583357408584562e-01
8.855948114741488131e-02
1.213575595503520593e-01
2.309768527564544649e-01
-4.893667690783615187e-04
