1.205405557399599065e-01
4.690770277656443332e-02
-2.383096973990158490e-02
-1.546660355290785105e-01
-2.277534667270092739e-01
-1.725433085773299402e-01
-1.587409976963237990e-01
-2.665430456212770638e-01
-2.923531718486188646e-01
-3.405237612087056998e-01
-4.058618741089378146e-01
-2.853382979517053442e-01
-1.456466070721143258e-01
-3.563116506260312344e-02
7.689736337101418795e-02
1.538228686916032206e-01
6.569136984869883289e-02
-7.214660594368024760e-03
-9.247263674498518160e-03
-8.691476151612982648e-03
1.910254688113725841e-03
-1.397716616162698600e-01
-2.392332381953209408e-01
-2.779252570197459637e-01
-2.502163679330892676e-01
-3.645887816867349196e-01
-2.790148810498024323e-01
-7.395397999771691211e-02
-1.725176252987968561e-02
-7.684297756593599926e-02
8.780396942899956758e-02
1.809259707195799982e-01
2.056251316515872452e-01
2.458047104260951965e-02
-1.481641928642953021e-02
-1.398014656274602918e-02
5.679267197816496859e-02
-2.377944582801592294e-02
6.896024193886818310e-02
1.099187768960277478e-02
-5.169504031265197835e-02
-1.572330848668164471e-01
-1.779249659300318198e-01
-1.264169075556674238e-01
-7.525488255402659754e-02
-1.514938088830971585e-01
-1.506026586201270889e-01
-8.806939772787469867e-02
-1.164651706812681875e-01
-1.246568629206601664e-01
-3.958783564516400733e-02
-4.254085700921741986e-02
-2.228494750811193387e-02
-4.903073578028956103e-02
-7.605700925326516759e-02
-1.275583603728278614e-01
-8.627337781711291731e-02
3.437184355220473941e-02
6.052525927530578304e-02
2.186588521073632718e-01
3.038437319657977254e-01
3.007202853547377153e-01
2.400153611463825554e-01
2.080150484875168959e-01
6.718281941642018085e-02
4.326474879359164943e-02
1.481820674033814400e-01
8.263084672558658472e-02
1.076687240250791683e-01
2.566883770825122424e-01
2.542213268163632245e-01
1.077461623305169119e-01
6.867213485761378133e-02
5.428202455580494190e-02
-5.646237410056269279e-02
-2.592421987696368890e-01
-2.715542795837946888e-01
-2.948964409193325920e-01
-2.413472429587264489e-01
-1.671717121068305723e-01
9.455001714360838916e-03
2.092013917219605681e-02
8.723537714694715173e-02
-2.047940270538471663e-03
-2.424224640933254210e-02
1.583804483293519694e-01
2.373028863295352231e-01
2.180423944160442551e-01
3.532734559772928162e-01
3.679400881020622460e-01
2.873932749389968566e-01
3.381595719073379191e-01
3.250139622464609523e-01
1.807095093146163789e-01
1.711455737178421699e-01
1.286267611538344235e-01
2.528930592506095643e-02
9.600236892319324866e-02
5.308965757719530387e-02
-2.540625999264409240e-02
-8.426607938009787746e-02
-2.102389951884856556e-01
-4.054560851934354559e-01
-2.866507857663088688e-01
-1.964412574357533581e-01
-1.194941059746680162e-01
2.693563210365771537e-02
1.933502456140570036e-01
1.804043292211394700e-01
2.218966269252703183e-01
2.189210447950657723e-01
1.896929624958261507e-01
1.364343106182205057e-01
1.873313990551945252e-01
3.112522735296827797e-02
-1.256599023887312039e-01
-1.113051576122403713e-01
-2.425017316500729936e-02
-1.942552283606396174e-02
2.371249129622713531e-02
1.898304612192607821e-01
2.013257813237036009e-01
2.804049251860717962e-01
2.993379811151529735e-01
3.711354852646313041e-01
3.036736115940094072e-01
3.098497737654933859e-01
5.562926814528994235e-02
2.552893784661226795e-02
9.280300838278683628e-02
1.237911353170337569e-01
7.341446887762723139e-02
1.886725451403143683e-01
1.041516835072472946e-01
-2.698581849844223016e-02
7.175320381333578912e-02
1.231868726344450826e-01
1.187744136005874779e-01
1.353413329607631721e-01
1.674056694154631431e-01
-5.968581978321153142e-02
-4.566209573355031748e-03
1.993203858981973386e-02
6.061916084252945425e-02
-8.974499192742431408e-02
4.009625441042850846e-03
3.809627297865200712e-03
2.219207858277121026e-02
3.485598539879950636e-02
2.727873129826609011e-01
3.542633858109787148e-01
3.091793531605425693e-01
3.233368436708200511e-01
2.386900685726121296e-01
6.118683849892710136e-02
3.955716126434807162e-02
7.671687724180506485e-02
-8.765865704868095604e-03
8.420918573051168476e-02
1.597389723019125574e-01
1.472043325784259671e-01
9.366489062480409800e-02
6.548344494984642550e-02
4.376047589848026248e-02
5.654572305137550714e-02
5.264758851072024598e-02
1.978722286114689699e-02
5.046742582495254009e-02
1.180555178359335572e-01
1.465464856176232344e-02
-8.093562249584025647e-02
-8.300724960390785945e-02
-1.743664623825167403e-01
-3.180053727129026897e-01
-3.186038427663444583e-01
-2.595931101458526236e-01
-2.318080094617198661e-01
-1.165639038441107223e-01
-9.992085595179391044e-02
6.157312346918484419e-02
3.519220424248847151e-02
-1.502582578545408332e-02
-8.898512443781550485e-02
1.377856956118560239e-02
-1.343343424157701360e-01
-1.967461207982569293e-01
-1.733754398787219486e-01
-1.025709581698104195e-01
-2.195463423798741376e-01
-2.346416785535547223e-01
-1.316243722353169499e-01
-1.781337867901511829e-01
-1.849493790372176982e-01
-1.448174181021179008e-01
-3.280458769977200040e-02
-4.697783422898321737e-02
1.297838911847530585e-01
2.099291312934437048e-01
3.319711854746980606e-01
3.434759371641794568e-01
3.124907734392561864e-01
2.039280156946597089e-01
2.214120529179843810e-01
1.612579253780679345e-01
1.493826775160004283e-01
1.187830757831293410e-01
6.060503031890630832e-02
-1.059531382620988865e-01
-2.730819631885976762e-01
-3.291320385196521148e-01
-2.807009633186245967e-01
-2.377458522949894848e-01
-1.816515019026467281e-01
-1.642342995451060578e-02
-6.448031939451133454e-02
-1.294445552064235616e-02
2.194275544601511502e-02
-3.794787398609532347e-02
-7.397147819248563183e-02
2.970165247108499593e-02
-6.279387001141213676e-02
-1.323838125226925455e-01
5.531158596118010418e-03
1.036052239927917965e-02
-9.471772652878793219e-02
-1.022092432000558382e-02
8.934292721774539370e-02
-1.023311922761538928e-01
8.029510093724157027e-04
1.564190301381016002e-01
1.649807201147251157e-01
1.070280470110876597e-01
2.818293711000034452e-01
2.379506331033819644e-01
1.530602747942592379e-01
1.016701496637975599e-01
1.583096367482524358e-01
1.597541106227829688e-01
1.576335196664958027e-01
2.954965290814333123e-01
3.965131560677063183e-01
3.533299054921550941e-01
2.934045324355614159e-01
2.394067906746413510e-01
1.389786530446584789e-01
-9.914688479428217238e-03
-1.226833843888571612e-02
-1.670708633164425527e-01
-2.022289515677873906e-01
-2.720805473926534712e-01
-1.710045795256259771e-01
-2.009342134908082000e-01
7.711705364566445731e-03
1.176851157563203465e-01
1.691625611465450707e-01
2.008441346896488455e-01
1.559728974024813808e-01
1.788420816125495250e-02
-1.129000183645133548e-01
-7.056537313032103242e-02
-1.208344783062194339e-01
-1.547851487403481552e-01
-2.021822167808719484e-01
-3.012556605217143746e-01
-2.947349278841997489e-01
-4.319424204195077555e-01
-3.831980376667249444e-01
-3.028163564321266765e-01
-2.593118041965319365e-01
-4.976961133495797496e-01
-5.133313592984147800e-01
-4.522800468360036463e-01
-3.373269219121303175e-01
-3.589079396331389948e-01
-9.112837190740234738e-02
1.564285615749067548e-01
2.492712128365322521e-01
2.167351921037051210e-01
3.754963379124199863e-01
2.202264651657089845e-01
1.307499484248073329e-01
1.254526218210851585e-01
2.013702085081506832e-01
1.466403909074568412e-01
1.395960441770674465e-01
1.682355520508214686e-01
1.137418681103318230e-01
2.136625725215715935e-02
9.528101234733422908e-02
2.737685427542037586e-01
2.171554977202405368e-01
2.088296339381178202e-01
2.010193901405816774e-01
6.100073867917044090e-02
-7.531879290474463584e-02
-8.422238474353888060e-02
-1.423647641861685575e-01
-1.670668662622984135e-01
-1.255239452143377399e-01
-1.686432429235836805e-01
-2.313232012168565110e-01
-2.317250588911884679e-01
-1.818424381044524418e-01
-1.185306377907112269e-01
-6.612006701750897109e-04
1.680606040655920341e-01
2.480837802900364708e-01
1.906279717630787185e-01
4.065880774282717991e-02
4.354652562907471852e-02
1.276644152831315354e-02
-7.053923854553273420e-02
-7.747382001981155397e-02
-5.969184852990112172e-02
-1.092980576492887101e-01
-2.202249191872578948e-01
-1.327666073234142208e-01
-2.027356550469756047e-01
-1.001500305762986764e-01
-1.341234534724783656e-01
-9.752734812637411932e-02
-1.794946299933593559e-01
-1.765460338978405153e-01
-2.829396211050139720e-01
-1.601359743764603494e-01
-2.154321438028002911e-01
-3.519801224043347943e-01
-1.654474444025384461e-01
1.084447341641651963e-02
-1.187846044617121843e-01
-1.043118863373981853e-01
1.019032086669678649e-01
1.244223042490221753e-01
1.207287187541870588e-01
1.996013583165427430e-01
3.414122273630196269e-01
2.973234902909820399e-01
3.356349467963041788e-01
2.787030598279245930e-01
2.504672544227228292e-01
2.537998751817769905e-01
3.142411756886605567e-01
1.175024811285061282e-01
1.911983206428688742e-01
2.625325160894860232e-01
1.792674214884876771e-01
