8.160209539384336337e-06
9.701413740211662796e-06
1.057418017293964667e-05
1.335229494518619798e-05
1.463017143316269147e-05
1.313171647720161199e-05
1.202222277734554095e-05
1.122146287409582129e-05
9.967954901598078836e-06
1.081977464929527737e-05
9.419068818507354441e-06
8.956371752113874624e-06
9.546863361251293917e-06
6.778674261905932775e-06
8.391936414401806408e-06
7.305948129604473416e-06
9.422362454441752407e-06
7.600266859228929345e-06
8.968100248869662069e-06
1.160051615606010534e-05
1.110040839345553338e-05
1.199061720499384510e-05
9.812473070840122433e-06
1.262530353164134312e-05
1.507339027087643858e-05
1.492532555891305813e-05
1.547915728771563328e-05
1.402148426604947331e-05
1.138940519940027354e-05
1.547496593356284243e-05
1.138110199877682240e-05
1.147320658096006298e-05
1.183458966591982213e-05
1.476825256150285624e-05
1.406551884354557065e-05
1.482544234188211338e-05
1.565075805620731516e-05
1.686735159690989786e-05
1.554584414298489404e-05
1.417046710399704576e-05
1.529639419888755597e-05
1.485327827609587494e-05
1.219330339798123276e-05
1.377413286602965502e-05
1.288097122427457146e-05
1.279924753502801684e-05
1.173600680526109957e-05
1.085347334149852389e-05
1.062160285614147765e-05
8.772833759939083675e-06
1.028707823080446886e-05
8.026200260267250762e-06
8.921802491384046963e-06
9.525121162499205620e-06
9.369830479348857061e-06
1.002459757947204672e-05
1.014288167699006371e-05
1.199088766945776190e-05
1.097033065604725433e-05
1.197876265102633057e-05
9.059051492034937586e-06
8.963853908981620489e-06
1.307895897326555562e-05
1.601003256868260480e-05
1.840619065153587891e-05
1.634367111885244247e-05
1.454712950553567614e-05
1.481825371630000498e-05
1.245934188959656625e-05
1.048508848090312466e-05
1.030859581971197698e-05
1.157854654826761334e-05
1.199688247289262218e-05
1.473095283175975612e-05
1.311497390797089300e-05
1.178446245800774312e-05
1.233829199817919244e-05
1.044544650115487573e-05
8.819152089818037675e-06
9.441827645361855205e-06
1.032938039257687747e-05
9.303082771593956649e-06
9.171840295191155176e-06
1.218970689201050613e-05
1.319548559799858437e-05
1.495487192282343647e-05
1.607946372562057231e-05
1.977905803247616834e-05
1.722455314113258137e-05
1.679516060925390097e-05
1.887188766074673177e-05
1.993249381315362516e-05
1.979400666170576400e-05
2.066595298149169967e-05
1.593313989800656161e-05
1.680516530872779908e-05
1.662545781919398059e-05
1.456800644400196192e-05
1.158074713123733261e-05
1.108037109858387655e-05
1.011238749631925975e-05
9.360631007405396887e-06
1.043473717928470609e-05
1.067840607388915634e-05
1.037447574204975115e-05
1.009897150028043202e-05
9.507504821830421406e-06
1.040578476675350481e-05
1.157184325694697617e-05
1.175334812851257846e-05
1.231834578966222841e-05
1.154575745135544253e-05
1.371532035217982332e-05
1.223239826125527405e-05
1.077986423982808005e-05
1.223621131157500652e-05
1.412775659049685083e-05
1.602038616282322746e-05
1.760322822846098221e-05
1.703654683376990998e-05
1.691007270763981765e-05
1.608493922676832043e-05
1.752590578956045536e-05
1.989381144883791636e-05
1.763268619806318091e-05
1.995465357144628722e-05
1.740246097763620056e-05
1.746148341976849744e-05
1.616280077848477700e-05
1.825262269615582581e-05
1.700432328936119525e-05
1.890278116625678838e-05
1.831471695702231313e-05
1.854046656360282798e-05
1.935190697026548706e-05
1.792900471314503262e-05
1.960808853964100443e-05
2.023732545974698513e-05
1.621008706072398541e-05
1.346212127971913948e-05
1.102676927057679021e-05
9.517065968598927797e-06
8.779324824261514862e-06
1.016532003382310515e-05
9.024155559456302763e-06
8.478966571593924697e-06
7.907258353196585859e-06
8.399678810508056525e-06
7.287881745692441267e-06
8.060967657992250263e-06
8.383075762954359010e-06
8.820160544558333497e-06
8.393368323682421777e-06
1.345136073572718885e-05
1.514456322258767613e-05
1.892280361091694247e-05
1.971938049091254903e-05
2.011370500022612449e-05
1.781834619326367320e-05
1.674473102792963471e-05
1.789358046781807168e-05
1.826984432229331525e-05
1.817249650970151524e-05
1.707841185576371810e-05
1.733650342174273987e-05
1.625847000240408436e-05
1.570808045974200081e-05
1.561273260700449589e-05
1.726736012746985674e-05
1.665411167022517409e-05
1.395768449470939780e-05
1.074293231022410012e-05
7.299608968965096512e-06
8.417643473511696978e-06
9.470131487991394201e-06
8.943553816682098251e-06
9.579096106391448193e-06
8.728558092344590555e-06
8.424421139389956918e-06
8.270368843815647199e-06
9.887095018257241463e-06
1.049404628853759827e-05
1.038549316945136525e-05
1.147455818302963412e-05
1.149782285854901961e-05
1.086500342732203175e-05
9.474119868476313017e-06
9.182136608387736487e-06
9.817138580577497082e-06
8.007880779814513517e-06
7.817735541001033156e-06
8.671487516191215078e-06
9.272650369022509081e-06
8.205656039687406561e-06
1.015445646620113071e-05
1.192238930040427117e-05
1.226057831142194668e-05
1.300093530668770295e-05
1.300604829642300861e-05
1.506606997736525955e-05
1.794562490431417245e-05
1.656888760711202130e-05
1.948165292257423781e-05
1.803168280882043101e-05
1.698637652225443162e-05
1.769904224602214526e-05
1.662619517143563636e-05
1.748583000941532001e-05
1.909819623809501726e-05
1.850785990124374431e-05
1.788451474264244817e-05
1.597875056328727433e-05
1.344117909714744560e-05
1.214659819955462258e-05
9.363430753713449989e-06
9.447130963735617115e-06
9.712661395155919308e-06
8.744338022855421472e-06
8.432467822672151669e-06
6.300913900266398762e-06
7.661415007002384342e-06
6.666625168350037711e-06
8.442985167296987087e-06
1.005912039886425191e-05
1.129671195106614864e-05
1.364388704890492041e-05
1.147873145631213807e-05
1.016482209100407449e-05
1.222744822371168993e-05
1.345187570223060902e-05
1.575204760229098611e-05
1.420474397188324114e-05
1.743385587360535283e-05
1.810971063302228495e-05
1.794763875295757316e-05
1.935452390474286594e-05
1.541433846341533354e-05
1.330076675761423208e-05
1.299358304625760316e-05
1.216545558690995676e-05
1.442920878010530392e-05
1.366220366586882487e-05
1.596354070443339879e-05
1.580380986373105051e-05
1.750805866625644930e-05
1.726265008983318694e-05
1.564401024249188404e-05
1.232915584144696727e-05
1.204121920750367281e-05
1.315657827187048137e-05
1.160212408043056162e-05
1.253167359512493381e-05
1.157999404692115244e-05
1.316962421545516368e-05
1.383675695857770374e-05
1.293075490593764698e-05
1.328104023438451445e-05
1.510540566111255070e-05
1.435239369129703846e-05
1.537087030101247365e-05
1.545222361680013629e-05
1.518646312585284799e-05
1.359707763034142222e-05
1.155580315526094637e-05
1.208956786058479338e-05
9.756008926350053984e-06
7.987755033411758632e-06
8.729635842049296074e-06
7.557560612288701143e-06
9.351574808154813540e-06
6.615308961954724509e-06
7.198104029271235049e-06
5.518287153449819016e-06
7.398619196408162679e-06
5.602133806329827146e-06
8.246805900095447256e-06
7.396897435304102167e-06
8.020074863187195619e-06
1.183128586035309127e-05
1.740556535878567956e-05
1.897287150616951484e-05
1.937625165737699717e-05
1.661090777815843467e-05
1.773247890923812520e-05
1.610282599055305391e-05
1.865675236937628861e-05
1.950126253783916391e-05
1.785074368854111526e-05
1.692024147814663593e-05
1.698381045874460332e-05
1.497978147805648955e-05
1.593463021739201585e-05
1.755062218459594797e-05
1.517096325187594630e-05
1.407230369447158050e-05
1.470415698652990064e-05
1.596452352714550216e-05
1.362685209945387574e-05
1.372841037057999888e-05
1.538632811085942004e-05
1.432229434309798857e-05
1.248747764748259215e-05
1.226055542247195262e-05
1.109387606372062332e-05
1.140494458695684443e-05
1.064471263134691981e-05
1.114338116773675760e-05
1.214234301490554022e-05
1.153519855279228068e-05
1.195400511733168969e-05
1.063032626310208248e-05
1.193428782168363436e-05
1.013457432226990382e-05
9.215301242685805888e-06
8.237871512051242462e-06
9.364060787220296334e-06
8.434506431361418394e-06
6.519819763184386829e-06
8.714987671964991023e-06
8.717266005930923711e-06
7.635046249750606834e-06
7.495986632003829961e-06
7.870206568820018261e-06
9.039180369541099935e-06
8.064506251533506615e-06
8.745413329810011377e-06
7.012042094819055840e-06
6.885031950787379174e-06
1.076906517027964583e-05
1.207794578779915715e-05
1.235771522563785216e-05
1.413998832807313552e-05
1.240881302540704742e-05
1.560364868661660504e-05
1.663872095984212857e-05
2.003302271684030339e-05
2.077154764871617582e-05
2.119976814659215242e-05
1.926910150965947460e-05
1.937666320372954942e-05
2.108352191498852335e-05
2.185750781791284680e-05
2.100258075188321527e-05
1.826578629030943185e-05
1.841741269951550558e-05
1.673407427915662993e-05
1.561814334157437051e-05
1.675733938100165688e-05
1.488462138847050123e-05
1.362035675356310094e-05
