-7.012990825690697441e-06
-6.614537994664715370e-06
-8.256617737364043891e-06
-1.052788331890042173e-05
-1.152056033030627627e-05
-1.132366370863261731e-05
-9.720714312303849552e-06
-9.519703591346720755e-06
-7.770138097384915454e-06
-8.175133018539781915e-06
-7.303519017417177586e-06
-6.700880703647271730e-06
-6.217593181645497680e-06
-5.605850219581043348e-06
-6.241147427014463553e-06
-6.182582145205135951e-06
-6.446847976349090459e-06
-6.694770585606117472e-06
-8.163502059232996544e-06
-9.191273723748357910e-06
-8.754393775234348141e-06
-1.025480389671429293e-05
-7.974366099006147124e-06
-9.745085170228170640e-06
-1.141652937045970798e-05
-1.281952389338888129e-05
-1.318287604590295814e-05
-1.368491064113186439e-05
-1.064384491655800957e-05
-1.110537281571547832e-05
-1.006867398700705962e-05
-8.391251924422249431e-06
-8.999509456468027607e-06
-1.056693417922360823e-05
-1.082581817020885315e-05
-1.159666457321388047e-05
-1.284304888334493985e-05
-1.386534495395608246e-05
-1.418144044388706429e-05
-1.360962850564343721e-05
-1.237773949469556101e-05
-1.084041355170484167e-05
-1.019947895504932053e-05
-9.693903621155186556e-06
-1.024275752570247278e-05
-9.860389127425150946e-06
-8.704893540804429036e-06
-7.709071326189587126e-06
-8.103053119157266337e-06
-7.047147751867062673e-06
-6.736739995479486445e-06
-6.698942058847023873e-06
-6.638003640091483248e-06
-7.593700767453507958e-06
-7.263009611809441615e-06
-6.926812526823293390e-06
-7.706315614086634014e-06
-9.829150409738455024e-06
-8.246543454030566905e-06
-8.767467572094270550e-06
-7.217679505326183950e-06
-8.033480412450444419e-06
-1.054905627976646978e-05
-1.246744310871387465e-05
-1.447788971139137534e-05
-1.360531507543782936e-05
-1.124014007321723871e-05
-1.194534494667701988e-05
-1.078243576557724737e-05
-8.897253110262681730e-06
-7.296883268281817436e-06
-8.996879842015914619e-06
-9.831106126512167975e-06
-1.027125419265454734e-05
-9.793505228117282968e-06
-9.533158049634948839e-06
-9.103458069148473442e-06
-7.111149443517206237e-06
-7.680934591765739200e-06
-7.091865218929645401e-06
-8.035866054948806819e-06
-6.605522173686040333e-06
-7.757190871870989213e-06
-8.987113953177564368e-06
-1.034671360381859453e-05
-1.053565824804536533e-05
-1.292625472615327453e-05
-1.466086049125200039e-05
-1.546406087982177269e-05
-1.512425137661921326e-05
-1.560072541906265542e-05
-1.570355501219940569e-05
-1.476886101651568064e-05
-1.416991214379474154e-05
-1.299536275685871620e-05
-1.247867847572100250e-05
-1.156238041251829959e-05
-1.077655315384618007e-05
-1.018611214931297582e-05
-7.995353030310070608e-06
-7.625795300706765354e-06
-7.025856348263914697e-06
-7.894932537055865396e-06
-8.521686557590632178e-06
-7.657480239231517771e-06
-7.534286699713750770e-06
-7.402170410841790726e-06
-7.411468061491177650e-06
-8.845433550656403937e-06
-8.795689306377122235e-06
-8.280754722515363070e-06
-8.921244822583199535e-06
-1.113361217145817686e-05
-9.977560125662421342e-06
-9.385537244573546517e-06
-1.014282975120295305e-05
-1.203400404392596101e-05
-1.302693381906768441e-05
-1.348239031055224227e-05
-1.391315447563101770e-05
-1.256035371473747905e-05
-1.260651144245154323e-05
-1.373574984124085499e-05
-1.379557223420609621e-05
-1.467348177660217876e-05
-1.575006209956579179e-05
-1.406635972974375723e-05
-1.366816521416088467e-05
-1.292091428695130162e-05
-1.354481897427225154e-05
-1.413440645592345390e-05
-1.529712244519032538e-05
-1.381250535814615432e-05
-1.255399153402928827e-05
-1.426499632846874552e-05
-1.458557555148824217e-05
-1.476187518771136278e-05
-1.382581050772084022e-05
-1.317533565270423423e-05
-9.965323044980323175e-06
-8.613432176692489478e-06
-7.695035568152283262e-06
-6.495494839479458257e-06
-6.118095749722367124e-06
-6.108520229493781720e-06
-6.448562118066547555e-06
-5.287032962542070891e-06
-5.450253183880704455e-06
-5.297924635290958597e-06
-5.894251832690618378e-06
-6.360544091421616031e-06
-7.981137457591103157e-06
-7.527079693166645505e-06
-1.064334298916946864e-05
-1.383186145176296122e-05
-1.343188413708655030e-05
-1.557349279816359550e-05
-1.604866179150121752e-05
-1.483656130100522755e-05
-1.372231705924301973e-05
-1.320668297921656631e-05
-1.456449043265214091e-05
-1.232480921468474302e-05
-1.316329227544580685e-05
-1.347956269152443023e-05
-1.365844506532691052e-05
-1.245302996721875388e-05
-1.238165539992527006e-05
-1.325756644140104432e-05
-1.070434272302615322e-05
-9.714084247510376330e-06
-8.566722025686127423e-06
-6.494767073187783332e-06
-5.653972815859257914e-06
-6.291924933066184167e-06
-6.421885662651523510e-06
-6.594530172302863300e-06
-6.050880529073765501e-06
-6.219864796245626146e-06
-6.682167850158293732e-06
-7.244431458275357727e-06
-8.612998044554842636e-06
-7.804160285710773720e-06
-8.151116674071090529e-06
-7.788011771481251344e-06
-8.843265485817633858e-06
-7.875020893758724965e-06
-6.540256824412911576e-06
-7.261329282452304121e-06
-6.113470268095018603e-06
-5.144187146773522748e-06
-6.995995401363567887e-06
-6.079133110385252600e-06
-6.870513137376595317e-06
-9.359948573243551478e-06
-9.765482370009218399e-06
-1.011755455238017021e-05
-1.022463421425830707e-05
-1.039689868775894865e-05
-1.208420231553949084e-05
-1.359320860198446648e-05
-1.356322112163373636e-05
-1.395780532220669556e-05
-1.326863177079455094e-05
-1.359761222374800127e-05
-1.369441573236448126e-05
-1.402440398123872001e-05
-1.469422189378140861e-05
-1.500774040626614256e-05
-1.463225513968306227e-05
-1.434242210507363779e-05
-1.236427234137712181e-05
-1.053445396337338025e-05
-9.176855693719213419e-06
-7.174455258033655789e-06
-7.660011306143132970e-06
-6.563811003464555163e-06
-5.890921329410048202e-06
-5.638500889896628884e-06
-4.842788645949743134e-06
-5.681532779059732072e-06
-5.543155073913415456e-06
-6.039464030512438533e-06
-6.523775198274961440e-06
-8.100494900039242524e-06
-9.379754336199161075e-06
-9.534056251444175318e-06
-8.840941973176086321e-06
-1.023357833673799178e-05
-1.201123257033032132e-05
-1.243205948261068802e-05
-1.383889218686817912e-05
-1.485413622503983788e-05
-1.485408279222610872e-05
-1.520077656399128860e-05
-1.375188268563457863e-05
-1.395256936120858882e-05
-1.241351299086090876e-05
-9.713201336580823408e-06
-1.026735757629163895e-05
-1.106551546096549468e-05
-1.087745219289596757e-05
-1.073661898468950862e-05
-1.149499632902006852e-05
-1.238254465836992854e-05
-1.385061280719431484e-05
-1.348357416948905116e-05
-1.130806735242610198e-05
-9.578413255439954810e-06
-9.305942171522474382e-06
-9.688921447074486465e-06
-9.252989078352888059e-06
-8.833544522227990497e-06
-9.929868383551365696e-06
-1.150343071761502320e-05
-1.151789649611600908e-05
-9.979652228745786529e-06
-1.193964328649599338e-05
-1.244067395115659205e-05
-1.232185968547128141e-05
-1.261766654655123962e-05
-1.317009510633700661e-05
-1.116777074609368905e-05
-9.209393605639585117e-06
-8.043293898178186324e-06
-7.395198698153156350e-06
-5.662174752766683902e-06
-6.146623633185299695e-06
-5.244206136012508068e-06
-6.213044779694125261e-06
-5.541071554186298251e-06
-5.586177564964600606e-06
-5.157328416771633783e-06
-4.752599276495554456e-06
-4.077964471586407833e-06
-5.985963942597057233e-06
-5.830109671478567179e-06
-6.480176618121428853e-06
-9.981301104744488839e-06
-1.400076477390636323e-05
-1.702132423512618326e-05
-1.609420845246252801e-05
-1.445074462935735937e-05
-1.384448466978938086e-05
-1.357016086937316326e-05
-1.419779967667030537e-05
-1.527347270287767250e-05
-1.348697314066763833e-05
-1.226718344090234855e-05
-1.207837461455104308e-05
-1.316792588568205247e-05
-1.319356738349597435e-05
-1.301165881765579438e-05
-1.230048174723682128e-05
-1.195481218019267544e-05
-1.183634981316572521e-05
-1.149453081931521051e-05
-1.013758208046056097e-05
-9.851998773532008230e-06
-1.085155012484998774e-05
-1.059595729202555958e-05
-1.021248522192763630e-05
-9.126747158916259650e-06
-9.035099841033419538e-06
-8.525032190694522755e-06
-8.421774699248393476e-06
-8.553595762350596488e-06
-9.943387681232707109e-06
-9.806135343145191613e-06
-9.140826515855829753e-06
-8.538513990667221193e-06
-8.697702317779961917e-06
-6.693044819409503341e-06
-6.200195855399215361e-06
-5.630226326047704788e-06
-5.729186170810862677e-06
-5.570494408857484814e-06
-4.766355175434000557e-06
-6.171483979263332933e-06
-4.686616042211729130e-06
-5.706937031391134951e-06
-5.993744309762405464e-06
-6.071190720528345061e-06
-6.598277858908356372e-06
-5.774286307769216364e-06
-6.406757108834426617e-06
-6.250053843359637540e-06
-5.845811964870033059e-06
-8.092566001020410154e-06
-1.037127519036099879e-05
-1.064596513818590570e-05
-1.062022291383376246e-05
-1.063355379452938546e-05
-1.260398782202779880e-05
-1.392540089758161589e-05
-1.635435516315434862e-05
-1.561984792412355810e-05
-1.635464112344682880e-05
-1.541424247382868279e-05
-1.504103852312255185e-05
-1.590604256307415199e-05
-1.770258131728041917e-05
-1.582253147110653307e-05
-1.485563878607839247e-05
-1.329888478570258845e-05
-1.229438400211317098e-05
-1.214928052680382639e-05
-1.181454520822929585e-05
-1.157355571497949673e-05
-1.094567517156974645e-05
