-7.045794756533578607e+01
-6.863008288202821916e+01
-5.528365685015440079e+01
-6.285376124785849328e+01
-7.705419285490840764e+01
-8.132292248017066072e+01
-7.404279641597456418e+01
-7.030058764107582192e+01
-8.677381168630206787e+01
-7.614413273715955199e+01
-6.351459629490637582e+01
-6.154060727164029743e+01
-6.399226513159984364e+01
-6.687626333781302890e+01
-6.536080987822246868e+01
-7.054544466430067473e+01
-6.667583276945200055e+01
-7.662936373493528208e+01
-8.437806254855100008e+01
-7.538000271121286744e+01
-7.605852542593351018e+01
-5.948419991111448724e+01
-6.141682984016093627e+01
-6.215459860649890800e+01
-6.870822466872675705e+01
-6.266801383812004644e+01
-6.754072957380243736e+01
-6.611193777252343295e+01
-6.880552149548998386e+01
-7.559506942479508496e+01
-9.043948746553857632e+01
-9.049169805262202715e+01
-1.052005023835416466e+02
-8.525561450058818025e+01
-7.344336056055516337e+01
-6.902646579171329222e+01
-6.038293749373078612e+01
-5.708660222292923692e+01
-6.710617481874268719e+01
-7.089807532731485651e+01
-8.057056419574117001e+01
-7.618857726119617269e+01
-8.781566454637361119e+01
-7.194551134473678644e+01
-7.134201465076159820e+01
-7.956481863047659431e+01
-6.108299461556768506e+01
-6.279839082991868082e+01
-6.481535054342568003e+01
-6.493145649700772992e+01
-6.391082153189453408e+01
-6.149140662996327933e+01
-6.046680741349098298e+01
-7.444569979083097166e+01
-7.002057271493953294e+01
-8.059380385652869450e+01
-8.295221833653735644e+01
-8.043218233157753616e+01
-7.140729190740179888e+01
-7.147868101521825679e+01
-5.970192665110081265e+01
-8.160411776724264143e+01
-7.038450622662186618e+01
-7.015419346518319799e+01
-7.358695148117563178e+01
-6.615054108737463423e+01
-8.057114721362960097e+01
-1.155872848645921920e+02
-8.560835560168146685e+01
-8.303266161877910179e+01
-7.383263596591412181e+01
-7.059661836826317938e+01
-6.294308272854208752e+01
-6.748946435674750433e+01
-6.621041444665902986e+01
-8.246582329518174959e+01
-8.696161129142689106e+01
-7.587770366656374676e+01
-7.836450446361978095e+01
-7.490975558073699858e+01
-8.217035806172263790e+01
-7.245558022322899205e+01
-7.523804440945923488e+01
-6.972784346880776241e+01
-6.403950122019374191e+01
-6.220318357989466307e+01
-6.688242822655782049e+01
-7.803887212444024613e+01
-8.058641001870053344e+01
-8.790723310075104280e+01
-5.834685117160105960e+01
-7.403124941253858537e+01
-6.637242591977262407e+01
-7.573108756754660931e+01
-7.539307142140984297e+01
-7.125036450493216478e+01
-7.094826669548221787e+01
-6.312818036737799332e+01
-5.717851315614801422e+01
-6.000830848200035206e+01
-7.335841531292940942e+01
-8.456146587925401548e+01
-8.554503765531099191e+01
-6.813532976240882988e+01
-7.534339998807766392e+01
-7.006239037168246853e+01
-6.322836005860138187e+01
-6.190743272837912770e+01
-6.529896621309288207e+01
-7.010238162031770059e+01
-6.716374894633409554e+01
-6.894088051594638955e+01
-6.484311643874544018e+01
-7.548005986814708024e+01
-6.867318090268776132e+01
-7.967876592050701845e+01
-7.582883582805729361e+01
-7.577456917280072446e+01
-7.040314337378180198e+01
-6.408181072801113487e+01
-5.347388327811914621e+01
-6.094920454168504165e+01
-6.206560666762581491e+01
-6.417496862813210612e+01
-7.124728299285423816e+01
-6.050019491543038441e+01
-8.284732179272398866e+01
-7.955232531088624626e+01
-6.868784519644910347e+01
-7.132456137424054532e+01
-6.299423747292208731e+01
-5.729993395552110513e+01
-6.141282785620462903e+01
-5.744691034627837212e+01
-5.884174280873978091e+01
-6.496023876960349241e+01
-6.470399211215057278e+01
-7.555028324738597689e+01
-8.105807408901560507e+01
-7.894645231049483414e+01
-6.072594746226465645e+01
-6.097792297691160712e+01
-6.660943223651588596e+01
-7.145268570467480629e+01
-5.134316477386194322e+01
-6.445236885176819897e+01
-6.707841065876954190e+01
-6.139976507722422383e+01
-6.488312911858646714e+01
-6.919342879067004048e+01
-7.243129154908561418e+01
-6.775466537187406857e+01
-8.130788175931924400e+01
-6.669565298811805576e+01
-6.258133447165864993e+01
-5.277793753165835255e+01
-4.432368188782233176e+01
-4.831321828870116519e+01
-5.129375704893627841e+01
-6.963585609836280810e+01
-7.306487867706124462e+01
-7.694978129820954393e+01
-6.785581087168137060e+01
-6.529247889706438457e+01
-6.358247843773472141e+01
-6.253655093947879351e+01
-4.893266772218915861e+01
-6.099338100912166993e+01
-5.750749280477914027e+01
-5.913035084955495790e+01
-5.372190819596356448e+01
-5.564460107957607704e+01
-6.592046553430861877e+01
-6.930519570962566434e+01
-6.520642031436969432e+01
-6.207090581486526304e+01
-8.577344397222417172e+01
-7.323487691036129377e+01
-7.257628740601944628e+01
-5.689638202738094463e+01
-5.524404391544329940e+01
-4.969518925063514558e+01
-4.863935186348849271e+01
-5.697755263601765563e+01
-6.468200150753426669e+01
-6.082010566947907648e+01
-6.657572395534667464e+01
-8.302333981996896739e+01
-7.231113579149116788e+01
-6.103616757009053373e+01
-4.998906073656811344e+01
-5.533767159645813649e+01
-5.527836534785562606e+01
-6.730640229191327251e+01
-5.348155571043735534e+01
-5.769652795189774253e+01
-6.245661760024976417e+01
-7.107629808406186100e+01
-6.784560776165307061e+01
-6.859495612928914454e+01
-7.819800736367636773e+01
-7.734006627245723564e+01
-6.965740328110904045e+01
-6.430239703156560438e+01
-4.978455934806945038e+01
-4.843046721331483440e+01
-5.754089884744934835e+01
-7.019253450688638907e+01
-6.635909807942512373e+01
-7.756460314050137583e+01
-7.593152460103965495e+01
-7.194045090925997954e+01
-6.723694733858258132e+01
-7.411884833442461229e+01
-6.802783614609411700e+01
-5.884197163561783128e+01
-5.202314063401620103e+01
-5.750974908474952230e+01
-5.688079091980946345e+01
-6.000719280269429134e+01
-6.827883994723022454e+01
-7.886780490537738331e+01
-8.037916793920329894e+01
-6.931597153236187125e+01
-6.483254773995787446e+01
-5.311980904841590245e+01
-5.795158734213055851e+01
-5.550760085370385610e+01
-5.496886820354229286e+01
-5.092756604648531038e+01
-6.126927061458975032e+01
-6.093214540285901393e+01
-6.746291049299293263e+01
-7.164272998851508589e+01
-6.437958076220822079e+01
-6.232080900539368429e+01
-7.033133076350698332e+01
-7.464186451575589842e+01
-6.881488878976487911e+01
-6.559199976713725277e+01
-5.602569656185585245e+01
-5.181931317162075601e+01
-5.818300455622082978e+01
-6.236214020015683701e+01
-6.569562255134592021e+01
-6.334723547632849261e+01
-6.023976838773691611e+01
-7.284512405522146139e+01
-7.255206775519859264e+01
-7.475666579831361958e+01
-6.114363691391171329e+01
-5.891547273774170890e+01
-6.081215080147582341e+01
-5.210119901334176262e+01
-6.379509708191520190e+01
-6.468845384809559107e+01
-6.108725162034939160e+01
-7.423263307730317706e+01
-8.390062645187926194e+01
-7.580583276690038019e+01
-7.614668923105868714e+01
-6.595908679957723564e+01
-6.499163245598882099e+01
-6.529775489397779609e+01
-5.799011686921524955e+01
-6.798845559364748681e+01
-7.084501434627577510e+01
-5.659050705927276681e+01
-6.092142133501195644e+01
-6.635624266956401129e+01
-7.328348603101491676e+01
-7.238524698197501550e+01
-6.957303184515990324e+01
-7.197410273708260320e+01
-7.071595912226193548e+01
-5.946810743562054569e+01
-5.982809289969355149e+01
-5.668242553621578139e+01
-4.964729640075766781e+01
-5.713082878489065308e+01
-6.356271464739578647e+01
-6.647133283916112134e+01
-7.663571018201839991e+01
-7.734920132100224066e+01
-6.902854211058712508e+01
-6.355832561354708332e+01
-7.151328497225516401e+01
-6.047890450067079371e+01
-5.386618994874594790e+01
-5.976815958593147826e+01
-6.573647482067221404e+01
-6.978857544136971569e+01
-7.844794038731473051e+01
-7.683319994776489636e+01
-6.628371946597253839e+01
-6.785004784967817670e+01
-6.554000812490242822e+01
-6.243432544533344952e+01
-6.834835898849401303e+01
-5.736120036868837246e+01
-5.116809333553653971e+01
-5.211036252248644729e+01
-6.625154066474830472e+01
-6.681105090443121242e+01
-6.443016114751377188e+01
-6.838756507226523240e+01
-7.357535119460806072e+01
-7.375734898087806357e+01
-6.665278277184688704e+01
-7.395947272520587035e+01
-6.549030255479998175e+01
-5.669456688379872134e+01
-5.603068151894957083e+01
-5.669301419173717704e+01
-5.721551838080453933e+01
-6.092920679004812001e+01
-5.267890709746557576e+01
-7.573093227466853250e+01
-7.167544213691613209e+01
-8.371297907594693299e+01
-6.249669089133739419e+01
-6.666976498098600246e+01
-6.221242474553887547e+01
-5.715177467339205464e+01
-4.885828145312365933e+01
-5.108214450290846997e+01
-5.688716139516067472e+01
-6.355562092627659609e+01
-6.780626963897967130e+01
-6.554610331886908625e+01
-8.107974469200009082e+01
-8.191385938624706853e+01
-8.010717861462211431e+01
-7.137662396126877695e+01
-6.851943593184495285e+01
-6.776125390630585343e+01
-6.525738865391718946e+01
-6.075985651887810235e+01
-6.297884088334250663e+01
-6.854157935862302509e+01
-7.536413532119125591e+01
-8.046771567216345034e+01
-8.407449481817253911e+01
-7.723623385902166660e+01
-7.595780053189086800e+01
-7.339698230536627932e+01
-6.767100358292341866e+01
-5.710190922908139299e+01
-5.474287943766021414e+01
-5.615286601484572770e+01
-5.556781095623517075e+01
-6.533022171067058537e+01
-6.187172068895889510e+01
-5.803940871198405205e+01
-6.785011249105066611e+01
-7.290331224795997400e+01
-7.369821385072398812e+01
-7.057680493672454247e+01
-7.527136749496990831e+01
-7.195489521906566210e+01
-7.035697553405820770e+01
-5.962463978564593248e+01
-6.391804346372118317e+01
-5.684168018404102440e+01
-5.749891656196759726e+01
-7.019788427185937962e+01
-7.444678332307803714e+01
-8.122768009197226036e+01
-7.232704689194768832e+01
-6.333147162670721286e+01
-6.709353398199462504e+01
-6.456027549293851564e+01
-5.781858239095437568e+01
-6.652475895086863034e+01
-6.682015812659537346e+01
-7.399205868223675964e+01
-7.728292581479195178e+01
-7.659605002841037447e+01
-8.505024019928491441e+01
-9.288866311992877911e+01
-7.837786276105093464e+01
-7.671945243659388325e+01
-6.233855966489547740e+01
-7.080974177390420721e+01
-6.731943284588146525e+01
-7.231675613609719733e+01
-7.362729796909991364e+01
-7.106969019303751622e+01
-6.929801987814694542e+01
-7.579146614707600804e+01
-7.581545612869892636e+01
-8.566617688750970672e+01
-8.433761364889288359e+01
-7.131723033454561289e+01
-6.921460591028380804e+01
-6.235171087284642510e+01
-6.896226925232291194e+01
-6.763764639438366544e+01
-6.529581699729085642e+01
-6.394304304757571344e+01
-6.587653418193936261e+01
-7.123383434867668029e+01
-9.379290147667246913e+01
-8.025069540252547995e+01
-7.135453442990836948e+01
-7.554031673260826096e+01
-6.317374395295430389e+01
-5.905506412073630429e+01
-5.745019105312603358e+01
-5.382220910599607322e+01
-6.268210747705381891e+01
-6.043633643907398323e+01
-6.254321801663145663e+01
-6.470418467635596471e+01
-7.348179400204476508e+01
-7.265501380756789729e+01
-7.857399350991447307e+01
-8.304054361453570721e+01
-6.655918386564248124e+01
-6.626587241032743236e+01
-5.767340430739128720e+01
-6.393780028093937062e+01
-6.252539050037626112e+01
-6.544343542964726623e+01
-6.579082064863958124e+01
-7.346606871617818513e+01
-8.286826805745542401e+01
-6.922508477319776432e+01
-7.015581122571134642e+01
-7.260622607223629643e+01
-7.283126654236677666e+01
-6.670769368982395520e+01
-6.364426931772863583e+01
-5.746935385262226959e+01
-6.050004639423653430e+01
-6.332155949931902938e+01
-6.074244208946400647e+01
-7.373489684236508879e+01
-9.734152890659903790e+01
-6.811468511744040200e+01
-8.921010745041084533e+01
-7.581516235496651746e+01
-8.081306723202395403e+01
-6.191361050146472422e+01
-5.340332924716275897e+01
-5.510930770347839314e+01
-6.182861828102151946e+01
-7.610193383102392772e+01
-6.773962880654227092e+01
-7.305313677059523059e+01
-6.039171163228296990e+01
-6.688852621696344158e+01
-7.145977054685509700e+01
-7.134423630483583167e+01
-6.600029151939479277e+01
-5.677581411073943940e+01
-5.122043914305877621e+01
-5.027500669290959934e+01
-6.226357560757112708e+01
-6.247624599709332216e+01
-6.321947664880909912e+01
-6.792461096122637798e+01
-8.289207186544668104e+01
-9.558491469287693576e+01
-8.646304922318392983e+01
-8.788713734053912674e+01
-7.733655358251691325e+01
-6.296773708504985478e+01
-5.553005707238519051e+01
-6.246678568414854738e+01
-5.624118608192443958e+01
-6.640351173156190612e+01
-6.420760823537206363e+01
-6.241409719802027922e+01
-6.324299450071234929e+01
-6.901738723571050116e+01
-7.094474184953188001e+01
-8.439635202379488987e+01
-7.455070458273780787e+01
-6.556299607749342329e+01
-6.285152072425889713e+01
-6.343193194391465539e+01
-5.621489209856981262e+01
-5.557095107330584227e+01
-5.683243690276673732e+01
-6.138502865931189234e+01
-6.626560411484236113e+01
-7.955483522383391914e+01
-8.109488246282151636e+01
-7.645031511610805808e+01
-7.455553731305265330e+01
-7.020945626374202675e+01
-6.235727338860598223e+01
-6.155022662111413467e+01
-4.841110199526328017e+01
-5.602749347094351151e+01
-6.183591506404507498e+01
-5.855316144444879711e+01
-6.951886195931459156e+01
-8.824171329945230013e+01
-7.733701502969623220e+01
-6.158020670491880111e+01
-5.722797627756071392e+01
-5.525863015358533659e+01
-4.642616233061131936e+01
-4.307960611068500612e+01
-4.941500145535690791e+01
-6.230718341328486787e+01
-6.417255352147329006e+01
-7.010227837401532724e+01
-7.417282142146814294e+01
-6.985947011708107368e+01
-6.394203229129519883e+01
-6.940696568119534504e+01
-5.850322065091872048e+01
-5.825879247906195957e+01
-5.724951755347788662e+01
-5.358512288829757608e+01
-5.969293831068101497e+01
-5.692371362304329807e+01
-5.756440401162226550e+01
-6.725491519870377033e+01
-7.020953372574066975e+01
-6.327495140583344124e+01
-6.802496123504468528e+01
-6.524036450252425823e+01
-5.336920239997434834e+01
-4.425040224508890674e+01
-4.588252408454214049e+01
-5.702321380352807267e+01
-5.915385420185349119e+01
-7.513538784960496741e+01
-7.788366898333497090e+01
-6.678550560688947257e+01
-7.402987354249198404e+01
-8.481453060581820580e+01
-8.109639849505587961e+01
-6.504809516103163958e+01
-6.983541272576000836e+01
-7.006636742451786404e+01
-5.267286132715487668e+01
-5.543402274686908981e+01
-5.963152104927885233e+01
-6.201190278483605312e+01
-6.635991580099177156e+01
-6.252312147199462089e+01
-7.801849230419499293e+01
-7.218698592722255114e+01
-8.057579009136843240e+01
-6.843595350950032241e+01
-6.251848951074921956e+01
-6.015641116682071754e+01
-6.055187515725206993e+01
-6.026187668748415405e+01
-7.121369806124144475e+01
-5.955847701435345698e+01
-6.806365880226410070e+01
-8.428926192054366595e+01
-6.841355607030439501e+01
-7.337291839036733165e+01
-7.807638768375062455e+01
-7.337379907383390787e+01
-7.163036580146109600e+01
-5.485087287520301658e+01
-5.539219863465952898e+01
-5.877497668572723910e+01
-6.678391103608703361e+01
-6.960440196516073286e+01
-5.997650690343588309e+01
-6.122391672246921246e+01
-6.134139158895532518e+01
-7.383582533819907212e+01
-6.582432013232970291e+01
-5.776235005637580144e+01
-5.372420159792316241e+01
-6.319209061375769920e+01
-6.557035029013064786e+01
-6.191361552836239213e+01
-6.292949394821641107e+01
-5.902732378788158485e+01
-6.699177104181363518e+01
-6.277451938232332651e+01
-6.688857864579701129e+01
-6.801657638786819859e+01
-5.641542553635191837e+01
-6.442502009961718556e+01
-5.254440909855765085e+01
-4.696447654105316616e+01
-4.253940169050407150e+01
-5.168835081876769522e+01
-6.172468371430760925e+01
-7.203937919194746087e+01
-6.684661618219244872e+01
-6.574189643251192194e+01
-6.491218543785805650e+01
-7.991299975383579124e+01
-7.370132276193129428e+01
-6.758120510805288461e+01
-5.796542720422157657e+01
-4.817636274857812850e+01
