-7.886523968314999422e+01
-7.707669017810138712e+01
-6.686376584511059207e+01
-6.769018945492938144e+01
-8.728681110082965233e+01
-9.166746540379763530e+01
-1.007654113259475253e+02
-1.084806677940523656e+02
-1.166642035467912564e+02
-9.510164873129198781e+01
-8.215618052638197355e+01
-7.469405049653499873e+01
-6.468907487739197393e+01
-6.794659863122927845e+01
-7.402150723452903947e+01
-8.188625973016601733e+01
-8.761195998562229192e+01
-9.727744705255550173e+01
-8.622223305006360761e+01
-9.148724329546868717e+01
-8.226370342487075504e+01
-8.490651318526647628e+01
-7.621163495931801890e+01
-7.911956039133663410e+01
-6.565446973737817871e+01
-6.966585955347052561e+01
-6.689322657483195655e+01
-6.988019268998831990e+01
-8.208247083887469842e+01
-7.208382352483410216e+01
-8.074720542359207798e+01
-8.578004853899237503e+01
-7.919311045161302332e+01
-8.185960764263576550e+01
-8.508769295484644601e+01
-6.224277056821280496e+01
-6.306798583083718768e+01
-6.777794946727583181e+01
-7.928390290337289059e+01
-8.036860324758475826e+01
-9.880626662924110803e+01
-1.044686458503786781e+02
-8.790288155505919576e+01
-9.575446033453219741e+01
-1.076434413522767954e+02
-9.106504817193480505e+01
-7.439873847796498296e+01
-7.038078492163252520e+01
-6.364552460841652959e+01
-6.649965320672608016e+01
-7.506676001022178468e+01
-7.588846088877436102e+01
-9.271312992438753042e+01
-9.395241906231230189e+01
-8.892551441539620782e+01
-9.833897581625808471e+01
-9.141365504474353543e+01
-9.365810376454805919e+01
-8.775010540684824889e+01
-7.619082549453067088e+01
-7.040050768939352110e+01
-6.946248125046081157e+01
-7.047911136131524756e+01
-7.987201569926170919e+01
-8.950271716899960950e+01
-8.549384451527987494e+01
-8.326649062316525374e+01
-7.375322500901836520e+01
-8.224662380439264098e+01
-8.774093563046837119e+01
-7.909380590070882988e+01
-7.051385504968774853e+01
-6.731325705982381180e+01
-6.159323024685010495e+01
-6.504605625791644741e+01
-6.691942001123678097e+01
-7.961949109096431698e+01
-8.024074372918479980e+01
-8.593105694160777830e+01
-9.635031200956181863e+01
-8.572022628637530772e+01
-8.387098664494764932e+01
-7.815758724962353199e+01
-7.491589570585607305e+01
-6.854466247699383530e+01
-6.675693231156277818e+01
-6.151383898779066328e+01
-7.476394875741738133e+01
-6.993181709631733156e+01
-8.141112523606490470e+01
-9.005521578810342476e+01
-9.581900099582099983e+01
-9.927592101898507337e+01
-9.117537835229254028e+01
-8.507298698682259896e+01
-7.378478629144186129e+01
-5.530282969758464873e+01
-5.967062622217839873e+01
-6.545017306917655731e+01
-6.661683549241242019e+01
-8.195758971400255177e+01
-7.508855955749071143e+01
-9.059855476826572840e+01
-9.033378823232531829e+01
-7.635292416451262909e+01
-7.521032092169976124e+01
-7.799007225104030283e+01
-7.063779482482766525e+01
-6.326002249208223560e+01
-6.339372762741410838e+01
-6.827155006790125924e+01
-6.563684850265362059e+01
-8.944583103660380630e+01
-7.220882906690926006e+01
-7.874668508136998923e+01
-6.649794224819582666e+01
-6.158576792855721749e+01
-6.767978287222200606e+01
-6.816621861850472897e+01
-5.659201877852567009e+01
-5.387905337866467192e+01
-6.110192304083502535e+01
-5.454328839985801380e+01
-6.745572362036287473e+01
-7.176257479864287347e+01
-7.865199517919592154e+01
-6.816131084565462572e+01
-7.323464739947044677e+01
-8.654166774957755592e+01
-8.189099233434686198e+01
-7.328979405102825240e+01
-5.906121437129354490e+01
-6.343750967975652344e+01
-5.767907014899850537e+01
-6.798996974389156378e+01
-7.219522399668804269e+01
-7.130799771925491370e+01
-9.699309497999783503e+01
-9.893750161454055103e+01
-7.890509032201147477e+01
-7.851721549833909819e+01
-6.484303937731576184e+01
-6.704210213022052756e+01
-7.552853769543963836e+01
-6.101947663152220969e+01
-6.299982055849355334e+01
-7.501807952124046608e+01
-8.037313273102272149e+01
-7.391415751392665356e+01
-7.057021687151390665e+01
-7.718154729549598869e+01
-9.559758425974834495e+01
-8.648145590065395538e+01
-7.421829369203686610e+01
-6.299696364972722762e+01
-5.904077344010089234e+01
-6.347877275027256871e+01
-5.516638889610185004e+01
-6.105703888777613741e+01
-8.323896669774734391e+01
-9.178135228400313395e+01
-7.682885160345765030e+01
-9.066274028343906366e+01
-8.382197224658904133e+01
-8.202818132780181770e+01
-8.675219650442993213e+01
-6.605734978772872523e+01
-6.139903601492285645e+01
-6.143008128861121264e+01
-5.983149145432209792e+01
-7.129276249762531847e+01
-6.070679969511841279e+01
-7.364140167034184969e+01
-7.816411331566899889e+01
-7.080850572172900570e+01
-1.069665269647967847e+02
-9.163132701061201146e+01
-7.248932820441314107e+01
-7.151926840661215579e+01
-5.542769945866413650e+01
-5.339769844013631683e+01
-5.692186822699751758e+01
-5.538515713926132378e+01
-7.162428035262381343e+01
-6.904691832676184049e+01
-8.068678654876434564e+01
-8.670264259894666736e+01
-1.074530145822039913e+02
-9.221808200829934776e+01
-8.220880086070728510e+01
-8.562418226285601008e+01
-7.941273082414161877e+01
-7.196331537949734525e+01
-6.959851224950504900e+01
-7.310639719190764652e+01
-7.524351649302830936e+01
-7.796437731998884146e+01
-8.636816460518291194e+01
-9.105363262354883602e+01
-9.425582589248678289e+01
-8.942585864516310323e+01
-8.533172869586813647e+01
-6.563505696926885946e+01
-6.101056519148176704e+01
-6.310586387000590491e+01
-6.155829304185858319e+01
-6.159529124194813932e+01
-6.647130715033304682e+01
-7.227394788195481112e+01
-8.102840934988695665e+01
-1.019310507543694939e+02
-8.312200394052932495e+01
-7.328130604745581422e+01
-6.634931960623357838e+01
-6.961587415345826457e+01
-7.750978722006416888e+01
-6.818319298121849670e+01
-6.804072063778758661e+01
-6.723249284188389652e+01
-6.722372767487078704e+01
-8.572836101930165853e+01
-9.751330681828623881e+01
-9.057897765749788732e+01
-8.384968742476719683e+01
-7.803765983839619480e+01
-7.371037837231509116e+01
-6.572542527260159773e+01
-6.931423916760206794e+01
-7.164931356089019232e+01
-6.732781733212738118e+01
-7.253257070243637372e+01
-6.777188519081008167e+01
-7.241531712418544942e+01
-8.174215025881976260e+01
-7.523365339996281875e+01
-7.423739653503852765e+01
-6.775392217090345071e+01
-6.565704815489402790e+01
-7.041584019922356674e+01
-6.899183806292199961e+01
-7.910717404414076270e+01
-6.936679645980159137e+01
-6.102304995108590902e+01
-8.072409297373771153e+01
-7.972289017972767056e+01
-7.218676966534606265e+01
-8.303850747977590174e+01
-6.536319945813428944e+01
-6.639323176256445436e+01
-6.694657154434293034e+01
-6.443672967566871534e+01
-5.504853120635772257e+01
-5.148781004749983481e+01
-4.306254641609895373e+01
-5.155743978470018618e+01
-6.642475542109730213e+01
-8.090314924695194065e+01
-8.255628947113621052e+01
-8.155638456477019815e+01
-7.145436975665202795e+01
-7.203274778256741229e+01
-6.731099084873804372e+01
-5.894430401414697940e+01
-6.304674036246955637e+01
-5.244736880881756491e+01
-6.336043457332181816e+01
-7.247659502874684279e+01
-6.582367777626326699e+01
-7.636838979946392669e+01
-7.336005019160569418e+01
-8.052160938926822098e+01
-7.612101133441784384e+01
-7.343366300073752484e+01
-6.126411628764093109e+01
-5.440551798441421738e+01
-5.458680438827156678e+01
-5.712877047087727789e+01
-6.406119572711891408e+01
-5.951892408691990255e+01
-6.174495302993998536e+01
-6.875698168175506453e+01
-6.466403661950823789e+01
-6.060173487731525199e+01
-6.619553818286586022e+01
-6.672125768008565672e+01
-6.577190907751774773e+01
-7.023417012332355114e+01
-6.377177680162352402e+01
-5.483106449071568278e+01
-5.313447700594161205e+01
-5.496132759002769319e+01
-6.865975087153996981e+01
-7.116787679003716960e+01
-8.929367090440381105e+01
-7.168464928691211924e+01
-6.584208473557740149e+01
-6.493775680684399276e+01
-5.915214955946266429e+01
-6.069652844666579483e+01
-5.430661334916353411e+01
-5.295340761973792354e+01
-5.164468750809461284e+01
-5.635824284010720220e+01
-5.676791448259514539e+01
-5.670259781494882390e+01
-6.607068779817711857e+01
-7.597221765482142075e+01
-7.050213530684084162e+01
-6.731573626849767322e+01
-6.113716987009895831e+01
-5.157739649907490787e+01
-5.003741373158874950e+01
-5.824955196432212290e+01
-6.241804999164783396e+01
-6.030838197760596131e+01
-5.983070430912914617e+01
-6.040710551853182864e+01
-6.746661117277932362e+01
-7.963647043918282975e+01
-7.045742976144471470e+01
-6.349805098753547838e+01
-6.128197719769694629e+01
-5.333954000341539370e+01
-4.689072974630339985e+01
-4.566144720034709792e+01
-5.253960067650000809e+01
-5.729249560865294910e+01
-5.308615323846644429e+01
-6.171895974912059302e+01
-7.244946907191979335e+01
-7.644046628963955925e+01
-9.311158754782557878e+01
-7.699430425227384944e+01
-6.200287456000771869e+01
-5.511768549365881142e+01
-5.770739184018239598e+01
-6.803404285143274421e+01
-6.862842359816887949e+01
-6.654520494436967226e+01
-6.422486976763056532e+01
-6.590549764349339057e+01
-6.658481641672491946e+01
-6.582507451635116524e+01
-6.749471040279624390e+01
-7.291057542502960587e+01
-6.939466839894575401e+01
-6.902001596155440666e+01
-6.148158222677497520e+01
-5.958367231634491645e+01
-5.900227587034314780e+01
-6.271628591862388191e+01
-7.790293471901905775e+01
-8.067182940307438344e+01
-8.021115780227673042e+01
-8.403804236323333043e+01
-7.598768386811357800e+01
-6.184160581341517116e+01
-7.585271855076872782e+01
-6.355457172517240139e+01
-5.515358944370768057e+01
