-5.733207884451980618e+01
-4.975154190777826102e+01
-5.350044941847741597e+01
-6.279231146701773980e+01
-6.093858739237591493e+01
-6.875453113104009617e+01
-7.014220058637393151e+01
-6.229553477632704528e+01
-5.294431961707305589e+01
-5.433873513679925082e+01
-6.748013105092763908e+01
-5.722563031895106889e+01
-5.757853344497686976e+01
-4.934353017687595155e+01
-5.012915051682563217e+01
-5.647281560666003486e+01
-5.004931153966753499e+01
-5.324478480614114062e+01
-6.354988525018227108e+01
-6.060019144319179674e+01
-6.339020429210317076e+01
-6.496809281249494461e+01
-7.018645881821376520e+01
-5.631589349112951481e+01
-4.989805539775814225e+01
-4.930875259335592631e+01
-5.436961468477457515e+01
-5.878372636022210429e+01
-6.669788178460359518e+01
-6.545138245985206993e+01
-5.373012649091598547e+01
-5.559195447134143109e+01
-5.678829711858998053e+01
-5.132496568648147672e+01
-5.544352815190726602e+01
-5.550702681243035386e+01
-4.225463271405898524e+01
-3.943673908703392783e+01
-4.749851858527760129e+01
-5.320975375702660415e+01
-5.269447442073064991e+01
-5.911862084946048412e+01
-5.367099224376440247e+01
-6.532009326174937769e+01
-5.424854327360406359e+01
-6.651881852589249888e+01
-5.744721766112173356e+01
-4.310060420459353736e+01
-4.629906545955443420e+01
-5.922052593110193186e+01
-5.963915727012389567e+01
-5.593097390932744872e+01
-5.527683906338585729e+01
-6.078711497162583299e+01
-6.165257889697051041e+01
-6.871970516866001333e+01
-5.587773249418595611e+01
-5.494938705729151707e+01
-6.139529080011939755e+01
-4.760468432941784300e+01
-4.838326787316709243e+01
-4.588653862275748452e+01
-4.981332948187342424e+01
-4.863683307308459547e+01
-5.995419602779171697e+01
-6.236829964216828159e+01
-6.200451800657856438e+01
-6.367389411883534223e+01
-5.693963546984410584e+01
-5.512366854399132876e+01
-5.336518466014099005e+01
-5.186309292483997524e+01
-4.360538724575223313e+01
-4.995796857666072555e+01
-4.753068700740957553e+01
-5.167622183722570384e+01
-5.532940203289328451e+01
-6.287167551543036126e+01
-5.829071705792726732e+01
-5.729493757050639147e+01
-7.070442231499046670e+01
-6.743718154557298305e+01
-6.304454058340638767e+01
-6.889921160955137225e+01
-5.897863206573795480e+01
-4.595183978460499929e+01
-4.437426703070568834e+01
-5.886276172255008987e+01
-7.081786196755767548e+01
-7.480181773597607275e+01
-6.851894319486012819e+01
-5.257761721355697659e+01
-6.264203644893595424e+01
-5.559908081802814905e+01
-5.867414089966207769e+01
-5.900602847962680642e+01
-5.430503012274176200e+01
-6.294320193424989185e+01
-5.939658952571010531e+01
-6.367739379834611668e+01
-7.492455094588100906e+01
-7.334042453802871364e+01
-7.840443032363423015e+01
-7.569421246653946866e+01
-5.882861057992469966e+01
-5.853936514508347244e+01
-5.342145452242951364e+01
-5.725780608447456643e+01
-5.769000851546428521e+01
-5.781938235468894050e+01
-6.144239040659536499e+01
-6.237875486221109611e+01
-6.781247641396211634e+01
-7.103295952800381485e+01
-6.202953096028960545e+01
-7.636456115230352282e+01
-7.105789116332100264e+01
-7.110584413808703630e+01
-6.977616137335884616e+01
-5.365240930797553176e+01
-4.947995639487456998e+01
-5.065855699990422778e+01
-4.986343226047065968e+01
-6.527094667465826205e+01
-6.386799528611217625e+01
-6.605938040952487711e+01
-7.148349749189375757e+01
-6.925997981198263176e+01
-6.577980368917697263e+01
-7.383892865979787246e+01
-6.457555687046753690e+01
-6.178597533411753062e+01
-5.249254068816816954e+01
-5.922089305249130575e+01
-6.785543551347291213e+01
-6.115579717442888352e+01
-5.926104540323127168e+01
-6.067080118499326602e+01
-6.585976874330330588e+01
-8.232646089752566354e+01
-7.673100846885836290e+01
-6.410959896433031702e+01
-6.537470295659225883e+01
-5.329208235778552449e+01
-6.286259846238437632e+01
-6.555672176486164915e+01
-6.207490231758001187e+01
-6.904730138742088741e+01
-7.622581525347823117e+01
-7.668119474196522845e+01
-8.564211742840362263e+01
-8.069060113387966737e+01
-7.606131445275956082e+01
-7.669039965744875076e+01
-6.631031435088520709e+01
-6.120875820380662446e+01
-5.304091351083050654e+01
-5.537973546116304391e+01
-5.627862601976936929e+01
-7.530149818426936292e+01
-6.440763329311060659e+01
-7.462518228573358670e+01
-7.695530208596821353e+01
-7.814338205133425674e+01
-8.594899074895840840e+01
-7.227753896379888943e+01
-6.153256046799295831e+01
-6.435772173945153440e+01
-6.245197192015955068e+01
-5.939345937897687833e+01
-7.153469536519411065e+01
-7.656695108416205642e+01
-6.777267483033466533e+01
-8.025294711775120504e+01
-9.149584595332426318e+01
-9.593952465025560628e+01
-8.226773279208910594e+01
-7.673903305228131444e+01
-8.218751615052175907e+01
-6.658540505044221902e+01
-5.974324585751772076e+01
-7.272094686163885058e+01
-6.961273816402912473e+01
-6.394092570303970291e+01
-7.163233329197549892e+01
-7.938953980374718356e+01
-6.642510985030743598e+01
-7.068929194619005330e+01
-7.607297944376129806e+01
-6.480326761692273863e+01
-6.506193747434788577e+01
-5.980916186919416333e+01
-5.388580671227789054e+01
-5.607685468056062206e+01
-6.219030877717456463e+01
-7.012063572919559817e+01
-7.406442112260576494e+01
-8.256538135881352503e+01
-7.498866835314858292e+01
-8.726455874073494101e+01
-8.082858695240530267e+01
-8.573549009484278827e+01
-7.022455768255170483e+01
-5.737461455652230313e+01
-6.297368380873799509e+01
-5.367213143668858066e+01
-5.204007032096013319e+01
-6.117676044209891728e+01
-6.052103102949357094e+01
-7.364536191637378693e+01
-6.317372686258834591e+01
-7.336320892048912867e+01
-6.774037689109432847e+01
-6.058166278238386582e+01
-5.648142750432388226e+01
-5.592274389003002710e+01
-5.786235287886166390e+01
-5.581517415074002741e+01
-4.841390187697470537e+01
-4.619984030705822420e+01
-4.897979747477883450e+01
-5.925970605716413075e+01
-5.665290214962949022e+01
-5.947332490127188720e+01
-7.098319326650927508e+01
-5.882749215043099156e+01
-6.887103119617634661e+01
-6.506604117619274064e+01
-5.593801566477878140e+01
-5.841504796576702319e+01
-6.960028877498632482e+01
-7.017383540127211461e+01
-6.505764522208586698e+01
-6.377271670495367317e+01
-6.111340898929464771e+01
-6.644027156324183636e+01
-7.167559267208311269e+01
-6.131507046198677813e+01
-6.285206978697463853e+01
-6.156373433278067608e+01
-6.252326164899188399e+01
-5.560427439431801844e+01
-5.640175625825507666e+01
-6.143010263688257311e+01
-6.087924047740268918e+01
-6.509158925015393038e+01
-7.296463018213962926e+01
-7.221963170230972651e+01
-6.135240488948047499e+01
-6.686936237542903427e+01
-6.708710949274689028e+01
-5.475913479052519506e+01
-5.491186025513009383e+01
-5.338672974631041512e+01
-4.725855331720271835e+01
-5.432457445028746434e+01
-5.691034979298895280e+01
-6.806351249297229344e+01
-7.113670304315495230e+01
-6.892559640827346357e+01
-6.764431216416596726e+01
-5.341608594467571436e+01
-6.402275659425838228e+01
-4.882586596832281600e+01
-4.277724743909352867e+01
-4.289982454077169649e+01
-5.475448410636609964e+01
-5.607892103259164429e+01
-5.142852917913516819e+01
-5.104951992729728261e+01
-5.294054526944267991e+01
-6.067885147951638913e+01
-5.710385955860185447e+01
-4.847662064945456706e+01
-5.900509072908574382e+01
-4.400507927182899692e+01
-4.745287556304186438e+01
-5.208159289327271324e+01
-6.039970237286716781e+01
-6.224750419801593182e+01
-5.896228770207494563e+01
-6.698652606148536393e+01
-8.813063519644576616e+01
-7.739610171536547512e+01
-7.828415495169520000e+01
-5.257073273883104036e+01
-5.842563600055873252e+01
-4.798508336853702616e+01
-5.010167166325577881e+01
-4.799954759192299747e+01
-5.666627175812936912e+01
-6.477115037084911364e+01
-6.210887514407211540e+01
-6.878241166231548220e+01
-7.677006088880276025e+01
-7.983475584802883418e+01
-6.895789734585440556e+01
-6.811466205268425256e+01
-6.034874999636714676e+01
-6.938556447965473239e+01
-6.692835561963802604e+01
-6.174835425503599851e+01
-5.982234515378487316e+01
-6.886429856527470861e+01
-5.894530641339948573e+01
-6.748981610988121815e+01
-6.673090952757644345e+01
-6.810035964087343530e+01
-8.683690178951704297e+01
-7.137989725144142028e+01
-5.717208155318451190e+01
-5.328659409364664867e+01
-5.735004570448869288e+01
-4.808721674853944705e+01
-4.837880786043791659e+01
-7.587134462046175543e+01
-5.740934614793908253e+01
-6.086310785571149751e+01
-7.688157631278758686e+01
-6.656798946488559920e+01
-7.785412292663136213e+01
-6.643635124214932830e+01
-5.441087609727708241e+01
-4.784020060958397380e+01
-4.886280093942163205e+01
-5.030145940336048938e+01
-5.785197335254093076e+01
-6.192430854271326979e+01
-7.243724435029724873e+01
-7.017865016168084935e+01
-6.745383066152548679e+01
-6.852376756730464535e+01
-6.137094753308797124e+01
-4.871914665346091766e+01
-5.480207808255958213e+01
-5.281184256318190506e+01
-4.980885154058963593e+01
-5.273517019398921946e+01
-5.138798075797578235e+01
-6.097365092741781467e+01
-5.566958198094087606e+01
-5.532155351362313667e+01
-6.848900338740169502e+01
-6.187969017973312447e+01
-6.257617752271133327e+01
-6.099884938377373800e+01
-5.141464513596927333e+01
-6.169043331003117459e+01
-5.453979167781633919e+01
-5.289918134785509096e+01
-5.232255802035152925e+01
-4.542199377886044687e+01
-4.842054722546538414e+01
-6.476604251921075672e+01
-7.264234531236236592e+01
-7.305844281682068697e+01
-5.666289790056368503e+01
-6.242856851437938559e+01
-5.759904975122848469e+01
-4.487845921798579951e+01
-4.707064311041425242e+01
-4.320836094279599138e+01
-5.110743200783510787e+01
-5.283194154924201769e+01
-6.400259397740155975e+01
-7.527675677995955539e+01
-6.330574923844415025e+01
-5.825758376586136222e+01
-6.396945533014854846e+01
-6.181075473677885412e+01
-4.929030449737970798e+01
-4.592961061184334426e+01
-4.719265240949290785e+01
-5.589009214265831105e+01
-5.922912727467803506e+01
-6.583581122516190476e+01
-5.979977465333970343e+01
-6.447261122616581019e+01
-6.753127085797223117e+01
-7.680424437659817727e+01
-7.234795933771219723e+01
-6.614957653825231887e+01
-6.084098298462087229e+01
-5.133040559880817000e+01
-4.648823196760940846e+01
-5.863988148462642869e+01
-6.560985413987701520e+01
-5.245468672032165358e+01
-6.305840253220758029e+01
-7.083963215396369151e+01
-7.019331506447888103e+01
-6.788070563631811183e+01
-6.599126311219018248e+01
-5.982539025425901968e+01
-5.876804573823535094e+01
-5.763505295731556544e+01
-5.475814289809757440e+01
-5.817049209291979395e+01
-6.735173905576799314e+01
-6.231607472308409257e+01
-6.636396079709115270e+01
-6.799701408243024048e+01
-8.422897145364886740e+01
-7.203942733909291007e+01
-6.126430951418162607e+01
-6.088367496860050920e+01
-6.384995887197148789e+01
-5.161605088820457610e+01
-5.676783419867000191e+01
-5.296028741288331076e+01
-6.184442201691435059e+01
-6.649989152083252009e+01
-8.944738303966927617e+01
-7.073128710974332023e+01
-8.316576926529241121e+01
-7.689198314925971545e+01
-6.744280378672929999e+01
-5.649354617678307733e+01
-5.321294928328573803e+01
-5.638620251381576054e+01
-6.105644819201576468e+01
-4.970366381173175796e+01
-5.151851248013144868e+01
-6.092864958297769817e+01
-7.079954352947463292e+01
-8.045609832745071799e+01
-7.894116502450913231e+01
-1.046181658038923104e+02
-9.268606688134086369e+01
-7.199657973030173252e+01
-6.702606240518483105e+01
-6.369913464835712347e+01
-5.265221560565364456e+01
-4.707239551552790147e+01
-5.584672275454711610e+01
-5.611690416663110170e+01
-7.635884972015732330e+01
-7.021450932107948972e+01
-6.559944246591267358e+01
-6.807810444789178916e+01
-7.819823299089509305e+01
-8.225346663098626721e+01
-7.039215087035131546e+01
-6.664384156593497721e+01
-5.071367668575203425e+01
-5.388627287638139762e+01
-5.771385629168030817e+01
-6.098605566674530820e+01
-6.185056560718894048e+01
-8.411249206516819754e+01
-8.685016442712012008e+01
-8.005752106914401622e+01
-7.986303331323135524e+01
-7.038921528596966937e+01
-6.036935414927567223e+01
-6.244060285450717629e+01
-6.818995382335681654e+01
-7.526266260335999903e+01
-6.292981148358517629e+01
-6.157560797261142937e+01
-7.135945174609589969e+01
-7.437664163301197107e+01
-8.888675183805966640e+01
-8.950186444548928932e+01
-8.031551696629250614e+01
-7.697807573845172158e+01
-7.844775707287409716e+01
-6.187749929507953084e+01
-5.612611704711508764e+01
-6.516395045460558322e+01
-7.007993103876648888e+01
-7.306881835554224836e+01
-6.106478070187360174e+01
-7.182006601892888398e+01
-7.210991505498635945e+01
-8.096801036316043110e+01
-1.047119386596835824e+02
-9.245726930948663380e+01
-7.586567047453361567e+01
-6.589713263630508777e+01
-6.595709739757838008e+01
-7.282019473821067379e+01
-6.710611646438262312e+01
-6.772892970849716221e+01
-7.060211598755073226e+01
-7.970024023593116169e+01
-8.484284967653410092e+01
-8.835494618717396520e+01
-9.381145262019133213e+01
-9.670424533349064689e+01
-8.292963439584391949e+01
-6.111704566240358361e+01
-6.323886425826466962e+01
-6.626624621754405098e+01
-6.985329289096164018e+01
-7.782257163016616630e+01
-7.069235561862164730e+01
-7.551870455707359042e+01
-7.916692785748503525e+01
-8.371079152906652610e+01
-7.959254022666942774e+01
-6.472141156455280964e+01
-6.994091946144321525e+01
-6.372188309448474541e+01
-5.666003004104128138e+01
-6.694227069250469242e+01
-7.001985042026055339e+01
-7.016900675734507331e+01
-6.604092963548600892e+01
-6.218334049654006890e+01
-8.438837934932485041e+01
-8.242274422428229741e+01
-7.976947172572546663e+01
-7.606048271967762275e+01
-7.422500987517226179e+01
-6.570299268788117786e+01
-6.175606414338636085e+01
-5.803994466687093734e+01
-6.533997939615497330e+01
-6.770660830762535909e+01
-7.486659463578301654e+01
-8.285338765307450615e+01
-9.455107962723576520e+01
-8.602627860512792779e+01
-8.951144343722256735e+01
-7.175842031260231124e+01
-6.849832034278873039e+01
-6.166235493539731749e+01
-5.647273554250296712e+01
-6.847197650401039937e+01
-6.667005307927560409e+01
-6.845622505704152161e+01
-6.587016157222639379e+01
-7.255740273084759906e+01
-8.227338278128218008e+01
-8.892116627150171837e+01
-8.382099179278803547e+01
-7.115120002243619979e+01
-7.207501768604755910e+01
-6.207915487970706891e+01
-6.210151781647989111e+01
-6.208266660429724482e+01
-5.527413845620744581e+01
-6.708561783184562444e+01
-7.571377967608087545e+01
-7.790450340065491730e+01
-8.645897164705714033e+01
-8.086623311894831545e+01
-7.998834513248789335e+01
-7.194211055461630622e+01
-6.264726553186208236e+01
-6.334233586931061666e+01
-5.790615913530270120e+01
-5.307072810226911486e+01
-5.220032632475918177e+01
-6.890327812102130167e+01
-6.275983059755898807e+01
-6.364729593233386851e+01
-7.394459786986608663e+01
-8.668298612991338814e+01
-9.030196646124554150e+01
-7.965757055069475712e+01
-6.239487336638379134e+01
-5.453215083402237440e+01
-5.543280939530527718e+01
-7.020800818300682522e+01
-7.244588926634249049e+01
-7.863447309223722925e+01
-7.000249298759145233e+01
-6.582956259016299327e+01
-8.287556379647278959e+01
-9.258714080682820224e+01
-8.967841297347355578e+01
-9.395594457399504051e+01
-6.898340263320332610e+01
-5.654455049299794211e+01
-5.001591807572877713e+01
-5.177443360847163234e+01
-5.769747418591940402e+01
-6.068083204035870182e+01
-6.890250936972769580e+01
-6.177455560851025496e+01
-6.657426710795378710e+01
-7.142869894333061609e+01
-6.924924295217120118e+01
-7.393514763985353966e+01
-7.072539684805906290e+01
-5.744966829013872456e+01
-6.016424363233921468e+01
-6.635484070207395746e+01
-6.501993790409278517e+01
-7.031912972373521598e+01
-6.228248582331761440e+01
-7.267779229119213369e+01
-7.678529154315607741e+01
-7.776412256629359376e+01
-6.520884458011603613e+01
-6.792402922169974033e+01
-6.828148570144682594e+01
-6.892192113525462105e+01
-5.834329523189300204e+01
-6.714992709214544675e+01
-7.387530611119146329e+01
-6.605377506155299727e+01
-6.035983447834163940e+01
-6.616263588237201532e+01
-6.716315187190117797e+01
-6.594458929063014807e+01
-6.048257250860113032e+01
-5.093288915733680255e+01
-6.663601027618354067e+01
-6.486298783710276439e+01
-6.712117732022295513e+01
-4.814366992410682400e+01
-5.192923252242946575e+01
-5.375237683354842488e+01
-6.776982311557624428e+01
-7.398289364491104436e+01
-6.826183240021359211e+01
-7.938854881279560516e+01
-7.573108793688588491e+01
-6.408028904202318188e+01
-5.925438047526174756e+01
-5.378140956610656076e+01
-5.919882696742239858e+01
-6.709890975756282216e+01
-6.740140908753240012e+01
-5.499498742850464339e+01
-6.954837803480882030e+01
-8.315255678657030103e+01
-9.678131907451033555e+01
-8.143594898266863424e+01
-7.242228694409551792e+01
-6.320532049719536616e+01
-7.251205569016607910e+01
-6.417006277055126873e+01
-5.036475838874356725e+01
-4.983854810091546739e+01
-5.385173163791998974e+01
-6.482529181499441506e+01
-6.259352098288150046e+01
-6.159750241036875451e+01
-7.639598273726731748e+01
-7.519284014063501331e+01
-7.112889556566426563e+01
-6.977573545915704756e+01
-6.447560944701308472e+01
-5.698194980364577589e+01
-5.294091560587745704e+01
-5.483621599352157006e+01
-6.253552950893662654e+01
-5.311389907258040921e+01
-6.501676475256445542e+01
-7.651864789306867465e+01
-7.909803402974098674e+01
-7.716108160278916728e+01
-6.764346211915803053e+01
-5.983432978824198045e+01
-6.092760416347682195e+01
-5.580995827444379387e+01
-4.954536333331492415e+01
-5.524365168224402112e+01
-6.503083812565132860e+01
-5.736258196018388844e+01
-6.434550541510306232e+01
-6.847530723774170269e+01
-7.156326414186376894e+01
-7.139052225922465311e+01
-7.683821076434961128e+01
-6.307340558183985735e+01
-5.825593022712556746e+01
-5.350569406375282711e+01
-5.380322136759954788e+01
-5.759689654090001198e+01
-6.754086136138562324e+01
-6.231085180887769326e+01
-5.903682372354486318e+01
-7.711314868196016903e+01
-7.710853078828043294e+01
-6.778914985742916599e+01
-6.110848719043648458e+01
-6.402242201366475172e+01
-5.740017447809423601e+01
-5.880193913316666965e+01
-5.813555038353874949e+01
-5.284093034426692270e+01
-5.239750850628683310e+01
-6.324900361548203875e+01
-5.808150615189765631e+01
-6.521348901404100218e+01
-7.921368693773305836e+01
-8.643676423175442380e+01
-8.389420573261452319e+01
-7.282499214202189819e+01
-6.585880405918494773e+01
-5.576895772066074386e+01
-5.249412122044819284e+01
-5.880213669045486569e+01
-7.074791754070373884e+01
-6.844620038644849558e+01
-6.994313245060145334e+01
-9.098933415297484828e+01
-9.738872168625530890e+01
-9.686459887800931767e+01
-8.349227353986958633e+01
-8.020639723761796347e+01
-7.413747695517257341e+01
-6.752772619642018981e+01
-5.852314983401686277e+01
-6.345160416281341043e+01
-8.816118172743969694e+01
-7.496950652024447947e+01
-6.699449877489233529e+01
-8.832322248403072251e+01
-7.964394108049469878e+01
-7.580702059654566938e+01
-8.011378736056154537e+01
-6.917973437417599314e+01
-6.664537114353800007e+01
-6.171112781687009630e+01
-5.751210017171025157e+01
-5.562604375049869532e+01
-6.268391323936674553e+01
-6.884807166344768348e+01
-7.452791911359518906e+01
-6.964035624455814855e+01
-8.811367638588149021e+01
-7.769734415986285114e+01
-6.765176322241818241e+01
-7.514630321122868395e+01
-7.751538078555169875e+01
-6.882712831785826779e+01
-6.817811662200809053e+01
-7.543593629971475423e+01
-7.387738942198815550e+01
-7.686341297137451534e+01
-8.629147906135804647e+01
-9.055763581472760393e+01
-8.605214105847615258e+01
-8.781430311844181347e+01
-9.273891233370021325e+01
-7.264202638851290317e+01
-8.224921173516706574e+01
-7.835680622183865296e+01
-6.962446420205235142e+01
-6.730021124488234818e+01
-7.225975902112975291e+01
-8.752568436805125884e+01
-7.576980122098389359e+01
-9.138240527018093928e+01
-9.274075526968681515e+01
-9.047166872069955446e+01
-9.634602527935248872e+01
-9.100697875283623262e+01
-9.935039242713713747e+01
-8.013452833033930744e+01
-7.185047323997163460e+01
-6.819412819229592060e+01
-7.939718837938541185e+01
-8.943064354573088792e+01
-9.190581849284554039e+01
-9.557746066600036272e+01
-9.507706448572838553e+01
-8.266297922445225765e+01
-8.211964042382219020e+01
-7.002226045505717877e+01
-7.830221953125830225e+01
-6.956393963825667015e+01
-6.218210082257819238e+01
-6.507877509413600592e+01
-6.805294197223302888e+01
-7.587403198168473750e+01
-8.876405841445159695e+01
-7.183780257777976885e+01
-7.933254656289744844e+01
-6.813515901505351735e+01
-7.650979935913800034e+01
-8.059728449198198064e+01
-7.591681624529951478e+01
-6.585910048051631804e+01
-5.863351997685372652e+01
-7.548824823275721485e+01
-7.225340677437016268e+01
-7.081765991023880247e+01
-7.350918327062359481e+01
-7.417290175932106422e+01
-7.445141366501454172e+01
-7.764357131908282383e+01
-7.714981811516022958e+01
-7.152574769723483428e+01
-6.893935307543733870e+01
-6.446681607018375360e+01
-6.205368380278626006e+01
-6.144600229065961372e+01
-6.106558861440554153e+01
-7.322279502098056980e+01
-7.336671932796859608e+01
-7.817910892659267574e+01
-8.119241531556862412e+01
-7.971682490674596977e+01
-7.896661099088561286e+01
-7.839116236989842434e+01
-6.699924559696101767e+01
-6.565685835709814455e+01
-6.010086292316242407e+01
-7.137760134449028726e+01
-7.824703164604589745e+01
-7.490583776689743445e+01
-8.421148543537708520e+01
-8.500962487900018516e+01
-8.766800238390669620e+01
-7.933414409406101697e+01
-8.396376662906970978e+01
-9.071513985655880674e+01
-8.709748029550242165e+01
-7.543505970675245464e+01
-7.209607435478424975e+01
-6.756110051215148360e+01
-7.003244030214361260e+01
-7.063279044145070884e+01
-7.410785201850465853e+01
-8.466371636100105036e+01
-1.050485475960202280e+02
-1.000174174203385746e+02
-9.062450160709768454e+01
-8.522148088575328018e+01
-8.413153191568041223e+01
-7.820694521039135338e+01
-7.454079883969265552e+01
-7.722431398398954627e+01
-7.313137886189949199e+01
-8.003776069506930924e+01
-8.175284285150193853e+01
-9.027172697040688831e+01
-1.050447304947866769e+02
-8.754352333271194198e+01
-9.393397054624396958e+01
-8.731791509925723460e+01
-8.278034361308539246e+01
-6.945046896291094640e+01
-7.886523968314999422e+01
-7.707669017810138712e+01
-6.686376584511059207e+01
-6.769018945492938144e+01
-8.728681110082965233e+01
-9.166746540379763530e+01
-1.007654113259475253e+02
-1.084806677940523656e+02
-1.166642035467912564e+02
-9.510164873129198781e+01
-8.215618052638197355e+01
-7.469405049653499873e+01
-6.468907487739197393e+01
-6.794659863122927845e+01
-7.402150723452903947e+01
-8.188625973016601733e+01
-8.761195998562229192e+01
-9.727744705255550173e+01
-8.622223305006360761e+01
-9.148724329546868717e+01
-8.226370342487075504e+01
-8.490651318526647628e+01
-7.621163495931801890e+01
-7.911956039133663410e+01
-6.565446973737817871e+01
-6.966585955347052561e+01
-6.689322657483195655e+01
-6.988019268998831990e+01
-8.208247083887469842e+01
-7.208382352483410216e+01
-8.074720542359207798e+01
-8.578004853899237503e+01
-7.919311045161302332e+01
-8.185960764263576550e+01
-8.508769295484644601e+01
-6.224277056821280496e+01
-6.306798583083718768e+01
-6.777794946727583181e+01
-7.928390290337289059e+01
-8.036860324758475826e+01
-9.880626662924110803e+01
-1.044686458503786781e+02
-8.790288155505919576e+01
-9.575446033453219741e+01
-1.076434413522767954e+02
-9.106504817193480505e+01
-7.439873847796498296e+01
-7.038078492163252520e+01
-6.364552460841652959e+01
-6.649965320672608016e+01
-7.506676001022178468e+01
-7.588846088877436102e+01
-9.271312992438753042e+01
-9.395241906231230189e+01
0.000000000000000000e+00
0.000000000000000000e+00
0.000000000000000000e+00
0.000000000000000000e+00
0.000000000000000000e+00
0.000000000000000000e+00
0.000000000000000000e+00
0.000000000000000000e+00
0.000000000000000000e+00
0.000000000000000000e+00
0.000000000000000000e+00
0.000000000000000000e+00
0.000000000000000000e+00
0.000000000000000000e+00
0.000000000000000000e+00
0.000000000000000000e+00
0.000000000000000000e+00
0.000000000000000000e+00
0.000000000000000000e+00
0.000000000000000000e+00
0.000000000000000000e+00
0.000000000000000000e+00
0.000000000000000000e+00
0.000000000000000000e+00
0.000000000000000000e+00
0.000000000000000000e+00
0.000000000000000000e+00
0.000000000000000000e+00
0.000000000000000000e+00
0.000000000000000000e+00
0.000000000000000000e+00
0.000000000000000000e+00
0.000000000000000000e+00
0.000000000000000000e+00
0.000000000000000000e+00
0.000000000000000000e+00
0.000000000000000000e+00
0.000000000000000000e+00
0.000000000000000000e+00
0.000000000000000000e+00
0.000000000000000000e+00
0.000000000000000000e+00
0.000000000000000000e+00
0.000000000000000000e+00
0.000000000000000000e+00
0.000000000000000000e+00
0.000000000000000000e+00
0.000000000000000000e+00
0.000000000000000000e+00
0.000000000000000000e+00
0.000000000000000000e+00
0.000000000000000000e+00
0.000000000000000000e+00
0.000000000000000000e+00
0.000000000000000000e+00
0.000000000000000000e+00
0.000000000000000000e+00
0.000000000000000000e+00
0.000000000000000000e+00
0.000000000000000000e+00
0.000000000000000000e+00
0.000000000000000000e+00
0.000000000000000000e+00
0.000000000000000000e+00
0.000000000000000000e+00
0.000000000000000000e+00
0.000000000000000000e+00
0.000000000000000000e+00
0.000000000000000000e+00
0.000000000000000000e+00
0.000000000000000000e+00
0.000000000000000000e+00
0.000000000000000000e+00
0.000000000000000000e+00
0.000000000000000000e+00
0.000000000000000000e+00
0.000000000000000000e+00
0.000000000000000000e+00
0.000000000000000000e+00
0.000000000000000000e+00
0.000000000000000000e+00
0.000000000000000000e+00
0.000000000000000000e+00
0.000000000000000000e+00
0.000000000000000000e+00
0.000000000000000000e+00
0.000000000000000000e+00
0.000000000000000000e+00
0.000000000000000000e+00
0.000000000000000000e+00
0.000000000000000000e+00
0.000000000000000000e+00
0.000000000000000000e+00
0.000000000000000000e+00
0.000000000000000000e+00
0.000000000000000000e+00
0.000000000000000000e+00
0.000000000000000000e+00
0.000000000000000000e+00
0.000000000000000000e+00
0.000000000000000000e+00
0.000000000000000000e+00
0.000000000000000000e+00
0.000000000000000000e+00
0.000000000000000000e+00
0.000000000000000000e+00
0.000000000000000000e+00
0.000000000000000000e+00
0.000000000000000000e+00
0.000000000000000000e+00
0.000000000000000000e+00
0.000000000000000000e+00
0.000000000000000000e+00
0.000000000000000000e+00
0.000000000000000000e+00
0.000000000000000000e+00
0.000000000000000000e+00
0.000000000000000000e+00
0.000000000000000000e+00
0.000000000000000000e+00
0.000000000000000000e+00
0.000000000000000000e+00
0.000000000000000000e+00
0.000000000000000000e+00
0.000000000000000000e+00
0.000000000000000000e+00
0.000000000000000000e+00
0.000000000000000000e+00
0.000000000000000000e+00
0.000000000000000000e+00
0.000000000000000000e+00
0.000000000000000000e+00
0.000000000000000000e+00
0.000000000000000000e+00
0.000000000000000000e+00
0.000000000000000000e+00
0.000000000000000000e+00
0.000000000000000000e+00
0.000000000000000000e+00
0.000000000000000000e+00
0.000000000000000000e+00
0.000000000000000000e+00
0.000000000000000000e+00
0.000000000000000000e+00
0.000000000000000000e+00
0.000000000000000000e+00
0.000000000000000000e+00
0.000000000000000000e+00
0.000000000000000000e+00
0.000000000000000000e+00
0.000000000000000000e+00
0.000000000000000000e+00
0.000000000000000000e+00
0.000000000000000000e+00
0.000000000000000000e+00
0.000000000000000000e+00
0.000000000000000000e+00
0.000000000000000000e+00
0.000000000000000000e+00
0.000000000000000000e+00
0.000000000000000000e+00
0.000000000000000000e+00
0.000000000000000000e+00
0.000000000000000000e+00
0.000000000000000000e+00
0.000000000000000000e+00
0.000000000000000000e+00
0.000000000000000000e+00
0.000000000000000000e+00
0.000000000000000000e+00
0.000000000000000000e+00
0.000000000000000000e+00
0.000000000000000000e+00
0.000000000000000000e+00
0.000000000000000000e+00
0.000000000000000000e+00
0.000000000000000000e+00
0.000000000000000000e+00
0.000000000000000000e+00
0.000000000000000000e+00
0.000000000000000000e+00
0.000000000000000000e+00
0.000000000000000000e+00
0.000000000000000000e+00
0.000000000000000000e+00
0.000000000000000000e+00
0.000000000000000000e+00
0.000000000000000000e+00
0.000000000000000000e+00
0.000000000000000000e+00
0.000000000000000000e+00
0.000000000000000000e+00
0.000000000000000000e+00
0.000000000000000000e+00
0.000000000000000000e+00
0.000000000000000000e+00
0.000000000000000000e+00
0.000000000000000000e+00
0.000000000000000000e+00
0.000000000000000000e+00
0.000000000000000000e+00
0.000000000000000000e+00
0.000000000000000000e+00
0.000000000000000000e+00
0.000000000000000000e+00
0.000000000000000000e+00
0.000000000000000000e+00
0.000000000000000000e+00
0.000000000000000000e+00
0.000000000000000000e+00
0.000000000000000000e+00
0.000000000000000000e+00
0.000000000000000000e+00
0.000000000000000000e+00
0.000000000000000000e+00
0.000000000000000000e+00
0.000000000000000000e+00
0.000000000000000000e+00
0.000000000000000000e+00
0.000000000000000000e+00
0.000000000000000000e+00
0.000000000000000000e+00
0.000000000000000000e+00
0.000000000000000000e+00
0.000000000000000000e+00
0.000000000000000000e+00
0.000000000000000000e+00
0.000000000000000000e+00
0.000000000000000000e+00
0.000000000000000000e+00
0.000000000000000000e+00
0.000000000000000000e+00
0.000000000000000000e+00
0.000000000000000000e+00
0.000000000000000000e+00
0.000000000000000000e+00
0.000000000000000000e+00
0.000000000000000000e+00
0.000000000000000000e+00
0.000000000000000000e+00
0.000000000000000000e+00
0.000000000000000000e+00
0.000000000000000000e+00
0.000000000000000000e+00
0.000000000000000000e+00
0.000000000000000000e+00
0.000000000000000000e+00
0.000000000000000000e+00
0.000000000000000000e+00
0.000000000000000000e+00
0.000000000000000000e+00
0.000000000000000000e+00
0.000000000000000000e+00
0.000000000000000000e+00
0.000000000000000000e+00
0.000000000000000000e+00
0.000000000000000000e+00
0.000000000000000000e+00
0.000000000000000000e+00
0.000000000000000000e+00
0.000000000000000000e+00
0.000000000000000000e+00
0.000000000000000000e+00
0.000000000000000000e+00
0.000000000000000000e+00
0.000000000000000000e+00
0.000000000000000000e+00
0.000000000000000000e+00
0.000000000000000000e+00
0.000000000000000000e+00
0.000000000000000000e+00
0.000000000000000000e+00
0.000000000000000000e+00
0.000000000000000000e+00
0.000000000000000000e+00
0.000000000000000000e+00
0.000000000000000000e+00
0.000000000000000000e+00
0.000000000000000000e+00
0.000000000000000000e+00
0.000000000000000000e+00
0.000000000000000000e+00
0.000000000000000000e+00
0.000000000000000000e+00
0.000000000000000000e+00
0.000000000000000000e+00
0.000000000000000000e+00
0.000000000000000000e+00
0.000000000000000000e+00
0.000000000000000000e+00
0.000000000000000000e+00
0.000000000000000000e+00
0.000000000000000000e+00
0.000000000000000000e+00
0.000000000000000000e+00
0.000000000000000000e+00
0.000000000000000000e+00
0.000000000000000000e+00
0.000000000000000000e+00
0.000000000000000000e+00
0.000000000000000000e+00
0.000000000000000000e+00
0.000000000000000000e+00
0.000000000000000000e+00
0.000000000000000000e+00
0.000000000000000000e+00
