-6.013376683588099780e+01
-5.475186251812928617e+01
-6.224183599835885872e+01
-6.199291135976493194e+01
-6.421008397310660598e+01
-7.161693188695555534e+01
-7.589711107641005583e+01
-8.928773231632573015e+01
-6.683154832457661598e+01
-6.374753074483987803e+01
-5.485134530867946268e+01
-5.694415151833343458e+01
-5.657609072306263442e+01
-6.841369378678410840e+01
-6.092341190032398401e+01
-6.712738211452840176e+01
-6.339534331704270187e+01
-7.259246879412175701e+01
-8.080638612615710770e+01
-8.259180775514468564e+01
-8.728528078132370638e+01
-6.903416110549613904e+01
-6.558206111630332202e+01
-6.400189479246738244e+01
-6.593222180462518622e+01
-6.037610776137575641e+01
-6.552722874817783349e+01
-5.307896690148540131e+01
-6.488905021482970881e+01
-7.802285132611075369e+01
-7.901902918795612152e+01
-9.164346651965796298e+01
-6.895162186408445848e+01
-7.456854562961765964e+01
-6.580706358716571458e+01
-6.592394500188090944e+01
-6.174311781161645030e+01
-6.538813073696708500e+01
-6.856408737247978991e+01
-7.960035078645607598e+01
-8.021913704185867289e+01
-8.013877343827199695e+01
-8.855602691088947154e+01
-9.866877380978387180e+01
-1.010289378589119877e+02
-8.550170785781693894e+01
-8.806102007639827889e+01
-6.232059780926181247e+01
-6.658113531267935059e+01
-7.769409615709757588e+01
-7.324693920646190293e+01
-8.522046689910939676e+01
-7.745913673860758308e+01
-6.929589277288722826e+01
-7.591656496698603007e+01
-8.245103481597817563e+01
-7.914898663702845738e+01
-8.357914429449152749e+01
-8.413636546199107613e+01
-7.808597747507094766e+01
-6.866648173073947703e+01
-6.735893607101822056e+01
-6.745982682181470125e+01
-6.496274276393276637e+01
-7.037229276704454151e+01
-8.752655547263073288e+01
-8.282519306833350470e+01
-9.516090243229594137e+01
-8.817621488808478603e+01
-8.232733957617676879e+01
-7.847699867457717460e+01
-6.697741061231148763e+01
-6.995123967386730612e+01
-7.928426783330186822e+01
-6.821916626893109026e+01
-6.638459557457203175e+01
-7.468685546373664863e+01
-9.088312381595385148e+01
-1.030969031489408678e+02
-9.827488941715097326e+01
-8.538596527958596027e+01
-8.228272926564454792e+01
-7.420839346664935476e+01
-7.416351482256206396e+01
-6.470206134338604897e+01
-7.166644541872339857e+01
-8.631854658130446012e+01
-8.301431896901945606e+01
-7.540799699037093262e+01
-7.989393988064234975e+01
-8.554936167712664030e+01
-8.544882224536108595e+01
-7.233678733888640977e+01
-7.763097232810174830e+01
-7.641737004797114707e+01
-7.698515864372306794e+01
-7.097475446306111735e+01
-7.628748865426278769e+01
-7.314842804497062900e+01
-7.470975112838881671e+01
-7.624046410641417992e+01
-8.998290550560119527e+01
-8.456169418179661079e+01
-8.071643854759227565e+01
-7.658176053648278980e+01
-7.493065022148664411e+01
-7.619538469934177272e+01
-6.413604927728145810e+01
-6.127118268533283185e+01
-6.560903000048720912e+01
-8.887756508491483487e+01
-7.691216100614842333e+01
-8.129039231597995752e+01
-8.827647982891157596e+01
-8.417140316287290602e+01
-8.488338169174197390e+01
-9.882206184740662991e+01
-8.810715718372902927e+01
-8.607894773402300359e+01
-7.589531393285217575e+01
-6.476847422819757583e+01
-7.141699206241464992e+01
-7.612672176495856036e+01
-8.721279546306294606e+01
-6.603674201138046840e+01
-8.642498192419111547e+01
-9.023025255077148188e+01
-8.523370417256856513e+01
-8.278792580031961279e+01
-7.463162804940533590e+01
-7.394533471748259501e+01
-6.820239876955891134e+01
-6.820004779566922082e+01
-8.595419504764468854e+01
-7.437228257645691087e+01
-6.537979630748607462e+01
-5.752305348583722377e+01
-6.781533529154300766e+01
-6.969463184110894360e+01
-8.231475524470130267e+01
-7.325358246598023015e+01
-6.961550405079169934e+01
-7.381951869257281373e+01
-6.956271746296856406e+01
-6.100105910392391451e+01
-5.939984317529911095e+01
-6.631176720955323844e+01
-6.453872825542795511e+01
-6.937775158603334091e+01
-9.181021386994942191e+01
-8.257215465024155776e+01
-8.152380061071262674e+01
-8.753050646191191220e+01
-7.706948188255560694e+01
-7.581894099880373972e+01
-6.880371464952419558e+01
-6.042975904480376670e+01
-6.786090982699765561e+01
-6.393467697113443649e+01
-6.803589151322807993e+01
-7.574360563384475142e+01
-8.004541193101478314e+01
-9.941169176679325403e+01
-1.080596458372309172e+02
-8.931403475225774002e+01
-7.592100147383523279e+01
-8.261758021793174578e+01
-7.650638047452640933e+01
-6.838097220545363086e+01
-6.421058452864815536e+01
-6.439994892996469389e+01
-7.262651180103070203e+01
-5.949250550697648521e+01
-6.884419039973776933e+01
-7.475017066984999303e+01
-8.997825663166165100e+01
-9.236786446728660849e+01
-9.351310179922116106e+01
-7.829262565366458659e+01
-6.557262179035434713e+01
-6.255946321138409871e+01
-6.154918793389606435e+01
-7.677478494883537508e+01
-7.025224121896857810e+01
-6.266024010862589222e+01
-7.108036523621929348e+01
-6.490640020163172608e+01
-7.861346409123575540e+01
-8.784475432279121776e+01
-7.557544315595367834e+01
-7.231972780867228323e+01
-7.130589877341651572e+01
-6.721281158334826955e+01
-7.023011307379019286e+01
-6.442901657959986039e+01
-6.523103367659203400e+01
-7.727409902477640458e+01
-8.342875481471590149e+01
-7.876957049626574303e+01
-7.195366957440710109e+01
-7.186467649616969311e+01
-7.635267506845718799e+01
-7.070540426096772535e+01
-5.379356205878295327e+01
-5.035437557163691480e+01
-6.490130119351506721e+01
-6.264669987424667852e+01
-7.230187140055998896e+01
-8.126885849426281538e+01
-8.058719116431232976e+01
-7.305093776805860273e+01
-6.756482421824908613e+01
-8.445133758994508355e+01
-7.927566167390450858e+01
-6.909628258561342307e+01
-5.867440279885171606e+01
-6.275002002888027164e+01
-6.531962315650162054e+01
-6.797090181194124625e+01
-6.884032359405331647e+01
-5.897929782941412924e+01
-6.786915136492176259e+01
-7.979691979577907546e+01
-8.172217459379372428e+01
-7.413728925390050506e+01
-6.912767752564334955e+01
-7.315567662033974727e+01
-5.599732162977728223e+01
-5.411945936090671694e+01
-5.790265443146626012e+01
-6.841981100910226132e+01
-6.861396090303212247e+01
-6.057167400439095672e+01
-6.488288307537263222e+01
-6.789935143701953280e+01
-7.766311687827206356e+01
-7.924214531461447564e+01
-6.694177038484227182e+01
-6.301223763760182095e+01
-5.892570661008235788e+01
-5.857133999100542354e+01
-5.233796346817263867e+01
-5.543554062775194780e+01
-7.450849827598462127e+01
-6.982547436008071884e+01
-7.699155401193203829e+01
-7.957972514006131348e+01
-8.535107696535266086e+01
-8.325542801200730025e+01
-7.800372485747003282e+01
-6.871510249832236639e+01
-6.017659972562202597e+01
-5.973205034166982585e+01
-5.705242085303458310e+01
-6.841769552836971968e+01
-7.073046422487009011e+01
-8.010088766035580932e+01
-8.580626571939092173e+01
-7.614475261945158024e+01
-7.375166769774368447e+01
-7.258944679029583824e+01
-6.891799911275835200e+01
-6.154865638231486002e+01
-6.176903597738397167e+01
-6.374889297177350755e+01
-6.692440624431895912e+01
-6.629220861602816228e+01
-7.809640685301491203e+01
-7.195831466643141994e+01
-7.789016293227726351e+01
-8.053269187831688214e+01
-7.913210972386694664e+01
-8.045945286840185418e+01
-7.810423890358762833e+01
-6.289275412496262874e+01
-5.587230538324412521e+01
-5.804546614014703465e+01
-6.461068230633325982e+01
-6.867266235124418472e+01
-6.560679926156571184e+01
-7.553973555783630900e+01
-7.846106070757862483e+01
-9.421399439687645838e+01
-7.641588525780566954e+01
-6.941069129387713588e+01
-6.626236992635774925e+01
-6.353182711795243875e+01
-5.095271455475291589e+01
-4.321225127581572423e+01
-5.642163074939320211e+01
-6.446349276296061248e+01
-6.034957030715100501e+01
-5.384201691620206986e+01
-7.147948815817065338e+01
-6.678629368359145246e+01
-6.611537960215707699e+01
-7.011204949351906635e+01
-7.259615511157915080e+01
-5.154097894330799789e+01
-5.945603078983541678e+01
-6.142188564684778385e+01
-6.111020922099194053e+01
-6.113382066259389802e+01
-5.606440425598108845e+01
-6.977886246527016567e+01
-7.069437935052125965e+01
-7.012952858384257127e+01
-7.254022425360822979e+01
-5.781257314178871809e+01
-6.192084428128433160e+01
-5.105469301688646055e+01
-6.179751098001423770e+01
-6.529772924802057332e+01
-6.152284976680910233e+01
-5.772421917330437680e+01
-6.303770368888846320e+01
-6.758174242436527379e+01
-7.260587145712261758e+01
-6.899598862413353118e+01
-6.343921758105146580e+01
-6.659391539747092281e+01
-5.931327529277467647e+01
-5.547344505263790637e+01
-5.197813753143060467e+01
-6.018755582160788720e+01
-5.984072735366510898e+01
-5.489588348902190518e+01
-5.976006906658634676e+01
-7.550289394358050288e+01
-7.686609869040560739e+01
-7.406260251953655427e+01
-8.628448262333819230e+01
-6.815761757227858197e+01
-7.260022658766705206e+01
-6.174391435878066403e+01
-5.079878968390279681e+01
-5.617898371859845241e+01
-5.413987966650112327e+01
-6.526097572325741680e+01
-6.208035307780244949e+01
-6.104334450224466480e+01
-7.756219128772345073e+01
-7.664407682053598592e+01
-6.885066724210535938e+01
-7.045961290092705553e+01
-6.598386769060232382e+01
-5.735853547014391296e+01
-6.670870691859973078e+01
-5.968213638370849594e+01
-6.552153239612654545e+01
-6.815170744555166493e+01
-6.327202690805722085e+01
-7.976584007031136991e+01
-6.851691537635362295e+01
-8.131434239984041312e+01
-9.153746172956692817e+01
-7.844820214002832870e+01
-7.196262891496401437e+01
-6.958559009656583783e+01
-6.262160681661296024e+01
