-5.370305556609059749e+01
-7.234478383428459836e+01
-7.541888924410355344e+01
-8.826451700889789720e+01
-8.466514613567403558e+01
-9.266716854530287151e+01
-9.739537090489135096e+01
-8.470523861855554060e+01
-7.594993178431595027e+01
-7.341168528356475065e+01
-7.187418251486539589e+01
-6.178840813559794753e+01
-6.698541618780726026e+01
-6.145508248690765640e+01
-6.648256891469566199e+01
-7.217626863558942318e+01
-6.980784960296664110e+01
-7.868277009298780911e+01
-7.740278436373328930e+01
-7.848151013721206937e+01
-7.168586642915320795e+01
-6.652354396851232821e+01
-7.433954040264283947e+01
-7.001112221891730769e+01
-6.945796061539606114e+01
-7.068365244389106294e+01
-6.984659456913875886e+01
-7.456307735915127921e+01
-7.119827454628138241e+01
-7.425790827457819887e+01
-7.498156456114357127e+01
-7.232921798281994086e+01
-6.151645078966850377e+01
-5.865159131378823787e+01
-7.352012808421453371e+01
-7.261072548138456284e+01
-6.231661800556862119e+01
-6.515780568956975571e+01
-6.962347065840637583e+01
-6.766631993864631056e+01
-7.386089188449780352e+01
-8.702190492030241842e+01
-9.497967747749018486e+01
-7.400758035970798687e+01
-7.148284670762279802e+01
-7.772458648855938179e+01
-6.619845567036182388e+01
-7.109821602161544263e+01
-5.758959323697268928e+01
-5.862943710668522357e+01
-5.742626279910568599e+01
-7.029700791897401757e+01
-5.819568515854514601e+01
-8.842648578151599281e+01
-7.958635609516200304e+01
-8.019450979924434364e+01
-8.508316235643768266e+01
-8.445632841736650676e+01
-7.306830163409537704e+01
-7.257778975115692788e+01
-6.442848549308129691e+01
-6.820944773052764276e+01
-7.965791916022185148e+01
-7.291605381509077688e+01
-6.668308379973250055e+01
-7.699469187154078043e+01
-8.579407560751276662e+01
-8.435039728078341170e+01
-8.615947271660745344e+01
-7.834325691242051448e+01
-7.246552418678665219e+01
-7.416244717619419191e+01
-6.481709713464503864e+01
-7.763778078794044291e+01
-8.790180355443793303e+01
-8.052100617902773649e+01
-7.656610937458610522e+01
-8.001704079271733860e+01
-7.242095540965324574e+01
-7.246815748412167579e+01
-8.303441601726194676e+01
-8.120910383561381707e+01
-7.293412317488420626e+01
-7.449144210477471972e+01
-7.484334521334477586e+01
-6.133115382759196876e+01
-6.453322752161896858e+01
-7.781823748495042992e+01
-7.095032815818586869e+01
-8.100070553907191595e+01
-8.903860276592762091e+01
-8.787126516711988700e+01
-9.300637504895884433e+01
-8.061317162280619186e+01
-7.404231978067394948e+01
-7.125097988498211521e+01
-6.660547477072012157e+01
-6.458485257133162349e+01
-6.540154846777129194e+01
-8.394981478255969876e+01
-8.116417832065540949e+01
-7.321252874616158124e+01
-8.811593108561866927e+01
-8.155340849528792546e+01
-7.761873069320884611e+01
-7.981760996437347444e+01
-8.436812059258103602e+01
-7.085555623817171522e+01
-6.204053878209585093e+01
-5.903810706977468925e+01
-7.816356577173608855e+01
-7.159698939540446361e+01
-7.290186327577173131e+01
-9.172836024714696634e+01
-9.896282379227888271e+01
-9.754329587683493230e+01
-8.814199107680543932e+01
-7.847682047537654171e+01
-8.277064959864259208e+01
-8.208447326591023341e+01
-7.543523858943945015e+01
-7.943747902042412079e+01
-8.466178800572204466e+01
-7.870519278567512345e+01
-7.363258781601774672e+01
-8.446794000633325084e+01
-8.367830496815487606e+01
-1.070084426690618926e+02
-1.134695817796844892e+02
-8.840494332783210041e+01
-9.049319636726680471e+01
-8.034087838946288684e+01
-6.776263320904755005e+01
-6.999908273999248820e+01
-7.947807428655927708e+01
-8.143515957869553290e+01
-7.783806850975294367e+01
-8.225872053572082621e+01
-7.733240824969864491e+01
-9.041926659294445301e+01
-9.010233909347617498e+01
-9.599459917146498356e+01
-8.601142099392458817e+01
-6.865774546243434884e+01
-7.356690501582627917e+01
-7.347922303153706025e+01
-6.604652476182008058e+01
-7.427327396525782888e+01
-8.282736805009622572e+01
-9.087381499906706495e+01
-1.059854050469005102e+02
-9.811085413873028926e+01
-8.859749462495223327e+01
-8.174868624743282908e+01
-8.824689710868325676e+01
-7.492637048830425783e+01
-6.509804043141323859e+01
-6.670314595809972502e+01
-7.466028081101023872e+01
-7.998133133665037064e+01
-7.874438887065291226e+01
-8.318446039603027486e+01
-7.804019752373594088e+01
-8.065585560565730816e+01
-7.635750854630225604e+01
-7.792213397894208526e+01
-8.057701178572965262e+01
-8.516118421935155425e+01
-7.502414200447255155e+01
-7.130503671103143404e+01
-6.556089661345212960e+01
-7.234316126785456902e+01
-8.569634251656437129e+01
-8.639099897237413472e+01
-9.609753852845919653e+01
-1.012433001677563169e+02
-9.486916052144431433e+01
-9.157103669945412605e+01
-7.801295989020418631e+01
-7.421783726227688760e+01
-7.332642822094813084e+01
-7.163306721392879695e+01
-8.916058420132004869e+01
-8.815687402799204619e+01
-7.495172591216704916e+01
-8.961818719461139437e+01
-1.011897390828521281e+02
-7.944339026968005157e+01
-9.084672059765738084e+01
-8.703809104400311014e+01
-7.735021260407251020e+01
-7.266960199228429929e+01
-6.640423485685170135e+01
-6.415933928160048083e+01
-7.537153865212204096e+01
-7.079712284005796619e+01
-8.721316234996068317e+01
-8.913664218387120286e+01
-9.453296782700010681e+01
-7.674427942918856616e+01
-8.307345034800687245e+01
-8.071862958375477604e+01
-8.378152731705822021e+01
-7.949869113728523473e+01
-7.235624897029667579e+01
-7.971117511478614404e+01
-7.032390371539787566e+01
-6.615756532079321062e+01
-7.893556474460864081e+01
-7.836115531470825601e+01
-9.684926579077840358e+01
-8.809071836544012513e+01
-8.436569424443787568e+01
-8.288724871788311077e+01
-8.085228816660782059e+01
-7.184219756193614614e+01
-7.479098899270522338e+01
-7.077473519041538452e+01
-7.943669261296540185e+01
-9.805125831575139728e+01
-7.604650028749459523e+01
-8.297443273594761592e+01
-9.240010973641145142e+01
-1.055836107606530163e+02
-9.941663717523672972e+01
-9.186378725193524986e+01
-8.581437846144146420e+01
-7.436294749833214723e+01
-6.772099966361545853e+01
-6.300664612202939452e+01
-6.832306698586749860e+01
-7.784014331141901266e+01
-8.746035262500559782e+01
-8.118030619247815594e+01
-8.502316996422455020e+01
-8.162128729321932497e+01
-8.802047243609737848e+01
-7.547124151006195802e+01
-7.145817997567787927e+01
-6.272447564234315109e+01
-5.843307960491775077e+01
-5.985479353006741121e+01
-7.871611359486604442e+01
-7.580805344731915341e+01
-7.199078397481876834e+01
-7.326862835610616287e+01
-6.990262080321836891e+01
-7.752485995331132074e+01
-8.360172824745730225e+01
-8.189405480353534017e+01
-8.867818186442994488e+01
-8.607990350023651160e+01
-6.556174889190268118e+01
-6.651805108496910179e+01
-8.195831192708698154e+01
-1.056881743103058398e+02
-7.363575704795626109e+01
-8.985030862927537498e+01
-7.921154489724038683e+01
-8.658580161749219428e+01
-7.695185676548594245e+01
-6.531957793315744709e+01
-7.106532568898224156e+01
-6.468761835413270944e+01
-6.060816966663709593e+01
-7.505256462751120239e+01
-7.240613059873771817e+01
-6.710070504802563107e+01
-7.277849503345792925e+01
-7.195396627637127551e+01
-9.308113835345423581e+01
-8.773817849221858012e+01
-7.169021688998782338e+01
-7.361273395471167191e+01
-7.264447366405832440e+01
-6.697012028088400371e+01
-7.508599044840343595e+01
-7.134282047129386228e+01
-5.806106020918178245e+01
-7.659686792148569623e+01
-7.623309453147423653e+01
-9.396916864416759552e+01
-9.985076122610693972e+01
-8.173281940660795897e+01
-8.218840564911316449e+01
-6.673818794766533813e+01
-6.535974372008907096e+01
-6.485420991780894440e+01
-6.010082048470742677e+01
-5.968343857928586260e+01
-6.327776744861519376e+01
-6.975946475186228213e+01
-6.594800245264482896e+01
-8.471558334824015901e+01
-7.849797655851912737e+01
-8.359582286021594655e+01
-8.002738500124561938e+01
-6.748887394852647503e+01
-6.936338918966552569e+01
-6.440323216570020293e+01
-5.892328897757446526e+01
-5.968058048952067196e+01
-7.334667734711942444e+01
-7.212733830101164756e+01
-7.903312898484647064e+01
-7.985736493423962656e+01
-7.774284100442677925e+01
-7.132434758219051218e+01
-7.192643316217743177e+01
-6.189050035821509255e+01
-6.638095629324770641e+01
-6.673059403020347702e+01
-6.160662402981274965e+01
-6.905797647269889694e+01
-6.541782569855300267e+01
-7.007048620823788099e+01
-7.755392254160976506e+01
-8.113077855414270800e+01
-9.043832196134431456e+01
-7.107641554059314615e+01
-7.123706509901114714e+01
-6.112698709493585625e+01
-6.048181084897461801e+01
-6.723640958669960810e+01
-6.750865654101144742e+01
-5.732821665058330041e+01
-6.138215443365907475e+01
-6.668986524837731622e+01
-6.604891688466751987e+01
-5.875376095579414226e+01
-6.354539025903189042e+01
-7.318757497300953219e+01
-8.019760882329401852e+01
-6.592471719760293070e+01
-6.610087650425714401e+01
-6.241627190825164462e+01
-5.347828969008960343e+01
-5.180428488442857571e+01
-5.245630417010845292e+01
-7.017047881534070086e+01
-6.692227559174382634e+01
-7.668279204632453627e+01
-8.361493580595812602e+01
-7.546124986949052982e+01
-7.990464865173507292e+01
-5.661322751985007784e+01
-5.745303080597960843e+01
-5.094946653022359584e+01
-5.326700093692928561e+01
-5.694189456330449417e+01
-5.707843420909753718e+01
-6.850677394579255974e+01
-6.161826462254759917e+01
-5.893124616189505360e+01
-6.680102944725817338e+01
-7.465062992576825707e+01
-6.815706710424917958e+01
-6.427064708799186121e+01
-5.778174343765974186e+01
-6.926889333284051986e+01
-6.112940449932217746e+01
-6.801042034211629073e+01
-6.846662975096472792e+01
-6.966986281156071925e+01
-7.563183413199573124e+01
-7.174784469113531316e+01
-6.913932794945419857e+01
-6.575752726317551833e+01
-5.239254426464824377e+01
-5.586904692054697819e+01
-6.538395436346846168e+01
-5.885128358068043042e+01
-4.945286443003982413e+01
-5.413332577958095015e+01
-5.466557456720983765e+01
-5.710044090384161564e+01
-7.542218826715719615e+01
-7.871313736508952275e+01
-6.110365560099622684e+01
-6.154209273047003137e+01
-6.697799031997227814e+01
-6.198768150102404917e+01
-6.112779611136935642e+01
-5.746585375940951934e+01
-5.461055387330547006e+01
-4.963132565800039231e+01
-5.559199975823026563e+01
-5.153495051103877955e+01
-6.790336980993504312e+01
-8.348425251016367099e+01
-6.974822586284739145e+01
-6.905978326207279849e+01
-6.619706239150482929e+01
-6.560611825816202725e+01
-5.995724866221583227e+01
-4.927085170756089383e+01
-4.806567413067513428e+01
-5.032385403479146646e+01
-5.546751272610634231e+01
-5.338857802383033402e+01
-7.220337114077621266e+01
-7.712994858051466451e+01
-8.186965503707560288e+01
-7.375939767113951007e+01
-7.624802863366538475e+01
-6.572986485123962552e+01
-5.201468919842744043e+01
-6.091595981487822797e+01
-5.606660224971731310e+01
-5.137194514757186425e+01
-5.389879712018952063e+01
-5.503686686810601003e+01
-5.833303487598955428e+01
-6.893110720148801818e+01
-8.080191603528732003e+01
-6.196894554022705393e+01
-6.495769924593925282e+01
-6.348198455172038024e+01
-6.130497146410029785e+01
-6.064328344923925584e+01
-6.182923307605549468e+01
-6.186785280337750947e+01
-5.920835370486378935e+01
-6.357011372749537514e+01
-5.624287014817579688e+01
-7.191385919640178770e+01
-9.538552796821349489e+01
-8.702710811318254969e+01
-8.198234501312344946e+01
-6.851685212321973495e+01
-6.787813787240567365e+01
-6.881771761502719187e+01
-6.494633411258459432e+01
-6.232629006770524427e+01
-5.756095434089167640e+01
-7.271832080892879446e+01
-7.680362822498130981e+01
-8.229346293522405631e+01
-9.566782376363075002e+01
-8.899252452591473173e+01
-7.678469635309642172e+01
-7.246671932501359947e+01
-6.805562511486974131e+01
-7.046265954569182099e+01
-6.976484343487456385e+01
-6.796974114721572846e+01
-6.949935346231204392e+01
-7.555748808071886913e+01
-6.717928469672790470e+01
-8.717240574284416255e+01
-7.958999822281955971e+01
-9.591377879431180986e+01
-9.029885399216365727e+01
-8.578349879895483809e+01
-8.552047631646918546e+01
-7.126504336948710261e+01
-6.764456919662529799e+01
-6.525827849409795078e+01
-7.078641087145865640e+01
-6.088542840806825041e+01
-6.681335093139648507e+01
-1.008305504657835172e+02
-8.139199179340505452e+01
-7.562033331624067500e+01
-7.202467279529332700e+01
-7.332200515998424351e+01
-7.344393986132523366e+01
-7.611481637521130494e+01
-6.359588253688317394e+01
-6.166029778091228053e+01
-6.388516747950902896e+01
-7.705662101376151440e+01
-8.358796813941383164e+01
-8.394440291821693734e+01
-8.421714558003142770e+01
-9.871729537113297681e+01
-8.817686130473971673e+01
-7.595110745801152063e+01
-7.212063437889607087e+01
-6.673836292931473224e+01
-6.958436740006661125e+01
-6.150604243761026879e+01
-6.937253679620052083e+01
-8.247625631717633610e+01
-9.698450512684917157e+01
-9.330941534038466045e+01
-9.896349162291240020e+01
-9.641937430144044185e+01
-8.828355150050738587e+01
-9.316903341383439852e+01
-9.649805661172104010e+01
-9.303959969922840401e+01
-6.547873533967161563e+01
-7.278004440179539358e+01
-6.740619855901216795e+01
-7.861250145722365801e+01
-7.815062912999033529e+01
-9.527452322397589057e+01
-1.038299047991404507e+02
-9.306554360740435072e+01
-1.038600598140672560e+02
-9.878448763571525149e+01
-8.293687891160905679e+01
-7.077004893788242157e+01
-6.811755804258692137e+01
-7.073655033199692355e+01
-7.222185598168236709e+01
-8.440237223603931227e+01
-8.363082706683911738e+01
-8.227515410568493337e+01
-9.044242427737623302e+01
-8.813662609029836403e+01
-9.792192089598196958e+01
-9.412548198289007928e+01
-8.466492665076594903e+01
-8.354104258080512579e+01
-6.350217562914478719e+01
-6.782721818048078433e+01
-8.160676308078711827e+01
-1.006528518908932455e+02
-8.142116680726587674e+01
-7.601765710768597728e+01
-7.771074290344976987e+01
-8.970068288808930390e+01
-9.173545967802101586e+01
-8.019053716652736341e+01
-8.464147424606900927e+01
-7.526049747419476432e+01
-6.401356056524413418e+01
-6.494734132619845468e+01
-7.250306634784263338e+01
-7.925481270922922761e+01
-7.058673519537377672e+01
-8.528028797259938187e+01
-8.378266649661892984e+01
-9.242798994875130347e+01
-8.695638930917704101e+01
-8.439470396800940932e+01
-8.692137456217908209e+01
-6.493553085606920661e+01
-6.705460823490440703e+01
-7.020940486575526052e+01
-7.106025416726350841e+01
-8.342908327867687035e+01
-8.221740484558445416e+01
-8.057765580600849376e+01
-9.627851762522136880e+01
-1.062605306845448041e+02
-1.080123205458125710e+02
-8.606835009534532333e+01
-8.779345190627145712e+01
-8.607941835603320158e+01
-7.405570473762607264e+01
-7.245124892499640623e+01
-7.821120372354899075e+01
-9.222470849075067179e+01
-9.429561616985881756e+01
-1.011185874484484231e+02
-8.936664424509680771e+01
-1.001312363609789600e+02
-1.082081338592902426e+02
-9.375261393480586491e+01
-8.137718363709353753e+01
-7.896560372538506556e+01
-7.409173502200287942e+01
-8.316533513918996334e+01
-8.366852426907514939e+01
-8.123256446065974501e+01
-7.518466753384494439e+01
-8.470164822673832816e+01
-9.738210294582555093e+01
-9.229736440218428584e+01
-8.819009666051017859e+01
-8.108142674504591696e+01
-6.989565841214943021e+01
-5.490695804496371579e+01
-5.814319030095404628e+01
-6.486234496055102738e+01
-7.194786448466038564e+01
-9.371384686196232394e+01
-8.620905304794985113e+01
-8.504769027414106120e+01
-6.992393172680121438e+01
-8.591648790345698217e+01
-8.832532838193023395e+01
-7.549895814428010965e+01
-6.662560053663992221e+01
-7.999985999126059255e+01
-6.429634665159356643e+01
-6.897676565914511571e+01
-6.011041440073990572e+01
-7.182140926034671224e+01
-6.778598366510382789e+01
-6.680130435145835577e+01
-7.078937124471021036e+01
-7.326792351834070871e+01
-7.617625810613098736e+01
-7.418541544114661690e+01
-6.538123194210218969e+01
-6.545458703746521678e+01
-5.358543447399205206e+01
-5.464978342324677385e+01
-6.961776455753988557e+01
-6.821650934689182577e+01
-7.630546839966172001e+01
-8.094450547478791691e+01
-8.148239704162031671e+01
-7.937204811158134987e+01
-9.437476440141939804e+01
-8.154430094901883308e+01
-7.086438863209795613e+01
-6.812051183998393356e+01
-6.106224257721569870e+01
-6.928854543406012567e+01
-7.073162892341670727e+01
-7.265613527072613920e+01
-7.481648802727761449e+01
-9.331959455751153598e+01
-8.969000571054283455e+01
-9.029586267253404230e+01
-9.427463239538111850e+01
-8.092788924550784202e+01
-8.417277047210878038e+01
-7.996669191443619695e+01
-8.464499514486601583e+01
-8.060689907387781261e+01
-7.584042683046519073e+01
-7.773727561728641433e+01
-8.017067724345437796e+01
-9.082750341886007561e+01
-9.754107879383930424e+01
-1.017827896836249835e+02
-1.142554290750348258e+02
-8.908739387063241111e+01
-7.457509057447565226e+01
-7.097742265858340716e+01
-7.042180216195332321e+01
-7.819785118175835237e+01
-7.098679607635712330e+01
-7.887038778830462604e+01
-7.406927491613251391e+01
-7.375742747250710352e+01
-8.117404572548885255e+01
-9.079285831966846843e+01
-8.998705146510231145e+01
-7.899386062765252348e+01
-7.454266580251264429e+01
-7.261584336758915015e+01
-7.470125883899498831e+01
-7.178124065487688199e+01
-7.739447842888927198e+01
-8.520355378505847455e+01
-8.105408388547272125e+01
-7.385425083440803462e+01
-7.171598099165795759e+01
-9.854423897760963769e+01
-8.972144467489712838e+01
-7.459812443515080815e+01
-7.736738208486539747e+01
-7.842835646154027529e+01
-6.919599714935887391e+01
-6.777956995815220864e+01
-7.444425814594256963e+01
-7.077526483553933190e+01
-8.180265210054443514e+01
-9.001844304568422217e+01
-9.227328188333990511e+01
-1.080615483936243066e+02
-1.033680685363101901e+02
-7.696276729640996450e+01
-8.222820953813362621e+01
-7.650691972201245505e+01
-6.589309108906084589e+01
-6.009774283866256184e+01
-6.821720972405542227e+01
-6.732590769062763059e+01
-7.672320355073784981e+01
-6.892792737909394418e+01
-7.077549695307143907e+01
-9.392544367698928909e+01
-9.043721493664737920e+01
-8.258512936980081065e+01
-6.919034044199857192e+01
-6.557464659962785447e+01
-6.803119976271807445e+01
-6.534930710594264269e+01
-6.878649777883821059e+01
-7.366652582106495117e+01
-7.713469657205342855e+01
-8.389885757303071045e+01
-7.764435399979947761e+01
-9.467071092571728741e+01
-9.174162360704649188e+01
-9.209011633234929661e+01
-9.567909610460836234e+01
-7.230719234832238840e+01
-6.781054581670397852e+01
-7.022091929591857706e+01
-7.212155240578439930e+01
-7.209014597095084298e+01
-7.086358745889019417e+01
-8.294171202975029189e+01
-8.218653092902475521e+01
-7.712606682083082887e+01
-7.164343344122076473e+01
-7.412185047371994528e+01
-7.566035204319048546e+01
-7.155631637507667620e+01
-6.233848125198376522e+01
-6.320499581247490539e+01
-6.417449260404571021e+01
-7.860721263588929730e+01
-6.860055615328943190e+01
-7.777819756520432293e+01
-8.878115288134405603e+01
-8.756620410601344418e+01
-7.853511085073203901e+01
-7.067662523503457805e+01
-7.623215256271562623e+01
-7.271970142622423339e+01
