-6.974069779710974615e+01
-7.302628343235254249e+01
-9.257199078429535177e+01
-9.249887528584119423e+01
-8.519227627994692398e+01
-6.758464480040997557e+01
-8.479783515777431546e+01
-9.232145584772611357e+01
-8.342889343323824392e+01
-8.464557571329868324e+01
-7.446038595384359837e+01
-7.240744082015324068e+01
-6.219870864651535669e+01
-6.655880602403664170e+01
-7.460737558960968840e+01
-6.672075882657929924e+01
-6.960569066931742555e+01
-5.983706190385201751e+01
-6.826387374604385627e+01
-6.756394748447489462e+01
-7.571719089049575757e+01
-7.679652346657610451e+01
-6.940955125654113544e+01
-6.002476252500867560e+01
-5.781898977854103094e+01
-6.166752646956974360e+01
-5.909447278574459261e+01
-6.574674070787584412e+01
-6.432255226715457752e+01
-7.341250569516110147e+01
-8.736529706841999143e+01
-7.211283594739163050e+01
-9.541860747783231034e+01
-8.879355886255397934e+01
-8.590552284270329153e+01
-6.945253740665674513e+01
-6.350043997707538068e+01
-7.512886638117795712e+01
-7.930412475411193896e+01
-8.122291247247993340e+01
-7.820903652888530644e+01
-8.833858772887325017e+01
-8.782114275380635604e+01
-8.133589372711981014e+01
-8.186033010635685514e+01
-6.886935317340112306e+01
-7.620354456941761612e+01
-8.268974630822455651e+01
-6.781018991543483310e+01
-6.779342983328008643e+01
-6.524619898788664329e+01
-8.709934446235179450e+01
-9.245313248479088486e+01
-8.260642260817299132e+01
-7.511070917709430717e+01
-8.663057816482343299e+01
-8.845486565981208571e+01
-8.332888920190441695e+01
-7.492433834802316994e+01
-6.956909949788129666e+01
-6.782992321107751366e+01
-6.672841014600837184e+01
-6.507196794104790172e+01
-7.192087009070152703e+01
-7.835107380920482001e+01
-8.836362791202533629e+01
-8.328970406424490136e+01
-8.380117952538742543e+01
-8.096189128336233409e+01
-7.839907515605247568e+01
-8.648998499059653966e+01
-7.047103068494793376e+01
-5.864203006435334942e+01
-6.619612581870120493e+01
-6.515299274382192607e+01
-6.656073306629652109e+01
-7.625474151955029356e+01
-8.698441087782323677e+01
-8.348172946013619367e+01
-8.729766943778481902e+01
-8.513254251321649235e+01
-8.368232699121236351e+01
-8.062008586200369109e+01
-7.377963146368828973e+01
-6.417563358890912184e+01
-7.754144825429510490e+01
-7.636701534520560131e+01
-7.590211850676912775e+01
-7.693241186991900804e+01
-9.289375027125691986e+01
-8.490211239183435055e+01
-9.077710236933704380e+01
-9.358020517821670126e+01
-8.869322375694059701e+01
-6.926543464123272997e+01
-7.073911598051086003e+01
-7.212891320758741642e+01
-7.302946586997198608e+01
-7.541361050894201412e+01
-7.242946240401160196e+01
-8.349491310203754324e+01
-8.990599392149162838e+01
-8.215317370552575937e+01
-9.967379615980928520e+01
-7.835276398255147967e+01
-7.482362392583124233e+01
-7.350439800633367327e+01
-7.786118321768438477e+01
-8.213117415657484344e+01
-8.003226447924232900e+01
-7.974704523694025227e+01
-7.747701139042757745e+01
-6.342515198064303661e+01
-7.029475924755642779e+01
-8.659976623298710763e+01
-8.587578896582752463e+01
-8.142586674672877223e+01
-8.164506094842070638e+01
-9.887181192028570820e+01
-9.054956946168171328e+01
-7.596275760720824621e+01
-7.568935090146115385e+01
-7.470402439606178291e+01
-8.188550866308641218e+01
-8.586243719170563793e+01
-8.794265985274005004e+01
-9.273456552571569489e+01
-7.949722138864419207e+01
-7.746266391666954121e+01
-9.042273545066612428e+01
-9.100921065841674817e+01
-8.779047720973420610e+01
-7.734970564065689302e+01
-7.118205184524637730e+01
-8.074263236243598385e+01
-9.558885813020351918e+01
-7.821795468115711003e+01
-8.136266255312871465e+01
-8.967720153701711183e+01
-9.932215270471913016e+01
-1.012674695146908164e+02
-1.047449690933260911e+02
-1.040974031815068770e+02
-8.290051284955269750e+01
-7.488979293820747785e+01
-8.709771249041676811e+01
-8.330120488813727775e+01
-8.241007203355007960e+01
-8.470276789645988913e+01
-1.008951558943494007e+02
-9.523231543072870409e+01
-1.092261093313749996e+02
-1.112569967148900076e+02
-9.769960892895484506e+01
-7.931223080077117515e+01
-7.116472686981749973e+01
-6.280179645065003768e+01
-6.260142232671403661e+01
-7.584093367068582836e+01
-7.889559044896843432e+01
-7.708081028055269712e+01
-7.337751819158715705e+01
-8.588886159593364766e+01
-7.084718745576905974e+01
-6.834998213643622478e+01
-6.807623342913407782e+01
-7.938904141987538310e+01
-8.085957487130832533e+01
-7.305864182893179759e+01
-6.975583728809822048e+01
-6.613511203228628688e+01
-8.424514125496277472e+01
-9.871880460180530292e+01
-7.855471743380212502e+01
-8.938537337999254362e+01
-7.725247114217081901e+01
-9.486020416842954717e+01
-8.381168001842701187e+01
-7.020386579796480930e+01
-7.993715700589963546e+01
-6.505376882355328405e+01
-6.593145775905287564e+01
-5.960161036102930865e+01
-6.863863024362659360e+01
-7.011666159079236138e+01
-8.932934542439383563e+01
-8.015208713727602685e+01
-8.236877164228421577e+01
-8.818204472938818128e+01
-7.360134187184647203e+01
-8.363218604332089967e+01
-7.736661229055977174e+01
-6.992633120519232648e+01
-5.957227527112433307e+01
-6.996444592706394872e+01
-7.326642579884851614e+01
-8.007120208238276859e+01
-7.900806729669615436e+01
-9.716794165075386047e+01
-8.858042535806966100e+01
-8.215505364750210049e+01
-7.813392034779465689e+01
-7.894144038742655312e+01
-6.607824010107302115e+01
-6.325358789407633253e+01
-6.851723544077336214e+01
-6.894708464179659302e+01
-7.973034492310523547e+01
-8.054160308008617619e+01
-8.694910761652771214e+01
-8.781985490696358454e+01
-8.650889024396371951e+01
-8.179746305894300917e+01
-8.455946081740977149e+01
-6.727581895893767694e+01
-6.227967548444861023e+01
-5.673822782562422873e+01
-6.002367802418827836e+01
-5.798730840463301206e+01
-6.674976574617254244e+01
-8.527637540533268634e+01
-9.291995741901111217e+01
-9.901518278638373260e+01
-9.156758524429845636e+01
-9.004761670769745763e+01
-7.950633856786608078e+01
-7.379617963657692314e+01
-6.617422905980583892e+01
-6.919596744533471622e+01
-8.310933415562813309e+01
-7.790752446397578979e+01
-6.848389990537415883e+01
-6.494109836190622786e+01
-7.766812236856192442e+01
-7.398372246960306597e+01
-7.533940768711774183e+01
-8.376129601886522380e+01
-7.440407921230995214e+01
-7.286378182854687680e+01
-6.188449693277966901e+01
-5.733446574836372633e+01
-5.675539685874733209e+01
-6.733770183874153759e+01
-5.948098377534419257e+01
-8.458924635187084107e+01
-7.220002242591041863e+01
-8.746612863717901121e+01
-8.980384634315812775e+01
-7.054220251729738322e+01
-6.824564109996987327e+01
-7.189806123473674404e+01
-6.245779628444552145e+01
-5.661245569787212872e+01
-5.948808307489484548e+01
-6.282545334590721353e+01
-6.525862178852486295e+01
-6.305240913775038791e+01
-5.305764235914572424e+01
-6.707549236935346926e+01
-7.896424374013928116e+01
-7.641207450480908392e+01
-7.028339854686728927e+01
-5.960440200406861067e+01
-6.105558800169276878e+01
-6.344503364412602764e+01
-5.676398198092049086e+01
-5.765515989967381927e+01
-6.761711297952429334e+01
-6.578011892635095137e+01
-7.322983042015212618e+01
-8.449041692030115769e+01
-5.870967817331719374e+01
-6.021545906068140397e+01
-6.665484470976072373e+01
-4.911802052718025635e+01
-5.541497184545385579e+01
-5.476324033556759474e+01
-5.472061476352160270e+01
-6.352723487986049378e+01
-6.337881026080410862e+01
-6.719213002410268132e+01
-7.096117953143114221e+01
-7.188648542134646391e+01
-6.480058794241965359e+01
-6.663094422545691486e+01
-7.305158147855007655e+01
-6.879347270694340466e+01
-6.181545715655290962e+01
-5.711654073563516221e+01
-5.746424370865821629e+01
-5.984692130369959528e+01
-5.959861052490107625e+01
-6.615578496798325148e+01
-6.193557063337448199e+01
-8.257636286136650483e+01
-7.263644056019701623e+01
-7.541470936095851130e+01
-6.365151517691030847e+01
-6.224722572216732885e+01
-6.106576974606171149e+01
-6.428365479393184501e+01
-7.264126345763421000e+01
-6.061193772532497803e+01
-6.849752194270318739e+01
-7.263624750431090149e+01
-6.556786058067977763e+01
-6.498804514958047207e+01
-7.980742638850902893e+01
-6.667719078992635673e+01
-7.141371813092371212e+01
-6.866216204760820574e+01
-6.094545954388484432e+01
-5.900696268950489554e+01
-6.443559036406462326e+01
-6.747449364002615368e+01
-6.585778886416453304e+01
-7.539777206690398259e+01
-7.101733739668887324e+01
-8.034413862928593630e+01
-9.118307762742084321e+01
-8.284346716581141834e+01
-7.135908280989318087e+01
-7.042757841643110339e+01
-6.991876501998621052e+01
-6.991501663005506373e+01
-6.445815783557502243e+01
-5.472516859869727313e+01
-5.215456164118158711e+01
-5.638998224538996595e+01
-6.548836145972150291e+01
-8.282441920191192253e+01
-8.221427281598842285e+01
-8.879684482843822479e+01
-7.925028546156237041e+01
-7.477782375502413004e+01
-6.404899483917030523e+01
-5.980107166916280903e+01
-6.487661103471188540e+01
-7.221342418225593462e+01
-7.953044118793657447e+01
-8.068298003642595972e+01
-8.519727059855300411e+01
-8.114728728460556795e+01
-7.962004629405335265e+01
-7.266648084954857723e+01
-7.602413129517853463e+01
-8.076509668670513520e+01
-7.662045849337189907e+01
-7.438888169399804440e+01
-7.710982047241667203e+01
-7.489405067775990688e+01
-7.486843876151186805e+01
-8.079488013160323590e+01
-8.577509083173407589e+01
-8.950965316891601731e+01
-8.686281885614877751e+01
-8.669331532797980344e+01
-8.000593977950350677e+01
-9.345472576538503517e+01
-8.904398353741120786e+01
-7.742510498852722378e+01
-7.473781495031828115e+01
-7.353163124246657389e+01
-7.960487575983923136e+01
-7.581126985523036410e+01
-8.161804976590204319e+01
-9.189835401369333567e+01
-9.183547790192375260e+01
-9.293067112147365094e+01
-8.345484427568315766e+01
-9.196264160460245307e+01
-7.907237168042301789e+01
-7.762847496783447809e+01
-7.864682508874454925e+01
-7.556630014873563539e+01
-6.883212606297351499e+01
-7.325067855797142613e+01
-8.784852491238102346e+01
-9.715075362334698639e+01
-9.879593020414677085e+01
-1.060031536117260202e+02
-9.489159937419711355e+01
-9.429265869340301265e+01
-8.715872232317329349e+01
-8.094110773978351858e+01
-7.436695694618103403e+01
-7.533301421634226358e+01
-7.745734858528983580e+01
-7.919168792891264275e+01
-9.879331741954979407e+01
-9.837145748946225865e+01
-1.018244477348735302e+02
-1.171048444855259589e+02
-9.092242398046687413e+01
-9.247572889068996460e+01
-9.406046765987605340e+01
-7.669344988370131944e+01
-6.938062853278785269e+01
-7.066989900418668924e+01
-7.445182459340374237e+01
-7.930478510662126723e+01
-9.601159594975423772e+01
-9.316965267061114275e+01
-9.753028143659400939e+01
-9.389088235653370873e+01
-9.000541581806707825e+01
-9.186834365545962555e+01
-7.986360164636970183e+01
-7.138991959048598801e+01
-6.760563538670903938e+01
-8.511107577390045265e+01
-8.315444135819613791e+01
-7.655202719417930268e+01
-7.440205473190724206e+01
-8.567815813824269355e+01
-9.444501752677747675e+01
-8.179974558721113453e+01
-9.420247673071256145e+01
-8.818559384593245909e+01
-8.296328242282790200e+01
-7.779689298129457597e+01
-8.754244529604542890e+01
-8.821901952630425114e+01
-7.817303885500740535e+01
-8.547765892290711065e+01
-1.024418411913142251e+02
-9.703340329590093916e+01
-1.023212284005046513e+02
-1.025360948461428876e+02
-9.258335821754073436e+01
-9.448651525437354337e+01
-8.583757418712949061e+01
-7.862544195672708724e+01
-7.776960557726657441e+01
-8.013397862061857779e+01
-8.619109711070602486e+01
-8.829461423635233075e+01
-9.185810465436613015e+01
-8.227667149739873764e+01
-9.440723879499620352e+01
-9.163204087916194851e+01
-7.980823227590626345e+01
-7.345866872058630292e+01
-7.466818780832683444e+01
-6.685312594709802170e+01
-6.485796910031014306e+01
-6.836472177877617185e+01
-8.041237156112818241e+01
-7.124075387315701846e+01
-7.051350412887514096e+01
-8.116469709595465076e+01
-9.259425975737583769e+01
-8.867029467104197238e+01
-7.965417775827684466e+01
-7.473181232115665296e+01
-7.071456341418512181e+01
-6.448921429204985145e+01
-7.029084965792989692e+01
-7.933835406021178471e+01
-8.405526800195146109e+01
-7.787909157416460459e+01
-7.893652822190794893e+01
-8.799321190488528543e+01
-1.099819596803605606e+02
-8.742237364305046299e+01
-8.068301221485053532e+01
-8.844474440896679823e+01
-6.623926331209146667e+01
-5.550499301377517014e+01
-6.358050277769368819e+01
-6.673537040098446482e+01
-6.759098984166193702e+01
-6.647733867668580388e+01
-7.755624332519055031e+01
-1.056470733726586673e+02
-9.860843743270801554e+01
-8.860183795885920688e+01
-8.325090221904062560e+01
-7.611500873644519061e+01
-7.300781053039398216e+01
-7.331916432109463244e+01
-7.807340686857628498e+01
-7.320629776723599491e+01
-6.472833323400163863e+01
-7.335449823147824588e+01
-8.405974595121604409e+01
-8.866354283403276781e+01
-7.671340578947125266e+01
-7.990216791581471512e+01
-8.645381176914537491e+01
-8.294517410952245484e+01
-7.032655644640450987e+01
-6.487331613838028943e+01
-5.952781909643018565e+01
-5.778148773266905636e+01
-6.023150542693198872e+01
-6.807703194450425599e+01
-8.189480757818948575e+01
-8.393500552102196366e+01
-6.722198505645137345e+01
-8.170717979577851509e+01
-8.213126752130025920e+01
-7.453585564864370383e+01
-6.246100249135610483e+01
-5.763052928789925744e+01
-6.624067663057839184e+01
-8.220865250005120117e+01
-7.225506437505906376e+01
-6.916652661556821613e+01
-7.604077639509308995e+01
-7.911486984420029955e+01
-8.479398188662517555e+01
-8.659362289510869459e+01
-7.168188262463068838e+01
-6.719187070650369265e+01
-6.513832279770977607e+01
-5.267694392390686176e+01
-5.425728597563445277e+01
-5.866967037634775295e+01
-7.114599564583893709e+01
-8.560188125671386672e+01
-9.840569440449213801e+01
-8.540823146565763579e+01
-7.738232523336571944e+01
-9.242480871742850468e+01
-6.618827040405405171e+01
-7.374166925088536573e+01
-5.911822079669490648e+01
-6.681289496862876831e+01
-5.656218918036551457e+01
-6.937874753829881058e+01
-6.404781163313776915e+01
-6.219415857817946858e+01
-7.706488167967063418e+01
-7.974970095234755263e+01
-7.037531370217203630e+01
-7.275965926681041651e+01
-7.698723041139599843e+01
-6.863643059193140061e+01
-6.709271104854593659e+01
-6.327743377990827867e+01
-6.321123262615227389e+01
-6.620527536616923214e+01
-6.689329131965487818e+01
-6.509224969086952228e+01
-7.818871409286541052e+01
-6.913645888161360631e+01
-7.232173999070745651e+01
-8.375662900065881900e+01
-7.004756443585721115e+01
-6.713377312030351618e+01
-6.119418431188992002e+01
-6.386634099970322609e+01
-6.720950879575323711e+01
-6.558338974116018960e+01
-6.264572483295655303e+01
-7.205830810966729416e+01
-8.294991566112399539e+01
-7.196959212761692015e+01
-7.683742824432468410e+01
-7.376993219204881314e+01
-6.959149627220618584e+01
-7.169873880814802192e+01
-5.725996197503513230e+01
-6.401157119269609552e+01
-6.805590823340273232e+01
-7.034443508101162479e+01
-6.559072210043319728e+01
-6.615454572645340647e+01
-7.125355275434843350e+01
-7.313048267396735014e+01
-8.028800372722997736e+01
-8.065653380843978937e+01
-7.647839057037016630e+01
-7.862671799676454043e+01
-6.215876917719431560e+01
-6.438516315663754597e+01
-5.905893764197111295e+01
-6.703324524762275871e+01
-7.822969173876869320e+01
-8.020766065143084234e+01
-6.650730226353701369e+01
-9.270618388252955810e+01
-7.114258776522927974e+01
-7.095414808467366186e+01
-8.091567753441727007e+01
-6.916081349796026245e+01
-6.803776466486370111e+01
-5.366374350389683201e+01
-5.627180425294482546e+01
-6.092111241522067644e+01
-7.528805393270133095e+01
-7.021168354479816287e+01
-6.919833649468969838e+01
-8.913445008306837281e+01
-7.346167473801384062e+01
-7.383652613433187639e+01
-6.630729962220590323e+01
-7.037646929847576871e+01
-6.272002905573588549e+01
