-5.023667203347636701e+01
-5.014017506853493700e+01
-5.002287976956975513e+01
-4.981499906963900060e+01
-4.974316309803684533e+01
-4.985718455114298564e+01
-4.992773921457681041e+01
-5.027789051633111228e+01
-5.023373323086872233e+01
-5.031705317722921933e+01
-5.062816523350544884e+01
-5.060107150802168263e+01
-5.048067318608234189e+01
-5.072515793360398106e+01
-5.079089029568014979e+01
-5.076233830071284103e+01
-5.084700420926882458e+01
-5.037299459919630351e+01
-5.008969872681736035e+01
-4.988936532338153995e+01
-5.002837984964464368e+01
-4.986535150309782694e+01
-4.972743749828733684e+01
-4.976217497670831591e+01
-4.990077630145368204e+01
-4.976516601063052292e+01
-4.956941613883500253e+01
-4.997618017350544761e+01
-5.034047200142107670e+01
-5.027741738915256065e+01
-4.995977810132923480e+01
-5.025948419178116211e+01
-5.050726082958129837e+01
-5.023468185705731059e+01
-4.995271319286657530e+01
-5.012417336338090479e+01
-5.014071624770655689e+01
-4.994509905278340511e+01
-5.000528434329081051e+01
-5.010532225354666025e+01
-5.006842566720695231e+01
-5.008698045207303551e+01
-5.012097724875150817e+01
-5.039405187250174833e+01
-5.053118191312501040e+01
-5.029799651342155897e+01
-5.050694888603397459e+01
-5.043418010401588703e+01
-5.017580137014952868e+01
-5.018790976529821535e+01
-5.040107559227676859e+01
-5.013759650109757615e+01
-5.001014452804900401e+01
-5.012489004538252146e+01
-5.004297110275391702e+01
-5.016608877487200147e+01
-5.002313096447537077e+01
-5.017142171901511460e+01
-5.054125142214681432e+01
-5.061375003352718238e+01
-5.036199212444221018e+01
-5.064428018431809164e+01
-5.080462996291177546e+01
-5.080306496107493075e+01
-5.093364987486643969e+01
-5.107046043911634570e+01
-5.121572228725062814e+01
-5.129543403913893940e+01
-5.134909872859977753e+01
-5.127243503179237649e+01
-5.142631933289910506e+01
-5.116391309609885241e+01
-5.115124144799982275e+01
-5.099883704944597440e+01
-5.101007258466634653e+01
-5.109562611315123348e+01
-5.097704166345664589e+01
-5.047007315980405195e+01
-5.035236314080628262e+01
-5.028380638545750969e+01
-5.015639870251429500e+01
-5.043134778274093577e+01
-5.028166831618645460e+01
-5.026188255279168970e+01
-5.035520053075066471e+01
-5.022984686224008755e+01
-5.038977090771570033e+01
-5.107118772697670295e+01
-5.091436683574382016e+01
-5.100776933772724675e+01
-5.136617706892972990e+01
-5.132720761169478152e+01
-5.146673611707051776e+01
-5.150188449679599501e+01
-5.132250393773841068e+01
-5.135540877913638269e+01
-5.102656044526051460e+01
-5.077588962748083645e+01
-5.075525873634557428e+01
-5.088050510978528962e+01
-5.080555990120949872e+01
-5.086030258766468393e+01
-5.080267618040066679e+01
-5.081307855842312193e+01
-5.094891470184217042e+01
-5.069794692011091541e+01
-5.093246199017057307e+01
-5.101535260970143781e+01
-5.100564075005364373e+01
-5.097856043240985002e+01
-5.081949267959380734e+01
-5.075207724586464764e+01
-5.075306426920705150e+01
-5.063207401083798231e+01
-5.052248567322978090e+01
-5.074782918604194748e+01
-5.065624116963061141e+01
-5.059286414715439406e+01
-5.080691404784005272e+01
-5.077605391289965553e+01
-5.088825687308777646e+01
-5.060166803106281463e+01
-5.061452826503708735e+01
-5.049575870530094335e+01
-5.060945036654273110e+01
-5.056946528991352352e+01
-5.051279979395725661e+01
-5.040932846435850934e+01
-5.035493122452430725e+01
-5.037646287100250930e+01
-5.028280830911589305e+01
-5.061992226336599288e+01
-5.058590480794936894e+01
-5.087000024440142454e+01
-5.077821003349329487e+01
-5.087419234005071189e+01
-5.069866889909889096e+01
-5.086596516774660159e+01
-5.085444062498323348e+01
-5.073243724719336711e+01
-5.081962559043514460e+01
-5.065877936979889284e+01
-5.078585777717889016e+01
-5.072961089965539827e+01
-5.071143087896072643e+01
-5.076505722842954782e+01
-5.108149547751443720e+01
-5.101530102855002724e+01
-5.109713638345758824e+01
-5.110094186263032157e+01
-5.081760716703021785e+01
-5.091391395895083605e+01
-5.108581640385801848e+01
-5.099796083797870949e+01
-5.103838433388043683e+01
-5.098129346817709262e+01
-5.085066335715408314e+01
-5.082530894293317658e+01
-5.045090875976611500e+01
-5.054533250355076746e+01
-5.087669230495882999e+01
-5.087223053353415736e+01
-5.045320271319665295e+01
-5.055924611880617192e+01
-5.063804071391327710e+01
-5.040208841362339598e+01
-5.046399399828460730e+01
-5.028930607854664459e+01
-5.049011100491743775e+01
-5.041021304422088178e+01
-5.035558162804269955e+01
-5.045981263969316188e+01
-5.051882377830767723e+01
-5.047390354293312242e+01
-5.058368276129903762e+01
-5.067321015347272350e+01
-5.067359448490511653e+01
-5.076323002956920050e+01
-5.072334050608101563e+01
-5.075980782283372150e+01
-5.089989170253168282e+01
-5.073524173925453340e+01
-5.073710297737304842e+01
-5.054997326767440313e+01
-5.027026535196584689e+01
-5.047385073018230628e+01
-5.042964679149496021e+01
-5.077852386047718625e+01
-5.064416400686179998e+01
-5.076195921539698475e+01
-5.046505416896769702e+01
-5.057609476146077299e+01
-5.057948004614488013e+01
-5.089103101976836285e+01
-5.081209599783068143e+01
-5.054312692895655346e+01
-5.044284392416090412e+01
-5.032575068961352827e+01
-5.058339234040822419e+01
-5.022524430053159961e+01
-5.012655598644092692e+01
-5.028794305731150871e+01
-5.038803259030828485e+01
-5.011659257022306235e+01
-5.042490051087168013e+01
-5.044051412592560979e+01
-5.056437932078210906e+01
-5.060239615700807292e+01
-5.069294632618605334e+01
-5.094059911349884118e+01
-5.100970583938310909e+01
-5.084371426309901665e+01
-5.087102763194354793e+01
-5.107507984996587425e+01
-5.104897231238135902e+01
-5.106366793289681283e+01
-5.112559962383156176e+01
-5.096978090717836096e+01
-5.086078955250117417e+01
-5.070304846497671747e+01
-5.098739202409123550e+01
-5.105213820918490342e+01
-5.097817011623876482e+01
-5.112500545898334536e+01
-5.110926571546769992e+01
-5.113354306197821586e+01
-5.115204366881532394e+01
-5.105468349844494469e+01
-5.100292017051825866e+01
-5.118911852477775426e+01
-5.113886707764723383e+01
-5.113435728577991313e+01
-5.115874926242051401e+01
-5.107204757131451345e+01
-5.109158903023178055e+01
-5.130899136127755611e+01
-5.126179203970406206e+01
-5.121960474386364126e+01
-5.118903091160341035e+01
-5.126752225295182086e+01
-5.116224207780020805e+01
-5.095759839270171199e+01
-5.112296707544193453e+01
-5.093704712656367661e+01
-5.080404565767801728e+01
-5.066293200056652068e+01
-5.053346772896058070e+01
-5.076163085732510183e+01
-5.100658209508220864e+01
-5.079758830521834057e+01
-5.087066088165467193e+01
-5.090810219585917196e+01
-5.079575272391007701e+01
-5.091243423576560900e+01
-5.083155271729244618e+01
-5.074507868786969311e+01
-5.077873414299939725e+01
-5.062984716865609158e+01
-5.029263558826059466e+01
-5.050452763665799694e+01
-5.013133568844437349e+01
-5.018667126659200761e+01
-5.007987272539288170e+01
-4.994552041434991452e+01
-4.996519663394392552e+01
-5.005728995005775772e+01
-5.007518436281134910e+01
-5.026364075743100557e+01
-5.055954657305455413e+01
-5.054508727229460874e+01
-5.109701946106531523e+01
-5.107644247348452637e+01
-5.148838062205712163e+01
-5.152166133185563268e+01
-5.159462668432598775e+01
-5.134351671936151007e+01
-5.138538456272781474e+01
-5.136357399228194254e+01
-5.126380386882166107e+01
-5.112163554263819520e+01
-5.094242373291626080e+01
-5.101006912944009741e+01
-5.054033602586463303e+01
-5.064982380880077528e+01
-5.060753465845792221e+01
-5.075001858552444389e+01
-5.074223375362793576e+01
-5.059498763425681034e+01
-5.047489654074138343e+01
-5.046447107141175081e+01
-5.030731753028445752e+01
-5.036911271462982853e+01
-5.042617020059434196e+01
-5.022685864187111804e+01
-5.014735794688129999e+01
-5.012750270588898616e+01
-5.014229693022818424e+01
-5.017702839159171191e+01
-5.026723633926680179e+01
-5.049877031414938955e+01
-5.058103133295625753e+01
-5.047239634239589634e+01
-5.046050231590905355e+01
-5.065325742196039016e+01
-5.077958361201714155e+01
-5.080586978412981836e+01
-5.055104971303505579e+01
-5.061120661027140244e+01
-5.064352250040580117e+01
-5.059220286016415002e+01
-5.055339737681423173e+01
-5.055729872912847611e+01
-5.043302988841639234e+01
-5.032026319359790278e+01
-5.027990846079516274e+01
-5.041034485820762967e+01
-5.064101825319914951e+01
-5.031452285863933582e+01
-5.024129880386882974e+01
-5.009664735791964318e+01
-5.014773785447179932e+01
-5.007276038710055843e+01
-5.046276722033440620e+01
-5.052286620102604076e+01
-5.052609674891566272e+01
-5.037732681690083325e+01
-5.042500308357325167e+01
-5.075031142731113931e+01
-5.087125875518728435e+01
-5.105356922482013715e+01
-5.104300027004516238e+01
-5.121631692506779387e+01
-5.106298316462640940e+01
-5.109669617580230749e+01
-5.099665317459935210e+01
-5.103562615768724697e+01
-5.116566020634419942e+01
-5.112033964106560546e+01
-5.130054893894890711e+01
-5.127381786209128478e+01
-5.129568315407741608e+01
