-5.080491930699957948e+01
-5.071326466013620404e+01
-5.019952373694064818e+01
-5.017987069779931630e+01
-5.016431600122815126e+01
-4.966842475995314743e+01
-4.956708547693367706e+01
-4.984623580219886207e+01
-4.945012744147868489e+01
-4.932201019484553228e+01
-5.004594434233282385e+01
-5.028839295221994377e+01
-5.070954523046336249e+01
-5.101733902025877399e+01
-5.131209615961292059e+01
-5.121038612467808093e+01
-5.091375006382342150e+01
-5.025180114170132128e+01
-5.043297684694919525e+01
-5.026968443174738610e+01
-5.031429047674760113e+01
-5.078025835471423477e+01
-5.049418805669128574e+01
-4.974642060668552546e+01
-4.950904621501570091e+01
-4.974246922254167202e+01
-4.895044465148141910e+01
-4.896068693988340215e+01
-4.977792934673112057e+01
-5.029250638789167738e+01
-4.978786279871938802e+01
-5.018838762618860017e+01
-5.099167340712750018e+01
-5.090301465611103993e+01
-5.026232839041345102e+01
-5.013169340393908868e+01
-5.033058075737370984e+01
-5.002284825203508944e+01
-4.956634905800358126e+01
-4.964309799531970668e+01
-5.011665332282274221e+01
-4.995085173803941814e+01
-4.986734985353172789e+01
-5.044421962857802555e+01
-5.056754651177360671e+01
-5.002019801159115531e+01
-5.022310916610663867e+01
-5.037460464397129556e+01
-5.034388411642546401e+01
-5.049481731447642119e+01
-5.057579501525195553e+01
-5.079078860596129630e+01
-5.049375556406048560e+01
-5.000771862387360045e+01
-4.988100221612000951e+01
-5.022635616930158875e+01
-4.948440439623385600e+01
-4.952653349203753663e+01
-5.024206146689144248e+01
-5.020493998938782454e+01
-5.010582138044242129e+01
-5.056185753271688554e+01
-5.081630994599269258e+01
-5.084044137740220037e+01
-5.102256007766653312e+01
-5.061816286844198487e+01
-5.072670283591928353e+01
-5.079294997983086546e+01
-5.076568854474767534e+01
-5.084473967206636758e+01
-5.152275800979072784e+01
-5.170474173858196565e+01
-5.179791809844701334e+01
-5.193250891245187972e+01
-5.170013039151838541e+01
-5.132988065600747518e+01
-5.062308445361574627e+01
-5.050456479755262507e+01
-5.006516518644008329e+01
-5.032001477781430765e+01
-5.086137157029499178e+01
-5.133099887329755262e+01
-5.043558152205548595e+01
-5.063956109517246773e+01
-5.024759799310069752e+01
-4.945142583473359821e+01
-4.953169669218432603e+01
-5.012775511031743036e+01
-4.988420401041091878e+01
-5.046280306840063190e+01
-5.100826788974658399e+01
-5.124784512324706043e+01
-5.201462034363598974e+01
-5.194452966107669312e+01
-5.155273560705384739e+01
-5.172408624811287581e+01
-5.140657010014251682e+01
-5.091885189050506000e+01
-5.105923933251530400e+01
-5.109227226842296687e+01
-5.098673131015987536e+01
-5.064655079037851948e+01
-5.063292736445662001e+01
-5.045127814017586587e+01
-5.066873795114761947e+01
-5.062438849225911497e+01
-5.107405438495084127e+01
-5.097242499634471358e+01
-5.117487897667039221e+01
-5.122909145253672847e+01
-5.077150534796273007e+01
-5.079086959539032620e+01
-5.105828022305816916e+01
-5.083640252343688815e+01
-5.072802941228296447e+01
-5.086748001122487040e+01
-5.071328489633894776e+01
-5.044784831535592673e+01
-5.042774549823907648e+01
-5.031694193417659022e+01
-5.062817836085901746e+01
-5.059919744292227506e+01
-5.073787997895286139e+01
-5.118608259744102185e+01
-5.123516589162271373e+01
-5.114833538531653545e+01
-5.060413861920336132e+01
-5.049117655112131331e+01
-4.980543481316087195e+01
-4.998373484146275558e+01
-4.999059519451051870e+01
-5.042146096871114480e+01
-5.032748037759570536e+01
-5.090442763588774966e+01
-5.076919090054227013e+01
-5.057502142372128162e+01
-5.081838355802084095e+01
-5.084432923830303253e+01
-5.083557285291512073e+01
-5.078722916644432672e+01
-5.117336325638014927e+01
-5.057895424017694808e+01
-5.088760109719017066e+01
-5.087330839705133201e+01
-5.067764532794240040e+01
-5.046588792449013994e+01
-5.073860449942084472e+01
-5.068411445716760966e+01
-5.058591340225947164e+01
-5.074521642997906667e+01
-5.106422653236898412e+01
-5.142438645560805099e+01
-5.134648759993245903e+01
-5.160835936465571194e+01
-5.145666729528157646e+01
-5.057098780169144447e+01
-5.040344146229361399e+01
-5.082514520778357792e+01
-5.038756231130170704e+01
-5.062010137247928299e+01
-5.139159913466274077e+01
-5.129788525201455229e+01
-5.082547267808276104e+01
-5.051425520823053006e+01
-5.047056363462225193e+01
-5.036178547525490501e+01
-5.044657581505376243e+01
-5.008093274831053066e+01
-5.060423702938180668e+01
-5.080551779320428807e+01
-5.044239135199187984e+01
-5.048141218151545218e+01
-5.049767940878275141e+01
-5.037598498045307593e+01
-5.001490829523748260e+01
-5.026877190409354768e+01
-5.043821309787087159e+01
-5.053996814783259595e+01
-5.057182210541317602e+01
-5.115245722736059264e+01
-5.107764840285190644e+01
-5.090897587193936147e+01
-5.098649191130580505e+01
-5.087485890674884814e+01
-5.036715841830685747e+01
-5.072213500221146631e+01
-5.056150760656970533e+01
-5.048771404344030600e+01
-5.022508762859996523e+01
-5.017337228562484341e+01
-5.022556645815313914e+01
-5.029778597642023641e+01
-5.106933367751408070e+01
-5.106324038512363472e+01
-5.135054614516913318e+01
-5.070454187978226912e+01
-5.085440354650131667e+01
-5.008962641477570088e+01
-5.071882165441310519e+01
-5.027364585049225809e+01
-5.038171197813083069e+01
-5.003128430182047737e+01
-5.056187496445135565e+01
-5.044796302640333607e+01
-5.017684275057094823e+01
-4.987139999475103025e+01
-5.054460181280253295e+01
-5.021419021616520695e+01
-4.978522211404280284e+01
-5.067295827117242624e+01
-5.100962825710018222e+01
-5.058415682876168518e+01
-5.099060209785095310e+01
-5.160067053832931094e+01
-5.120823995582526322e+01
-5.100978342166604307e+01
-5.110327169743634101e+01
-5.075145316603614276e+01
-5.054948916160243755e+01
-5.088970466893745481e+01
-5.111755244412758969e+01
-5.114792755022679671e+01
-5.118810864832058627e+01
-5.117208994339991079e+01
-5.051639226101599434e+01
-5.085723160405487420e+01
-5.095634886814300302e+01
-5.076823158415692916e+01
-5.107792097456677993e+01
-5.170213916991941261e+01
-5.140985451990155042e+01
-5.134773846948763776e+01
-5.134113541273296022e+01
-5.092791936646974449e+01
-5.067609787963610302e+01
-5.086787963539292434e+01
-5.092097610207219560e+01
-5.097636311210807492e+01
-5.121617577615926109e+01
-5.150708018082745809e+01
-5.175010308716218788e+01
-5.160260797733593563e+01
-5.146284637561920050e+01
-5.116188604704755960e+01
-5.102796432507620494e+01
-5.057438106843824244e+01
-5.031258880806748834e+01
-5.078308777526468276e+01
-5.071220820607980784e+01
-5.058012699027982251e+01
-5.075148293269479893e+01
-5.075434664985367306e+01
-5.074017393938553511e+01
-5.130095598408462365e+01
-5.101504962015687994e+01
-5.098983883061455202e+01
-5.106185774186468507e+01
-5.085133150843461181e+01
-5.052391248744659435e+01
-5.064805581442801241e+01
-5.050031854512484131e+01
-5.049561054413410233e+01
-5.040836282887759268e+01
-5.006135868907459496e+01
-5.036099945888799567e+01
-4.976235283176391277e+01
-4.987773198904990579e+01
-4.975138262190817073e+01
-4.982968213962523407e+01
-4.956939380899986958e+01
-5.035222706835160267e+01
-5.027263673657279242e+01
-5.077589889295383330e+01
-5.128941100648385998e+01
-5.152078073558934079e+01
-5.184181185377903489e+01
-5.188024821039627454e+01
-5.220086235116041706e+01
-5.175391165722739117e+01
-5.166847263306264892e+01
-5.084522158494399946e+01
-5.089052091505936914e+01
-5.052628563340346091e+01
-5.077369608041593096e+01
-5.057479845221374148e+01
-5.103962588088852215e+01
-5.112961734382082568e+01
-5.055438641832581226e+01
-5.052595153718561960e+01
-5.064027086470210293e+01
-5.046041129016036564e+01
-5.035485016343504583e+01
-5.063558885018781552e+01
-5.042384154429714727e+01
-5.028867127812139870e+01
-5.015422377040854940e+01
-5.038337526582461123e+01
-5.021675155100086840e+01
-5.002987573944508881e+01
-5.000604461564119418e+01
-5.010078164136943712e+01
-4.990121859463177145e+01
-5.013730523218255541e+01
-5.050459693908849346e+01
-5.099149601265758491e+01
-5.106128102454305662e+01
-5.104357409016000702e+01
-5.078369939963554458e+01
-5.080191790483228687e+01
-5.056767121137670529e+01
-5.055045854371659431e+01
-5.005852533591011877e+01
-5.043871382090726740e+01
-5.048512709597931547e+01
-5.061673450895158766e+01
-5.055633620991186916e+01
-5.105607212234684056e+01
-5.042734595592551727e+01
-5.015539929121649720e+01
-4.994308241263874493e+01
-5.026435350650339728e+01
-5.022596438405145136e+01
-5.020169976135315437e+01
-5.032719831652117648e+01
-5.025021230320054144e+01
-5.003112220244018715e+01
-4.991955639014965840e+01
-5.072383467931565804e+01
-5.071853408553091214e+01
-5.080198119463077688e+01
-5.072353143136148645e+01
-5.093044977699683784e+01
-5.077678817530662059e+01
-5.102398342484364946e+01
-5.130515725500948321e+01
-5.136246910872884541e+01
-5.150218407313873570e+01
-5.134917815394620533e+01
-5.116940892676095842e+01
-5.068814909418922809e+01
-5.070878320664566274e+01
-5.082913633954967025e+01
-5.089150112818501270e+01
-5.143168895113687711e+01
-5.185948662999334147e+01
-5.188258310150917652e+01
