-5.097804853270601200e+01
-5.088807070858636905e+01
-5.036695393632867734e+01
-5.029388511629301917e+01
-5.026118368834540462e+01
-4.979484914085405478e+01
-5.006448307961042588e+01
-5.043123803029010332e+01
-4.998683627347818970e+01
-4.980013697581443921e+01
-5.064357066563052001e+01
-5.049379860085448968e+01
-5.068465830743294021e+01
-5.111518096640630660e+01
-5.148757925197253371e+01
-5.128320721072226007e+01
-5.109658975626256705e+01
-5.058449980610900809e+01
-5.059885295677285200e+01
-5.065920850727606251e+01
-5.070861321090767149e+01
-5.112713467640823239e+01
-5.083894422615776421e+01
-5.018717773228944168e+01
-4.964795553567078912e+01
-4.981754462705414710e+01
-4.902171191824768925e+01
-4.934382872387488561e+01
-5.017683332358356552e+01
-5.085382805554093721e+01
-5.038266231876974643e+01
-5.074579690592905479e+01
-5.095531359229556756e+01
-5.084764258335124509e+01
-5.018805727777431969e+01
-5.004439887771819429e+01
-5.028318132657613404e+01
-5.037987421470039351e+01
-4.997795122820363645e+01
-5.012082598653390164e+01
-5.055268208679648723e+01
-5.065063480209345670e+01
-5.053067569334746167e+01
-5.102303368837724662e+01
-5.106280188335304615e+01
-5.052606231344156384e+01
-5.040537108622756790e+01
-5.059645933185240807e+01
-5.054992629109254665e+01
-5.071703762011217975e+01
-5.086327332107716614e+01
-5.112532119216753301e+01
-5.088165717593480508e+01
-5.031709402490353256e+01
-5.008938173309799424e+01
-5.021986298579362540e+01
-4.948238112152353096e+01
-4.931825120521041583e+01
-5.009620512332185172e+01
-5.015658877513579483e+01
-5.033023855999806528e+01
-5.088568381837790611e+01
-5.114491860405596668e+01
-5.120697654254706066e+01
-5.140245716513468466e+01
-5.115095160618740522e+01
-5.116912871163246024e+01
-5.131429587258359248e+01
-5.130329062143928809e+01
-5.147731515420306891e+01
-5.189415766341129199e+01
-5.211995168475040430e+01
-5.214734716128260317e+01
-5.231927030936315504e+01
-5.184437422070141110e+01
-5.151527910827586254e+01
-5.087578855530055222e+01
-5.088893300444293999e+01
-5.040431366222517084e+01
-5.074261320560339072e+01
-5.132936702548516905e+01
-5.168895818381972163e+01
-5.105099305903789286e+01
-5.121487983725283044e+01
-5.097778582933558056e+01
-5.022091576950928271e+01
-5.032517143614720112e+01
-5.056479260882767335e+01
-5.043145551046401920e+01
-5.080730662639727058e+01
-5.131547209278220834e+01
-5.154550666978263962e+01
-5.228322588003229043e+01
-5.208279718562620531e+01
-5.188782443249726128e+01
-5.194440093339683528e+01
-5.159643498901451153e+01
-5.134198385530559250e+01
-5.168807935531175701e+01
-5.171019973743204190e+01
-5.155861323319452794e+01
-5.142472646919799217e+01
-5.128943648762164287e+01
-5.088971149126184912e+01
-5.096564909551963751e+01
-5.103672355356725632e+01
-5.123953129345983371e+01
-5.111665262354680550e+01
-5.135060475854196227e+01
-5.140905535683738492e+01
-5.093413864564055871e+01
-5.097105613377560474e+01
-5.122530883185902439e+01
-5.133507556061307753e+01
-5.117380191489949937e+01
-5.131863251064740439e+01
-5.121495424070943159e+01
-5.092925217630690327e+01
-5.073535294423795250e+01
-5.059884002395199332e+01
-5.093563033830222508e+01
-5.084324743749638742e+01
-5.112114118815318164e+01
-5.155344486954224692e+01
-5.184542993401732502e+01
-5.167561741983507062e+01
-5.131426562761212296e+01
-5.113489579804475937e+01
-5.046446918176653895e+01
-5.043105883439079662e+01
-5.062064003146790725e+01
-5.122330584551357902e+01
-5.112364412168558658e+01
-5.155813838062804422e+01
-5.141655230916019548e+01
-5.114503040790172150e+01
-5.106996969013579957e+01
-5.128063597365967752e+01
-5.123890884053867012e+01
-5.130856549463977956e+01
-5.172017414953990766e+01
-5.110264903774664447e+01
-5.110319260078968284e+01
-5.116339526229675272e+01
-5.111504602689546317e+01
-5.076337308228655587e+01
-5.107768414741882168e+01
-5.106002815059689226e+01
-5.092947176936566933e+01
-5.079838259184515437e+01
-5.091095979838899410e+01
-5.122436895471288665e+01
-5.109997142380716895e+01
-5.156115891061593004e+01
-5.153283746674357957e+01
-5.108576185493680555e+01
-5.102883251475837767e+01
-5.154352609969453880e+01
-5.104630111547945859e+01
-5.129483382861270968e+01
-5.186552739782984389e+01
-5.172271345349069804e+01
-5.115605944131421268e+01
-5.106095838859091174e+01
-5.103877431962750677e+01
-5.104351011079828737e+01
-5.107856678321198274e+01
-5.095125242475528893e+01
-5.113660408809660396e+01
-5.138366365226040955e+01
-5.067285292124230978e+01
-5.078671649435099056e+01
-5.069600092689628212e+01
-5.063716874894173259e+01
-5.020290744960562535e+01
-5.070412608206962091e+01
-5.079164073819320180e+01
-5.082359283372759506e+01
-5.077834318794726443e+01
-5.117747673195497526e+01
-5.124808747651363205e+01
-5.109224709885762650e+01
-5.116627726065910053e+01
-5.114924563328504803e+01
-5.102973690422041386e+01
-5.122046756283431534e+01
-5.119662381093186099e+01
-5.137122937030965630e+01
-5.103688293177508939e+01
-5.070871517540570039e+01
-5.100850023621174500e+01
-5.063992813445800323e+01
-5.116326165040446483e+01
-5.136416417935194545e+01
-5.178918765751501496e+01
-5.110461133257211230e+01
-5.159724908547716637e+01
-5.064854899810663369e+01
-5.102194819061225672e+01
-5.040573786297091630e+01
-5.033353319166783990e+01
-5.006186475183810103e+01
-5.070047512449293947e+01
-5.080044501342477048e+01
-5.111318836344820227e+01
-5.090379271355839563e+01
-5.141609001212043495e+01
-5.117234651249017929e+01
-5.050908763202738783e+01
-5.086891866235820459e+01
-5.122795353397833651e+01
-5.082403520344557535e+01
-5.118087996322458366e+01
-5.174651256971952051e+01
-5.137143724849941151e+01
-5.104422097319168472e+01
-5.128795601793371617e+01
-5.080587760928758456e+01
-5.064885698242952117e+01
-5.090834521783635580e+01
-5.122701861605451512e+01
-5.116064113147755421e+01
-5.138034103666684871e+01
-5.133168592239334771e+01
-5.070590331825762576e+01
-5.078134935048318255e+01
-5.079266085832383482e+01
-5.063229837974334657e+01
-5.102437514201324120e+01
-5.173358723144183102e+01
-5.161445789707173049e+01
-5.153413938948281725e+01
-5.148986154880545740e+01
-5.112740726691061610e+01
-5.088590772467575363e+01
-5.117094890365894599e+01
-5.130321225833153420e+01
-5.135152277359378559e+01
-5.165584918692465521e+01
-5.196668062235816876e+01
-5.208559283536289541e+01
-5.195060850083484638e+01
-5.177720312080034404e+01
-5.134803272484014514e+01
-5.114933263510260986e+01
-5.071356071874834015e+01
-5.047351548010739464e+01
-5.122539751071666814e+01
-5.116995154134068002e+01
-5.113464648920996325e+01
-5.121763666065629650e+01
-5.137253959765300948e+01
-5.118970032199447218e+01
-5.166521678514170191e+01
-5.114690704489215989e+01
-5.122892714057703500e+01
-5.108794192730549355e+01
-5.076385484402782566e+01
-5.043939491256020347e+01
-5.064440712729987837e+01
-5.052300641823168803e+01
-5.050229434791260275e+01
-5.021050526753452914e+01
-5.025133630828506170e+01
-5.066639129691262156e+01
-5.006629612267320084e+01
-5.024726811234233992e+01
-5.036281854429524429e+01
-5.011739445413056160e+01
-4.970225831018908025e+01
-5.041800188627939150e+01
-5.031933059712479661e+01
-5.084392156690802267e+01
-5.122483430950077121e+01
-5.150376392883136134e+01
-5.170466704058763696e+01
-5.162617269276558574e+01
-5.191081930480144990e+01
-5.169286165181961223e+01
-5.179626154523399606e+01
-5.110523262948090206e+01
-5.126141115978968088e+01
-5.084462536894805851e+01
-5.095944819009108784e+01
-5.076048970088420020e+01
-5.120167884331316088e+01
-5.121066134834200057e+01
-5.078412452395008359e+01
-5.081777597631077725e+01
-5.085833585370396293e+01
-5.080664797949612677e+01
-5.079585845276363187e+01
-5.098417647092828275e+01
-5.072724467982166630e+01
-5.045460781884047918e+01
-5.030721069272794210e+01
-5.028264508513544939e+01
-5.015381511084456889e+01
-5.015789936841025565e+01
-5.023691124846347833e+01
-5.022767857297085925e+01
-5.022899859044826343e+01
-5.045681529299322676e+01
-5.070864232487323164e+01
-5.114210327214089347e+01
-5.138183899019382750e+01
-5.137822241859070260e+01
-5.104852522417772320e+01
-5.102357905106475755e+01
-5.069142316778835067e+01
-5.065307016386000782e+01
-5.016579779058518085e+01
-5.054069641915454270e+01
-5.070544966151503985e+01
-5.081907897714643951e+01
-5.081595013655592652e+01
-5.144801698370316956e+01
-5.092394795382050177e+01
-5.056561143987307361e+01
-5.049760506997032650e+01
-5.049923217732289515e+01
-5.032424883514806169e+01
-5.044707266888127606e+01
-5.043019368575001238e+01
-5.017290599572761067e+01
-5.008631079910968253e+01
-5.002743181400558115e+01
-5.060179437868199415e+01
-5.071078327858307944e+01
-5.086318206251423391e+01
-5.072963636520138664e+01
-5.099030756782839546e+01
-5.087121867685392829e+01
-5.105941170603807677e+01
-5.121786518335854055e+01
-5.136672890223862709e+01
-5.139028121056804821e+01
-5.136177454776708373e+01
-5.108821697491474367e+01
-5.085573059423560949e+01
-5.090970987545057369e+01
-5.098596522271697751e+01
-5.112727998507246241e+01
-5.170709730178950281e+01
-5.208618173624675762e+01
-5.209692434055344279e+01
