7.156477564202721453e+01
7.294630638176127491e+01
7.404400617230963633e+01
7.300227371798166587e+01
7.277931995998437742e+01
7.276803940931125680e+01
7.050647983956177711e+01
6.897101857168750882e+01
6.765629111625844416e+01
6.597911512823694125e+01
6.482442964641361982e+01
6.364466261617914711e+01
6.348712419794457418e+01
6.355496935057908559e+01
6.391996371013387090e+01
6.385822427236257681e+01
6.441746433658143189e+01
6.467720105684304599e+01
6.487923358893367265e+01
6.516610787324273701e+01
6.548234514027802788e+01
6.583905931681913160e+01
6.507870812875125921e+01
6.518540789044301675e+01
6.646742923921596002e+01
6.632911946231564571e+01
6.669805833651250282e+01
6.873175362304125713e+01
6.995894994344973838e+01
6.991409093683346043e+01
7.021834150712379596e+01
7.058178049102433249e+01
7.003847508450975567e+01
6.840465588482274484e+01
6.847789619320087695e+01
6.835729243145293310e+01
6.804372779232902246e+01
6.646504188983413997e+01
6.562420493775998409e+01
6.339302507542249288e+01
6.392263191227308283e+01
6.352443317551396973e+01
6.462038604433247713e+01
6.491688610147636496e+01
6.521391165460872230e+01
6.398182829728006027e+01
6.293133802989139269e+01
6.080087310756478303e+01
5.955852678651731225e+01
5.789281759145632833e+01
5.680153799657392710e+01
5.581014477653078387e+01
5.582370312151185487e+01
5.645553171067134457e+01
5.872576606738351046e+01
6.030592131445845894e+01
6.187111383842359658e+01
6.306624354688782574e+01
6.553702707677234685e+01
6.632896065719464218e+01
6.851271711001515996e+01
6.964567491001001542e+01
7.109517073260421682e+01
6.913250651011068726e+01
6.710176772300081893e+01
6.468060005957936198e+01
6.363528372984541903e+01
6.119373398679390874e+01
5.919217377642596034e+01
6.010080836269933968e+01
6.019954038372821259e+01
6.070158574830518461e+01
6.118698717185768032e+01
6.275431178232349794e+01
6.178802436685626986e+01
6.031799535487232333e+01
5.846392813111983600e+01
5.862182018169594500e+01
5.899092704753374505e+01
6.028916419504931667e+01
6.205923888489896001e+01
6.501538728272001322e+01
6.571542607322183471e+01
6.691289854873450338e+01
6.889392818095413418e+01
7.051874885830594053e+01
7.182282849147961201e+01
7.306982303899236797e+01
7.382568467787699262e+01
7.370683270196035153e+01
7.319826383203833586e+01
7.176047411923933339e+01
7.078972836122331103e+01
7.149962406399623660e+01
6.946025187411211732e+01
6.884166282252964209e+01
6.755098764185302684e+01
6.683757027799819639e+01
6.608330046516439893e+01
6.603020416214744159e+01
6.509240946180881338e+01
6.487013112836119433e+01
6.487739421754882585e+01
6.391061649784706589e+01
6.647757767194323719e+01
6.827903938979696363e+01
6.976503481435668164e+01
7.322211588272281801e+01
7.688873713718697900e+01
7.793980012618411024e+01
7.801673797855288228e+01
7.827109863855788774e+01
7.642442604644527648e+01
7.549364876067015473e+01
7.563099179984534715e+01
7.771248108707544588e+01
8.085015915741945491e+01
8.273993782904057070e+01
8.179167852134801819e+01
8.243458368996090257e+01
8.245147291315436178e+01
8.069336107340825492e+01
7.989393653034376541e+01
8.084285546034948311e+01
7.858104479657323793e+01
7.553841307453618015e+01
7.366755593231582111e+01
7.312919076019090880e+01
7.181762222295540710e+01
7.210200186243463349e+01
7.297573655189422936e+01
7.449420283527371112e+01
7.528721280778160008e+01
7.526106201099185000e+01
7.547548405136282668e+01
7.517247483475779291e+01
7.388373120524086346e+01
7.137340747957254905e+01
7.014552055132040209e+01
6.771273852885911992e+01
6.626172514794373569e+01
6.415642619784206602e+01
6.338054412038816565e+01
6.271309740314859482e+01
6.332773463305561990e+01
6.445854159900231650e+01
6.554966167344861105e+01
6.712541799416796096e+01
6.828571237780749925e+01
7.084806536709817237e+01
7.245305491616977633e+01
7.474945629979643513e+01
7.689098399509876458e+01
7.858484537705959383e+01
7.789609717465904737e+01
7.868575277025924208e+01
7.879787038084843687e+01
7.697593331804617378e+01
7.614903633453484133e+01
7.663928333581681329e+01
7.517652130097430074e+01
7.398358829259626646e+01
7.387925440001481547e+01
7.318618409800180302e+01
7.114928056069092577e+01
6.941203750507182235e+01
6.920053845377402979e+01
6.895580439043679633e+01
6.925130773765459935e+01
6.935226626544428541e+01
6.848860904456063281e+01
6.703372417665842420e+01
6.565043671549791782e+01
6.463038532456704388e+01
6.380617376034561516e+01
6.587291797507901947e+01
6.639756960292332622e+01
6.715300732077908208e+01
6.738581917760181739e+01
6.934292611227355962e+01
6.879373519529971759e+01
6.917143280267450223e+01
7.004158551986384396e+01
7.134666340628245962e+01
7.069412603411491602e+01
7.124607325261554536e+01
7.328921471267167931e+01
7.333812808101183123e+01
7.251550974295523133e+01
7.285872649383948385e+01
7.294181901527227296e+01
7.257476031817819262e+01
7.374117219165384540e+01
7.511921495821678718e+01
7.572103797331833164e+01
7.735301394952693954e+01
7.951252591576987072e+01
8.023370062533733460e+01
8.144008571639358252e+01
8.160404879531249378e+01
8.208543100410525994e+01
8.134624848137929121e+01
8.108194960443005073e+01
8.028278641358114953e+01
8.202329540617640191e+01
8.064859424895465168e+01
7.915473057093410603e+01
7.874810542662125101e+01
7.766316987426094443e+01
7.567145405882939713e+01
7.462164430994923237e+01
7.350849847302404783e+01
7.216517424783449997e+01
7.055595953939257470e+01
6.828092377752381026e+01
6.678778824395890013e+01
6.583921539569715264e+01
6.406018169068960333e+01
6.328537722211456185e+01
6.314546971314535284e+01
6.280419519604937051e+01
6.384070004259059061e+01
6.633047400563013696e+01
6.971245773552783476e+01
7.166278796595733525e+01
7.471036451831145087e+01
7.796646883841795272e+01
7.999764411673386633e+01
8.090934368646800579e+01
8.234485834286331851e+01
8.261740354897115424e+01
8.237464971302931360e+01
8.326146520370251380e+01
8.268782089735657337e+01
8.195360305672286927e+01
8.010431225707272063e+01
7.767159352774639558e+01
7.595566022679371088e+01
7.715980856217387895e+01
7.729640370034786656e+01
7.945169341326682400e+01
8.135734514582033228e+01
7.999852626331458794e+01
7.871441286242276192e+01
7.794663199835667911e+01
7.686080681554884109e+01
7.651512972723114103e+01
7.547564467354241913e+01
7.414416082984431000e+01
7.507984358684211657e+01
7.594338217445051953e+01
7.509342189959497205e+01
7.670143471275395086e+01
7.804574179350098007e+01
7.818386378568177975e+01
7.880133165944612017e+01
8.012274622523699463e+01
8.266722212982119800e+01
8.459087416420840100e+01
8.344483506863902278e+01
8.324223065506325270e+01
8.162574574098015034e+01
7.923261565731826295e+01
7.658247287147449356e+01
7.717903108064074047e+01
7.580609316226129124e+01
7.487504274890530098e+01
7.238877767385693573e+01
6.973735270753044801e+01
6.743267427251322488e+01
6.570212368004504810e+01
6.517914026236593372e+01
6.677207676435186556e+01
6.803789776810641854e+01
7.016495711620562759e+01
7.372648884457987606e+01
7.667899916299762708e+01
7.952566071097183453e+01
8.362230927370913491e+01
8.535056029106881681e+01
8.521869077911405554e+01
8.689479017602043598e+01
8.621242575208341918e+01
8.336124989092311921e+01
8.274314172956195534e+01
8.169625972954554527e+01
7.898454363393769029e+01
7.640544999759174516e+01
7.587685875011995051e+01
7.419797752476327446e+01
7.268106454585304732e+01
7.092627190216398958e+01
7.077730646563210826e+01
7.042218740702018920e+01
7.031082371833053912e+01
7.013964794374052758e+01
7.111728208290558939e+01
7.166420331905055718e+01
7.133025389221822365e+01
7.048502650389785629e+01
7.006860923928813634e+01
6.944792373854750167e+01
6.946228907969533850e+01
7.008779780491261135e+01
7.113958372260449892e+01
7.263186837713119814e+01
7.307730645187687912e+01
7.333145225218179064e+01
7.375761023568708197e+01
7.425675003450794520e+01
7.492969135780678869e+01
7.427963574082806986e+01
7.402851699118798479e+01
7.314300542818936890e+01
7.162630652566721778e+01
7.012506768790279921e+01
7.039779156885148836e+01
6.928388209921183716e+01
6.821036336825282831e+01
6.856979124631558875e+01
6.879587609205925958e+01
6.929377816955584990e+01
7.026505918221297975e+01
7.116600548221836675e+01
7.181839839086265442e+01
7.335439135253750464e+01
7.388174177946734744e+01
7.492912909305822211e+01
7.766132554922793929e+01
8.095129001121165402e+01
8.313230597031314062e+01
8.545809822482874551e+01
8.825779816987208903e+01
9.054883502115330884e+01
9.020652755117821187e+01
8.873147865121291034e+01
8.858717498237317045e+01
8.727087804052499109e+01
8.465602409415086527e+01
8.229914078174375902e+01
8.137877271046444605e+01
7.775493525802889394e+01
7.510096425082525684e+01
7.400820431043138115e+01
7.382810341183949276e+01
7.410789299924283569e+01
