1.431557029718533158e-05
1.919746500789187849e-05
2.416681854811031371e-05
2.099400080624036491e-05
1.403389069309923798e-05
4.255377007211791351e-06
2.493282636351068504e-06
1.698087999102426693e-06
2.079670821331092156e-06
2.907381031036493368e-06
5.791958756162784994e-06
6.711636615364113823e-06
1.024359607981750742e-05
1.860772317741066217e-05
1.928574965859297663e-05
2.522703107388224453e-05
1.927711127791553736e-05
8.242309377237688750e-06
4.612039901985554025e-06
3.458877017692429945e-06
3.447345534368650988e-06
4.547334356175269932e-06
6.142806796560762450e-06
2.836631210811901838e-06
1.047690238920040429e-05
1.345683176623424515e-05
2.214308551629073918e-05
2.045089058810845017e-05
1.704689930193126202e-05
1.089269608200993389e-05
4.398892542667454109e-06
6.179623596835881472e-06
3.895095233019674197e-06
4.248560799169354141e-06
5.433376372820930555e-06
6.003063845128053799e-06
9.724162737256847322e-06
1.616916233615484089e-05
3.256648415117524564e-05
2.092173417622689158e-05
1.792028706404380500e-05
9.200974091072566807e-06
3.197842943336581811e-06
3.609221039369003847e-06
3.751631311388337053e-06
3.847124844469362870e-06
7.726498552074190229e-06
9.059574949787929654e-06
1.483739470131695271e-05
1.783422158041503280e-05
2.753934495558496565e-05
2.727629544096998870e-05
2.068440880975686014e-05
5.119490197103004903e-06
2.742146079981466755e-06
2.984243565151700750e-06
1.866125217020453420e-06
3.401247113288263790e-06
5.129679266246967018e-06
8.559277375752571970e-06
1.356501434202073142e-05
1.578506999067030847e-05
3.056057903449982405e-05
2.646422035468276590e-05
1.711497316136956215e-05
7.624926638527540490e-06
2.981659008582937531e-06
3.075527274631895125e-06
3.003468691531452350e-06
2.801740492941462435e-06
2.535398380132392049e-06
4.867463758273515850e-06
1.086871088773477823e-05
1.860169504652731121e-05
2.046790177701041102e-05
2.054099059023428708e-05
1.681963658484164625e-05
6.613796358578838408e-06
2.043478389168740250e-06
1.665711579335038550e-06
2.275173756061121821e-06
3.412665137147996575e-06
4.554479346552398056e-06
5.825198968523181975e-06
8.107233043119776994e-06
2.222063085355330259e-05
2.353699528612196445e-05
2.294835030625108629e-05
1.449169303668895736e-05
1.875114776339614764e-06
4.972308715878170915e-07
9.912956784319248982e-07
1.268569008061604109e-06
2.583049990789731964e-06
4.084737156517803669e-06
7.580739293189253658e-06
1.753040305629838258e-05
1.961967245733831078e-05
2.583068271633237600e-05
2.400058656348846853e-05
1.114152564696269110e-05
2.002619339691591449e-06
1.914054109874996357e-06
1.993537580347037874e-06
2.278354713780572638e-06
3.461422920736367814e-06
3.049036195079679601e-06
4.983767666999483481e-06
1.103027989302063361e-05
2.203068834205623716e-05
2.353855597903020680e-05
2.175633926526643336e-05
6.123657840362284333e-06
1.775263399395043962e-06
1.076667444976919796e-06
6.157285952212987468e-07
8.414560852543218061e-07
1.586025291544501670e-06
2.497312380000948906e-06
3.222594841645332053e-06
1.281089589610928670e-05
1.089298348233569413e-05
2.095592572004534304e-05
2.037746708083432168e-05
1.138311108661582693e-05
3.225050704713794403e-06
1.351809146399318706e-06
6.778068382118362933e-07
9.237084555024921428e-07
1.994303374885930680e-06
3.670520072773797438e-06
5.549244633584748954e-06
1.180776234832592309e-05
2.178705653932411224e-05
1.953738501470070332e-05
2.312350261490792036e-05
1.035515288094757125e-05
1.616766326151264366e-06
1.153517473539977800e-06
2.077182216453365982e-06
2.556381105023319833e-06
1.933470684889471158e-06
3.284490730948164128e-06
4.825182259082794189e-06
1.075924410542938858e-05
2.309836600034032017e-05
2.250432589789852500e-05
2.237533772131428123e-05
1.322529715253040195e-05
7.501668278564466164e-06
1.127404175349511206e-06
8.832585649543034378e-07
1.486688233853783458e-06
2.254766968690091744e-06
3.599775254770065658e-06
2.455672074574977160e-06
6.876946372358361259e-06
1.818442433432210237e-05
1.948706267285160720e-05
1.792804323486052454e-05
7.185697540990076959e-06
4.630091098078992218e-06
2.726463435465120710e-06
3.223573912691790611e-06
2.704999360503279604e-06
3.757106924240360968e-06
6.245887561817653477e-06
5.517576028069015592e-06
1.077315027941949666e-05
1.409906144544947892e-05
2.198725451307836920e-05
1.827212872740346938e-05
9.017536285682581365e-06
6.455529273807769641e-06
3.906797246600035578e-06
4.143448677496053278e-06
6.705905889248242602e-06
6.463116278609959409e-06
9.396258974447846413e-06
1.063329000317025930e-05
1.420550961483968422e-05
2.278842475789133459e-05
2.552235673647373915e-05
2.290517659275792539e-05
9.570185284246690571e-06
7.466632723662769422e-06
8.041996807151008397e-06
4.858727152168285102e-06
6.509644663310609758e-06
7.309649845410604030e-06
6.240831226023146883e-06
7.649536200915463269e-06
1.556930874357931316e-05
1.563188925501890481e-05
2.454541572660673410e-05
2.434862472000531852e-05
1.686461291683372110e-05
1.015449561236891896e-05
6.554141691594850272e-06
5.389432772062718868e-06
5.681305083271581680e-06
4.892595825367607176e-06
8.965565029939170927e-06
8.529552360414527357e-06
1.536165291327051818e-05
2.356814911763649434e-05
1.691354736976791173e-05
2.524496630940120667e-05
2.555340506660286337e-05
8.472624358546454459e-06
5.746140686824219301e-06
5.634828085021581501e-06
6.324999958451371640e-06
8.719001925783231854e-06
4.647007699531968683e-06
9.824900189414620399e-06
1.823100501496810466e-05
2.159739779017399997e-05
1.839509786805137992e-05
2.242311165900900960e-05
1.920866452564951032e-05
1.016575333778746426e-05
8.356032594747375697e-06
7.303537131519988179e-06
8.103877917164936662e-06
5.857437372469576076e-06
7.616994025738677010e-06
8.813670319796074182e-06
1.496860295446822420e-05
1.913592495839111507e-05
2.432357541692908853e-05
1.921749390021432191e-05
2.408896398264914751e-05
2.008766932704020292e-05
1.272026020160410553e-05
1.009301013255026191e-05
6.689202109555481002e-06
9.755314749781973660e-06
9.456271982344333082e-06
1.025655001285485923e-05
1.782359504431951791e-05
1.948529097717255354e-05
2.594507532194256783e-05
2.918422615039162338e-05
2.385509469604585320e-05
1.615386099729221314e-05
1.371568032482173294e-05
1.315234840149059892e-05
1.317281930823810399e-05
1.376543150399811566e-05
1.465497189201414585e-05
1.443910423404304311e-05
1.372373208141652867e-05
1.931178667291533202e-05
2.606159978313371539e-05
2.447205224598292261e-05
2.188298458349891007e-05
2.093717375828418881e-05
1.284272821067133918e-05
1.295840866077924147e-05
1.155178233602782711e-05
1.128418261941988021e-05
1.020435411192011088e-05
1.359586622129427269e-05
1.536117997602559626e-05
2.421571116428822279e-05
2.396256059000734240e-05
2.790520193229895085e-05
3.547325104591436684e-05
2.231937651231419295e-05
1.724888352327980101e-05
1.381434776703827083e-05
1.208422781928675249e-05
1.304088891629362479e-05
1.562305442348588258e-05
1.273115140065783635e-05
1.464520119043299928e-05
2.638873957039322704e-05
2.600360312499105930e-05
2.903964923461899161e-05
2.435803435218986124e-05
2.840339220711030066e-05
1.692044679657556117e-05
1.102445639844518155e-05
7.990772246557753533e-06
1.015818543237401173e-05
9.773863894224632531e-06
1.167384925793157890e-05
1.129488191509153694e-05
2.411336936347652227e-05
2.232865699625108391e-05
2.530092569941189140e-05
3.050706436624750495e-05
2.156819573428947479e-05
1.340476319455774501e-05
9.296170901507139206e-06
8.802604497759602964e-06
1.257364601769950241e-05
9.866917025647126138e-06
1.477932255511404946e-05
2.206714998465031385e-05
2.607830174383707345e-05
2.063497413473669440e-05
2.836026214936282486e-05
2.267404670419637114e-05
1.949686156876850873e-05
1.475396766181802377e-05
9.059007425094023347e-06
1.014777444652281702e-05
1.141009215643862262e-05
1.130964210460660979e-05
1.639642687223386019e-05
1.579197487444616854e-05
2.215600943600293249e-05
2.782118281174916774e-05
2.072358438454102725e-05
2.499972652003634721e-05
2.215197491750586778e-05
1.380928642902290449e-05
9.359101568406913429e-06
1.007864739221986383e-05
9.282349310524296016e-06
1.048370995704317465e-05
1.285679445572895929e-05
1.586883627169299871e-05
2.189439146604854614e-05
2.572873199824243784e-05
3.120960536762140691e-05
2.482166200934443623e-05
1.939218418556265533e-05
1.311076357524143532e-05
1.121806872106390074e-05
1.209651236422359943e-05
1.209173751703929156e-05
1.219669047713978216e-05
1.020077615976333618e-05
1.402105499437311664e-05
2.026758738793432713e-05
2.892604788939934224e-05
2.747860344243235886e-05
2.447900442348327488e-05
1.823838647396769375e-05
1.688954944256693125e-05
1.390450597682502121e-05
1.601352050784043968e-05
1.556545430503319949e-05
1.983148649742361158e-05
1.356315351586090401e-05
2.120803765137679875e-05
1.834069007600191981e-05
2.302078246430028230e-05
2.625860543048474938e-05
2.503149516996927559e-05
2.348675116081722081e-05
2.054356627922970802e-05
1.291758690058486536e-05
1.303834687860216945e-05
1.271154724236112088e-05
1.186190638691186905e-05
1.367500317428493872e-05
1.049965067068114877e-05
2.386712549196090549e-05
2.784460775728803128e-05
2.797274464683141559e-05
3.115611252724193037e-05
1.955294646904803813e-05
1.385818268317962065e-05
1.691276884230319411e-05
1.009806783258682117e-05
9.374334695166908205e-06
9.551511539029888809e-06
1.392612375639146194e-05
1.307298771280329674e-05
2.017735823756083846e-05
2.323318949493113905e-05
2.962178950838278979e-05
2.907232010329607874e-05
2.724592923186719418e-05
1.192073978018015623e-05
7.179033218562835827e-06
4.943437943438766524e-06
4.499807346292072907e-06
6.929621122253593057e-06
1.384879305987851694e-05
1.415054612152744085e-05
2.117565963999368250e-05
2.602956737973727286e-05
2.859943015209864825e-05
2.516671520425006747e-05
1.187540874525438994e-05
6.760319138265913352e-06
4.903414264845196158e-06
4.012375484307995066e-06
6.019922238920116797e-06
6.127750111772911623e-06
6.473040684795705602e-06
1.956261257873848081e-05
2.439881063764914870e-05
2.328489063074812293e-05
2.719354779401328415e-05
1.972581230802461505e-05
8.506636731908656657e-06
4.339667611930053681e-06
2.636365252328687347e-06
2.490151928213890642e-06
3.457123739281087182e-06
4.591420292854309082e-06
5.572138888965127990e-06
1.092639467970002443e-05
1.622924901312217116e-05
2.088698784064035863e-05
2.739564115472603589e-05
1.388585496897576377e-05
9.030841283674817532e-06
9.850308515524375252e-07
9.702786201160051860e-07
1.015393991110613570e-06
1.793338810784916859e-06
4.096368684258777648e-06
5.145789145899470896e-06
9.137275810644496232e-06
1.663314105826430023e-05
2.295763806614559144e-05
1.925853030115831643e-05
1.524848903500242159e-05
9.831415809458121657e-06
3.119584789601503871e-06
1.851169258770823944e-06
2.098803633998613805e-06
4.310117674322100356e-06
3.507213250486529432e-06
5.412192876974586397e-06
9.664084245741833001e-06
1.894607521535363048e-05
2.122188379871658981e-05
2.604901237646117806e-05
1.637959940126165748e-05
8.896615327103063464e-06
2.258426093248999678e-06
7.665393013667198829e-07
6.891532962072233204e-07
1.596969468664610758e-06
2.857408162526553497e-06
7.226170055218972266e-06
1.169838196801720187e-05
1.632179737498518080e-05
2.806645898090209812e-05
2.017263068410102278e-05
1.230425368703436106e-05
2.412776666460558772e-06
9.715040505398064852e-07
9.063838888323516585e-07
1.180102458420151379e-06
2.658405264810426161e-06
2.875473910535220057e-06
5.363887339626671746e-06
1.058808356901863590e-05
1.767165667843073606e-05
2.116382529493421316e-05
2.726431557675823569e-05
1.049661750585073605e-05
5.287512522045290098e-06
4.927804866383667104e-07
7.110253932296473067e-07
6.186515975059592165e-07
9.980534514397731982e-07
2.579963620519265532e-06
3.317128175694961101e-06
1.071293172572040930e-05
1.755885386955924332e-05
2.278566171298734844e-05
1.130493365053553134e-05
2.680683110156678595e-06
5.989430746922153048e-07
6.938265073586080689e-07
5.373461817725910805e-07
9.113158512263908051e-07
1.604324779691523872e-06
1.874923100331216119e-06
4.347223239165032282e-06
1.006361708277836442e-05
1.773431904439348727e-05
2.201055576733779162e-05
1.924581738421693444e-05
7.978455869306344539e-06
5.203115733820595779e-07
6.033627641954808496e-07
7.295458317457814701e-07
1.308065407101821620e-06
1.810468233998108190e-06
3.686996933538466692e-06
6.245464192033978179e-06
1.019741557684028521e-05
1.562301986268721521e-05
1.591996806382667273e-05
2.074559415632393211e-05
7.073233518894994631e-06
8.052331850194605067e-07
7.392730481114995200e-07
5.890335614822106436e-07
1.028940459946170449e-06
1.370502445752208587e-06
2.672336904652183875e-06
3.234951236663619056e-06
1.378114302497124299e-05
1.759622318786568940e-05
1.911415711219888180e-05
2.337837213417515159e-05
1.193012849398655817e-05
6.542082246596692130e-06
7.678843303438043222e-07
6.204023748068721034e-07
7.053328090478316881e-07
1.204171098834194709e-06
2.809963916661217809e-06
2.865961278075701557e-06
1.018306465994101018e-05
2.194101034547202289e-05
2.058680183836258948e-05
2.336328179808333516e-05
1.201002032757969573e-05
6.499129540316062048e-06
2.238017486888566054e-06
1.151709625446528662e-06
1.566698983879177831e-06
3.686719082907075062e-06
5.038606104790233076e-06
1.244438499270472676e-05
1.321064610237954184e-05
1.708754643914289773e-05
2.449085513944737613e-05
3.008468411280773580e-05
1.386593430652283132e-05
1.152256845671217889e-05
4.149052529101027176e-06
2.088052951876306906e-06
3.152340241285855882e-06
3.764760549529455602e-06
4.831959358853055164e-06
7.312143225135514513e-06
1.468338359700283036e-05
2.611434683785773814e-05
3.049588121939450502e-05
2.454115383443422616e-05
2.640924503793939948e-05
9.135773325397167355e-06
7.949428436404559761e-06
4.148416337557137012e-06
3.147310053464025259e-06
3.097267835983075202e-06
5.776994385087164119e-06
8.227443686337210238e-06
1.125427024817327037e-05
1.788444205885753036e-05
2.652528928592801094e-05
2.242171285615768284e-05
1.734977013256866485e-05
1.070622602128423750e-05
6.742270215909229591e-06
4.141701538173947483e-06
4.203845037409337237e-06
4.217423338559456170e-06
5.096938366477843374e-06
7.200888376246439293e-06
1.457545931771164760e-05
1.698741652944590896e-05
2.179471266572363675e-05
2.579911233624443412e-05
1.041751238517463207e-05
5.001916633773362264e-06
3.079523139604134485e-06
2.124666934832930565e-06
2.987334028148325160e-06
3.691164693009341136e-06
5.190577212488278747e-06
1.032846921589225531e-05
1.190472266898723319e-05
2.269181095471139997e-05
2.160155236197169870e-05
2.719088115554768592e-05
1.289922420255606994e-05
1.132096986111719161e-05
5.375493856263346970e-06
5.206484729569638148e-06
6.375637894961982965e-06
7.005292900430504233e-06
6.941515948710730299e-06
8.215792149712797254e-06
1.377862918161554262e-05
2.238556044176220894e-05
1.988892472581937909e-05
2.162812961614690721e-05
1.439370225853053853e-05
1.088741373678203672e-05
9.906312698149122298e-06
1.060740851244190708e-05
6.822669092798605561e-06
9.248343303625006229e-06
1.096291452995501459e-05
1.091250032914103940e-05
1.136574155680136755e-05
2.998987292812671512e-05
2.639038757479283959e-05
2.224324634880758822e-05
2.556996514613274485e-05
1.342442374152597040e-05
1.141978555097011849e-05
7.758364517940208316e-06
1.113647067541023716e-05
9.771103577804751694e-06
9.509251867712009698e-06
1.044595774146728218e-05
1.185092878586146981e-05
1.630021142773330212e-05
2.076805867545772344e-05
2.316704740223940462e-05
2.270750155730638653e-05
1.768671063473448157e-05
1.022805645334301516e-05
1.037242509482894093e-05
8.556667125958483666e-06
8.575383617426268756e-06
1.098081793315941468e-05
9.263118954550009221e-06
1.838491334638092667e-05
1.846682243922259659e-05
2.922315070463810116e-05
2.553565354901365936e-05
2.506529381207656115e-05
1.381127276545157656e-05
1.310533389187185094e-05
1.281516415474470705e-05
1.377579792460892349e-05
1.688738666416611522e-05
1.290860745939426124e-05
9.226873771694954485e-06
1.413062545907450840e-05
2.161041447834577411e-05
2.583389323262963444e-05
2.934552503575105220e-05
2.717515053518582135e-05
2.028123162745032459e-05
1.475861154176527634e-05
1.337168760073836893e-05
1.124073787650559098e-05
1.484507083659991622e-05
1.301612974202726036e-05
1.170744963019387797e-05
1.539747245260514319e-05
1.947773671417962760e-05
2.422129364276770502e-05
2.692734233278315514e-05
2.688545100681949407e-05
1.637449167901650071e-05
1.609290484338998795e-05
1.486003384343348444e-05
1.054411586665082723e-05
1.272401823371183127e-05
1.855752452684100717e-05
1.330927989329211414e-05
2.058445716102141887e-05
2.117102303600404412e-05
2.732752545853145421e-05
2.914577635237947106e-05
1.990985765587538481e-05
2.084878360619768500e-05
2.122766272805165499e-05
1.593433626112528145e-05
1.760771738190669566e-05
1.333061936747981235e-05
1.282427183468826115e-05
1.234225601365324110e-05
1.920865724969189614e-05
1.997467552428133786e-05
2.395336559857241809e-05
2.621792918944265693e-05
1.722495107969734818e-05
1.856498420238494873e-05
1.092084403353510424e-05
7.687250217713881284e-06
1.022286869556410238e-05
9.669164683145936579e-06
7.621670647495193407e-06
1.370570043945917860e-05
1.248493390448857099e-05
2.248577584396116436e-05
2.369792127865366638e-05
2.300688720424659550e-05
2.144282007066067308e-05
1.261212946701562032e-05
5.416838121163891628e-06
3.902471235051052645e-06
8.368991984752938151e-06
7.133130111469654366e-06
8.456547220703214407e-06
1.060075464920373634e-05
1.251670801138971001e-05
1.867028186097741127e-05
2.731375025177840143e-05
3.226898479624651372e-05
2.020945248659700155e-05
1.215101292473264039e-05
7.241852472361642867e-06
3.412784963074955158e-06
4.236445420247036964e-06
5.158467047294834629e-06
6.491820386145263910e-06
6.251435934245819226e-06
1.208210960612632334e-05
1.755960511218290776e-05
2.465237776050344110e-05
2.792304621834773570e-05
1.749252987792715430e-05
8.696446457179263234e-06
4.456650913198245689e-06
6.345072051772149280e-06
5.647616035275859758e-06
5.571663223236100748e-06
6.471567303378833458e-06
9.086782483791466802e-06
1.930365397129207850e-05
2.377704913669731468e-05
2.258737004012800753e-05
2.703693462535738945e-05
1.722845809126738459e-05
9.926172424457035959e-06
9.085525562113616616e-06
8.591527148382738233e-06
8.985442946141120046e-06
8.764938684180378914e-06
9.265009794034995139e-06
8.598422937211580575e-06
1.286633505515055731e-05
2.015935206145513803e-05
2.405932536930777133e-05
2.291123018949292600e-05
1.606610021553933620e-05
1.403805526933865622e-05
1.007646733341971412e-05
9.449647222936619073e-06
6.930406470928573981e-06
8.279924259113613516e-06
1.008653089229483157e-05
9.023069651448167861e-06
1.550386696180794388e-05
1.899587550724390894e-05
2.518394285289105028e-05
3.146687595290131867e-05
2.405094346613623202e-05
1.905123644974082708e-05
1.144954330811742693e-05
7.268733043019892648e-06
1.003287889034254476e-05
1.001394502964103594e-05
7.739416105323471129e-06
1.080523088603513315e-05
1.333720683760475367e-05
2.243851304228883237e-05
2.859332926163915545e-05
2.755594687187112868e-05
2.690824294404592365e-05
1.916253677336499095e-05
7.086286132107488811e-06
8.266570148407481611e-06
9.299684279540088028e-06
7.398117759294109419e-06
6.675661097688134760e-06
1.292362321692053229e-05
2.354574644414242357e-05
2.792273880913853645e-05
2.262689486087765545e-05
2.700294680835213512e-05
2.199451046180911362e-05
1.307646289205877110e-05
1.659589543123729527e-05
1.005372541840188205e-05
1.038765367411542684e-05
1.005746071314206347e-05
1.405662897013826296e-05
1.277603951166383922e-05
1.711397817416582257e-05
2.663970917637925595e-05
2.562849113019183278e-05
2.761713767540641129e-05
2.707161547732539475e-05
1.340702601737575606e-05
1.181342486233916134e-05
9.304551895183976740e-06
1.327976133325137198e-05
9.929493899107910693e-06
1.075440559361595660e-05
1.459220584365539253e-05
1.405081093253102154e-05
2.072923780360724777e-05
2.698723619687370956e-05
2.943189247162081301e-05
2.645545100676827133e-05
1.690001954557374120e-05
1.046678335114847869e-05
8.751107088755816221e-06
1.034050910675432533e-05
7.665391422051470727e-06
7.267570254043675959e-06
8.682113730174023658e-06
1.815041468944400549e-05
1.993839396163821220e-05
2.290280826855450869e-05
2.586441041785292327e-05
1.620037801330909133e-05
1.172527117887511849e-05
4.754649125970900059e-06
5.093880190543131903e-06
4.518692549027036875e-06
5.482888354890746996e-06
5.420233264885609969e-06
7.897850082372315228e-06
1.662368231336586177e-05
1.546283783682156354e-05
2.334552664251532406e-05
2.547520125517621636e-05
2.118435077136382461e-05
1.340615290246205404e-05
5.122911716171074659e-06
1.763782506714051124e-06
4.185013040114426985e-06
4.147863364778459072e-06
5.638315542455529794e-06
8.138992598105687648e-06
1.260160661331610754e-05
2.302314169355668128e-05
2.439611489535309374e-05
2.772805964923463762e-05
2.048595524684060365e-05
1.213945870404131711e-05
5.931222403887659311e-06
4.186646947346162051e-06
4.845237072004238144e-06
6.605761427636025473e-06
7.441530669893836603e-06
8.494203939335420728e-06
9.853518349700607359e-06
1.967077514564152807e-05
2.681747719179838896e-05
2.348400266782846302e-05
1.392501053487649187e-05
7.324817943299422041e-06
4.691079993790481240e-06
4.184239514870569110e-06
3.981907866545952857e-06
6.567403488588752225e-06
7.747421477688476443e-06
1.097783479053759947e-05
1.368454650219064206e-05
2.649199450388550758e-05
1.911426807055249810e-05
2.947755456261802465e-05
1.752119533193763345e-05
1.005464037007186562e-05
6.339806077448884025e-06
4.698109478340484202e-06
5.986403721180977300e-06
4.076123332197312266e-06
5.493949629453709349e-06
7.441491561621660367e-06
1.431834152754163370e-05
2.083260005747433752e-05
2.240969115518964827e-05
2.451219916110858321e-05
1.277213414141442627e-05
7.887910214776638895e-06
3.718528432727907784e-06
4.027844624943099916e-06
4.420382538228295743e-06
5.858770236955024302e-06
8.512608474120497704e-06
9.688917998573742807e-06
1.701486689853481948e-05
2.258391759824007750e-05
2.728304207266774029e-05
1.983466790989041328e-05
1.837907075241673738e-05
1.236001662618946284e-05
5.752079687226796523e-06
5.195624453335767612e-06
6.129161192802712321e-06
4.922294010611949489e-06
8.093546966847497970e-06
1.048720241669798270e-05
1.684174276306293905e-05
2.292464705533348024e-05
2.834163933584932238e-05
2.257665619254112244e-05
2.162870077881962061e-05
1.075873296940699220e-05
7.035785984044196084e-06
6.809074875491205603e-06
3.856579041894292459e-06
7.276760698005091399e-06
8.081458872766233981e-06
9.909304935717955232e-06
1.405558214173652232e-05
1.476739817007910460e-05
1.854096626630052924e-05
2.848738222382962704e-05
2.249012322863563895e-05
1.647357021283823997e-05
8.288710887427441776e-06
5.976401098450878635e-06
4.776358309754868969e-06
6.167087576613994315e-06
6.325357389869168401e-06
8.820121365715749562e-06
1.641997369006276131e-05
2.100264282489661127e-05
2.771648178168106824e-05
2.397682874288875610e-05
1.393647107761353254e-05
1.104347393265925348e-05
6.752798981324303895e-06
7.852374437788967043e-06
5.721591151086613536e-06
7.677977009734604508e-06
8.354529200005345047e-06
8.917339982872363180e-06
1.480089849792420864e-05
2.272052915941458195e-05
2.189956649090163410e-05
2.551670877437572926e-05
2.372657036175951362e-05
1.359756879537599161e-05
1.375863212160766125e-05
9.640720236347988248e-06
8.535523193131666631e-06
8.995125426736194640e-06
7.149513294280041009e-06
1.092351158149540424e-05
1.638495086808688939e-05
2.124159254890400916e-05
2.239500463474541903e-05
2.684785067685879767e-05
2.044872780970763415e-05
1.666718708293046802e-05
8.366736437892541289e-06
7.601375727972481400e-06
9.126990335062146187e-06
5.147257070348132402e-06
8.267512384918518364e-06
9.733538718137424439e-06
1.972037716768682003e-05
2.030888936133123934e-05
2.359836980758700520e-05
2.926062734331935644e-05
2.058791324088815600e-05
1.161725776910316199e-05
7.458726486220257357e-06
9.842062354437075555e-06
8.481670192850288004e-06
1.120018350775353611e-05
9.249112736142706126e-06
1.312525364483008161e-05
1.990916280192323029e-05
2.155941911041736603e-05
2.511521233827807009e-05
2.462577322148717940e-05
2.164822399208787829e-05
1.611676634638570249e-05
9.884955034067388624e-06
5.068960035714553669e-06
8.675930985191371292e-06
1.185560631711268798e-05
9.808573850023094565e-06
1.115809936891309917e-05
1.231934402312617749e-05
2.525807576603256166e-05
2.798512650770135224e-05
2.950326233985833824e-05
2.294207661179825664e-05
1.769086338754277676e-05
7.983167051861528307e-06
9.591953130438923836e-06
6.998817752901231870e-06
7.194304544100305066e-06
6.602370831387815997e-06
8.168195563484914601e-06
1.432981025573099032e-05
2.667305125214625150e-05
2.580199361545965075e-05
2.599703475425485522e-05
1.854244328569620848e-05
1.387362408422632143e-05
6.734167072863783687e-06
4.768933195009594783e-06
6.246681095944950357e-06
5.368824076867895201e-06
6.262821443669963628e-06
8.565547432226594537e-06
1.500219423178350553e-05
2.042013693426270038e-05
2.404832957836333662e-05
2.156973823730368167e-05
2.045417568297125399e-05
1.383918061037547886e-05
7.078473117871908471e-06
1.173440296042826958e-06
1.590754209246370010e-06
2.773770802377839573e-06
4.661562343244440854e-06
6.057881819288013503e-06
1.255949700862402096e-05
1.928466372191905975e-05
3.063312760787084699e-05
2.256458537885919213e-05
2.228550329164136201e-05
1.147517650679219514e-05
6.174652753543341532e-06
3.103829840256366879e-06
2.484264086888288148e-06
2.895899342547636479e-06
3.955241936637321487e-06
7.658372851437889040e-06
1.293583954975474626e-05
2.145739017578307539e-05
2.303475594089832157e-05
2.720000156841706485e-05
1.619230715732555836e-05
5.939571565249934793e-06
1.055111283676524181e-06
8.198953764804173261e-07
9.969681968868826516e-07
9.231376338902919088e-07
2.239096147604868747e-06
4.278032520232954994e-06
9.704974218038842082e-06
1.767238973116036505e-05
2.560335269663482904e-05
1.821179648686666042e-05
1.005537342280149460e-05
1.527251583866018336e-06
1.020349827740574256e-06
4.508594599883508636e-07
7.303883649001363665e-07
1.905615931718784850e-06
3.261521214881213382e-06
5.709187462343834341e-06
1.243376937054563314e-05
2.023147499130573124e-05
2.421151293674483895e-05
2.255482286273036152e-05
1.167863956652581692e-05
2.906317831730120815e-06
6.608989338019455317e-07
6.564504815287364181e-07
1.013273845273943152e-06
2.221425120296771638e-06
2.922334488175692968e-06
3.264709675931953825e-06
9.866240361589007080e-06
1.626867742743343115e-05
2.000182394112925977e-05
1.806333239073865116e-05
9.665349352871999145e-06
1.606527121111867018e-06
5.703774377252557315e-07
1.041559244185918942e-06
2.790666485452675261e-06
1.665577315179689322e-06
2.552431851654546335e-06
6.598164418392116204e-06
1.391844489262439311e-05
2.341913750569801778e-05
3.005377038789447397e-05
1.955005245690699667e-05
1.122004687204025686e-05
5.540883194043999538e-06
8.291469839605269954e-07
6.049278340469754767e-07
6.100200948822021019e-07
1.647796352699515410e-06
2.098672894135233946e-06
2.725998228925163858e-06
9.072196007764432579e-06
1.550648448755964637e-05
1.891627653094474226e-05
1.431676082574995235e-05
9.839184713200666010e-06
2.462834345351438969e-06
6.610664513573283330e-07
5.783221581623365637e-07
5.418275463853206020e-07
1.285339862988621462e-06
2.959645598821225576e-06
3.243769015170983039e-06
9.697600944491568953e-06
1.958425855264067650e-05
2.272627352795097977e-05
2.018138184212148190e-05
3.055285787922912277e-06
4.902656201011268422e-07
6.799475045227154624e-07
6.513478183478582650e-07
1.637711534385744017e-06
1.791997760847152676e-06
2.560931079642614350e-06
3.320246378279989585e-06
8.951798008638434112e-06
1.291656917601358145e-05
2.021541513386182487e-05
1.000334759737597778e-05
2.872167669920600019e-06
6.414214794858708046e-07
2.104628151755605359e-07
5.302275667418143712e-07
1.200238557430566289e-06
1.581870833433640655e-06
2.916763378379982896e-06
4.179163624939974397e-06
1.021890057018026710e-05
2.182111347792670131e-05
2.974964081658981740e-05
1.527934728073887527e-05
3.530032017806661315e-06
4.417335617290518712e-07
5.484744747263903264e-07
4.390000469811639050e-07
1.329188648924173322e-06
1.467037009206251241e-06
1.925679498526733369e-06
2.033282953561865725e-06
5.775029421783983707e-06
1.054364656738471240e-05
2.211752689618151635e-05
1.102458554669283330e-05
4.252110556990373880e-06
6.203482030286977533e-07
5.437705112854018807e-07
9.318460456597676966e-07
1.054563881552894600e-06
2.219521320512285456e-06
3.448022425800445490e-06
4.694634299085009843e-06
1.127999530581291765e-05
2.134509122697636485e-05
1.920884096762165427e-05
2.331922405574005097e-05
1.060196154867298901e-05
1.639381935092387721e-06
7.013155141066818032e-07
1.081038249139965046e-06
6.980179136917286087e-07
2.201482402597321197e-06
3.805358346653520130e-06
3.079963335039792582e-06
1.287881241296418011e-05
1.387250722473254427e-05
1.695161699899472296e-05
1.945131407410372049e-05
7.444278708135243505e-06
1.387835595778597053e-06
1.554828600092150737e-06
1.450664740332285874e-06
1.204179966407536995e-06
2.244388952021836303e-06
3.669415946205845103e-06
6.652926003880565986e-06
1.378465094603598118e-05
2.041518018813803792e-05
2.090673297061584890e-05
1.924639764183666557e-05
7.101070877979509532e-06
6.285455356191960163e-07
7.235981343001185451e-07
1.051772414939478040e-06
1.437133619219821412e-06
1.664609499130165204e-06
4.413008355186320841e-06
4.868198175245197490e-06
1.284198697248939425e-05
1.836871342675294727e-05
2.074161966447718441e-05
1.699088716122787446e-05
1.195329150505131111e-05
6.146694886410841718e-06
7.427668606396764517e-06
7.981661838130094111e-06
7.936873771541286260e-06
1.085970416170312092e-05
9.399926966580096632e-06
1.132640136347617954e-05
1.416279610566562042e-05
2.040194522123783827e-05
2.548563315940555185e-05
2.965003295685164630e-05
2.518388646421954036e-05
1.581304786668624729e-05
1.121105469792382792e-05
1.123764286603545770e-05
1.231774876941926777e-05
1.459183476981706917e-05
1.487794361310079694e-05
1.393321781506529078e-05
1.961292036867234856e-05
2.643457264639437199e-05
2.485337972757406533e-05
2.622380816319491714e-05
1.957541280717123300e-05
1.723924651741981506e-05
1.651367165322881192e-05
1.712049743218813092e-05
1.835179136833176017e-05
1.692553450993727893e-05
1.563366822665557265e-05
9.189954653265886009e-06
1.888134283944964409e-05
2.488369318598415703e-05
2.489510916348081082e-05
3.013782225025352091e-05
3.018148527189623564e-05
1.879012597783003002e-05
1.968125798157416284e-05
1.699580752756446600e-05
1.501051519881002605e-05
9.142810085904784501e-06
1.169038023363100365e-05
1.222467017214512452e-05
1.310940206167288125e-05
2.150914951926097274e-05
1.892187356133945286e-05
2.647143446665722877e-05
2.140990181942470372e-05
2.227138429589103907e-05
1.244628219865262508e-05
1.396600146108539775e-05
1.429867916158400476e-05
1.091245212592184544e-05
1.316087036684621125e-05
1.085346229956485331e-05
1.430773136235075071e-05
2.479781687725335360e-05
2.765127464954275638e-05
2.700663571886252612e-05
2.491869599907658994e-05
1.459795021219179034e-05
1.563659316161647439e-05
1.571332177263684571e-05
1.431856344424886629e-05
1.151544802269199863e-05
1.023523964249761775e-05
1.209047604788793251e-05
1.488451107434229925e-05
2.016737198573537171e-05
2.746233803918585181e-05
2.329085145902354270e-05
2.386832238698843867e-05
1.433871420886134729e-05
1.086415250028949231e-05
1.169774623122066259e-05
1.213257019117008895e-05
1.212495499203214422e-05
9.300703823100775480e-06
1.310167499468661845e-05
2.039779974438715726e-05
1.835844159359112382e-05
2.437018702039495111e-05
2.566499642853159457e-05
2.642519393702968955e-05
1.525887273601256311e-05
1.368089124298421666e-05
1.306728427152847871e-05
1.873436121968552470e-05
1.526986852695699781e-05
1.721925036690663546e-05
1.543388134450651705e-05
1.654933839745353907e-05
2.229645178886130452e-05
2.232556289527565241e-05
2.754114029812626541e-05
2.558079359005205333e-05
2.190210943808779120e-05
1.885225719888694584e-05
1.501739825471304357e-05
1.827870983106549829e-05
1.532803980808239430e-05
1.694075763225555420e-05
1.340259132120991126e-05
1.681337926129344851e-05
1.835041803133208305e-05
2.869593663490377367e-05
2.791050792438909411e-05
2.653734736668411642e-05
2.128320193151012063e-05
1.270521624974207953e-05
1.239635366800939664e-05
1.203080955747282133e-05
1.006267393677262589e-05
1.305237856286112219e-05
1.437070113752270117e-05
1.718056955724023283e-05
2.509504520276095718e-05
2.669739842531271279e-05
2.536214014980942011e-05
2.713946014409884810e-05
1.907248406496364623e-05
1.039971448335563764e-05
1.160003921540919691e-05
1.032414456858532503e-05
1.132611032517161220e-05
9.487367606197949499e-06
9.358423994854092598e-06
1.210622758662793785e-05
1.701666951703373343e-05
2.851843782991636544e-05
2.177553324145264924e-05
3.176393511239439249e-05
2.018006489379331470e-05
1.338396214123349637e-05
1.249112938239704818e-05
8.614621037850156426e-06
1.041659652400994673e-05
1.228301607625326142e-05
1.525553216197295114e-05
1.571318534843157977e-05
1.915347093017771840e-05
2.411479181319009513e-05
2.164301440643612295e-05
2.312369360879529268e-05
1.473280281061306596e-05
1.191668525279965252e-05
1.007905848382506520e-05
1.023991171678062528e-05
1.057028657669434324e-05
1.001351211016299203e-05
8.456964678771328181e-06
1.633551983104553074e-05
2.029018105531577021e-05
2.226161632279399782e-05
2.975150346173904836e-05
2.124510137946344912e-05
1.406575665896525607e-05
1.599477400304749608e-05
8.592754966230131686e-06
7.176695817179279402e-06
1.118608997785486281e-05
1.129167503677308559e-05
1.302389409829629585e-05
2.094193041557446122e-05
1.886610698420554399e-05
2.678075179574079812e-05
2.732217581069562584e-05
2.403005601081531495e-05
1.792112198018003255e-05
1.365559819532791153e-05
1.116537805501138791e-05
1.066359618562273681e-05
1.372015231027035043e-05
1.417391649738419801e-05
1.136668197432300076e-05
1.265238824998959899e-05
1.769778828020207584e-05
2.623374894028529525e-05
2.187004974985029548e-05
2.490231781848706305e-05
2.073755240417085588e-05
9.639597010391298681e-06
8.527883437636774033e-06
8.407884706684853882e-06
9.233938726538326591e-06
1.018716193357249722e-05
1.196124776470242068e-05
1.851135311881080270e-05
1.900715142255648971e-05
2.388169923506211489e-05
2.422920078970491886e-05
2.080491685774177313e-05
1.000980864773737267e-05
1.012870870908955112e-05
8.982982762972824275e-06
7.730884135526139289e-06
7.567410193587420508e-06
9.568134373694192618e-06
8.445394087175372988e-06
1.833847090892959386e-05
2.184783807024359703e-05
2.383862374699674547e-05
2.177937312808353454e-05
2.075832526315934956e-05
1.913587584567721933e-05
7.523738531745038927e-06
8.483586498186923563e-06
6.546117219841107726e-06
7.345067842834396288e-06
7.534189990110462531e-06
1.331867679255083203e-05
1.514233827037969604e-05
2.433928966638632119e-05
2.561371911724563688e-05
3.245285915909335017e-05
2.522615068301092833e-05
1.769340997270774096e-05
8.608591087977401912e-06
1.135333604906918481e-05
8.047815754252951592e-06
8.724730832909699529e-06
8.410205737163778394e-06
5.961835995549336076e-06
1.283297660847892985e-05
2.025967660301830620e-05
2.602662789286114275e-05
2.186096207879018039e-05
1.791287468222435564e-05
1.276512466574786231e-05
1.205393891723360866e-05
7.969095349835697562e-06
8.452289876004215330e-06
7.670098057133145630e-06
7.976324923220090568e-06
7.742235538898967206e-06
1.203051488118944690e-05
2.779480018944013864e-05
2.624864646350033581e-05
2.250343277410138398e-05
2.099702214763965458e-05
1.012640223052585497e-05
9.224765562976244837e-06
3.842872047243872657e-06
6.644901986874174327e-06
7.856649972382001579e-06
1.026760492095490918e-05
7.203311270131962374e-06
1.449577848688932136e-05
2.252725425933022052e-05
2.638612204464152455e-05
2.722125100262928754e-05
2.607605165394488722e-05
1.363468072668183595e-05
1.234465707966592163e-05
7.009577529970556498e-06
6.448331987485289574e-06
7.872566129663027823e-06
9.552608389640226960e-06
1.106705803977092728e-05
1.741044980008155107e-05
1.933152270794380456e-05
2.343802952964324504e-05
2.800567926897201687e-05
2.304436566191725433e-05
1.655869709793478251e-05
1.035152399708749726e-05
6.632358690694672987e-06
5.642027645080816001e-06
5.381318715080851689e-06
8.345324204128701240e-06
7.726234798610676080e-06
1.811020410968922079e-05
2.494875116099137813e-05
2.476922782079782337e-05
2.180054252676200122e-05
1.369561414321651682e-05
7.989074219949543476e-06
4.119456207263283432e-06
5.464869900606572628e-06
8.342307410202920437e-06
4.603373326972359791e-06
6.484546247520484030e-06
9.521764695819001645e-06
1.065315791493048891e-05
2.414240407233592123e-05
2.797243541863281280e-05
2.537976070016156882e-05
1.170709856523899361e-05
7.672033461858518422e-06
6.612282959395088255e-06
5.634259650832973421e-06
7.491531505365855992e-06
7.256493063323432580e-06
6.806619239796418697e-06
5.798588517791358754e-06
1.439981497242115438e-05
1.974478618649300188e-05
2.216984285041689873e-05
2.536216015869285911e-05
1.613688073121011257e-05
5.531956958293449134e-06
3.029788786079734564e-06
5.753167897637467831e-06
5.694356786989374086e-06
4.942808573105139658e-06
3.793071073232567869e-06
6.567877790075726807e-06
1.539157346996944398e-05
1.888287988549564034e-05
1.984070877369958907e-05
3.476818892522715032e-05
1.416191480529960245e-05
9.134966603596694767e-06
3.351263785589253530e-06
2.247599695692770183e-06
2.995239810843486339e-06
3.529023842929746024e-06
5.799545306217623875e-06
6.756430138921132311e-06
1.237147171195829287e-05
2.163186036341357976e-05
2.641033097461331636e-05
2.657160075614228845e-05
1.717783925414551049e-05
6.716910320392344147e-06
3.022295913979178295e-06
1.665922468419012148e-06
1.213578912029333878e-06
2.280581156810512766e-06
3.565441602404462174e-06
5.108718141855206341e-06
1.183754193334607407e-05
1.866045931819826365e-05
2.097143806167878211e-05
2.565514660091139376e-05
1.323900323768611997e-05
1.072376744559733197e-05
7.566505246359156445e-06
3.243077571823960170e-06
3.296011527709197253e-06
5.350005721993511543e-06
5.211222287471173331e-06
7.966395060066133738e-06
1.501718725194223225e-05
1.511553000455023721e-05
2.217397923232056201e-05
2.508301258785650134e-05
1.681041794654447585e-05
6.606723218283150345e-06
8.643040018796455115e-06
6.527699042635504156e-06
6.138294338597916067e-06
5.504221007868181914e-06
7.674363587284460664e-06
1.041364794218679890e-05
1.025604069582186639e-05
2.020388456003274769e-05
1.559089650982059538e-05
3.015423862962052226e-05
2.105818202835507691e-05
8.423206963925622404e-06
2.887024947995087132e-06
3.602586502893245779e-06
4.540720510703977197e-06
5.529582722374470904e-06
5.957088887953432277e-06
1.021892967401072383e-05
1.321148465649457648e-05
1.636459455767180771e-05
2.682970261957962066e-05
2.507612953195348382e-05
1.797468394215684384e-05
1.572777910041622818e-05
5.828803296026308089e-06
2.577754912636009976e-06
2.526985781514667906e-06
3.239128318455186673e-06
5.513847554539097473e-06
8.577167136536445469e-06
1.587799124536104500e-05
1.757808058755472302e-05
1.966351737792138010e-05
2.206552198913414031e-05
1.636293745832517743e-05
8.592174708610400558e-06
2.470880644978024065e-06
3.202128254997660406e-06
3.849852873827330768e-06
3.729083118741982616e-06
6.454889899032423273e-06
7.716856998740695417e-06
1.109724598791217431e-05
1.775862074282485992e-05
2.465644683979917318e-05
2.884286732296459377e-05
2.082668470393400639e-05
1.172631436929805204e-05
4.616890691977459937e-06
3.488555876174359582e-06
4.553949111141264439e-06
4.108012944925576448e-06
3.169983756379224360e-06
8.365881512872874737e-06
1.334209900960559025e-05
1.859084477473516017e-05
2.175202644139062613e-05
3.250710506108589470e-05
1.455244273529388011e-05
8.773038643994368613e-06
3.097207354585407302e-06
5.929217650191276334e-07
4.235776884797815001e-07
1.365646539852605201e-06
2.421812496322672814e-06
4.196169356873724610e-06
1.254961443919455633e-05
1.912805237225256860e-05
2.543848677305504680e-05
2.511873208277393132e-05
1.582111690368037671e-05
4.093315510544925928e-06
6.170423034745908808e-07
5.255895416667044628e-07
7.291238830475776922e-07
1.337702769887982868e-06
2.232351562270196155e-06
2.992486770381219685e-06
8.260092727141454816e-06
1.343071653536753729e-05
2.407392457826063037e-05
2.477529596944805235e-05
1.280966080230427906e-05
3.041388026758795604e-06
9.199141572935332078e-07
8.287786386063089594e-07
1.460738758396473713e-06
1.557288783260446507e-06
3.498630348985898308e-06
4.198028818791499361e-06
1.101920497603714466e-05
2.398954529780894518e-05
2.033426062553189695e-05
2.435875285300426185e-05
1.646454256842844188e-05
4.961557351634837687e-06
8.711101600056281313e-07
5.112556777930876706e-07
6.637044975832395721e-07
1.418488409399287775e-06
3.567018211469985545e-06
4.209288817946799099e-06
1.120627257478190586e-05
1.774803786247503012e-05
2.820231020450592041e-05
2.020621832343749702e-05
1.221849379362538457e-05
1.907198111439356580e-06
4.961476633980055340e-07
6.180496257002232596e-07
1.324027380178449675e-06
1.777815782588731963e-06
2.640947514009894803e-06
2.868558340196614154e-06
9.207878974848426878e-06
1.568232619320042431e-05
1.398053973389323801e-05
1.820794022933114320e-05
5.493909156939480454e-06
1.311627556788153015e-06
1.153563744082930498e-06
7.567579132228274830e-07
9.526764301881485153e-07
1.875033831311156973e-06
2.602087306513567455e-06
7.013496087893145159e-06
1.263332524104043841e-05
2.536797728680539876e-05
2.087617212964687496e-05
2.498063804523553699e-05
8.339466148754581809e-06
5.474825570672692265e-07
6.172715529828565195e-07
8.513741818205744494e-07
1.468872028453915846e-06
2.779026999633060768e-06
2.515153710191952996e-06
3.603092181947431527e-06
1.013027849694481120e-05
2.475838118698447943e-05
2.719995245570316911e-05
2.103596489178016782e-05
9.052166205947287381e-06
6.295216508078738116e-07
4.509518305439996766e-07
5.421297828434035182e-07
1.114627480092167389e-06
2.722804765653563663e-06
3.859654952975688502e-06
3.110758370894473046e-06
9.140166184806730598e-06
1.753941432980354875e-05
2.392555325059220195e-05
1.712547964416444302e-05
7.038563580863410607e-06
1.922996034409152344e-06
2.503838459233520553e-06
1.772473751771030948e-06
8.480923838760645594e-07
1.891664965114614461e-06
2.589275027276016772e-06
5.323037385096540675e-06
8.082735803327523172e-06
1.889764462248422205e-05
2.075363772746641189e-05
1.767201501934323460e-05
7.663048563699703664e-06
3.381995838935836218e-06
1.078443460755806882e-06
7.253264016071625520e-07
1.076825355994515121e-06
1.721126068332523573e-06
3.001091272381017916e-06
5.897949449717998505e-06
8.787833394308108836e-06
1.795989737729541957e-05
1.917356712510809302e-05
2.736148053372744471e-05
5.058448550698813051e-06
5.623351739814097527e-07
9.545600505589391105e-07
8.918811431612994056e-07
1.630922383810684551e-06
1.682506422184815165e-06
3.500319962768116966e-06
6.878726708237081766e-06
1.064418393070809543e-05
2.368113564443774521e-05
2.788584424706641585e-05
2.060981569229625165e-05
1.163482647825730965e-05
2.915301593020558357e-06
7.916332833701744676e-07
8.050615178945008665e-07
7.572028266622510273e-07
1.844805865403031930e-06
2.525753416193765588e-06
4.374599939183099195e-06
1.111204983317293227e-05
1.780554885044693947e-05
2.262593443447258323e-05
2.251698242616839707e-05
8.579388122598174959e-06
2.475058636264293455e-06
9.901401654133223929e-07
3.880065264638687950e-07
5.888732061976043042e-07
1.810058392948121764e-06
3.181095962645485997e-06
4.700938461610348895e-06
1.240485380549216643e-05
2.205918463005218655e-05
2.861811844923067838e-05
1.919349597301334143e-05
6.456606570282019675e-06
1.543537109682802111e-06
1.017335762298898771e-06
1.334018861598451622e-06
1.866668071670574136e-06
2.612203388707712293e-06
3.371036882526823319e-06
4.467900453164475039e-06
9.745542229211423546e-06
1.259191958524752408e-05
2.346594919799827039e-05
1.794199124560691416e-05
7.636257578269578516e-06
1.930420467033400200e-06
6.379678438861446921e-07
9.414454780198866501e-07
1.819382077883346938e-06
2.546132009229040705e-06
1.817004886106587946e-06
3.070492539336555637e-06
1.400922883476596326e-05
1.684720336925238371e-05
2.225665411970112473e-05
1.210464506584685296e-05
2.613722244859673083e-06
1.246382453246042132e-06
8.961932849160803016e-07
1.186744043479848187e-06
8.782903364590310957e-07
1.803000486688688397e-06
3.508233476168243214e-06
5.270085694064619020e-06
1.450318541174056008e-05
1.777509532985277474e-05
2.450450847391039133e-05
2.349660644540563226e-05
9.811045856622513384e-06
6.966707132960436866e-06
4.192080723441904411e-06
4.944676220475230366e-06
5.836683158122468740e-06
4.917986188957002014e-06
4.786713361681904644e-06
7.493493740184931085e-06
1.444084136892342940e-05
2.037854210357181728e-05
2.297449100296944380e-05
2.198826587118674070e-05
1.380902085656998679e-05
9.541819053993094712e-06
6.695874617435038090e-06
4.493585493037244305e-06
5.790458544652210549e-06
8.412221177422907203e-06
6.226438927114941180e-06
1.018379043671302497e-05
1.352236631646519527e-05
2.031608164543285966e-05
2.294682963110972196e-05
2.852920806617476046e-05
1.382323898724280298e-05
1.159219027613289654e-05
6.801544259360525757e-06
6.067152298783184960e-06
4.774176431965315714e-06
6.909888725203927606e-06
6.688536814181134105e-06
6.321369255601894110e-06
1.869721381808631122e-05
2.925874650827609003e-05
2.797139859467279166e-05
2.883573324652388692e-05
1.641221933823544532e-05
8.050186806940473616e-06
6.074556949897669256e-06
3.984379418398020789e-06
5.857982159795938060e-06
9.018672244565095752e-06
7.021146302577108145e-06
8.497624548908788711e-06
1.234358842339133844e-05
1.866659840743523091e-05
2.134213536919560283e-05
3.083352567045949399e-05
1.993087789742276073e-05
8.379869541386142373e-06
4.450763299246318638e-06
5.333021817932603881e-06
4.702690148405963555e-06
6.891581961099291220e-06
7.020997145446017385e-06
9.010106623463798314e-06
1.575305759615730494e-05
1.791125396266579628e-05
2.930304435722064227e-05
2.594579018477816135e-05
1.668817822064738721e-05
1.162383978225989267e-05
1.012640041153645143e-05
1.012403208733303472e-05
1.050888840836705640e-05
1.133473233494441956e-05
1.401101417286554351e-05
1.391355272062355652e-05
1.625939694349654019e-05
1.885752863017842174e-05
2.964232407975941896e-05
2.293133184139151126e-05
2.149650572391692549e-05
1.454264656786108389e-05
1.337156209046952426e-05
1.198445897898636758e-05
1.430032170901540667e-05
1.418489046045579016e-05
9.563877028995193541e-06
1.252980746357934549e-05
1.499693826190195978e-05
1.958904795174021274e-05
2.163322096748743206e-05
2.869877971534151584e-05
2.667985245352610946e-05
2.544809649407397956e-05
1.969653567357454449e-05
1.617115594854112715e-05
1.496346794738201424e-05
1.780773527571000159e-05
1.517563396191690117e-05
1.953580795088782907e-05
1.606356090633198619e-05
2.366998160141520202e-05
2.962803409900516272e-05
2.568491618148982525e-05
3.085392745560966432e-05
2.198052970925346017e-05
1.999927371798548847e-05
1.350652746623381972e-05
1.620856346562504768e-05
1.591730870131868869e-05
1.980490378628019243e-05
1.594104469404555857e-05
1.516017437097616494e-05
1.777755278453696519e-05
2.821138696162961423e-05
3.274554910603910685e-05
2.580763430160004646e-05
1.266194067284232005e-05
2.141501136065926403e-05
2.315048186574131250e-05
2.015797508647665381e-05
2.019854582613334060e-05
1.792926923371851444e-05
1.918169618875253946e-05
1.784513915481511503e-05
2.379609031777363271e-05
2.376916563662234694e-05
2.588632742117624730e-05
2.736897295108065009e-05
1.578135197632946074e-05
1.985519884328823537e-05
1.584479286975692958e-05
1.659999179537408054e-05
1.332637839368544519e-05
1.714661993901245296e-05
1.400918881699908525e-05
1.942967719514854252e-05
2.483655771357007325e-05
1.844347752921748906e-05
2.819310248014517128e-05
2.291093005624134094e-05
2.414486698398832232e-05
1.639141009945888072e-05
1.239253106177784503e-05
1.772684481693431735e-05
1.480327318859053776e-05
1.839170545281376690e-05
1.485558186686830595e-05
1.356630400550784543e-05
1.788079134712461382e-05
2.695845432754140347e-05
2.873433368222322315e-05
3.270588422310538590e-05
2.908605529228225350e-05
1.715483631414826959e-05
1.937514753080904484e-05
2.072508141282014549e-05
1.380783851345768198e-05
1.792554940038826317e-05
1.508198693045414984e-05
1.735300793370697647e-05
2.552350269979797304e-05
2.545635288697667420e-05
2.375181793468073010e-05
2.949472582258749753e-05
2.128572123183403164e-05
1.840586446633096784e-05
1.737093225528951734e-05
2.515711821615695953e-05
1.942633934959303588e-05
1.755557423166465014e-05
2.150913678633514792e-05
1.264074944629101083e-05
2.378286262683104724e-05
2.275448605359997600e-05
2.683375714696012437e-05
2.618149483168963343e-05
2.299172410857863724e-05
2.210657112300395966e-05
2.213795414718333632e-05
2.095409581670537591e-05
1.979582521016709507e-05
1.768689799064304680e-05
1.416455052094534039e-05
1.503099520050454885e-05
2.173790744564030319e-05
2.156830851163249463e-05
2.070130176434759051e-05
2.885695539589505643e-05
1.926753975567407906e-05
2.375162148382514715e-05
1.869675907073542476e-05
1.031032206810778007e-05
1.414241887687239796e-05
1.177200283564161509e-05
1.335330307483673096e-05
1.830247674661222845e-05
2.652072362252511084e-05
2.022484659391921014e-05
3.165647285641171038e-05
3.168321927660144866e-05
2.430973836453631520e-05
1.192955096485093236e-05
8.374159733648411930e-06
1.024747325573116541e-05
9.931146450981032103e-06
1.451131902285851538e-05
1.331782550550997257e-05
1.698913001746404916e-05
1.909814454847946763e-05
2.410598426649812609e-05
2.659705387486610562e-05
2.602873610157985240e-05
2.306198075530119240e-05
1.169682673207717016e-05
9.162790775008033961e-06
1.334858006885042414e-05
1.103520389733603224e-05
1.008746039588004351e-05
9.596999916539061815e-06
1.280003289139131084e-05
1.668847471592016518e-05
2.462403062963858247e-05
2.463540658936835825e-05
3.592382927308790386e-05
2.159631731046829373e-05
8.577127118769567460e-06
7.413842922687763348e-06
7.698613444517832249e-06
7.331105734920129180e-06
9.167767530016135424e-06
1.096117193810641766e-05
1.821423029468860477e-05
2.213924199168104678e-05
2.638045043568126857e-05
2.459579081914853305e-05
2.457608024997171015e-05
1.344566408079117537e-05
1.409675769536988810e-05
1.366100150335114449e-05
1.004187288344837725e-05
9.023376151162665337e-06
1.270935990760335699e-05
1.220424655912211165e-05
1.886488826130516827e-05
2.471762309141922742e-05
2.663630948518402874e-05
2.710486478463280946e-05
1.815454379539005458e-05
1.392228841723408550e-05
7.489031759178033099e-06
8.821015399007592350e-06
7.757360435789451003e-06
9.484748261456843466e-06
7.967214514792431146e-06
7.695568456256296486e-06
1.166552556242095307e-05
1.831493864301592112e-05
2.476102235959842801e-05
2.549555938458070159e-05
2.158331699320115149e-05
1.723197419778443873e-05
9.156023224932141602e-06
5.006364972359733656e-06
4.957205874234205112e-06
7.843086677894461900e-06
7.392010502371704206e-06
1.003725265036337078e-05
