8.098203646786236165e-01
9.081869379302086320e-02
-3.742525396168661644e-01
-1.005900292254028550e+00
-1.196849680181067299e+00
-8.898909863762097805e-01
-9.293441665684544217e-01
-1.258172055413416812e+00
-1.731403492829795887e+00
-1.798056617169659699e+00
-2.155176751619673148e+00
-1.613518688468119633e+00
-1.186393761099062694e+00
-2.259819675737584910e-01
2.910784759811426148e-01
5.374842428333328481e-01
-3.543179186222698146e-02
-8.016813738301736825e-02
-1.370534330420972169e-02
-3.619609727461058912e-01
2.016847334134432290e-01
-6.133659034328049486e-01
-1.669651985530372862e+00
-2.357434761977912352e+00
-2.090650948197914971e+00
-3.357061066275052408e+00
-2.449154932847650290e+00
-1.036965965984500748e+00
-2.277968210623854683e-01
-7.966412654873303856e-01
5.622904441353447913e-01
1.188196994035678911e+00
1.311075598840033329e+00
2.188989885204968566e-01
-4.271807916679936645e-01
-5.305842831182862041e-01
-4.634808050930597223e-01
-1.084724214088980121e+00
-7.252255740753545954e-01
-7.539920393161095857e-01
-9.544937409363654091e-01
-1.155901527175930310e+00
-1.042787938748607868e+00
-8.620097015464304180e-01
-5.827715537653405109e-01
-7.326983226643846159e-01
-8.942522207655466682e-01
-3.477655635778037491e-01
-4.011828038736945934e-01
-2.644617782055763699e-01
-8.972483880291262648e-02
-1.381438797628186388e-01
-3.824509058637890480e-01
-4.760625424219665502e-01
-3.031128481331137325e-01
-5.896257758983958208e-01
-4.098699768434110879e-01
1.613682403614278005e-01
2.220361411589024114e-01
8.279949004987422478e-01
1.092057506786573429e+00
1.486705681790987166e+00
1.441956784394846425e+00
1.349128793538920457e+00
6.577577318077981738e-01
8.502931899335857135e-01
1.070077752132076787e+00
6.019428300641912477e-01
9.543105676905578871e-01
2.076594979764486926e+00
1.870868936321228970e+00
1.197043289015518264e+00
1.389402329373618405e+00
1.299869473086338933e+00
1.347154103306589523e-01
-1.001763968816664185e+00
-1.328586708874472500e+00
-1.732758885597390552e+00
-1.634115063552663782e+00
-1.064533588752392790e+00
-2.207114606614364871e-01
-4.410373479459022694e-01
3.393329906723607792e-01
-5.377693054170444853e-01
-7.118944022381699099e-01
4.164222437677925215e-02
7.037758759423389243e-01
-8.921280108424617383e-02
1.090077460243444429e+00
1.289469623705024270e+00
1.071094772065311451e+00
1.907978718846573329e+00
1.858503006411496683e+00
1.068233256761837557e+00
1.193772116673741390e+00
9.837365895380706382e-01
1.528313849260690138e-01
7.162280207148754574e-01
1.076153203461024110e-01
-3.849092775292400903e-01
-5.546188977649281204e-01
-1.157872949709237709e+00
-2.396656938545551174e+00
-1.530551922408499355e+00
-1.149210523143119778e+00
-7.016128199076607785e-01
-1.328650702831297124e-02
1.353494675136425407e+00
1.253555051685069088e+00
1.442027195556412567e+00
1.389614379318520720e+00
1.064919144409115948e+00
8.143324503799288516e-01
1.222060504276580639e+00
3.883255539585155902e-01
-4.998660021542102316e-01
-6.127797555629667381e-02
1.552669439325377321e-01
3.190327497630454090e-01
2.822865798932737702e-01
1.178309955019559485e+00
7.831887696545366540e-01
9.550702761639855431e-01
7.869098998428556424e-01
1.599678510996527026e+00
5.122407397188557532e-01
5.744640465334062140e-01
-1.059693843628719989e+00
-8.788194207294320881e-01
-7.883922811295837052e-01
5.055494422852465503e-02
-3.151478884516267231e-01
7.740326214427473150e-01
1.753517441591459503e-01
-3.482520111060992130e-01
3.777583753380231446e-01
9.357884155338586085e-01
1.027780976236865262e+00
9.292959470030817126e-01
1.196350357128957320e+00
6.365952117294756962e-02
3.492854512889783658e-01
7.901123361808340406e-02
6.343561981698406793e-01
-1.676978136190703794e-01
3.305437745739882027e-01
7.908878329613368008e-01
1.069817300549560590e+00
8.749018505097742038e-01
2.134318286663022146e+00
2.554622964282867059e+00
1.236282359678624765e+00
1.378033803245247046e+00
9.895492219458492666e-01
-4.295293338408901485e-01
-8.595529327554188859e-01
1.548586421900382225e-02
-4.012610673615952250e-01
3.533288716481520209e-01
1.353018269053800848e+00
1.584508457461729192e+00
1.025714301098446191e+00
5.950015050944802431e-01
2.496189473415861559e-01
1.044576285380208469e-01
-5.778977997573948172e-02
1.034051335152859352e-02
5.496939590234652950e-01
8.303131509572153623e-01
2.092422143055648054e-01
-3.299596649727686293e-01
-2.920643800577926719e-01
-1.082587735275207574e+00
-2.105428837002090603e+00
-1.810190529910424617e+00
-1.018383877894632805e+00
-6.408260666130508598e-01
-3.211111562998850838e-02
1.659004756811421899e-01
9.112908983625421788e-01
3.701932539644465781e-01
-4.007487681177202554e-01
-7.462214050037186963e-01
2.852000738628659646e-02
-9.176446829776266911e-01
-1.003793151214461110e+00
-6.529051079853062101e-01
-1.846568214402671548e-01
-8.818373088567679208e-01
-5.459114834808408423e-01
-2.596094232669678425e-01
-3.802590366797388710e-01
-4.118488926664258809e-01
1.287553594196377826e-01
4.812552910404095385e-01
3.861175411749869779e-01
7.926044321177111440e-01
1.496024320995337442e+00
1.643980190555943022e+00
1.520932672727850710e+00
1.335220722797034965e+00
1.035280424972723434e+00
5.796099404567706115e-01
4.960823408252730826e-01
6.027468721175890387e-01
1.315714045008478106e-01
2.658968673981344510e-01
3.693525513436677898e-01
-4.770033828352412963e-01
-6.059147566377963701e-01
-7.774345809002243257e-01
-7.489012010058433422e-01
-1.091516827595174099e+00
-4.111951122734224251e-01
-4.317058499050045461e-01
5.610269467607458260e-01
2.684590010771713553e-01
-8.404081316667784407e-02
-2.233631772398143867e-01
-2.478300857290259285e-01
-8.968812284226159726e-01
-1.100969070217175050e+00
-5.019576882264555895e-01
-1.132815602410557898e-01
-2.243060806299742027e-01
8.007981889260903374e-01
1.498883077692887866e+00
6.035608012390319965e-01
6.650593344562258924e-01
9.908800158880847198e-01
7.228969068507159479e-01
-8.167199630166365257e-03
1.071463490466213253e+00
7.685015615928179056e-01
7.023036929673619477e-01
2.528779042978006042e-01
7.089185837959726122e-01
3.015790459824516101e-01
5.682794067307105346e-01
1.013412723682534766e+00
1.552939990740464182e+00
1.274899844022571394e+00
1.136909573221219771e+00
4.465837226901275270e-01
-7.530293114341486682e-02
-6.585012110687726850e-01
-4.730255332985063288e-01
-1.174818352270201371e+00
-1.239127007831720473e+00
-1.998403483057651808e+00
-1.851501023397343237e+00
-1.382261031944834739e+00
-2.375659405875148178e-01
4.939158621219045808e-01
7.472157597755879621e-01
1.676838190517271121e+00
7.457266328156193502e-01
2.600341117956906922e-01
-4.227204180314909632e-01
2.671351538566634209e-01
-7.108440786888945429e-01
-5.251939227754078843e-01
-1.164193928452701421e+00
-1.604177861122407567e+00
-1.386936855098370280e+00
-1.876512677629343262e+00
-1.925133398925336081e+00
-1.295933560436500320e+00
-9.582459521262739477e-01
-2.134984282289068780e+00
-2.072343588584410590e+00
-1.765747141375661800e+00
-1.290382441667659696e+00
-1.677901949074344756e+00
-6.449171441574288455e-01
6.307810615526328046e-01
1.068718335241390482e+00
1.040491511209891806e+00
2.110939723171610272e+00
1.597665788187911273e+00
7.986085204303741136e-01
1.039419472971239600e+00
1.084439828001940054e+00
8.636409912728556515e-01
8.664506898085300168e-01
1.079073219966393049e+00
6.871013176338215400e-01
3.070477577874876074e-01
8.136260338050606000e-01
1.503949581638176047e+00
1.510663520307470309e+00
1.190744831421626237e+00
1.642303909147122987e+00
7.005152246574851693e-01
-1.127217200405376298e-02
-2.518585667090402214e-01
-3.430723457759280448e-01
-9.075643502048699185e-01
-4.167409556418243954e-01
-9.458058912899168780e-01
-8.725524116129422803e-01
-5.599495861104040184e-01
-3.939697929686294953e-01
-2.431997662587252473e-01
4.880192207729402432e-01
8.723080560665686933e-01
1.056044196413958192e+00
8.625504822873302224e-01
-1.086674884157763366e-01
3.247307861756417169e-01
-5.328596967648886740e-02
-9.775897949130786246e-01
-1.077539413386427336e+00
-1.024199416449611544e+00
-1.271339253387446133e+00
-1.426976636360267392e+00
-4.180485745306993239e-01
-5.525369109901725473e-01
-1.188208860381553267e-01
-6.621500519719708544e-01
-6.678433240872990728e-01
-1.090337119986174663e+00
-9.599256588376545718e-01
-1.341597708524608024e+00
-9.157195108911880821e-01
-1.023441566769855537e+00
-1.961452027357327710e+00
-1.032159362802591573e+00
-3.601307475141656833e-01
-8.830096056752069211e-01
-9.856373692392536023e-01
3.754957348500975178e-01
5.090354488677716338e-01
4.139130817025836739e-01
5.547643050592220293e-01
1.418774249586800318e+00
1.305057245458448589e+00
1.123427375585406063e+00
1.390897106973387976e+00
1.062048581122662760e+00
4.538933838199333271e-01
1.967776850668514488e-01
-4.936998345274824507e-01
-9.467382309214398273e-01
-1.087556540727712129e-01
6.773674213928827792e-02
